[Server 1] 2024/10/17 13:47:02 flags: 1 pir_classic_17179870000.log pir-classic 17179870000 8 1 1024
[Server 1] 2024/10/17 13:47:07 using DPF with numServers: 0xc000206460
[Server 1] 2024/10/17 13:47:07 is listening at 10.90.39.6:50051
[Server 1] 2024/10/17 13:47:07 starting grpc server
[Server 1] 2024/10/17 13:47:47 got databaseInfo request
[Server 1] 2024/10/17 13:47:47 got query request
[Server 1] 2024/10/17 13:47:47 stats,1024
[Server 1] 2024/10/17 13:47:47 got query request
[Server 1] 2024/10/17 13:47:47 stats,1024
[Server 1] 2024/10/17 13:47:47 got query request
[Server 1] 2024/10/17 13:47:48 stats,1024
[Server 1] 2024/10/17 13:47:48 got query request
[Server 1] 2024/10/17 13:47:48 stats,1024
[Server 1] 2024/10/17 13:47:48 got query request
[Server 1] 2024/10/17 13:47:48 stats,1024
[Server 1] 2024/10/17 13:47:48 got query request
[Server 1] 2024/10/17 13:47:48 stats,1024
[Server 1] 2024/10/17 13:47:48 got query request
[Server 1] 2024/10/17 13:47:48 stats,1024
[Server 1] 2024/10/17 13:47:48 got query request
[Server 1] 2024/10/17 13:47:48 stats,1024
[Server 1] 2024/10/17 13:47:48 got query request
[Server 1] 2024/10/17 13:47:49 stats,1024
[Server 1] 2024/10/17 13:47:49 got query request
[Server 1] 2024/10/17 13:47:49 stats,1024
[Server 1] 2024/10/17 13:47:49 got query request
[Server 1] 2024/10/17 13:47:49 stats,1024
[Server 1] 2024/10/17 13:47:49 got query request
[Server 1] 2024/10/17 13:47:49 stats,1024
[Server 1] 2024/10/17 13:47:49 got query request
[Server 1] 2024/10/17 13:47:49 stats,1024
[Server 1] 2024/10/17 13:47:49 got query request
[Server 1] 2024/10/17 13:47:49 stats,1024
[Server 1] 2024/10/17 13:47:49 got query request
[Server 1] 2024/10/17 13:47:50 stats,1024
[Server 1] 2024/10/17 13:47:50 got query request
[Server 1] 2024/10/17 13:47:50 stats,1024
[Server 1] 2024/10/17 13:47:50 got query request
[Server 1] 2024/10/17 13:47:50 stats,1024
[Server 1] 2024/10/17 13:47:50 got query request
[Server 1] 2024/10/17 13:47:50 stats,1024
[Server 1] 2024/10/17 13:47:50 got query request
[Server 1] 2024/10/17 13:47:50 stats,1024
[Server 1] 2024/10/17 13:47:50 got query request
[Server 1] 2024/10/17 13:47:51 stats,1024
[Server 1] 2024/10/17 13:47:51 got query request
[Server 1] 2024/10/17 13:47:51 stats,1024
[Server 1] 2024/10/17 13:47:51 got query request
[Server 1] 2024/10/17 13:47:51 stats,1024
[Server 1] 2024/10/17 13:47:51 got query request
[Server 1] 2024/10/17 13:47:51 stats,1024
[Server 1] 2024/10/17 13:47:51 got query request
[Server 1] 2024/10/17 13:47:51 stats,1024
[Server 1] 2024/10/17 13:47:51 got query request
[Server 1] 2024/10/17 13:47:51 stats,1024
[Server 1] 2024/10/17 13:47:51 got query request
[Server 1] 2024/10/17 13:47:52 stats,1024
[Server 1] 2024/10/17 13:47:52 got query request
[Server 1] 2024/10/17 13:47:52 stats,1024
[Server 1] 2024/10/17 13:47:52 got query request
[Server 1] 2024/10/17 13:47:52 stats,1024
[Server 1] 2024/10/17 13:47:52 got query request
[Server 1] 2024/10/17 13:47:52 stats,1024
[Server 1] 2024/10/17 13:47:52 got query request
[Server 1] 2024/10/17 13:47:52 stats,1024
[Server 1] 2024/10/17 13:47:52 clean shutdown of server done
