[Server 1] 2024/10/18 23:06:20 flags: 1 pir_merkle_838860800.log pir-merkle 838860800 8 1 1024
[Server 1] 2024/10/18 23:06:21 using DPF with numServers: 0xc000274460
[Server 1] 2024/10/18 23:06:21 is listening at 10.90.39.6:50051
[Server 1] 2024/10/18 23:06:21 starting grpc server
[Server 1] 2024/10/18 23:21:35 got databaseInfo request
[Server 1] 2024/10/18 23:21:35 got query request
[Server 1] 2024/10/18 23:21:35 stats,1577
[Server 1] 2024/10/18 23:21:35 got query request
[Server 1] 2024/10/18 23:21:35 stats,1577
[Server 1] 2024/10/18 23:21:35 got query request
[Server 1] 2024/10/18 23:21:35 stats,1577
[Server 1] 2024/10/18 23:21:35 got query request
[Server 1] 2024/10/18 23:21:35 stats,1577
[Server 1] 2024/10/18 23:21:35 got query request
[Server 1] 2024/10/18 23:21:35 stats,1577
[Server 1] 2024/10/18 23:21:35 got query request
[Server 1] 2024/10/18 23:21:35 stats,1577
[Server 1] 2024/10/18 23:21:35 got query request
[Server 1] 2024/10/18 23:21:35 stats,1577
[Server 1] 2024/10/18 23:21:35 got query request
[Server 1] 2024/10/18 23:21:35 stats,1577
[Server 1] 2024/10/18 23:21:35 got query request
[Server 1] 2024/10/18 23:21:35 stats,1577
[Server 1] 2024/10/18 23:21:35 got query request
[Server 1] 2024/10/18 23:21:35 stats,1577
[Server 1] 2024/10/18 23:21:35 got query request
[Server 1] 2024/10/18 23:21:35 stats,1577
[Server 1] 2024/10/18 23:21:35 got query request
[Server 1] 2024/10/18 23:21:35 stats,1577
[Server 1] 2024/10/18 23:21:35 got query request
[Server 1] 2024/10/18 23:21:35 stats,1577
[Server 1] 2024/10/18 23:21:35 got query request
[Server 1] 2024/10/18 23:21:35 stats,1577
[Server 1] 2024/10/18 23:21:35 got query request
[Server 1] 2024/10/18 23:21:35 stats,1577
[Server 1] 2024/10/18 23:21:35 got query request
[Server 1] 2024/10/18 23:21:35 stats,1577
[Server 1] 2024/10/18 23:21:35 got query request
[Server 1] 2024/10/18 23:21:35 stats,1577
[Server 1] 2024/10/18 23:21:35 got query request
[Server 1] 2024/10/18 23:21:35 stats,1577
[Server 1] 2024/10/18 23:21:35 got query request
[Server 1] 2024/10/18 23:21:35 stats,1577
[Server 1] 2024/10/18 23:21:35 got query request
[Server 1] 2024/10/18 23:21:35 stats,1577
[Server 1] 2024/10/18 23:21:35 got query request
[Server 1] 2024/10/18 23:21:35 stats,1577
[Server 1] 2024/10/18 23:21:35 got query request
[Server 1] 2024/10/18 23:21:35 stats,1577
[Server 1] 2024/10/18 23:21:35 got query request
[Server 1] 2024/10/18 23:21:35 stats,1577
[Server 1] 2024/10/18 23:21:35 got query request
[Server 1] 2024/10/18 23:21:35 stats,1577
[Server 1] 2024/10/18 23:21:35 got query request
[Server 1] 2024/10/18 23:21:35 stats,1577
[Server 1] 2024/10/18 23:21:35 got query request
[Server 1] 2024/10/18 23:21:35 stats,1577
[Server 1] 2024/10/18 23:21:35 got query request
[Server 1] 2024/10/18 23:21:35 stats,1577
[Server 1] 2024/10/18 23:21:35 got query request
[Server 1] 2024/10/18 23:21:35 stats,1577
[Server 1] 2024/10/18 23:21:36 got query request
[Server 1] 2024/10/18 23:21:36 stats,1577
[Server 1] 2024/10/18 23:21:36 got query request
[Server 1] 2024/10/18 23:21:36 stats,1577
[Server 1] 2024/10/18 23:21:36 got query request
[Server 1] 2024/10/18 23:21:36 stats,1577
[Server 1] 2024/10/18 23:21:36 got query request
[Server 1] 2024/10/18 23:21:36 stats,1577
[Server 1] 2024/10/18 23:21:36 got query request
[Server 1] 2024/10/18 23:21:36 stats,1577
[Server 1] 2024/10/18 23:21:36 got query request
[Server 1] 2024/10/18 23:21:36 stats,1577
[Server 1] 2024/10/18 23:21:36 got query request
[Server 1] 2024/10/18 23:21:36 stats,1577
[Server 1] 2024/10/18 23:21:36 got query request
[Server 1] 2024/10/18 23:21:36 stats,1577
[Server 1] 2024/10/18 23:21:36 got query request
[Server 1] 2024/10/18 23:21:36 stats,1577
[Server 1] 2024/10/18 23:21:36 got query request
[Server 1] 2024/10/18 23:21:36 stats,1577
[Server 1] 2024/10/18 23:21:36 got query request
[Server 1] 2024/10/18 23:21:36 stats,1577
[Server 1] 2024/10/18 23:21:36 got query request
[Server 1] 2024/10/18 23:21:36 stats,1577
[Server 1] 2024/10/18 23:21:36 clean shutdown of server done
