[Server 1] 2024/10/18 23:36:59 flags: 1 pir_merkle_17179870000.log pir-merkle 17179870000 8 1 1024
[Server 1] 2024/10/18 23:37:27 using DPF with numServers: 0xc000238530
[Server 1] 2024/10/18 23:37:27 is listening at 10.90.39.6:50051
[Server 1] 2024/10/18 23:37:27 starting grpc server
[Server 1] 2024/10/18 23:52:14 got databaseInfo request
[Server 1] 2024/10/18 23:52:14 got query request
[Server 1] 2024/10/18 23:52:16 stats,1705
[Server 1] 2024/10/18 23:52:16 got query request
[Server 1] 2024/10/18 23:52:16 stats,1705
[Server 1] 2024/10/18 23:52:16 got query request
[Server 1] 2024/10/18 23:52:17 stats,1705
[Server 1] 2024/10/18 23:52:17 got query request
[Server 1] 2024/10/18 23:52:17 stats,1705
[Server 1] 2024/10/18 23:52:18 got query request
[Server 1] 2024/10/18 23:52:18 stats,1705
[Server 1] 2024/10/18 23:52:18 got query request
[Server 1] 2024/10/18 23:52:18 stats,1705
[Server 1] 2024/10/18 23:52:19 got query request
[Server 1] 2024/10/18 23:52:19 stats,1705
[Server 1] 2024/10/18 23:52:19 got query request
[Server 1] 2024/10/18 23:52:20 stats,1705
[Server 1] 2024/10/18 23:52:20 got query request
[Server 1] 2024/10/18 23:52:20 stats,1705
[Server 1] 2024/10/18 23:52:20 got query request
[Server 1] 2024/10/18 23:52:21 stats,1705
[Server 1] 2024/10/18 23:52:21 got query request
[Server 1] 2024/10/18 23:52:21 stats,1705
[Server 1] 2024/10/18 23:52:21 got query request
[Server 1] 2024/10/18 23:52:22 stats,1705
[Server 1] 2024/10/18 23:52:22 got query request
[Server 1] 2024/10/18 23:52:22 stats,1705
[Server 1] 2024/10/18 23:52:22 got query request
[Server 1] 2024/10/18 23:52:23 stats,1705
[Server 1] 2024/10/18 23:52:23 got query request
[Server 1] 2024/10/18 23:52:23 stats,1705
[Server 1] 2024/10/18 23:52:23 got query request
[Server 1] 2024/10/18 23:52:24 stats,1705
[Server 1] 2024/10/18 23:52:24 got query request
[Server 1] 2024/10/18 23:52:24 stats,1705
[Server 1] 2024/10/18 23:52:24 got query request
[Server 1] 2024/10/18 23:52:25 stats,1705
[Server 1] 2024/10/18 23:52:25 got query request
[Server 1] 2024/10/18 23:52:25 stats,1705
[Server 1] 2024/10/18 23:52:25 got query request
[Server 1] 2024/10/18 23:52:26 stats,1705
[Server 1] 2024/10/18 23:52:26 got query request
[Server 1] 2024/10/18 23:52:26 stats,1705
[Server 1] 2024/10/18 23:52:26 got query request
[Server 1] 2024/10/18 23:52:27 stats,1705
[Server 1] 2024/10/18 23:52:27 got query request
[Server 1] 2024/10/18 23:52:27 stats,1705
[Server 1] 2024/10/18 23:52:27 got query request
[Server 1] 2024/10/18 23:52:28 stats,1705
[Server 1] 2024/10/18 23:52:28 got query request
[Server 1] 2024/10/18 23:52:28 stats,1705
[Server 1] 2024/10/18 23:52:28 got query request
[Server 1] 2024/10/18 23:52:28 stats,1705
[Server 1] 2024/10/18 23:52:29 got query request
[Server 1] 2024/10/18 23:52:29 stats,1705
[Server 1] 2024/10/18 23:52:29 got query request
[Server 1] 2024/10/18 23:52:29 stats,1705
[Server 1] 2024/10/18 23:52:29 got query request
[Server 1] 2024/10/18 23:52:30 stats,1705
[Server 1] 2024/10/18 23:52:30 got query request
[Server 1] 2024/10/18 23:52:30 stats,1705
[Server 1] 2024/10/18 23:52:30 got query request
[Server 1] 2024/10/18 23:52:31 stats,1705
[Server 1] 2024/10/18 23:52:31 got query request
[Server 1] 2024/10/18 23:52:31 stats,1705
[Server 1] 2024/10/18 23:52:31 got query request
[Server 1] 2024/10/18 23:52:32 stats,1705
[Server 1] 2024/10/18 23:52:32 got query request
[Server 1] 2024/10/18 23:52:32 stats,1705
[Server 1] 2024/10/18 23:52:32 got query request
[Server 1] 2024/10/18 23:52:32 stats,1705
[Server 1] 2024/10/18 23:52:32 got query request
[Server 1] 2024/10/18 23:52:33 stats,1705
[Server 1] 2024/10/18 23:52:33 got query request
[Server 1] 2024/10/18 23:52:33 stats,1705
[Server 1] 2024/10/18 23:52:33 got query request
[Server 1] 2024/10/18 23:52:34 stats,1705
[Server 1] 2024/10/18 23:52:34 got query request
[Server 1] 2024/10/18 23:52:34 stats,1705
[Server 1] 2024/10/18 23:52:34 got query request
[Server 1] 2024/10/18 23:52:34 stats,1705
[Server 1] 2024/10/18 23:52:34 clean shutdown of server done
