[Server 1] 2024/10/19 00:41:13 flags: 1 pir_merkle_85899350000.log pir-merkle 85899350000 8 1 1024
[Server 1] 2024/10/19 00:43:31 using DPF with numServers: 0xc000238530
[Server 1] 2024/10/19 00:43:31 is listening at 10.90.39.6:50051
[Server 1] 2024/10/19 00:43:31 starting grpc server
[Server 1] 2024/10/19 00:56:28 got databaseInfo request
[Server 1] 2024/10/19 00:56:28 got query request
[Server 1] 2024/10/19 00:56:29 stats,1801
[Server 1] 2024/10/19 00:56:30 got query request
[Server 1] 2024/10/19 00:56:31 stats,1801
[Server 1] 2024/10/19 00:56:32 got query request
[Server 1] 2024/10/19 00:56:33 stats,1801
[Server 1] 2024/10/19 00:56:34 got query request
[Server 1] 2024/10/19 00:56:35 stats,1801
[Server 1] 2024/10/19 00:56:36 got query request
[Server 1] 2024/10/19 00:56:38 stats,1801
[Server 1] 2024/10/19 00:56:38 got query request
[Server 1] 2024/10/19 00:56:39 stats,1801
[Server 1] 2024/10/19 00:56:40 got query request
[Server 1] 2024/10/19 00:56:42 stats,1801
[Server 1] 2024/10/19 00:56:42 got query request
[Server 1] 2024/10/19 00:56:44 stats,1801
[Server 1] 2024/10/19 00:56:44 got query request
[Server 1] 2024/10/19 00:56:46 stats,1801
[Server 1] 2024/10/19 00:56:46 got query request
[Server 1] 2024/10/19 00:56:48 stats,1801
[Server 1] 2024/10/19 00:56:48 got query request
[Server 1] 2024/10/19 00:56:50 stats,1801
[Server 1] 2024/10/19 00:56:50 got query request
[Server 1] 2024/10/19 00:56:52 stats,1801
[Server 1] 2024/10/19 00:56:52 got query request
[Server 1] 2024/10/19 00:56:54 stats,1801
[Server 1] 2024/10/19 00:56:54 got query request
[Server 1] 2024/10/19 00:56:56 stats,1801
[Server 1] 2024/10/19 00:56:56 got query request
[Server 1] 2024/10/19 00:56:58 stats,1801
[Server 1] 2024/10/19 00:56:59 got query request
[Server 1] 2024/10/19 00:57:00 stats,1801
[Server 1] 2024/10/19 00:57:01 got query request
[Server 1] 2024/10/19 00:57:03 stats,1801
[Server 1] 2024/10/19 00:57:03 got query request
[Server 1] 2024/10/19 00:57:05 stats,1801
[Server 1] 2024/10/19 00:57:05 got query request
[Server 1] 2024/10/19 00:57:07 stats,1801
[Server 1] 2024/10/19 00:57:07 got query request
[Server 1] 2024/10/19 00:57:09 stats,1801
[Server 1] 2024/10/19 00:57:10 got query request
[Server 1] 2024/10/19 00:57:11 stats,1801
[Server 1] 2024/10/19 00:57:12 got query request
[Server 1] 2024/10/19 00:57:13 stats,1801
[Server 1] 2024/10/19 00:57:14 got query request
[Server 1] 2024/10/19 00:57:15 stats,1801
[Server 1] 2024/10/19 00:57:16 got query request
[Server 1] 2024/10/19 00:57:17 stats,1801
[Server 1] 2024/10/19 00:57:18 got query request
[Server 1] 2024/10/19 00:57:19 stats,1801
[Server 1] 2024/10/19 00:57:20 got query request
[Server 1] 2024/10/19 00:57:21 stats,1801
[Server 1] 2024/10/19 00:57:22 got query request
[Server 1] 2024/10/19 00:57:23 stats,1801
[Server 1] 2024/10/19 00:57:23 got query request
[Server 1] 2024/10/19 00:57:25 stats,1801
[Server 1] 2024/10/19 00:57:25 got query request
[Server 1] 2024/10/19 00:57:27 stats,1801
[Server 1] 2024/10/19 00:57:27 got query request
[Server 1] 2024/10/19 00:57:29 stats,1801
[Server 1] 2024/10/19 00:57:29 got query request
[Server 1] 2024/10/19 00:57:31 stats,1801
[Server 1] 2024/10/19 00:57:31 got query request
[Server 1] 2024/10/19 00:57:33 stats,1801
[Server 1] 2024/10/19 00:57:33 got query request
[Server 1] 2024/10/19 00:57:35 stats,1801
[Server 1] 2024/10/19 00:57:35 got query request
[Server 1] 2024/10/19 00:57:36 stats,1801
[Server 1] 2024/10/19 00:57:36 got query request
[Server 1] 2024/10/19 00:57:38 stats,1801
[Server 1] 2024/10/19 00:57:38 got query request
[Server 1] 2024/10/19 00:57:40 stats,1801
[Server 1] 2024/10/19 00:57:40 got query request
[Server 1] 2024/10/19 00:57:41 stats,1801
[Server 1] 2024/10/19 00:57:41 got query request
[Server 1] 2024/10/19 00:57:43 stats,1801
[Server 1] 2024/10/19 00:57:43 got query request
[Server 1] 2024/10/19 00:57:44 stats,1801
[Server 1] 2024/10/19 00:57:44 got query request
[Server 1] 2024/10/19 00:57:46 stats,1801
[Server 1] 2024/10/19 00:57:46 clean shutdown of server done
