[Server 1] 2024/10/18 23:21:36 flags: 1 pir_merkle_8589935000.log pir-merkle 8589935000 8 1 1024
[Server 1] 2024/10/18 23:21:51 using DPF with numServers: 0xc000238530
[Server 1] 2024/10/18 23:21:51 is listening at 10.90.39.6:50051
[Server 1] 2024/10/18 23:21:51 starting grpc server
[Server 1] 2024/10/18 23:36:51 got databaseInfo request
[Server 1] 2024/10/18 23:36:51 got query request
[Server 1] 2024/10/18 23:36:51 stats,1673
[Server 1] 2024/10/18 23:36:51 got query request
[Server 1] 2024/10/18 23:36:51 stats,1673
[Server 1] 2024/10/18 23:36:51 got query request
[Server 1] 2024/10/18 23:36:52 stats,1673
[Server 1] 2024/10/18 23:36:52 got query request
[Server 1] 2024/10/18 23:36:52 stats,1673
[Server 1] 2024/10/18 23:36:52 got query request
[Server 1] 2024/10/18 23:36:52 stats,1673
[Server 1] 2024/10/18 23:36:52 got query request
[Server 1] 2024/10/18 23:36:52 stats,1673
[Server 1] 2024/10/18 23:36:52 got query request
[Server 1] 2024/10/18 23:36:52 stats,1673
[Server 1] 2024/10/18 23:36:52 got query request
[Server 1] 2024/10/18 23:36:53 stats,1673
[Server 1] 2024/10/18 23:36:53 got query request
[Server 1] 2024/10/18 23:36:53 stats,1673
[Server 1] 2024/10/18 23:36:53 got query request
[Server 1] 2024/10/18 23:36:53 stats,1673
[Server 1] 2024/10/18 23:36:53 got query request
[Server 1] 2024/10/18 23:36:53 stats,1673
[Server 1] 2024/10/18 23:36:53 got query request
[Server 1] 2024/10/18 23:36:53 stats,1673
[Server 1] 2024/10/18 23:36:53 got query request
[Server 1] 2024/10/18 23:36:54 stats,1673
[Server 1] 2024/10/18 23:36:54 got query request
[Server 1] 2024/10/18 23:36:54 stats,1673
[Server 1] 2024/10/18 23:36:54 got query request
[Server 1] 2024/10/18 23:36:54 stats,1673
[Server 1] 2024/10/18 23:36:54 got query request
[Server 1] 2024/10/18 23:36:54 stats,1673
[Server 1] 2024/10/18 23:36:54 got query request
[Server 1] 2024/10/18 23:36:55 stats,1673
[Server 1] 2024/10/18 23:36:55 got query request
[Server 1] 2024/10/18 23:36:55 stats,1673
[Server 1] 2024/10/18 23:36:55 got query request
[Server 1] 2024/10/18 23:36:55 stats,1673
[Server 1] 2024/10/18 23:36:55 got query request
[Server 1] 2024/10/18 23:36:55 stats,1673
[Server 1] 2024/10/18 23:36:55 got query request
[Server 1] 2024/10/18 23:36:55 stats,1673
[Server 1] 2024/10/18 23:36:55 got query request
[Server 1] 2024/10/18 23:36:55 stats,1673
[Server 1] 2024/10/18 23:36:56 got query request
[Server 1] 2024/10/18 23:36:56 stats,1673
[Server 1] 2024/10/18 23:36:56 got query request
[Server 1] 2024/10/18 23:36:56 stats,1673
[Server 1] 2024/10/18 23:36:56 got query request
[Server 1] 2024/10/18 23:36:56 stats,1673
[Server 1] 2024/10/18 23:36:56 got query request
[Server 1] 2024/10/18 23:36:56 stats,1673
[Server 1] 2024/10/18 23:36:56 got query request
[Server 1] 2024/10/18 23:36:57 stats,1673
[Server 1] 2024/10/18 23:36:57 got query request
[Server 1] 2024/10/18 23:36:57 stats,1673
[Server 1] 2024/10/18 23:36:57 got query request
[Server 1] 2024/10/18 23:36:57 stats,1673
[Server 1] 2024/10/18 23:36:57 got query request
[Server 1] 2024/10/18 23:36:57 stats,1673
[Server 1] 2024/10/18 23:36:57 got query request
[Server 1] 2024/10/18 23:36:57 stats,1673
[Server 1] 2024/10/18 23:36:57 got query request
[Server 1] 2024/10/18 23:36:57 stats,1673
[Server 1] 2024/10/18 23:36:58 got query request
[Server 1] 2024/10/18 23:36:58 stats,1673
[Server 1] 2024/10/18 23:36:58 got query request
[Server 1] 2024/10/18 23:36:58 stats,1673
[Server 1] 2024/10/18 23:36:58 got query request
[Server 1] 2024/10/18 23:36:58 stats,1673
[Server 1] 2024/10/18 23:36:58 got query request
[Server 1] 2024/10/18 23:36:58 stats,1673
[Server 1] 2024/10/18 23:36:58 got query request
[Server 1] 2024/10/18 23:36:58 stats,1673
[Server 1] 2024/10/18 23:36:59 got query request
[Server 1] 2024/10/18 23:36:59 stats,1673
[Server 1] 2024/10/18 23:36:59 got query request
[Server 1] 2024/10/18 23:36:59 stats,1673
[Server 1] 2024/10/18 23:36:59 got query request
[Server 1] 2024/10/18 23:36:59 stats,1673
[Server 1] 2024/10/18 23:36:59 clean shutdown of server done
