[Server 0] 2024/10/18 23:06:20 flags: 0 pir_merkle_838860800.log pir-merkle 838860800 8 1 1024
[Server 0] 2024/10/18 23:06:21 using DPF with numServers: 0xc000238530
[Server 0] 2024/10/18 23:06:21 is listening at 10.90.38.8:50050
[Server 0] 2024/10/18 23:06:21 starting grpc server
[Server 0] 2024/10/18 23:21:35 got databaseInfo request
[Server 0] 2024/10/18 23:21:35 got query request
[Server 0] 2024/10/18 23:21:35 stats,1577
[Server 0] 2024/10/18 23:21:35 got query request
[Server 0] 2024/10/18 23:21:35 stats,1577
[Server 0] 2024/10/18 23:21:35 got query request
[Server 0] 2024/10/18 23:21:35 stats,1577
[Server 0] 2024/10/18 23:21:35 got query request
[Server 0] 2024/10/18 23:21:35 stats,1577
[Server 0] 2024/10/18 23:21:35 got query request
[Server 0] 2024/10/18 23:21:35 stats,1577
[Server 0] 2024/10/18 23:21:35 got query request
[Server 0] 2024/10/18 23:21:35 stats,1577
[Server 0] 2024/10/18 23:21:35 got query request
[Server 0] 2024/10/18 23:21:35 stats,1577
[Server 0] 2024/10/18 23:21:35 got query request
[Server 0] 2024/10/18 23:21:35 stats,1577
[Server 0] 2024/10/18 23:21:35 got query request
[Server 0] 2024/10/18 23:21:35 stats,1577
[Server 0] 2024/10/18 23:21:35 got query request
[Server 0] 2024/10/18 23:21:35 stats,1577
[Server 0] 2024/10/18 23:21:35 got query request
[Server 0] 2024/10/18 23:21:35 stats,1577
[Server 0] 2024/10/18 23:21:35 got query request
[Server 0] 2024/10/18 23:21:35 stats,1577
[Server 0] 2024/10/18 23:21:35 got query request
[Server 0] 2024/10/18 23:21:35 stats,1577
[Server 0] 2024/10/18 23:21:35 got query request
[Server 0] 2024/10/18 23:21:35 stats,1577
[Server 0] 2024/10/18 23:21:35 got query request
[Server 0] 2024/10/18 23:21:35 stats,1577
[Server 0] 2024/10/18 23:21:35 got query request
[Server 0] 2024/10/18 23:21:35 stats,1577
[Server 0] 2024/10/18 23:21:35 got query request
[Server 0] 2024/10/18 23:21:35 stats,1577
[Server 0] 2024/10/18 23:21:35 got query request
[Server 0] 2024/10/18 23:21:35 stats,1577
[Server 0] 2024/10/18 23:21:35 got query request
[Server 0] 2024/10/18 23:21:35 stats,1577
[Server 0] 2024/10/18 23:21:35 got query request
[Server 0] 2024/10/18 23:21:35 stats,1577
[Server 0] 2024/10/18 23:21:35 got query request
[Server 0] 2024/10/18 23:21:35 stats,1577
[Server 0] 2024/10/18 23:21:35 got query request
[Server 0] 2024/10/18 23:21:35 stats,1577
[Server 0] 2024/10/18 23:21:35 got query request
[Server 0] 2024/10/18 23:21:35 stats,1577
[Server 0] 2024/10/18 23:21:35 got query request
[Server 0] 2024/10/18 23:21:35 stats,1577
[Server 0] 2024/10/18 23:21:35 got query request
[Server 0] 2024/10/18 23:21:35 stats,1577
[Server 0] 2024/10/18 23:21:35 got query request
[Server 0] 2024/10/18 23:21:35 stats,1577
[Server 0] 2024/10/18 23:21:35 got query request
[Server 0] 2024/10/18 23:21:35 stats,1577
[Server 0] 2024/10/18 23:21:35 got query request
[Server 0] 2024/10/18 23:21:36 stats,1577
[Server 0] 2024/10/18 23:21:36 got query request
[Server 0] 2024/10/18 23:21:36 stats,1577
[Server 0] 2024/10/18 23:21:36 got query request
[Server 0] 2024/10/18 23:21:36 stats,1577
[Server 0] 2024/10/18 23:21:36 got query request
[Server 0] 2024/10/18 23:21:36 stats,1577
[Server 0] 2024/10/18 23:21:36 got query request
[Server 0] 2024/10/18 23:21:36 stats,1577
[Server 0] 2024/10/18 23:21:36 got query request
[Server 0] 2024/10/18 23:21:36 stats,1577
[Server 0] 2024/10/18 23:21:36 got query request
[Server 0] 2024/10/18 23:21:36 stats,1577
[Server 0] 2024/10/18 23:21:36 got query request
[Server 0] 2024/10/18 23:21:36 stats,1577
[Server 0] 2024/10/18 23:21:36 got query request
[Server 0] 2024/10/18 23:21:36 stats,1577
[Server 0] 2024/10/18 23:21:36 got query request
[Server 0] 2024/10/18 23:21:36 stats,1577
[Server 0] 2024/10/18 23:21:36 got query request
[Server 0] 2024/10/18 23:21:36 stats,1577
[Server 0] 2024/10/18 23:21:36 got query request
[Server 0] 2024/10/18 23:21:36 stats,1577
[Server 0] 2024/10/18 23:21:36 got query request
[Server 0] 2024/10/18 23:21:36 stats,1577
[Server 0] 2024/10/18 23:21:36 clean shutdown of server done
