[Server 1] 2024/10/17 13:45:28 flags: 1 pir_classic_838860800.log pir-classic 838860800 8 1 1024
[Server 1] 2024/10/17 13:45:28 using DPF with numServers: 0xc000204460
[Server 1] 2024/10/17 13:45:28 is listening at 10.90.39.6:50051
[Server 1] 2024/10/17 13:45:28 starting grpc server
[Server 1] 2024/10/17 13:46:13 got databaseInfo request
[Server 1] 2024/10/17 13:46:13 got query request
[Server 1] 2024/10/17 13:46:13 stats,1024
[Server 1] 2024/10/17 13:46:13 got query request
[Server 1] 2024/10/17 13:46:13 stats,1024
[Server 1] 2024/10/17 13:46:13 got query request
[Server 1] 2024/10/17 13:46:13 stats,1024
[Server 1] 2024/10/17 13:46:13 got query request
[Server 1] 2024/10/17 13:46:13 stats,1024
[Server 1] 2024/10/17 13:46:13 got query request
[Server 1] 2024/10/17 13:46:13 stats,1024
[Server 1] 2024/10/17 13:46:13 got query request
[Server 1] 2024/10/17 13:46:13 stats,1024
[Server 1] 2024/10/17 13:46:13 got query request
[Server 1] 2024/10/17 13:46:13 stats,1024
[Server 1] 2024/10/17 13:46:13 got query request
[Server 1] 2024/10/17 13:46:13 stats,1024
[Server 1] 2024/10/17 13:46:13 got query request
[Server 1] 2024/10/17 13:46:13 stats,1024
[Server 1] 2024/10/17 13:46:13 got query request
[Server 1] 2024/10/17 13:46:13 stats,1024
[Server 1] 2024/10/17 13:46:13 got query request
[Server 1] 2024/10/17 13:46:13 stats,1024
[Server 1] 2024/10/17 13:46:13 got query request
[Server 1] 2024/10/17 13:46:13 stats,1024
[Server 1] 2024/10/17 13:46:13 got query request
[Server 1] 2024/10/17 13:46:13 stats,1024
[Server 1] 2024/10/17 13:46:13 got query request
[Server 1] 2024/10/17 13:46:13 stats,1024
[Server 1] 2024/10/17 13:46:13 got query request
[Server 1] 2024/10/17 13:46:13 stats,1024
[Server 1] 2024/10/17 13:46:13 got query request
[Server 1] 2024/10/17 13:46:13 stats,1024
[Server 1] 2024/10/17 13:46:13 got query request
[Server 1] 2024/10/17 13:46:13 stats,1024
[Server 1] 2024/10/17 13:46:13 got query request
[Server 1] 2024/10/17 13:46:14 stats,1024
[Server 1] 2024/10/17 13:46:14 got query request
[Server 1] 2024/10/17 13:46:14 stats,1024
[Server 1] 2024/10/17 13:46:14 got query request
[Server 1] 2024/10/17 13:46:14 stats,1024
[Server 1] 2024/10/17 13:46:14 got query request
[Server 1] 2024/10/17 13:46:14 stats,1024
[Server 1] 2024/10/17 13:46:14 got query request
[Server 1] 2024/10/17 13:46:14 stats,1024
[Server 1] 2024/10/17 13:46:14 got query request
[Server 1] 2024/10/17 13:46:14 stats,1024
[Server 1] 2024/10/17 13:46:14 got query request
[Server 1] 2024/10/17 13:46:14 stats,1024
[Server 1] 2024/10/17 13:46:14 got query request
[Server 1] 2024/10/17 13:46:14 stats,1024
[Server 1] 2024/10/17 13:46:14 got query request
[Server 1] 2024/10/17 13:46:14 stats,1024
[Server 1] 2024/10/17 13:46:14 got query request
[Server 1] 2024/10/17 13:46:14 stats,1024
[Server 1] 2024/10/17 13:46:14 got query request
[Server 1] 2024/10/17 13:46:14 stats,1024
[Server 1] 2024/10/17 13:46:14 got query request
[Server 1] 2024/10/17 13:46:14 stats,1024
[Server 1] 2024/10/17 13:46:14 got query request
[Server 1] 2024/10/17 13:46:14 stats,1024
[Server 1] 2024/10/17 13:46:14 clean shutdown of server done
