[Server 1] 2021/10/08 14:27:11 Starting to read in the DB data
[Server 1] 2021/10/08 14:27:11 Loading keys: [data/sks/sks-000.pgp data/sks/sks-001.pgp data/sks/sks-002.pgp data/sks/sks-003.pgp data/sks/sks-004.pgp data/sks/sks-005.pgp data/sks/sks-006.pgp data/sks/sks-007.pgp data/sks/sks-008.pgp data/sks/sks-009.pgp data/sks/sks-010.pgp data/sks/sks-011.pgp data/sks/sks-012.pgp data/sks/sks-013.pgp data/sks/sks-014.pgp data/sks/sks-015.pgp data/sks/sks-016.pgp data/sks/sks-017.pgp data/sks/sks-018.pgp data/sks/sks-019.pgp data/sks/sks-020.pgp data/sks/sks-021.pgp data/sks/sks-022.pgp data/sks/sks-023.pgp data/sks/sks-024.pgp data/sks/sks-025.pgp data/sks/sks-026.pgp data/sks/sks-027.pgp data/sks/sks-028.pgp data/sks/sks-029.pgp data/sks/sks-030.pgp]
[Server 1] 2021/10/08 14:46:27 DB loaded with files [data/sks/sks-000.pgp data/sks/sks-001.pgp data/sks/sks-002.pgp data/sks/sks-003.pgp data/sks/sks-004.pgp data/sks/sks-005.pgp data/sks/sks-006.pgp data/sks/sks-007.pgp data/sks/sks-008.pgp data/sks/sks-009.pgp data/sks/sks-010.pgp data/sks/sks-011.pgp data/sks/sks-012.pgp data/sks/sks-013.pgp data/sks/sks-014.pgp data/sks/sks-015.pgp data/sks/sks-016.pgp data/sks/sks-017.pgp data/sks/sks-018.pgp data/sks/sks-019.pgp data/sks/sks-020.pgp data/sks/sks-021.pgp data/sks/sks-022.pgp data/sks/sks-023.pgp data/sks/sks-024.pgp data/sks/sks-025.pgp data/sks/sks-026.pgp data/sks/sks-027.pgp data/sks/sks-028.pgp data/sks/sks-029.pgp data/sks/sks-030.pgp]
[Server 1] 2021/10/08 14:46:27 db size in GiB: 0.000000
[Server 1] 2021/10/08 14:46:28 is listening at 10.90.36.44:50051
[Server 1] 2021/10/08 14:46:28 starting grpc server
[Server 1] 2021/10/08 14:47:04 got databaseInfo request
[Server 1] 2021/10/08 14:47:04 got query request
[Server 1] 2021/10/08 14:47:31 answer size in bytes: 20
[Server 1] 2021/10/08 14:47:31 stats,-1,20
[Server 1] 2021/10/08 14:47:36 got databaseInfo request
[Server 1] 2021/10/08 14:47:36 got query request
[Server 1] 2021/10/08 14:48:00 answer size in bytes: 20
[Server 1] 2021/10/08 14:48:00 stats,-1,20
[Server 1] 2021/10/08 14:48:05 got databaseInfo request
[Server 1] 2021/10/08 14:48:05 got query request
[Server 1] 2021/10/08 14:48:30 answer size in bytes: 20
[Server 1] 2021/10/08 14:48:30 stats,-1,20
[Server 1] 2021/10/08 14:48:35 got databaseInfo request
[Server 1] 2021/10/08 14:48:35 got query request
[Server 1] 2021/10/08 14:48:58 answer size in bytes: 20
[Server 1] 2021/10/08 14:48:58 stats,-1,20
[Server 1] 2021/10/08 14:49:06 got databaseInfo request
[Server 1] 2021/10/08 14:49:06 got query request
[Server 1] 2021/10/08 14:49:31 answer size in bytes: 20
[Server 1] 2021/10/08 14:49:31 stats,-1,20
[Server 1] 2021/10/08 14:49:37 got databaseInfo request
[Server 1] 2021/10/08 14:49:37 got query request
[Server 1] 2021/10/08 14:50:02 answer size in bytes: 20
[Server 1] 2021/10/08 14:50:02 stats,-1,20
[Server 1] 2021/10/08 14:50:07 got databaseInfo request
[Server 1] 2021/10/08 14:50:07 got query request
[Server 1] 2021/10/08 14:50:31 answer size in bytes: 20
[Server 1] 2021/10/08 14:50:31 stats,-1,20
[Server 1] 2021/10/08 14:50:36 got databaseInfo request
[Server 1] 2021/10/08 14:50:36 got query request
[Server 1] 2021/10/08 14:51:02 answer size in bytes: 20
[Server 1] 2021/10/08 14:51:02 stats,-1,20
[Server 1] 2021/10/08 14:51:07 got databaseInfo request
[Server 1] 2021/10/08 14:51:07 got query request
[Server 1] 2021/10/08 14:51:32 answer size in bytes: 20
[Server 1] 2021/10/08 14:51:32 stats,-1,20
[Server 1] 2021/10/08 14:51:37 got databaseInfo request
[Server 1] 2021/10/08 14:51:37 got query request
[Server 1] 2021/10/08 14:52:00 answer size in bytes: 20
[Server 1] 2021/10/08 14:52:00 stats,-1,20
[Server 1] 2021/10/08 14:52:05 got databaseInfo request
[Server 1] 2021/10/08 14:52:05 got query request
[Server 1] 2021/10/08 14:52:28 answer size in bytes: 20
[Server 1] 2021/10/08 14:52:28 stats,-1,20
[Server 1] 2021/10/08 14:52:37 got databaseInfo request
[Server 1] 2021/10/08 14:52:37 got query request
[Server 1] 2021/10/08 14:53:02 answer size in bytes: 20
[Server 1] 2021/10/08 14:53:02 stats,-1,20
[Server 1] 2021/10/08 14:53:07 got databaseInfo request
[Server 1] 2021/10/08 14:53:07 got query request
[Server 1] 2021/10/08 14:53:31 answer size in bytes: 20
[Server 1] 2021/10/08 14:53:31 stats,-1,20
[Server 1] 2021/10/08 14:53:36 got databaseInfo request
[Server 1] 2021/10/08 14:53:36 got query request
[Server 1] 2021/10/08 14:53:59 answer size in bytes: 20
[Server 1] 2021/10/08 14:53:59 stats,-1,20
[Server 1] 2021/10/08 14:54:06 got databaseInfo request
[Server 1] 2021/10/08 14:54:06 got query request
[Server 1] 2021/10/08 14:54:30 answer size in bytes: 20
[Server 1] 2021/10/08 14:54:30 stats,-1,20
[Server 1] 2021/10/08 14:54:35 got databaseInfo request
[Server 1] 2021/10/08 14:54:35 got query request
[Server 1] 2021/10/08 14:54:59 answer size in bytes: 20
[Server 1] 2021/10/08 14:54:59 stats,-1,20
[Server 1] 2021/10/08 14:55:06 got databaseInfo request
[Server 1] 2021/10/08 14:55:06 got query request
[Server 1] 2021/10/08 14:55:31 answer size in bytes: 20
[Server 1] 2021/10/08 14:55:31 stats,-1,20
[Server 1] 2021/10/08 14:55:36 got databaseInfo request
[Server 1] 2021/10/08 14:55:36 got query request
[Server 1] 2021/10/08 14:55:58 answer size in bytes: 20
[Server 1] 2021/10/08 14:55:58 stats,-1,20
[Server 1] 2021/10/08 14:56:04 got databaseInfo request
[Server 1] 2021/10/08 14:56:04 got query request
[Server 1] 2021/10/08 14:56:27 answer size in bytes: 20
[Server 1] 2021/10/08 14:56:27 stats,-1,20
[Server 1] 2021/10/08 14:56:33 got databaseInfo request
[Server 1] 2021/10/08 14:56:33 got query request
[Server 1] 2021/10/08 14:56:56 answer size in bytes: 20
[Server 1] 2021/10/08 14:56:56 stats,-1,20
[Server 1] 2021/10/08 15:00:24 got databaseInfo request
[Server 1] 2021/10/08 15:00:24 got query request
[Server 1] 2021/10/08 15:00:31 answer size in bytes: 20
[Server 1] 2021/10/08 15:00:31 stats,-1,20
[Server 1] 2021/10/08 15:00:37 got databaseInfo request
[Server 1] 2021/10/08 15:00:37 got query request
[Server 1] 2021/10/08 15:00:44 answer size in bytes: 20
[Server 1] 2021/10/08 15:00:44 stats,-1,20
[Server 1] 2021/10/08 15:00:49 got databaseInfo request
[Server 1] 2021/10/08 15:00:49 got query request
[Server 1] 2021/10/08 15:00:58 answer size in bytes: 20
[Server 1] 2021/10/08 15:00:58 stats,-1,20
[Server 1] 2021/10/08 15:01:03 got databaseInfo request
[Server 1] 2021/10/08 15:01:03 got query request
[Server 1] 2021/10/08 15:01:09 answer size in bytes: 20
[Server 1] 2021/10/08 15:01:09 stats,-1,20
[Server 1] 2021/10/08 15:01:15 got databaseInfo request
[Server 1] 2021/10/08 15:01:15 got query request
[Server 1] 2021/10/08 15:01:22 answer size in bytes: 20
[Server 1] 2021/10/08 15:01:22 stats,-1,20
[Server 1] 2021/10/08 15:01:27 got databaseInfo request
[Server 1] 2021/10/08 15:01:27 got query request
[Server 1] 2021/10/08 15:01:34 answer size in bytes: 20
[Server 1] 2021/10/08 15:01:34 stats,-1,20
[Server 1] 2021/10/08 15:01:39 got databaseInfo request
[Server 1] 2021/10/08 15:01:39 got query request
[Server 1] 2021/10/08 15:01:46 answer size in bytes: 20
[Server 1] 2021/10/08 15:01:46 stats,-1,20
[Server 1] 2021/10/08 15:01:51 got databaseInfo request
[Server 1] 2021/10/08 15:01:51 got query request
[Server 1] 2021/10/08 15:01:58 answer size in bytes: 20
[Server 1] 2021/10/08 15:01:58 stats,-1,20
[Server 1] 2021/10/08 15:02:03 got databaseInfo request
[Server 1] 2021/10/08 15:02:03 got query request
[Server 1] 2021/10/08 15:02:10 answer size in bytes: 20
[Server 1] 2021/10/08 15:02:10 stats,-1,20
[Server 1] 2021/10/08 15:02:15 got databaseInfo request
[Server 1] 2021/10/08 15:02:15 got query request
[Server 1] 2021/10/08 15:02:23 answer size in bytes: 20
[Server 1] 2021/10/08 15:02:23 stats,-1,20
[Server 1] 2021/10/08 15:02:28 got databaseInfo request
[Server 1] 2021/10/08 15:02:28 got query request
[Server 1] 2021/10/08 15:02:36 answer size in bytes: 20
[Server 1] 2021/10/08 15:02:36 stats,-1,20
[Server 1] 2021/10/08 15:02:41 got databaseInfo request
[Server 1] 2021/10/08 15:02:41 got query request
[Server 1] 2021/10/08 15:02:48 answer size in bytes: 20
[Server 1] 2021/10/08 15:02:48 stats,-1,20
[Server 1] 2021/10/08 15:02:53 got databaseInfo request
[Server 1] 2021/10/08 15:02:53 got query request
[Server 1] 2021/10/08 15:03:00 answer size in bytes: 20
[Server 1] 2021/10/08 15:03:00 stats,-1,20
[Server 1] 2021/10/08 15:03:05 got databaseInfo request
[Server 1] 2021/10/08 15:03:05 got query request
[Server 1] 2021/10/08 15:03:11 answer size in bytes: 20
[Server 1] 2021/10/08 15:03:11 stats,-1,20
[Server 1] 2021/10/08 15:03:17 got databaseInfo request
[Server 1] 2021/10/08 15:03:17 got query request
[Server 1] 2021/10/08 15:03:24 answer size in bytes: 20
[Server 1] 2021/10/08 15:03:24 stats,-1,20
[Server 1] 2021/10/08 15:03:29 got databaseInfo request
[Server 1] 2021/10/08 15:03:29 got query request
[Server 1] 2021/10/08 15:03:37 answer size in bytes: 20
[Server 1] 2021/10/08 15:03:37 stats,-1,20
[Server 1] 2021/10/08 15:03:42 got databaseInfo request
[Server 1] 2021/10/08 15:03:42 got query request
[Server 1] 2021/10/08 15:03:49 answer size in bytes: 20
[Server 1] 2021/10/08 15:03:49 stats,-1,20
[Server 1] 2021/10/08 15:03:54 got databaseInfo request
[Server 1] 2021/10/08 15:03:54 got query request
[Server 1] 2021/10/08 15:04:01 answer size in bytes: 20
[Server 1] 2021/10/08 15:04:01 stats,-1,20
[Server 1] 2021/10/08 15:04:06 got databaseInfo request
[Server 1] 2021/10/08 15:04:06 got query request
[Server 1] 2021/10/08 15:04:12 answer size in bytes: 20
[Server 1] 2021/10/08 15:04:12 stats,-1,20
[Server 1] 2021/10/08 15:04:17 got databaseInfo request
[Server 1] 2021/10/08 15:04:17 got query request
[Server 1] 2021/10/08 15:04:24 answer size in bytes: 20
[Server 1] 2021/10/08 15:04:24 stats,-1,20
[Server 1] 2021/10/08 15:19:04 got databaseInfo request
[Server 1] 2021/10/08 15:19:04 got query request
[Server 1] 2021/10/08 15:20:24 answer size in bytes: 20
[Server 1] 2021/10/08 15:20:24 stats,-1,20
[Server 1] 2021/10/08 15:20:31 got databaseInfo request
[Server 1] 2021/10/08 15:20:31 got query request
[Server 1] 2021/10/08 15:21:56 answer size in bytes: 20
[Server 1] 2021/10/08 15:21:56 stats,-1,20
[Server 1] 2021/10/08 15:22:01 got databaseInfo request
[Server 1] 2021/10/08 15:22:01 got query request
[Server 1] 2021/10/08 15:23:25 answer size in bytes: 20
[Server 1] 2021/10/08 15:23:25 stats,-1,20
[Server 1] 2021/10/08 15:23:30 got databaseInfo request
[Server 1] 2021/10/08 15:23:30 got query request
[Server 1] 2021/10/08 15:24:55 answer size in bytes: 20
[Server 1] 2021/10/08 15:24:55 stats,-1,20
[Server 1] 2021/10/08 15:25:00 got databaseInfo request
[Server 1] 2021/10/08 15:25:00 got query request
[Server 1] 2021/10/08 15:26:21 answer size in bytes: 20
[Server 1] 2021/10/08 15:26:21 stats,-1,20
[Server 1] 2021/10/08 15:26:26 got databaseInfo request
[Server 1] 2021/10/08 15:26:26 got query request
[Server 1] 2021/10/08 15:27:47 answer size in bytes: 20
[Server 1] 2021/10/08 15:27:47 stats,-1,20
[Server 1] 2021/10/08 15:27:56 got databaseInfo request
[Server 1] 2021/10/08 15:27:56 got query request
[Server 1] 2021/10/08 15:29:24 answer size in bytes: 20
[Server 1] 2021/10/08 15:29:24 stats,-1,20
[Server 1] 2021/10/08 15:29:29 got databaseInfo request
[Server 1] 2021/10/08 15:29:29 got query request
[Server 1] 2021/10/08 15:30:52 answer size in bytes: 20
[Server 1] 2021/10/08 15:30:52 stats,-1,20
[Server 1] 2021/10/08 15:30:57 got databaseInfo request
[Server 1] 2021/10/08 15:30:57 got query request
[Server 1] 2021/10/08 15:32:18 answer size in bytes: 20
[Server 1] 2021/10/08 15:32:18 stats,-1,20
[Server 1] 2021/10/08 15:32:30 got databaseInfo request
[Server 1] 2021/10/08 15:32:30 got query request
[Server 1] 2021/10/08 15:33:57 answer size in bytes: 20
[Server 1] 2021/10/08 15:33:57 stats,-1,20
[Server 1] 2021/10/08 15:34:02 got databaseInfo request
[Server 1] 2021/10/08 15:34:02 got query request
[Server 1] 2021/10/08 15:35:24 answer size in bytes: 20
[Server 1] 2021/10/08 15:35:24 stats,-1,20
[Server 1] 2021/10/08 15:35:31 got databaseInfo request
[Server 1] 2021/10/08 15:35:31 got query request
[Server 1] 2021/10/08 15:36:46 answer size in bytes: 20
[Server 1] 2021/10/08 15:36:46 stats,-1,20
[Server 1] 2021/10/08 15:36:52 got databaseInfo request
[Server 1] 2021/10/08 15:36:52 got query request
[Server 1] 2021/10/08 15:38:07 answer size in bytes: 20
[Server 1] 2021/10/08 15:38:07 stats,-1,20
[Server 1] 2021/10/08 15:38:12 got databaseInfo request
[Server 1] 2021/10/08 15:38:12 got query request
[Server 1] 2021/10/08 15:39:27 answer size in bytes: 20
[Server 1] 2021/10/08 15:39:27 stats,-1,20
[Server 1] 2021/10/08 15:39:32 got databaseInfo request
[Server 1] 2021/10/08 15:39:32 got query request
[Server 1] 2021/10/08 15:40:47 answer size in bytes: 20
[Server 1] 2021/10/08 15:40:47 stats,-1,20
[Server 1] 2021/10/08 15:40:52 got databaseInfo request
[Server 1] 2021/10/08 15:40:52 got query request
[Server 1] 2021/10/08 15:42:08 answer size in bytes: 20
[Server 1] 2021/10/08 15:42:08 stats,-1,20
[Server 1] 2021/10/08 15:42:13 got databaseInfo request
[Server 1] 2021/10/08 15:42:13 got query request
[Server 1] 2021/10/08 15:43:29 answer size in bytes: 20
[Server 1] 2021/10/08 15:43:29 stats,-1,20
[Server 1] 2021/10/08 15:43:34 got databaseInfo request
[Server 1] 2021/10/08 15:43:34 got query request
[Server 1] 2021/10/08 15:44:49 answer size in bytes: 20
[Server 1] 2021/10/08 15:44:49 stats,-1,20
[Server 1] 2021/10/08 15:44:54 got databaseInfo request
[Server 1] 2021/10/08 15:44:54 got query request
[Server 1] 2021/10/08 15:46:09 answer size in bytes: 20
[Server 1] 2021/10/08 15:46:09 stats,-1,20
[Server 1] 2021/10/08 15:46:14 got databaseInfo request
[Server 1] 2021/10/08 15:46:14 got query request
[Server 1] 2021/10/08 15:47:30 answer size in bytes: 20
[Server 1] 2021/10/08 15:47:30 stats,-1,20
