31
[Server 1] 2021/04/15 18:22:28 Starting to read in the DB data
[Server 1] 2021/04/15 18:22:28 Bytes db rebalanced: true, loading keys: [data/sks/sks-000.pgp data/sks/sks-001.pgp data/sks/sks-002.pgp data/sks/sks-003.pgp data/sks/sks-004.pgp data/sks/sks-005.pgp data/sks/sks-006.pgp data/sks/sks-007.pgp data/sks/sks-008.pgp data/sks/sks-009.pgp data/sks/sks-010.pgp data/sks/sks-011.pgp data/sks/sks-012.pgp data/sks/sks-013.pgp data/sks/sks-014.pgp data/sks/sks-015.pgp data/sks/sks-016.pgp data/sks/sks-017.pgp data/sks/sks-018.pgp data/sks/sks-019.pgp data/sks/sks-020.pgp data/sks/sks-021.pgp data/sks/sks-022.pgp data/sks/sks-023.pgp data/sks/sks-024.pgp data/sks/sks-025.pgp data/sks/sks-026.pgp data/sks/sks-027.pgp data/sks/sks-028.pgp data/sks/sks-029.pgp data/sks/sks-030.pgp]
[Server 1] 2021/04/15 18:23:06 Bytes loaded with files [data/sks/sks-000.pgp data/sks/sks-001.pgp data/sks/sks-002.pgp data/sks/sks-003.pgp data/sks/sks-004.pgp data/sks/sks-005.pgp data/sks/sks-006.pgp data/sks/sks-007.pgp data/sks/sks-008.pgp data/sks/sks-009.pgp data/sks/sks-010.pgp data/sks/sks-011.pgp data/sks/sks-012.pgp data/sks/sks-013.pgp data/sks/sks-014.pgp data/sks/sks-015.pgp data/sks/sks-016.pgp data/sks/sks-017.pgp data/sks/sks-018.pgp data/sks/sks-019.pgp data/sks/sks-020.pgp data/sks/sks-021.pgp data/sks/sks-022.pgp data/sks/sks-023.pgp data/sks/sks-024.pgp data/sks/sks-025.pgp data/sks/sks-026.pgp data/sks/sks-027.pgp data/sks/sks-028.pgp data/sks/sks-029.pgp data/sks/sks-030.pgp]
[Server 1] 2021/04/15 18:23:06 db size in GiB: 11.702634
[Server 1] 2021/04/15 18:23:07 is listening at 10.90.36.39:50051
[Server 1] 2021/04/15 18:23:07 starting grpc server
[Server 1] 2021/04/15 18:23:15 got databaseInfo request
[Server 1] 2021/04/15 18:23:15 got query request
[Server 1] 2021/04/15 18:23:15 answer size in bytes: 21048429
[Server 1] 2021/04/15 18:23:15 stats,1,21048429
[Server 1] 2021/04/15 18:23:22 got databaseInfo request
[Server 1] 2021/04/15 18:23:22 got query request
[Server 1] 2021/04/15 18:23:23 answer size in bytes: 21048429
[Server 1] 2021/04/15 18:23:23 stats,1,21048429
[Server 1] 2021/04/15 18:23:29 got databaseInfo request
[Server 1] 2021/04/15 18:23:29 got query request
[Server 1] 2021/04/15 18:23:29 answer size in bytes: 21048429
[Server 1] 2021/04/15 18:23:29 stats,1,21048429
[Server 1] 2021/04/15 18:23:36 got databaseInfo request
[Server 1] 2021/04/15 18:23:36 got query request
[Server 1] 2021/04/15 18:23:37 answer size in bytes: 21048429
[Server 1] 2021/04/15 18:23:37 stats,1,21048429
[Server 1] 2021/04/15 18:23:43 got databaseInfo request
[Server 1] 2021/04/15 18:23:43 got query request
[Server 1] 2021/04/15 18:23:44 answer size in bytes: 21048429
[Server 1] 2021/04/15 18:23:44 stats,1,21048429
[Server 1] 2021/04/15 18:23:50 got databaseInfo request
[Server 1] 2021/04/15 18:23:50 got query request
[Server 1] 2021/04/15 18:23:51 answer size in bytes: 21048429
[Server 1] 2021/04/15 18:23:51 stats,1,21048429
[Server 1] 2021/04/15 18:23:57 got databaseInfo request
[Server 1] 2021/04/15 18:23:57 got query request
[Server 1] 2021/04/15 18:23:58 answer size in bytes: 21048429
[Server 1] 2021/04/15 18:23:58 stats,1,21048429
[Server 1] 2021/04/15 18:24:04 got databaseInfo request
[Server 1] 2021/04/15 18:24:04 got query request
[Server 1] 2021/04/15 18:24:05 answer size in bytes: 21048429
[Server 1] 2021/04/15 18:24:05 stats,1,21048429
[Server 1] 2021/04/15 18:24:12 got databaseInfo request
[Server 1] 2021/04/15 18:24:12 got query request
[Server 1] 2021/04/15 18:24:13 answer size in bytes: 21048429
[Server 1] 2021/04/15 18:24:13 stats,1,21048429
[Server 1] 2021/04/15 18:24:19 got databaseInfo request
[Server 1] 2021/04/15 18:24:19 got query request
[Server 1] 2021/04/15 18:24:20 answer size in bytes: 21048429
[Server 1] 2021/04/15 18:24:20 stats,1,21048429
[Server 1] 2021/04/15 18:24:27 got databaseInfo request
[Server 1] 2021/04/15 18:24:27 got query request
[Server 1] 2021/04/15 18:24:28 answer size in bytes: 21048429
[Server 1] 2021/04/15 18:24:28 stats,1,21048429
[Server 1] 2021/04/15 18:24:35 got databaseInfo request
[Server 1] 2021/04/15 18:24:35 got query request
[Server 1] 2021/04/15 18:24:35 answer size in bytes: 21048429
[Server 1] 2021/04/15 18:24:35 stats,1,21048429
[Server 1] 2021/04/15 18:24:42 got databaseInfo request
[Server 1] 2021/04/15 18:24:42 got query request
[Server 1] 2021/04/15 18:24:43 answer size in bytes: 21048429
[Server 1] 2021/04/15 18:24:43 stats,1,21048429
[Server 1] 2021/04/15 18:24:49 got databaseInfo request
[Server 1] 2021/04/15 18:24:49 got query request
[Server 1] 2021/04/15 18:24:51 answer size in bytes: 21048429
[Server 1] 2021/04/15 18:24:51 stats,1,21048429
[Server 1] 2021/04/15 18:24:57 got databaseInfo request
[Server 1] 2021/04/15 18:24:57 got query request
[Server 1] 2021/04/15 18:24:58 answer size in bytes: 21048429
[Server 1] 2021/04/15 18:24:58 stats,1,21048429
[Server 1] 2021/04/15 18:25:04 got databaseInfo request
[Server 1] 2021/04/15 18:25:04 got query request
[Server 1] 2021/04/15 18:25:06 answer size in bytes: 21048429
[Server 1] 2021/04/15 18:25:06 stats,1,21048429
[Server 1] 2021/04/15 18:25:11 got databaseInfo request
[Server 1] 2021/04/15 18:25:11 got query request
[Server 1] 2021/04/15 18:25:13 answer size in bytes: 21048429
[Server 1] 2021/04/15 18:25:13 stats,1,21048429
[Server 1] 2021/04/15 18:25:18 got databaseInfo request
[Server 1] 2021/04/15 18:25:18 got query request
[Server 1] 2021/04/15 18:25:20 answer size in bytes: 21048429
[Server 1] 2021/04/15 18:25:20 stats,1,21048429
[Server 1] 2021/04/15 18:25:26 got databaseInfo request
[Server 1] 2021/04/15 18:25:26 got query request
[Server 1] 2021/04/15 18:25:26 answer size in bytes: 21048429
[Server 1] 2021/04/15 18:25:26 stats,1,21048429
[Server 1] 2021/04/15 18:25:33 got databaseInfo request
[Server 1] 2021/04/15 18:25:33 got query request
[Server 1] 2021/04/15 18:25:34 answer size in bytes: 21048429
[Server 1] 2021/04/15 18:25:34 stats,1,21048429
[Server 1] 2021/04/15 18:25:40 clean shutdown of server done
