31
[Server 1] 2021/04/14 17:04:21 Starting to read in the DB data
[Server 1] 2021/04/14 17:04:21 Bytes db rebalanced: false, loading keys: [data/sks/sks-000.pgp data/sks/sks-001.pgp data/sks/sks-002.pgp data/sks/sks-003.pgp data/sks/sks-004.pgp data/sks/sks-005.pgp data/sks/sks-006.pgp data/sks/sks-007.pgp data/sks/sks-008.pgp data/sks/sks-009.pgp data/sks/sks-010.pgp data/sks/sks-011.pgp data/sks/sks-012.pgp data/sks/sks-013.pgp data/sks/sks-014.pgp data/sks/sks-015.pgp data/sks/sks-016.pgp data/sks/sks-017.pgp data/sks/sks-018.pgp data/sks/sks-019.pgp data/sks/sks-020.pgp data/sks/sks-021.pgp data/sks/sks-022.pgp data/sks/sks-023.pgp data/sks/sks-024.pgp data/sks/sks-025.pgp data/sks/sks-026.pgp data/sks/sks-027.pgp data/sks/sks-028.pgp data/sks/sks-029.pgp data/sks/sks-030.pgp]
[Server 1] 2021/04/14 17:05:01 Bytes loaded with files [data/sks/sks-000.pgp data/sks/sks-001.pgp data/sks/sks-002.pgp data/sks/sks-003.pgp data/sks/sks-004.pgp data/sks/sks-005.pgp data/sks/sks-006.pgp data/sks/sks-007.pgp data/sks/sks-008.pgp data/sks/sks-009.pgp data/sks/sks-010.pgp data/sks/sks-011.pgp data/sks/sks-012.pgp data/sks/sks-013.pgp data/sks/sks-014.pgp data/sks/sks-015.pgp data/sks/sks-016.pgp data/sks/sks-017.pgp data/sks/sks-018.pgp data/sks/sks-019.pgp data/sks/sks-020.pgp data/sks/sks-021.pgp data/sks/sks-022.pgp data/sks/sks-023.pgp data/sks/sks-024.pgp data/sks/sks-025.pgp data/sks/sks-026.pgp data/sks/sks-027.pgp data/sks/sks-028.pgp data/sks/sks-029.pgp data/sks/sks-030.pgp]
[Server 1] 2021/04/14 17:05:02 is listening at 10.90.36.39:50051
[Server 1] 2021/04/14 17:05:02 starting grpc server
[Server 1] 2021/04/14 17:05:49 got databaseInfo request
[Server 1] 2021/04/14 17:05:49 got query request
[Server 1] 2021/04/14 17:05:49 answer size in bytes: 32959
[Server 1] 2021/04/14 17:05:49 stats,24,32959
[Server 1] 2021/04/14 17:05:54 got databaseInfo request
[Server 1] 2021/04/14 17:05:54 got query request
[Server 1] 2021/04/14 17:05:54 answer size in bytes: 32959
[Server 1] 2021/04/14 17:05:54 stats,24,32959
[Server 1] 2021/04/14 17:05:59 got databaseInfo request
[Server 1] 2021/04/14 17:05:59 got query request
[Server 1] 2021/04/14 17:06:00 answer size in bytes: 32959
[Server 1] 2021/04/14 17:06:00 stats,24,32959
[Server 1] 2021/04/14 17:06:05 got databaseInfo request
[Server 1] 2021/04/14 17:06:05 got query request
[Server 1] 2021/04/14 17:06:05 answer size in bytes: 32959
[Server 1] 2021/04/14 17:06:05 stats,24,32959
[Server 1] 2021/04/14 17:06:10 got databaseInfo request
[Server 1] 2021/04/14 17:06:10 got query request
[Server 1] 2021/04/14 17:06:10 answer size in bytes: 32959
[Server 1] 2021/04/14 17:06:10 stats,24,32959
[Server 1] 2021/04/14 17:06:15 got databaseInfo request
[Server 1] 2021/04/14 17:06:15 got query request
[Server 1] 2021/04/14 17:06:15 answer size in bytes: 32959
[Server 1] 2021/04/14 17:06:15 stats,24,32959
[Server 1] 2021/04/14 17:06:20 got databaseInfo request
[Server 1] 2021/04/14 17:06:20 got query request
[Server 1] 2021/04/14 17:06:21 answer size in bytes: 32959
[Server 1] 2021/04/14 17:06:21 stats,24,32959
[Server 1] 2021/04/14 17:06:26 got databaseInfo request
[Server 1] 2021/04/14 17:06:26 got query request
[Server 1] 2021/04/14 17:06:26 answer size in bytes: 32959
[Server 1] 2021/04/14 17:06:26 stats,24,32959
[Server 1] 2021/04/14 17:06:31 got databaseInfo request
[Server 1] 2021/04/14 17:06:31 got query request
[Server 1] 2021/04/14 17:06:31 answer size in bytes: 32959
[Server 1] 2021/04/14 17:06:31 stats,24,32959
[Server 1] 2021/04/14 17:06:36 got databaseInfo request
[Server 1] 2021/04/14 17:06:36 got query request
[Server 1] 2021/04/14 17:06:36 answer size in bytes: 32959
[Server 1] 2021/04/14 17:06:36 stats,24,32959
[Server 1] 2021/04/14 17:06:41 got databaseInfo request
[Server 1] 2021/04/14 17:06:41 got query request
[Server 1] 2021/04/14 17:06:42 answer size in bytes: 32959
[Server 1] 2021/04/14 17:06:42 stats,24,32959
[Server 1] 2021/04/14 17:06:47 got databaseInfo request
[Server 1] 2021/04/14 17:06:47 got query request
[Server 1] 2021/04/14 17:06:47 answer size in bytes: 32959
[Server 1] 2021/04/14 17:06:47 stats,24,32959
[Server 1] 2021/04/14 17:06:52 got databaseInfo request
[Server 1] 2021/04/14 17:06:52 got query request
[Server 1] 2021/04/14 17:06:52 answer size in bytes: 32959
[Server 1] 2021/04/14 17:06:52 stats,24,32959
[Server 1] 2021/04/14 17:06:57 got databaseInfo request
[Server 1] 2021/04/14 17:06:57 got query request
[Server 1] 2021/04/14 17:06:57 answer size in bytes: 32959
[Server 1] 2021/04/14 17:06:57 stats,24,32959
[Server 1] 2021/04/14 17:07:02 got databaseInfo request
[Server 1] 2021/04/14 17:07:02 got query request
[Server 1] 2021/04/14 17:07:03 answer size in bytes: 32959
[Server 1] 2021/04/14 17:07:03 stats,24,32959
[Server 1] 2021/04/14 17:07:08 got databaseInfo request
[Server 1] 2021/04/14 17:07:08 got query request
[Server 1] 2021/04/14 17:07:08 answer size in bytes: 32959
[Server 1] 2021/04/14 17:07:08 stats,24,32959
[Server 1] 2021/04/14 17:07:13 got databaseInfo request
[Server 1] 2021/04/14 17:07:13 got query request
[Server 1] 2021/04/14 17:07:13 answer size in bytes: 32959
[Server 1] 2021/04/14 17:07:13 stats,24,32959
[Server 1] 2021/04/14 17:07:18 got databaseInfo request
[Server 1] 2021/04/14 17:07:18 got query request
[Server 1] 2021/04/14 17:07:18 answer size in bytes: 32959
[Server 1] 2021/04/14 17:07:18 stats,24,32959
[Server 1] 2021/04/14 17:07:23 got databaseInfo request
[Server 1] 2021/04/14 17:07:23 got query request
[Server 1] 2021/04/14 17:07:23 answer size in bytes: 32959
[Server 1] 2021/04/14 17:07:23 stats,24,32959
[Server 1] 2021/04/14 17:07:28 got databaseInfo request
[Server 1] 2021/04/14 17:07:28 got query request
[Server 1] 2021/04/14 17:07:29 answer size in bytes: 32959
[Server 1] 2021/04/14 17:07:29 stats,24,32959
[Server 1] 2021/04/14 17:07:34 clean shutdown of server done
