[Server 0] 2021/12/17 12:50:24 Starting to read in the DB data
[Server 0] 2021/12/17 12:50:24 Loading keys: [data/sks/sks-000.pgp data/sks/sks-001.pgp data/sks/sks-002.pgp data/sks/sks-003.pgp data/sks/sks-004.pgp data/sks/sks-005.pgp data/sks/sks-006.pgp data/sks/sks-007.pgp data/sks/sks-008.pgp data/sks/sks-009.pgp data/sks/sks-010.pgp data/sks/sks-011.pgp data/sks/sks-012.pgp data/sks/sks-013.pgp data/sks/sks-014.pgp data/sks/sks-015.pgp data/sks/sks-016.pgp data/sks/sks-017.pgp data/sks/sks-018.pgp data/sks/sks-019.pgp data/sks/sks-020.pgp data/sks/sks-021.pgp data/sks/sks-022.pgp data/sks/sks-023.pgp data/sks/sks-024.pgp data/sks/sks-025.pgp data/sks/sks-026.pgp data/sks/sks-027.pgp data/sks/sks-028.pgp data/sks/sks-029.pgp data/sks/sks-030.pgp]
[Server 0] 2021/12/17 13:09:46 DB loaded with files [data/sks/sks-000.pgp data/sks/sks-001.pgp data/sks/sks-002.pgp data/sks/sks-003.pgp data/sks/sks-004.pgp data/sks/sks-005.pgp data/sks/sks-006.pgp data/sks/sks-007.pgp data/sks/sks-008.pgp data/sks/sks-009.pgp data/sks/sks-010.pgp data/sks/sks-011.pgp data/sks/sks-012.pgp data/sks/sks-013.pgp data/sks/sks-014.pgp data/sks/sks-015.pgp data/sks/sks-016.pgp data/sks/sks-017.pgp data/sks/sks-018.pgp data/sks/sks-019.pgp data/sks/sks-020.pgp data/sks/sks-021.pgp data/sks/sks-022.pgp data/sks/sks-023.pgp data/sks/sks-024.pgp data/sks/sks-025.pgp data/sks/sks-026.pgp data/sks/sks-027.pgp data/sks/sks-028.pgp data/sks/sks-029.pgp data/sks/sks-030.pgp]
[Server 0] 2021/12/17 13:09:46 db size in GiB: 0.000000
[Server 0] 2021/12/17 13:09:48 is listening at 10.90.36.38:50050
[Server 0] 2021/12/17 13:09:48 starting grpc server
[Server 0] 2021/12/17 13:13:12 got databaseInfo request
[Server 0] 2021/12/17 13:13:12 got query request
[Server 0] 2021/12/17 13:14:01 answer size in bytes: 20
[Server 0] 2021/12/17 13:14:01 stats,-1,20
[Server 0] 2021/12/17 13:14:06 got databaseInfo request
[Server 0] 2021/12/17 13:14:06 got query request
[Server 0] 2021/12/17 13:14:53 answer size in bytes: 20
[Server 0] 2021/12/17 13:14:53 stats,-1,20
[Server 0] 2021/12/17 13:14:58 got databaseInfo request
[Server 0] 2021/12/17 13:14:58 got query request
[Server 0] 2021/12/17 13:15:49 answer size in bytes: 20
[Server 0] 2021/12/17 13:15:49 stats,-1,20
[Server 0] 2021/12/17 13:15:54 got databaseInfo request
[Server 0] 2021/12/17 13:15:54 got query request
[Server 0] 2021/12/17 13:16:39 answer size in bytes: 20
[Server 0] 2021/12/17 13:16:39 stats,-1,20
[Server 0] 2021/12/17 13:16:46 got databaseInfo request
[Server 0] 2021/12/17 13:16:46 got query request
[Server 0] 2021/12/17 13:17:31 answer size in bytes: 20
[Server 0] 2021/12/17 13:17:31 stats,-1,20
[Server 0] 2021/12/17 13:17:39 got databaseInfo request
[Server 0] 2021/12/17 13:17:39 got query request
[Server 0] 2021/12/17 13:18:30 answer size in bytes: 20
[Server 0] 2021/12/17 13:18:30 stats,-1,20
[Server 0] 2021/12/17 13:18:35 got databaseInfo request
[Server 0] 2021/12/17 13:18:35 got query request
[Server 0] 2021/12/17 13:19:21 answer size in bytes: 20
[Server 0] 2021/12/17 13:19:21 stats,-1,20
[Server 0] 2021/12/17 13:19:28 got databaseInfo request
[Server 0] 2021/12/17 13:19:28 got query request
[Server 0] 2021/12/17 13:20:17 answer size in bytes: 20
[Server 0] 2021/12/17 13:20:17 stats,-1,20
[Server 0] 2021/12/17 13:20:22 got databaseInfo request
[Server 0] 2021/12/17 13:20:22 got query request
[Server 0] 2021/12/17 13:21:06 answer size in bytes: 20
[Server 0] 2021/12/17 13:21:06 stats,-1,20
[Server 0] 2021/12/17 13:21:13 got databaseInfo request
[Server 0] 2021/12/17 13:21:13 got query request
[Server 0] 2021/12/17 13:21:59 answer size in bytes: 20
[Server 0] 2021/12/17 13:21:59 stats,-1,20
[Server 0] 2021/12/17 13:22:07 got databaseInfo request
[Server 0] 2021/12/17 13:22:07 got query request
[Server 0] 2021/12/17 13:22:56 answer size in bytes: 20
[Server 0] 2021/12/17 13:22:56 stats,-1,20
[Server 0] 2021/12/17 13:23:01 got databaseInfo request
[Server 0] 2021/12/17 13:23:01 got query request
[Server 0] 2021/12/17 13:23:48 answer size in bytes: 20
[Server 0] 2021/12/17 13:23:48 stats,-1,20
[Server 0] 2021/12/17 13:23:54 got databaseInfo request
[Server 0] 2021/12/17 13:23:54 got query request
[Server 0] 2021/12/17 13:24:43 answer size in bytes: 20
[Server 0] 2021/12/17 13:24:43 stats,-1,20
[Server 0] 2021/12/17 13:24:48 got databaseInfo request
[Server 0] 2021/12/17 13:24:48 got query request
[Server 0] 2021/12/17 13:25:37 answer size in bytes: 20
[Server 0] 2021/12/17 13:25:37 stats,-1,20
[Server 0] 2021/12/17 13:25:42 got databaseInfo request
[Server 0] 2021/12/17 13:25:42 got query request
[Server 0] 2021/12/17 13:26:26 answer size in bytes: 20
[Server 0] 2021/12/17 13:26:26 stats,-1,20
[Server 0] 2021/12/17 13:26:33 got databaseInfo request
[Server 0] 2021/12/17 13:26:33 got query request
[Server 0] 2021/12/17 13:27:20 answer size in bytes: 20
[Server 0] 2021/12/17 13:27:20 stats,-1,20
[Server 0] 2021/12/17 13:27:29 got databaseInfo request
[Server 0] 2021/12/17 13:27:29 got query request
[Server 0] 2021/12/17 13:28:14 answer size in bytes: 20
[Server 0] 2021/12/17 13:28:14 stats,-1,20
[Server 0] 2021/12/17 13:28:22 got databaseInfo request
[Server 0] 2021/12/17 13:28:22 got query request
[Server 0] 2021/12/17 13:29:07 answer size in bytes: 20
[Server 0] 2021/12/17 13:29:07 stats,-1,20
[Server 0] 2021/12/17 13:29:15 got databaseInfo request
[Server 0] 2021/12/17 13:29:15 got query request
[Server 0] 2021/12/17 13:30:02 answer size in bytes: 20
[Server 0] 2021/12/17 13:30:02 stats,-1,20
[Server 0] 2021/12/17 13:30:07 got databaseInfo request
[Server 0] 2021/12/17 13:30:07 got query request
[Server 0] 2021/12/17 13:30:53 answer size in bytes: 20
[Server 0] 2021/12/17 13:30:53 stats,-1,20
[Server 0] 2021/12/17 13:31:00 clean shutdown of server done
