31
[Server 1] 2021/04/12 11:04:24 Starting to read in the DB data
[Server 1] 2021/04/12 11:04:24 Bytes db rebalanced: false, loading keys: [data/sks/sks-000.pgp data/sks/sks-001.pgp data/sks/sks-002.pgp data/sks/sks-003.pgp data/sks/sks-004.pgp data/sks/sks-005.pgp data/sks/sks-006.pgp data/sks/sks-007.pgp data/sks/sks-008.pgp data/sks/sks-009.pgp data/sks/sks-010.pgp data/sks/sks-011.pgp data/sks/sks-012.pgp data/sks/sks-013.pgp data/sks/sks-014.pgp data/sks/sks-015.pgp data/sks/sks-016.pgp data/sks/sks-017.pgp data/sks/sks-018.pgp data/sks/sks-019.pgp data/sks/sks-020.pgp data/sks/sks-021.pgp data/sks/sks-022.pgp data/sks/sks-023.pgp data/sks/sks-024.pgp data/sks/sks-025.pgp data/sks/sks-026.pgp data/sks/sks-027.pgp data/sks/sks-028.pgp data/sks/sks-029.pgp data/sks/sks-030.pgp]
[Server 1] 2021/04/12 11:08:24 Bytes loaded with files [data/sks/sks-000.pgp data/sks/sks-001.pgp data/sks/sks-002.pgp data/sks/sks-003.pgp data/sks/sks-004.pgp data/sks/sks-005.pgp data/sks/sks-006.pgp data/sks/sks-007.pgp data/sks/sks-008.pgp data/sks/sks-009.pgp data/sks/sks-010.pgp data/sks/sks-011.pgp data/sks/sks-012.pgp data/sks/sks-013.pgp data/sks/sks-014.pgp data/sks/sks-015.pgp data/sks/sks-016.pgp data/sks/sks-017.pgp data/sks/sks-018.pgp data/sks/sks-019.pgp data/sks/sks-020.pgp data/sks/sks-021.pgp data/sks/sks-022.pgp data/sks/sks-023.pgp data/sks/sks-024.pgp data/sks/sks-025.pgp data/sks/sks-026.pgp data/sks/sks-027.pgp data/sks/sks-028.pgp data/sks/sks-029.pgp data/sks/sks-030.pgp]
[Server 1] 2021/04/12 11:08:29 is listening at 10.90.36.39:50051
[Server 1] 2021/04/12 11:08:29 starting grpc server
[Server 1] 2021/04/12 11:10:29 got databaseInfo request
[Server 1] 2021/04/12 11:10:29 got query request
[Server 1] 2021/04/12 11:10:30 answer size in bytes: 32959
[Server 1] 2021/04/12 11:10:30 stats,1,32959
[Server 1] 2021/04/12 11:10:35 got databaseInfo request
[Server 1] 2021/04/12 11:10:35 got query request
[Server 1] 2021/04/12 11:10:36 answer size in bytes: 32959
[Server 1] 2021/04/12 11:10:36 stats,1,32959
[Server 1] 2021/04/12 11:10:41 got databaseInfo request
[Server 1] 2021/04/12 11:10:41 got query request
[Server 1] 2021/04/12 11:10:42 answer size in bytes: 32959
[Server 1] 2021/04/12 11:10:42 stats,1,32959
[Server 1] 2021/04/12 11:10:47 got databaseInfo request
[Server 1] 2021/04/12 11:10:47 got query request
[Server 1] 2021/04/12 11:10:48 answer size in bytes: 32959
[Server 1] 2021/04/12 11:10:48 stats,1,32959
[Server 1] 2021/04/12 11:10:53 got databaseInfo request
[Server 1] 2021/04/12 11:10:53 got query request
[Server 1] 2021/04/12 11:10:54 answer size in bytes: 32959
[Server 1] 2021/04/12 11:10:54 stats,1,32959
[Server 1] 2021/04/12 11:10:59 got databaseInfo request
[Server 1] 2021/04/12 11:10:59 got query request
[Server 1] 2021/04/12 11:11:00 answer size in bytes: 32959
[Server 1] 2021/04/12 11:11:00 stats,1,32959
[Server 1] 2021/04/12 11:11:05 got databaseInfo request
[Server 1] 2021/04/12 11:11:05 got query request
[Server 1] 2021/04/12 11:11:06 answer size in bytes: 32959
[Server 1] 2021/04/12 11:11:06 stats,1,32959
[Server 1] 2021/04/12 11:11:11 got databaseInfo request
[Server 1] 2021/04/12 11:11:11 got query request
[Server 1] 2021/04/12 11:11:12 answer size in bytes: 32959
[Server 1] 2021/04/12 11:11:12 stats,1,32959
[Server 1] 2021/04/12 11:11:17 got databaseInfo request
[Server 1] 2021/04/12 11:11:17 got query request
[Server 1] 2021/04/12 11:11:18 answer size in bytes: 32959
[Server 1] 2021/04/12 11:11:18 stats,1,32959
[Server 1] 2021/04/12 11:11:24 got databaseInfo request
[Server 1] 2021/04/12 11:11:24 got query request
[Server 1] 2021/04/12 11:11:24 answer size in bytes: 32959
[Server 1] 2021/04/12 11:11:24 stats,1,32959
[Server 1] 2021/04/12 11:11:30 got databaseInfo request
[Server 1] 2021/04/12 11:11:30 got query request
[Server 1] 2021/04/12 11:11:31 answer size in bytes: 32959
[Server 1] 2021/04/12 11:11:31 stats,1,32959
[Server 1] 2021/04/12 11:11:36 got databaseInfo request
[Server 1] 2021/04/12 11:11:36 got query request
[Server 1] 2021/04/12 11:11:37 answer size in bytes: 32959
[Server 1] 2021/04/12 11:11:37 stats,1,32959
[Server 1] 2021/04/12 11:11:42 got databaseInfo request
[Server 1] 2021/04/12 11:11:42 got query request
[Server 1] 2021/04/12 11:11:43 answer size in bytes: 32959
[Server 1] 2021/04/12 11:11:43 stats,1,32959
[Server 1] 2021/04/12 11:11:48 got databaseInfo request
[Server 1] 2021/04/12 11:11:48 got query request
[Server 1] 2021/04/12 11:11:49 answer size in bytes: 32959
[Server 1] 2021/04/12 11:11:49 stats,1,32959
[Server 1] 2021/04/12 11:11:55 got databaseInfo request
[Server 1] 2021/04/12 11:11:55 got query request
[Server 1] 2021/04/12 11:11:55 answer size in bytes: 32959
[Server 1] 2021/04/12 11:11:55 stats,1,32959
[Server 1] 2021/04/12 11:12:01 got databaseInfo request
[Server 1] 2021/04/12 11:12:01 got query request
[Server 1] 2021/04/12 11:12:02 answer size in bytes: 32959
[Server 1] 2021/04/12 11:12:02 stats,1,32959
[Server 1] 2021/04/12 11:12:07 got databaseInfo request
[Server 1] 2021/04/12 11:12:07 got query request
[Server 1] 2021/04/12 11:12:08 answer size in bytes: 32959
[Server 1] 2021/04/12 11:12:08 stats,1,32959
[Server 1] 2021/04/12 11:12:13 got databaseInfo request
[Server 1] 2021/04/12 11:12:13 got query request
[Server 1] 2021/04/12 11:12:14 answer size in bytes: 32959
[Server 1] 2021/04/12 11:12:14 stats,1,32959
[Server 1] 2021/04/12 11:12:19 got databaseInfo request
[Server 1] 2021/04/12 11:12:19 got query request
[Server 1] 2021/04/12 11:12:20 answer size in bytes: 32959
[Server 1] 2021/04/12 11:12:20 stats,1,32959
[Server 1] 2021/04/12 11:12:26 got databaseInfo request
[Server 1] 2021/04/12 11:12:26 got query request
[Server 1] 2021/04/12 11:12:26 answer size in bytes: 32959
[Server 1] 2021/04/12 11:12:26 stats,1,32959
[Server 1] 2021/04/12 11:12:32 clean shutdown of server done
31
[Server 1] 2021/04/12 11:12:39 Starting to read in the DB data
[Server 1] 2021/04/12 11:12:39 Bytes db rebalanced: false, loading keys: [data/sks/sks-000.pgp data/sks/sks-001.pgp data/sks/sks-002.pgp data/sks/sks-003.pgp data/sks/sks-004.pgp data/sks/sks-005.pgp data/sks/sks-006.pgp data/sks/sks-007.pgp data/sks/sks-008.pgp data/sks/sks-009.pgp data/sks/sks-010.pgp data/sks/sks-011.pgp data/sks/sks-012.pgp data/sks/sks-013.pgp data/sks/sks-014.pgp data/sks/sks-015.pgp data/sks/sks-016.pgp data/sks/sks-017.pgp data/sks/sks-018.pgp data/sks/sks-019.pgp data/sks/sks-020.pgp data/sks/sks-021.pgp data/sks/sks-022.pgp data/sks/sks-023.pgp data/sks/sks-024.pgp data/sks/sks-025.pgp data/sks/sks-026.pgp data/sks/sks-027.pgp data/sks/sks-028.pgp data/sks/sks-029.pgp data/sks/sks-030.pgp]
[Server 1] 2021/04/12 11:16:35 Bytes loaded with files [data/sks/sks-000.pgp data/sks/sks-001.pgp data/sks/sks-002.pgp data/sks/sks-003.pgp data/sks/sks-004.pgp data/sks/sks-005.pgp data/sks/sks-006.pgp data/sks/sks-007.pgp data/sks/sks-008.pgp data/sks/sks-009.pgp data/sks/sks-010.pgp data/sks/sks-011.pgp data/sks/sks-012.pgp data/sks/sks-013.pgp data/sks/sks-014.pgp data/sks/sks-015.pgp data/sks/sks-016.pgp data/sks/sks-017.pgp data/sks/sks-018.pgp data/sks/sks-019.pgp data/sks/sks-020.pgp data/sks/sks-021.pgp data/sks/sks-022.pgp data/sks/sks-023.pgp data/sks/sks-024.pgp data/sks/sks-025.pgp data/sks/sks-026.pgp data/sks/sks-027.pgp data/sks/sks-028.pgp data/sks/sks-029.pgp data/sks/sks-030.pgp]
[Server 1] 2021/04/12 11:16:39 is listening at 10.90.36.39:50051
[Server 1] 2021/04/12 11:16:39 starting grpc server
[Server 1] 2021/04/12 11:19:12 got databaseInfo request
[Server 1] 2021/04/12 11:19:12 got query request
[Server 1] 2021/04/12 11:19:12 answer size in bytes: 32959
[Server 1] 2021/04/12 11:19:12 stats,2,32959
[Server 1] 2021/04/12 11:19:17 got databaseInfo request
[Server 1] 2021/04/12 11:19:18 got query request
[Server 1] 2021/04/12 11:19:18 answer size in bytes: 32959
[Server 1] 2021/04/12 11:19:18 stats,2,32959
[Server 1] 2021/04/12 11:19:23 got databaseInfo request
[Server 1] 2021/04/12 11:19:23 got query request
[Server 1] 2021/04/12 11:19:24 answer size in bytes: 32959
[Server 1] 2021/04/12 11:19:24 stats,2,32959
[Server 1] 2021/04/12 11:19:29 got databaseInfo request
[Server 1] 2021/04/12 11:19:29 got query request
[Server 1] 2021/04/12 11:19:30 answer size in bytes: 32959
[Server 1] 2021/04/12 11:19:30 stats,2,32959
[Server 1] 2021/04/12 11:19:35 got databaseInfo request
[Server 1] 2021/04/12 11:19:35 got query request
[Server 1] 2021/04/12 11:19:35 answer size in bytes: 32959
[Server 1] 2021/04/12 11:19:35 stats,2,32959
[Server 1] 2021/04/12 11:19:40 got databaseInfo request
[Server 1] 2021/04/12 11:19:41 got query request
[Server 1] 2021/04/12 11:19:41 answer size in bytes: 32959
[Server 1] 2021/04/12 11:19:41 stats,2,32959
[Server 1] 2021/04/12 11:19:46 got databaseInfo request
[Server 1] 2021/04/12 11:19:46 got query request
[Server 1] 2021/04/12 11:19:47 answer size in bytes: 32959
[Server 1] 2021/04/12 11:19:47 stats,2,32959
[Server 1] 2021/04/12 11:19:52 got databaseInfo request
[Server 1] 2021/04/12 11:19:52 got query request
[Server 1] 2021/04/12 11:19:52 answer size in bytes: 32959
[Server 1] 2021/04/12 11:19:52 stats,2,32959
[Server 1] 2021/04/12 11:19:58 got databaseInfo request
[Server 1] 2021/04/12 11:19:58 got query request
[Server 1] 2021/04/12 11:19:58 answer size in bytes: 32959
[Server 1] 2021/04/12 11:19:58 stats,2,32959
[Server 1] 2021/04/12 11:20:03 got databaseInfo request
[Server 1] 2021/04/12 11:20:03 got query request
[Server 1] 2021/04/12 11:20:04 answer size in bytes: 32959
[Server 1] 2021/04/12 11:20:04 stats,2,32959
[Server 1] 2021/04/12 11:20:09 got databaseInfo request
[Server 1] 2021/04/12 11:20:09 got query request
[Server 1] 2021/04/12 11:20:10 answer size in bytes: 32959
[Server 1] 2021/04/12 11:20:10 stats,2,32959
[Server 1] 2021/04/12 11:20:15 got databaseInfo request
[Server 1] 2021/04/12 11:20:15 got query request
[Server 1] 2021/04/12 11:20:15 answer size in bytes: 32959
[Server 1] 2021/04/12 11:20:15 stats,2,32959
[Server 1] 2021/04/12 11:20:21 got databaseInfo request
[Server 1] 2021/04/12 11:20:21 got query request
[Server 1] 2021/04/12 11:20:21 answer size in bytes: 32959
[Server 1] 2021/04/12 11:20:21 stats,2,32959
[Server 1] 2021/04/12 11:20:26 got databaseInfo request
[Server 1] 2021/04/12 11:20:26 got query request
[Server 1] 2021/04/12 11:20:27 answer size in bytes: 32959
[Server 1] 2021/04/12 11:20:27 stats,2,32959
[Server 1] 2021/04/12 11:20:32 got databaseInfo request
[Server 1] 2021/04/12 11:20:32 got query request
[Server 1] 2021/04/12 11:20:33 answer size in bytes: 32959
[Server 1] 2021/04/12 11:20:33 stats,2,32959
[Server 1] 2021/04/12 11:20:38 got databaseInfo request
[Server 1] 2021/04/12 11:20:38 got query request
[Server 1] 2021/04/12 11:20:38 answer size in bytes: 32959
[Server 1] 2021/04/12 11:20:38 stats,2,32959
[Server 1] 2021/04/12 11:20:44 got databaseInfo request
[Server 1] 2021/04/12 11:20:44 got query request
[Server 1] 2021/04/12 11:20:44 answer size in bytes: 32959
[Server 1] 2021/04/12 11:20:44 stats,2,32959
[Server 1] 2021/04/12 11:20:49 got databaseInfo request
[Server 1] 2021/04/12 11:20:49 got query request
[Server 1] 2021/04/12 11:20:50 answer size in bytes: 32959
[Server 1] 2021/04/12 11:20:50 stats,2,32959
[Server 1] 2021/04/12 11:20:55 got databaseInfo request
[Server 1] 2021/04/12 11:20:55 got query request
[Server 1] 2021/04/12 11:20:56 answer size in bytes: 32959
[Server 1] 2021/04/12 11:20:56 stats,2,32959
[Server 1] 2021/04/12 11:21:01 got databaseInfo request
[Server 1] 2021/04/12 11:21:01 got query request
[Server 1] 2021/04/12 11:21:01 answer size in bytes: 32959
[Server 1] 2021/04/12 11:21:01 stats,2,32959
[Server 1] 2021/04/12 11:21:07 clean shutdown of server done
31
[Server 1] 2021/04/12 11:21:14 Starting to read in the DB data
[Server 1] 2021/04/12 11:21:14 Bytes db rebalanced: false, loading keys: [data/sks/sks-000.pgp data/sks/sks-001.pgp data/sks/sks-002.pgp data/sks/sks-003.pgp data/sks/sks-004.pgp data/sks/sks-005.pgp data/sks/sks-006.pgp data/sks/sks-007.pgp data/sks/sks-008.pgp data/sks/sks-009.pgp data/sks/sks-010.pgp data/sks/sks-011.pgp data/sks/sks-012.pgp data/sks/sks-013.pgp data/sks/sks-014.pgp data/sks/sks-015.pgp data/sks/sks-016.pgp data/sks/sks-017.pgp data/sks/sks-018.pgp data/sks/sks-019.pgp data/sks/sks-020.pgp data/sks/sks-021.pgp data/sks/sks-022.pgp data/sks/sks-023.pgp data/sks/sks-024.pgp data/sks/sks-025.pgp data/sks/sks-026.pgp data/sks/sks-027.pgp data/sks/sks-028.pgp data/sks/sks-029.pgp data/sks/sks-030.pgp]
[Server 1] 2021/04/12 11:25:39 Bytes loaded with files [data/sks/sks-000.pgp data/sks/sks-001.pgp data/sks/sks-002.pgp data/sks/sks-003.pgp data/sks/sks-004.pgp data/sks/sks-005.pgp data/sks/sks-006.pgp data/sks/sks-007.pgp data/sks/sks-008.pgp data/sks/sks-009.pgp data/sks/sks-010.pgp data/sks/sks-011.pgp data/sks/sks-012.pgp data/sks/sks-013.pgp data/sks/sks-014.pgp data/sks/sks-015.pgp data/sks/sks-016.pgp data/sks/sks-017.pgp data/sks/sks-018.pgp data/sks/sks-019.pgp data/sks/sks-020.pgp data/sks/sks-021.pgp data/sks/sks-022.pgp data/sks/sks-023.pgp data/sks/sks-024.pgp data/sks/sks-025.pgp data/sks/sks-026.pgp data/sks/sks-027.pgp data/sks/sks-028.pgp data/sks/sks-029.pgp data/sks/sks-030.pgp]
[Server 1] 2021/04/12 11:25:39 is listening at 10.90.36.39:50051
[Server 1] 2021/04/12 11:25:39 starting grpc server
[Server 1] 2021/04/12 11:27:47 got databaseInfo request
[Server 1] 2021/04/12 11:27:47 got query request
[Server 1] 2021/04/12 11:27:47 answer size in bytes: 32959
[Server 1] 2021/04/12 11:27:47 stats,3,32959
[Server 1] 2021/04/12 11:27:52 got databaseInfo request
[Server 1] 2021/04/12 11:27:52 got query request
[Server 1] 2021/04/12 11:27:53 answer size in bytes: 32959
[Server 1] 2021/04/12 11:27:53 stats,3,32959
[Server 1] 2021/04/12 11:27:58 got databaseInfo request
[Server 1] 2021/04/12 11:27:58 got query request
[Server 1] 2021/04/12 11:27:58 answer size in bytes: 32959
[Server 1] 2021/04/12 11:27:58 stats,3,32959
[Server 1] 2021/04/12 11:28:04 got databaseInfo request
[Server 1] 2021/04/12 11:28:04 got query request
[Server 1] 2021/04/12 11:28:04 answer size in bytes: 32959
[Server 1] 2021/04/12 11:28:04 stats,3,32959
[Server 1] 2021/04/12 11:28:09 got databaseInfo request
[Server 1] 2021/04/12 11:28:09 got query request
[Server 1] 2021/04/12 11:28:10 answer size in bytes: 32959
[Server 1] 2021/04/12 11:28:10 stats,3,32959
[Server 1] 2021/04/12 11:28:15 got databaseInfo request
[Server 1] 2021/04/12 11:28:15 got query request
[Server 1] 2021/04/12 11:28:15 answer size in bytes: 32959
[Server 1] 2021/04/12 11:28:15 stats,3,32959
[Server 1] 2021/04/12 11:28:20 got databaseInfo request
[Server 1] 2021/04/12 11:28:20 got query request
[Server 1] 2021/04/12 11:28:21 answer size in bytes: 32959
[Server 1] 2021/04/12 11:28:21 stats,3,32959
[Server 1] 2021/04/12 11:28:26 got databaseInfo request
[Server 1] 2021/04/12 11:28:26 got query request
[Server 1] 2021/04/12 11:28:26 answer size in bytes: 32959
[Server 1] 2021/04/12 11:28:26 stats,3,32959
[Server 1] 2021/04/12 11:28:31 got databaseInfo request
[Server 1] 2021/04/12 11:28:32 got query request
[Server 1] 2021/04/12 11:28:32 answer size in bytes: 32959
[Server 1] 2021/04/12 11:28:32 stats,3,32959
[Server 1] 2021/04/12 11:28:37 got databaseInfo request
[Server 1] 2021/04/12 11:28:37 got query request
[Server 1] 2021/04/12 11:28:37 answer size in bytes: 32959
[Server 1] 2021/04/12 11:28:37 stats,3,32959
[Server 1] 2021/04/12 11:28:43 got databaseInfo request
[Server 1] 2021/04/12 11:28:43 got query request
[Server 1] 2021/04/12 11:28:43 answer size in bytes: 32959
[Server 1] 2021/04/12 11:28:43 stats,3,32959
[Server 1] 2021/04/12 11:28:48 got databaseInfo request
[Server 1] 2021/04/12 11:28:48 got query request
[Server 1] 2021/04/12 11:28:49 answer size in bytes: 32959
[Server 1] 2021/04/12 11:28:49 stats,3,32959
[Server 1] 2021/04/12 11:28:54 got databaseInfo request
[Server 1] 2021/04/12 11:28:54 got query request
[Server 1] 2021/04/12 11:28:54 answer size in bytes: 32959
[Server 1] 2021/04/12 11:28:54 stats,3,32959
[Server 1] 2021/04/12 11:28:59 got databaseInfo request
[Server 1] 2021/04/12 11:28:59 got query request
[Server 1] 2021/04/12 11:29:00 answer size in bytes: 32959
[Server 1] 2021/04/12 11:29:00 stats,3,32959
[Server 1] 2021/04/12 11:29:05 got databaseInfo request
[Server 1] 2021/04/12 11:29:05 got query request
[Server 1] 2021/04/12 11:29:05 answer size in bytes: 32959
[Server 1] 2021/04/12 11:29:05 stats,3,32959
[Server 1] 2021/04/12 11:29:10 got databaseInfo request
[Server 1] 2021/04/12 11:29:10 got query request
[Server 1] 2021/04/12 11:29:11 answer size in bytes: 32959
[Server 1] 2021/04/12 11:29:11 stats,3,32959
[Server 1] 2021/04/12 11:29:16 got databaseInfo request
[Server 1] 2021/04/12 11:29:16 got query request
[Server 1] 2021/04/12 11:29:16 answer size in bytes: 32959
[Server 1] 2021/04/12 11:29:16 stats,3,32959
[Server 1] 2021/04/12 11:29:21 got databaseInfo request
[Server 1] 2021/04/12 11:29:22 got query request
[Server 1] 2021/04/12 11:29:22 answer size in bytes: 32959
[Server 1] 2021/04/12 11:29:22 stats,3,32959
[Server 1] 2021/04/12 11:29:27 got databaseInfo request
[Server 1] 2021/04/12 11:29:27 got query request
[Server 1] 2021/04/12 11:29:27 answer size in bytes: 32959
[Server 1] 2021/04/12 11:29:27 stats,3,32959
[Server 1] 2021/04/12 11:29:33 got databaseInfo request
[Server 1] 2021/04/12 11:29:33 got query request
[Server 1] 2021/04/12 11:29:33 answer size in bytes: 32959
[Server 1] 2021/04/12 11:29:33 stats,3,32959
[Server 1] 2021/04/12 11:29:38 clean shutdown of server done
31
[Server 1] 2021/04/12 11:29:46 Starting to read in the DB data
[Server 1] 2021/04/12 11:29:46 Bytes db rebalanced: false, loading keys: [data/sks/sks-000.pgp data/sks/sks-001.pgp data/sks/sks-002.pgp data/sks/sks-003.pgp data/sks/sks-004.pgp data/sks/sks-005.pgp data/sks/sks-006.pgp data/sks/sks-007.pgp data/sks/sks-008.pgp data/sks/sks-009.pgp data/sks/sks-010.pgp data/sks/sks-011.pgp data/sks/sks-012.pgp data/sks/sks-013.pgp data/sks/sks-014.pgp data/sks/sks-015.pgp data/sks/sks-016.pgp data/sks/sks-017.pgp data/sks/sks-018.pgp data/sks/sks-019.pgp data/sks/sks-020.pgp data/sks/sks-021.pgp data/sks/sks-022.pgp data/sks/sks-023.pgp data/sks/sks-024.pgp data/sks/sks-025.pgp data/sks/sks-026.pgp data/sks/sks-027.pgp data/sks/sks-028.pgp data/sks/sks-029.pgp data/sks/sks-030.pgp]
[Server 1] 2021/04/12 11:33:47 Bytes loaded with files [data/sks/sks-000.pgp data/sks/sks-001.pgp data/sks/sks-002.pgp data/sks/sks-003.pgp data/sks/sks-004.pgp data/sks/sks-005.pgp data/sks/sks-006.pgp data/sks/sks-007.pgp data/sks/sks-008.pgp data/sks/sks-009.pgp data/sks/sks-010.pgp data/sks/sks-011.pgp data/sks/sks-012.pgp data/sks/sks-013.pgp data/sks/sks-014.pgp data/sks/sks-015.pgp data/sks/sks-016.pgp data/sks/sks-017.pgp data/sks/sks-018.pgp data/sks/sks-019.pgp data/sks/sks-020.pgp data/sks/sks-021.pgp data/sks/sks-022.pgp data/sks/sks-023.pgp data/sks/sks-024.pgp data/sks/sks-025.pgp data/sks/sks-026.pgp data/sks/sks-027.pgp data/sks/sks-028.pgp data/sks/sks-029.pgp data/sks/sks-030.pgp]
[Server 1] 2021/04/12 11:33:52 is listening at 10.90.36.39:50051
[Server 1] 2021/04/12 11:33:52 starting grpc server
[Server 1] 2021/04/12 11:36:18 got databaseInfo request
[Server 1] 2021/04/12 11:36:18 got query request
[Server 1] 2021/04/12 11:36:18 answer size in bytes: 32959
[Server 1] 2021/04/12 11:36:18 stats,4,32959
[Server 1] 2021/04/12 11:36:24 got databaseInfo request
[Server 1] 2021/04/12 11:36:24 got query request
[Server 1] 2021/04/12 11:36:24 answer size in bytes: 32959
[Server 1] 2021/04/12 11:36:24 stats,4,32959
[Server 1] 2021/04/12 11:36:29 got databaseInfo request
[Server 1] 2021/04/12 11:36:29 got query request
[Server 1] 2021/04/12 11:36:29 answer size in bytes: 32959
[Server 1] 2021/04/12 11:36:29 stats,4,32959
[Server 1] 2021/04/12 11:36:34 got databaseInfo request
[Server 1] 2021/04/12 11:36:34 got query request
[Server 1] 2021/04/12 11:36:35 answer size in bytes: 32959
[Server 1] 2021/04/12 11:36:35 stats,4,32959
[Server 1] 2021/04/12 11:36:40 got databaseInfo request
[Server 1] 2021/04/12 11:36:40 got query request
[Server 1] 2021/04/12 11:36:40 answer size in bytes: 32959
[Server 1] 2021/04/12 11:36:40 stats,4,32959
[Server 1] 2021/04/12 11:36:45 got databaseInfo request
[Server 1] 2021/04/12 11:36:45 got query request
[Server 1] 2021/04/12 11:36:46 answer size in bytes: 32959
[Server 1] 2021/04/12 11:36:46 stats,4,32959
[Server 1] 2021/04/12 11:36:51 got databaseInfo request
[Server 1] 2021/04/12 11:36:51 got query request
[Server 1] 2021/04/12 11:36:51 answer size in bytes: 32959
[Server 1] 2021/04/12 11:36:51 stats,4,32959
[Server 1] 2021/04/12 11:36:56 got databaseInfo request
[Server 1] 2021/04/12 11:36:56 got query request
[Server 1] 2021/04/12 11:36:57 answer size in bytes: 32959
[Server 1] 2021/04/12 11:36:57 stats,4,32959
[Server 1] 2021/04/12 11:37:02 got databaseInfo request
[Server 1] 2021/04/12 11:37:02 got query request
[Server 1] 2021/04/12 11:37:02 answer size in bytes: 32959
[Server 1] 2021/04/12 11:37:02 stats,4,32959
[Server 1] 2021/04/12 11:37:07 got databaseInfo request
[Server 1] 2021/04/12 11:37:07 got query request
[Server 1] 2021/04/12 11:37:08 answer size in bytes: 32959
[Server 1] 2021/04/12 11:37:08 stats,4,32959
[Server 1] 2021/04/12 11:37:13 got databaseInfo request
[Server 1] 2021/04/12 11:37:13 got query request
[Server 1] 2021/04/12 11:37:13 answer size in bytes: 32959
[Server 1] 2021/04/12 11:37:13 stats,4,32959
[Server 1] 2021/04/12 11:37:18 got databaseInfo request
[Server 1] 2021/04/12 11:37:18 got query request
[Server 1] 2021/04/12 11:37:19 answer size in bytes: 32959
[Server 1] 2021/04/12 11:37:19 stats,4,32959
[Server 1] 2021/04/12 11:37:24 got databaseInfo request
[Server 1] 2021/04/12 11:37:24 got query request
[Server 1] 2021/04/12 11:37:24 answer size in bytes: 32959
[Server 1] 2021/04/12 11:37:24 stats,4,32959
[Server 1] 2021/04/12 11:37:29 got databaseInfo request
[Server 1] 2021/04/12 11:37:29 got query request
[Server 1] 2021/04/12 11:37:30 answer size in bytes: 32959
[Server 1] 2021/04/12 11:37:30 stats,4,32959
[Server 1] 2021/04/12 11:37:35 got databaseInfo request
[Server 1] 2021/04/12 11:37:35 got query request
[Server 1] 2021/04/12 11:37:35 answer size in bytes: 32959
[Server 1] 2021/04/12 11:37:35 stats,4,32959
[Server 1] 2021/04/12 11:37:40 got databaseInfo request
[Server 1] 2021/04/12 11:37:40 got query request
[Server 1] 2021/04/12 11:37:41 answer size in bytes: 32959
[Server 1] 2021/04/12 11:37:41 stats,4,32959
[Server 1] 2021/04/12 11:37:46 got databaseInfo request
[Server 1] 2021/04/12 11:37:46 got query request
[Server 1] 2021/04/12 11:37:46 answer size in bytes: 32959
[Server 1] 2021/04/12 11:37:46 stats,4,32959
[Server 1] 2021/04/12 11:37:51 got databaseInfo request
[Server 1] 2021/04/12 11:37:51 got query request
[Server 1] 2021/04/12 11:37:52 answer size in bytes: 32959
[Server 1] 2021/04/12 11:37:52 stats,4,32959
[Server 1] 2021/04/12 11:37:57 got databaseInfo request
[Server 1] 2021/04/12 11:37:57 got query request
[Server 1] 2021/04/12 11:37:57 answer size in bytes: 32959
[Server 1] 2021/04/12 11:37:57 stats,4,32959
[Server 1] 2021/04/12 11:38:02 got databaseInfo request
[Server 1] 2021/04/12 11:38:02 got query request
[Server 1] 2021/04/12 11:38:03 answer size in bytes: 32959
[Server 1] 2021/04/12 11:38:03 stats,4,32959
[Server 1] 2021/04/12 11:38:08 clean shutdown of server done
31
[Server 1] 2021/04/12 11:38:15 Starting to read in the DB data
[Server 1] 2021/04/12 11:38:15 Bytes db rebalanced: false, loading keys: [data/sks/sks-000.pgp data/sks/sks-001.pgp data/sks/sks-002.pgp data/sks/sks-003.pgp data/sks/sks-004.pgp data/sks/sks-005.pgp data/sks/sks-006.pgp data/sks/sks-007.pgp data/sks/sks-008.pgp data/sks/sks-009.pgp data/sks/sks-010.pgp data/sks/sks-011.pgp data/sks/sks-012.pgp data/sks/sks-013.pgp data/sks/sks-014.pgp data/sks/sks-015.pgp data/sks/sks-016.pgp data/sks/sks-017.pgp data/sks/sks-018.pgp data/sks/sks-019.pgp data/sks/sks-020.pgp data/sks/sks-021.pgp data/sks/sks-022.pgp data/sks/sks-023.pgp data/sks/sks-024.pgp data/sks/sks-025.pgp data/sks/sks-026.pgp data/sks/sks-027.pgp data/sks/sks-028.pgp data/sks/sks-029.pgp data/sks/sks-030.pgp]
[Server 1] 2021/04/12 11:42:15 Bytes loaded with files [data/sks/sks-000.pgp data/sks/sks-001.pgp data/sks/sks-002.pgp data/sks/sks-003.pgp data/sks/sks-004.pgp data/sks/sks-005.pgp data/sks/sks-006.pgp data/sks/sks-007.pgp data/sks/sks-008.pgp data/sks/sks-009.pgp data/sks/sks-010.pgp data/sks/sks-011.pgp data/sks/sks-012.pgp data/sks/sks-013.pgp data/sks/sks-014.pgp data/sks/sks-015.pgp data/sks/sks-016.pgp data/sks/sks-017.pgp data/sks/sks-018.pgp data/sks/sks-019.pgp data/sks/sks-020.pgp data/sks/sks-021.pgp data/sks/sks-022.pgp data/sks/sks-023.pgp data/sks/sks-024.pgp data/sks/sks-025.pgp data/sks/sks-026.pgp data/sks/sks-027.pgp data/sks/sks-028.pgp data/sks/sks-029.pgp data/sks/sks-030.pgp]
[Server 1] 2021/04/12 11:42:20 is listening at 10.90.36.39:50051
[Server 1] 2021/04/12 11:42:20 starting grpc server
[Server 1] 2021/04/12 11:44:48 got databaseInfo request
[Server 1] 2021/04/12 11:44:48 got query request
[Server 1] 2021/04/12 11:44:48 answer size in bytes: 32959
[Server 1] 2021/04/12 11:44:48 stats,5,32959
[Server 1] 2021/04/12 11:44:53 got databaseInfo request
[Server 1] 2021/04/12 11:44:53 got query request
[Server 1] 2021/04/12 11:44:54 answer size in bytes: 32959
[Server 1] 2021/04/12 11:44:54 stats,5,32959
[Server 1] 2021/04/12 11:44:59 got databaseInfo request
[Server 1] 2021/04/12 11:44:59 got query request
[Server 1] 2021/04/12 11:44:59 answer size in bytes: 32959
[Server 1] 2021/04/12 11:44:59 stats,5,32959
[Server 1] 2021/04/12 11:45:04 got databaseInfo request
[Server 1] 2021/04/12 11:45:04 got query request
[Server 1] 2021/04/12 11:45:04 answer size in bytes: 32959
[Server 1] 2021/04/12 11:45:04 stats,5,32959
[Server 1] 2021/04/12 11:45:10 got databaseInfo request
[Server 1] 2021/04/12 11:45:10 got query request
[Server 1] 2021/04/12 11:45:10 answer size in bytes: 32959
[Server 1] 2021/04/12 11:45:10 stats,5,32959
[Server 1] 2021/04/12 11:45:15 got databaseInfo request
[Server 1] 2021/04/12 11:45:15 got query request
[Server 1] 2021/04/12 11:45:15 answer size in bytes: 32959
[Server 1] 2021/04/12 11:45:15 stats,5,32959
[Server 1] 2021/04/12 11:45:20 got databaseInfo request
[Server 1] 2021/04/12 11:45:20 got query request
[Server 1] 2021/04/12 11:45:21 answer size in bytes: 32959
[Server 1] 2021/04/12 11:45:21 stats,5,32959
[Server 1] 2021/04/12 11:45:26 got databaseInfo request
[Server 1] 2021/04/12 11:45:26 got query request
[Server 1] 2021/04/12 11:45:26 answer size in bytes: 32959
[Server 1] 2021/04/12 11:45:26 stats,5,32959
[Server 1] 2021/04/12 11:45:31 got databaseInfo request
[Server 1] 2021/04/12 11:45:31 got query request
[Server 1] 2021/04/12 11:45:31 answer size in bytes: 32959
[Server 1] 2021/04/12 11:45:31 stats,5,32959
[Server 1] 2021/04/12 11:45:37 got databaseInfo request
[Server 1] 2021/04/12 11:45:37 got query request
[Server 1] 2021/04/12 11:45:37 answer size in bytes: 32959
[Server 1] 2021/04/12 11:45:37 stats,5,32959
[Server 1] 2021/04/12 11:45:42 got databaseInfo request
[Server 1] 2021/04/12 11:45:42 got query request
[Server 1] 2021/04/12 11:45:42 answer size in bytes: 32959
[Server 1] 2021/04/12 11:45:42 stats,5,32959
[Server 1] 2021/04/12 11:45:47 got databaseInfo request
[Server 1] 2021/04/12 11:45:47 got query request
[Server 1] 2021/04/12 11:45:48 answer size in bytes: 32959
[Server 1] 2021/04/12 11:45:48 stats,5,32959
[Server 1] 2021/04/12 11:45:53 got databaseInfo request
[Server 1] 2021/04/12 11:45:53 got query request
[Server 1] 2021/04/12 11:45:53 answer size in bytes: 32959
[Server 1] 2021/04/12 11:45:53 stats,5,32959
[Server 1] 2021/04/12 11:45:58 got databaseInfo request
[Server 1] 2021/04/12 11:45:58 got query request
[Server 1] 2021/04/12 11:45:58 answer size in bytes: 32959
[Server 1] 2021/04/12 11:45:58 stats,5,32959
[Server 1] 2021/04/12 11:46:03 got databaseInfo request
[Server 1] 2021/04/12 11:46:04 got query request
[Server 1] 2021/04/12 11:46:04 answer size in bytes: 32959
[Server 1] 2021/04/12 11:46:04 stats,5,32959
[Server 1] 2021/04/12 11:46:09 got databaseInfo request
[Server 1] 2021/04/12 11:46:09 got query request
[Server 1] 2021/04/12 11:46:09 answer size in bytes: 32959
[Server 1] 2021/04/12 11:46:09 stats,5,32959
[Server 1] 2021/04/12 11:46:14 got databaseInfo request
[Server 1] 2021/04/12 11:46:14 got query request
[Server 1] 2021/04/12 11:46:14 answer size in bytes: 32959
[Server 1] 2021/04/12 11:46:14 stats,5,32959
[Server 1] 2021/04/12 11:46:20 got databaseInfo request
[Server 1] 2021/04/12 11:46:20 got query request
[Server 1] 2021/04/12 11:46:20 answer size in bytes: 32959
[Server 1] 2021/04/12 11:46:20 stats,5,32959
[Server 1] 2021/04/12 11:46:25 got databaseInfo request
[Server 1] 2021/04/12 11:46:25 got query request
[Server 1] 2021/04/12 11:46:25 answer size in bytes: 32959
[Server 1] 2021/04/12 11:46:25 stats,5,32959
[Server 1] 2021/04/12 11:46:30 got databaseInfo request
[Server 1] 2021/04/12 11:46:31 got query request
[Server 1] 2021/04/12 11:46:31 answer size in bytes: 32959
[Server 1] 2021/04/12 11:46:31 stats,5,32959
[Server 1] 2021/04/12 11:46:36 clean shutdown of server done
31
[Server 1] 2021/04/12 11:46:43 Starting to read in the DB data
[Server 1] 2021/04/12 11:46:43 Bytes db rebalanced: false, loading keys: [data/sks/sks-000.pgp data/sks/sks-001.pgp data/sks/sks-002.pgp data/sks/sks-003.pgp data/sks/sks-004.pgp data/sks/sks-005.pgp data/sks/sks-006.pgp data/sks/sks-007.pgp data/sks/sks-008.pgp data/sks/sks-009.pgp data/sks/sks-010.pgp data/sks/sks-011.pgp data/sks/sks-012.pgp data/sks/sks-013.pgp data/sks/sks-014.pgp data/sks/sks-015.pgp data/sks/sks-016.pgp data/sks/sks-017.pgp data/sks/sks-018.pgp data/sks/sks-019.pgp data/sks/sks-020.pgp data/sks/sks-021.pgp data/sks/sks-022.pgp data/sks/sks-023.pgp data/sks/sks-024.pgp data/sks/sks-025.pgp data/sks/sks-026.pgp data/sks/sks-027.pgp data/sks/sks-028.pgp data/sks/sks-029.pgp data/sks/sks-030.pgp]
[Server 1] 2021/04/12 11:50:43 Bytes loaded with files [data/sks/sks-000.pgp data/sks/sks-001.pgp data/sks/sks-002.pgp data/sks/sks-003.pgp data/sks/sks-004.pgp data/sks/sks-005.pgp data/sks/sks-006.pgp data/sks/sks-007.pgp data/sks/sks-008.pgp data/sks/sks-009.pgp data/sks/sks-010.pgp data/sks/sks-011.pgp data/sks/sks-012.pgp data/sks/sks-013.pgp data/sks/sks-014.pgp data/sks/sks-015.pgp data/sks/sks-016.pgp data/sks/sks-017.pgp data/sks/sks-018.pgp data/sks/sks-019.pgp data/sks/sks-020.pgp data/sks/sks-021.pgp data/sks/sks-022.pgp data/sks/sks-023.pgp data/sks/sks-024.pgp data/sks/sks-025.pgp data/sks/sks-026.pgp data/sks/sks-027.pgp data/sks/sks-028.pgp data/sks/sks-029.pgp data/sks/sks-030.pgp]
[Server 1] 2021/04/12 11:50:47 is listening at 10.90.36.39:50051
[Server 1] 2021/04/12 11:50:47 starting grpc server
[Server 1] 2021/04/12 11:53:16 got databaseInfo request
[Server 1] 2021/04/12 11:53:16 got query request
[Server 1] 2021/04/12 11:53:16 answer size in bytes: 32959
[Server 1] 2021/04/12 11:53:16 stats,6,32959
[Server 1] 2021/04/12 11:53:21 got databaseInfo request
[Server 1] 2021/04/12 11:53:21 got query request
[Server 1] 2021/04/12 11:53:22 answer size in bytes: 32959
[Server 1] 2021/04/12 11:53:22 stats,6,32959
[Server 1] 2021/04/12 11:53:27 got databaseInfo request
[Server 1] 2021/04/12 11:53:27 got query request
[Server 1] 2021/04/12 11:53:27 answer size in bytes: 32959
[Server 1] 2021/04/12 11:53:27 stats,6,32959
[Server 1] 2021/04/12 11:53:32 got databaseInfo request
[Server 1] 2021/04/12 11:53:32 got query request
[Server 1] 2021/04/12 11:53:32 answer size in bytes: 32959
[Server 1] 2021/04/12 11:53:32 stats,6,32959
[Server 1] 2021/04/12 11:53:37 got databaseInfo request
[Server 1] 2021/04/12 11:53:37 got query request
[Server 1] 2021/04/12 11:53:38 answer size in bytes: 32959
[Server 1] 2021/04/12 11:53:38 stats,6,32959
[Server 1] 2021/04/12 11:53:43 got databaseInfo request
[Server 1] 2021/04/12 11:53:43 got query request
[Server 1] 2021/04/12 11:53:43 answer size in bytes: 32959
[Server 1] 2021/04/12 11:53:43 stats,6,32959
[Server 1] 2021/04/12 11:53:48 got databaseInfo request
[Server 1] 2021/04/12 11:53:48 got query request
[Server 1] 2021/04/12 11:53:48 answer size in bytes: 32959
[Server 1] 2021/04/12 11:53:48 stats,6,32959
[Server 1] 2021/04/12 11:53:54 got databaseInfo request
[Server 1] 2021/04/12 11:53:54 got query request
[Server 1] 2021/04/12 11:53:54 answer size in bytes: 32959
[Server 1] 2021/04/12 11:53:54 stats,6,32959
[Server 1] 2021/04/12 11:53:59 got databaseInfo request
[Server 1] 2021/04/12 11:53:59 got query request
[Server 1] 2021/04/12 11:53:59 answer size in bytes: 32959
[Server 1] 2021/04/12 11:53:59 stats,6,32959
[Server 1] 2021/04/12 11:54:04 got databaseInfo request
[Server 1] 2021/04/12 11:54:04 got query request
[Server 1] 2021/04/12 11:54:05 answer size in bytes: 32959
[Server 1] 2021/04/12 11:54:05 stats,6,32959
[Server 1] 2021/04/12 11:54:10 got databaseInfo request
[Server 1] 2021/04/12 11:54:10 got query request
[Server 1] 2021/04/12 11:54:10 answer size in bytes: 32959
[Server 1] 2021/04/12 11:54:10 stats,6,32959
[Server 1] 2021/04/12 11:54:15 got databaseInfo request
[Server 1] 2021/04/12 11:54:15 got query request
[Server 1] 2021/04/12 11:54:15 answer size in bytes: 32959
[Server 1] 2021/04/12 11:54:15 stats,6,32959
[Server 1] 2021/04/12 11:54:20 got databaseInfo request
[Server 1] 2021/04/12 11:54:20 got query request
[Server 1] 2021/04/12 11:54:21 answer size in bytes: 32959
[Server 1] 2021/04/12 11:54:21 stats,6,32959
[Server 1] 2021/04/12 11:54:26 got databaseInfo request
[Server 1] 2021/04/12 11:54:26 got query request
[Server 1] 2021/04/12 11:54:26 answer size in bytes: 32959
[Server 1] 2021/04/12 11:54:26 stats,6,32959
[Server 1] 2021/04/12 11:54:31 got databaseInfo request
[Server 1] 2021/04/12 11:54:31 got query request
[Server 1] 2021/04/12 11:54:31 answer size in bytes: 32959
[Server 1] 2021/04/12 11:54:31 stats,6,32959
[Server 1] 2021/04/12 11:54:37 got databaseInfo request
[Server 1] 2021/04/12 11:54:37 got query request
[Server 1] 2021/04/12 11:54:37 answer size in bytes: 32959
[Server 1] 2021/04/12 11:54:37 stats,6,32959
[Server 1] 2021/04/12 11:54:42 got databaseInfo request
[Server 1] 2021/04/12 11:54:42 got query request
[Server 1] 2021/04/12 11:54:42 answer size in bytes: 32959
[Server 1] 2021/04/12 11:54:42 stats,6,32959
[Server 1] 2021/04/12 11:54:47 got databaseInfo request
[Server 1] 2021/04/12 11:54:47 got query request
[Server 1] 2021/04/12 11:54:47 answer size in bytes: 32959
[Server 1] 2021/04/12 11:54:47 stats,6,32959
[Server 1] 2021/04/12 11:54:53 got databaseInfo request
[Server 1] 2021/04/12 11:54:53 got query request
[Server 1] 2021/04/12 11:54:53 answer size in bytes: 32959
[Server 1] 2021/04/12 11:54:53 stats,6,32959
[Server 1] 2021/04/12 11:54:58 got databaseInfo request
[Server 1] 2021/04/12 11:54:58 got query request
[Server 1] 2021/04/12 11:54:58 answer size in bytes: 32959
[Server 1] 2021/04/12 11:54:58 stats,6,32959
[Server 1] 2021/04/12 11:55:03 clean shutdown of server done
31
[Server 1] 2021/04/12 11:55:11 Starting to read in the DB data
[Server 1] 2021/04/12 11:55:11 Bytes db rebalanced: false, loading keys: [data/sks/sks-000.pgp data/sks/sks-001.pgp data/sks/sks-002.pgp data/sks/sks-003.pgp data/sks/sks-004.pgp data/sks/sks-005.pgp data/sks/sks-006.pgp data/sks/sks-007.pgp data/sks/sks-008.pgp data/sks/sks-009.pgp data/sks/sks-010.pgp data/sks/sks-011.pgp data/sks/sks-012.pgp data/sks/sks-013.pgp data/sks/sks-014.pgp data/sks/sks-015.pgp data/sks/sks-016.pgp data/sks/sks-017.pgp data/sks/sks-018.pgp data/sks/sks-019.pgp data/sks/sks-020.pgp data/sks/sks-021.pgp data/sks/sks-022.pgp data/sks/sks-023.pgp data/sks/sks-024.pgp data/sks/sks-025.pgp data/sks/sks-026.pgp data/sks/sks-027.pgp data/sks/sks-028.pgp data/sks/sks-029.pgp data/sks/sks-030.pgp]
[Server 1] 2021/04/12 11:59:13 Bytes loaded with files [data/sks/sks-000.pgp data/sks/sks-001.pgp data/sks/sks-002.pgp data/sks/sks-003.pgp data/sks/sks-004.pgp data/sks/sks-005.pgp data/sks/sks-006.pgp data/sks/sks-007.pgp data/sks/sks-008.pgp data/sks/sks-009.pgp data/sks/sks-010.pgp data/sks/sks-011.pgp data/sks/sks-012.pgp data/sks/sks-013.pgp data/sks/sks-014.pgp data/sks/sks-015.pgp data/sks/sks-016.pgp data/sks/sks-017.pgp data/sks/sks-018.pgp data/sks/sks-019.pgp data/sks/sks-020.pgp data/sks/sks-021.pgp data/sks/sks-022.pgp data/sks/sks-023.pgp data/sks/sks-024.pgp data/sks/sks-025.pgp data/sks/sks-026.pgp data/sks/sks-027.pgp data/sks/sks-028.pgp data/sks/sks-029.pgp data/sks/sks-030.pgp]
[Server 1] 2021/04/12 11:59:18 is listening at 10.90.36.39:50051
[Server 1] 2021/04/12 11:59:18 starting grpc server
[Server 1] 2021/04/12 12:01:43 got databaseInfo request
[Server 1] 2021/04/12 12:01:43 got query request
[Server 1] 2021/04/12 12:01:44 answer size in bytes: 32959
[Server 1] 2021/04/12 12:01:44 stats,7,32959
[Server 1] 2021/04/12 12:01:49 got databaseInfo request
[Server 1] 2021/04/12 12:01:49 got query request
[Server 1] 2021/04/12 12:01:49 answer size in bytes: 32959
[Server 1] 2021/04/12 12:01:49 stats,7,32959
[Server 1] 2021/04/12 12:01:54 got databaseInfo request
[Server 1] 2021/04/12 12:01:54 got query request
[Server 1] 2021/04/12 12:01:54 answer size in bytes: 32959
[Server 1] 2021/04/12 12:01:54 stats,7,32959
[Server 1] 2021/04/12 12:01:59 got databaseInfo request
[Server 1] 2021/04/12 12:01:59 got query request
[Server 1] 2021/04/12 12:02:00 answer size in bytes: 32959
[Server 1] 2021/04/12 12:02:00 stats,7,32959
[Server 1] 2021/04/12 12:02:05 got databaseInfo request
[Server 1] 2021/04/12 12:02:05 got query request
[Server 1] 2021/04/12 12:02:05 answer size in bytes: 32959
[Server 1] 2021/04/12 12:02:05 stats,7,32959
[Server 1] 2021/04/12 12:02:10 got databaseInfo request
[Server 1] 2021/04/12 12:02:10 got query request
[Server 1] 2021/04/12 12:02:10 answer size in bytes: 32959
[Server 1] 2021/04/12 12:02:10 stats,7,32959
[Server 1] 2021/04/12 12:02:15 got databaseInfo request
[Server 1] 2021/04/12 12:02:15 got query request
[Server 1] 2021/04/12 12:02:16 answer size in bytes: 32959
[Server 1] 2021/04/12 12:02:16 stats,7,32959
[Server 1] 2021/04/12 12:02:21 got databaseInfo request
[Server 1] 2021/04/12 12:02:21 got query request
[Server 1] 2021/04/12 12:02:21 answer size in bytes: 32959
[Server 1] 2021/04/12 12:02:21 stats,7,32959
[Server 1] 2021/04/12 12:02:26 got databaseInfo request
[Server 1] 2021/04/12 12:02:26 got query request
[Server 1] 2021/04/12 12:02:26 answer size in bytes: 32959
[Server 1] 2021/04/12 12:02:26 stats,7,32959
[Server 1] 2021/04/12 12:02:31 got databaseInfo request
[Server 1] 2021/04/12 12:02:31 got query request
[Server 1] 2021/04/12 12:02:32 answer size in bytes: 32959
[Server 1] 2021/04/12 12:02:32 stats,7,32959
[Server 1] 2021/04/12 12:02:37 got databaseInfo request
[Server 1] 2021/04/12 12:02:37 got query request
[Server 1] 2021/04/12 12:02:37 answer size in bytes: 32959
[Server 1] 2021/04/12 12:02:37 stats,7,32959
[Server 1] 2021/04/12 12:02:42 got databaseInfo request
[Server 1] 2021/04/12 12:02:42 got query request
[Server 1] 2021/04/12 12:02:42 answer size in bytes: 32959
[Server 1] 2021/04/12 12:02:42 stats,7,32959
[Server 1] 2021/04/12 12:02:48 got databaseInfo request
[Server 1] 2021/04/12 12:02:48 got query request
[Server 1] 2021/04/12 12:02:48 answer size in bytes: 32959
[Server 1] 2021/04/12 12:02:48 stats,7,32959
[Server 1] 2021/04/12 12:02:53 got databaseInfo request
[Server 1] 2021/04/12 12:02:53 got query request
[Server 1] 2021/04/12 12:02:53 answer size in bytes: 32959
[Server 1] 2021/04/12 12:02:53 stats,7,32959
[Server 1] 2021/04/12 12:02:58 got databaseInfo request
[Server 1] 2021/04/12 12:02:58 got query request
[Server 1] 2021/04/12 12:02:58 answer size in bytes: 32959
[Server 1] 2021/04/12 12:02:58 stats,7,32959
[Server 1] 2021/04/12 12:03:03 got databaseInfo request
[Server 1] 2021/04/12 12:03:04 got query request
[Server 1] 2021/04/12 12:03:04 answer size in bytes: 32959
[Server 1] 2021/04/12 12:03:04 stats,7,32959
[Server 1] 2021/04/12 12:03:09 got databaseInfo request
[Server 1] 2021/04/12 12:03:09 got query request
[Server 1] 2021/04/12 12:03:09 answer size in bytes: 32959
[Server 1] 2021/04/12 12:03:09 stats,7,32959
[Server 1] 2021/04/12 12:03:14 got databaseInfo request
[Server 1] 2021/04/12 12:03:14 got query request
[Server 1] 2021/04/12 12:03:14 answer size in bytes: 32959
[Server 1] 2021/04/12 12:03:14 stats,7,32959
[Server 1] 2021/04/12 12:03:19 got databaseInfo request
[Server 1] 2021/04/12 12:03:19 got query request
[Server 1] 2021/04/12 12:03:20 answer size in bytes: 32959
[Server 1] 2021/04/12 12:03:20 stats,7,32959
[Server 1] 2021/04/12 12:03:25 got databaseInfo request
[Server 1] 2021/04/12 12:03:25 got query request
[Server 1] 2021/04/12 12:03:25 answer size in bytes: 32959
[Server 1] 2021/04/12 12:03:25 stats,7,32959
[Server 1] 2021/04/12 12:03:30 clean shutdown of server done
31
[Server 1] 2021/04/12 12:03:38 Starting to read in the DB data
[Server 1] 2021/04/12 12:03:38 Bytes db rebalanced: false, loading keys: [data/sks/sks-000.pgp data/sks/sks-001.pgp data/sks/sks-002.pgp data/sks/sks-003.pgp data/sks/sks-004.pgp data/sks/sks-005.pgp data/sks/sks-006.pgp data/sks/sks-007.pgp data/sks/sks-008.pgp data/sks/sks-009.pgp data/sks/sks-010.pgp data/sks/sks-011.pgp data/sks/sks-012.pgp data/sks/sks-013.pgp data/sks/sks-014.pgp data/sks/sks-015.pgp data/sks/sks-016.pgp data/sks/sks-017.pgp data/sks/sks-018.pgp data/sks/sks-019.pgp data/sks/sks-020.pgp data/sks/sks-021.pgp data/sks/sks-022.pgp data/sks/sks-023.pgp data/sks/sks-024.pgp data/sks/sks-025.pgp data/sks/sks-026.pgp data/sks/sks-027.pgp data/sks/sks-028.pgp data/sks/sks-029.pgp data/sks/sks-030.pgp]
[Server 1] 2021/04/12 12:07:37 Bytes loaded with files [data/sks/sks-000.pgp data/sks/sks-001.pgp data/sks/sks-002.pgp data/sks/sks-003.pgp data/sks/sks-004.pgp data/sks/sks-005.pgp data/sks/sks-006.pgp data/sks/sks-007.pgp data/sks/sks-008.pgp data/sks/sks-009.pgp data/sks/sks-010.pgp data/sks/sks-011.pgp data/sks/sks-012.pgp data/sks/sks-013.pgp data/sks/sks-014.pgp data/sks/sks-015.pgp data/sks/sks-016.pgp data/sks/sks-017.pgp data/sks/sks-018.pgp data/sks/sks-019.pgp data/sks/sks-020.pgp data/sks/sks-021.pgp data/sks/sks-022.pgp data/sks/sks-023.pgp data/sks/sks-024.pgp data/sks/sks-025.pgp data/sks/sks-026.pgp data/sks/sks-027.pgp data/sks/sks-028.pgp data/sks/sks-029.pgp data/sks/sks-030.pgp]
[Server 1] 2021/04/12 12:07:42 is listening at 10.90.36.39:50051
[Server 1] 2021/04/12 12:07:42 starting grpc server
[Server 1] 2021/04/12 12:10:10 got databaseInfo request
[Server 1] 2021/04/12 12:10:10 got query request
[Server 1] 2021/04/12 12:10:10 answer size in bytes: 32959
[Server 1] 2021/04/12 12:10:10 stats,8,32959
[Server 1] 2021/04/12 12:10:16 got databaseInfo request
[Server 1] 2021/04/12 12:10:16 got query request
[Server 1] 2021/04/12 12:10:16 answer size in bytes: 32959
[Server 1] 2021/04/12 12:10:16 stats,8,32959
[Server 1] 2021/04/12 12:10:21 got databaseInfo request
[Server 1] 2021/04/12 12:10:21 got query request
[Server 1] 2021/04/12 12:10:21 answer size in bytes: 32959
[Server 1] 2021/04/12 12:10:21 stats,8,32959
[Server 1] 2021/04/12 12:10:26 got databaseInfo request
[Server 1] 2021/04/12 12:10:26 got query request
[Server 1] 2021/04/12 12:10:26 answer size in bytes: 32959
[Server 1] 2021/04/12 12:10:26 stats,8,32959
[Server 1] 2021/04/12 12:10:32 got databaseInfo request
[Server 1] 2021/04/12 12:10:32 got query request
[Server 1] 2021/04/12 12:10:32 answer size in bytes: 32959
[Server 1] 2021/04/12 12:10:32 stats,8,32959
[Server 1] 2021/04/12 12:10:37 got databaseInfo request
[Server 1] 2021/04/12 12:10:37 got query request
[Server 1] 2021/04/12 12:10:37 answer size in bytes: 32959
[Server 1] 2021/04/12 12:10:37 stats,8,32959
[Server 1] 2021/04/12 12:10:42 got databaseInfo request
[Server 1] 2021/04/12 12:10:42 got query request
[Server 1] 2021/04/12 12:10:42 answer size in bytes: 32959
[Server 1] 2021/04/12 12:10:42 stats,8,32959
[Server 1] 2021/04/12 12:10:48 got databaseInfo request
[Server 1] 2021/04/12 12:10:48 got query request
[Server 1] 2021/04/12 12:10:48 answer size in bytes: 32959
[Server 1] 2021/04/12 12:10:48 stats,8,32959
[Server 1] 2021/04/12 12:10:53 got databaseInfo request
[Server 1] 2021/04/12 12:10:53 got query request
[Server 1] 2021/04/12 12:10:53 answer size in bytes: 32959
[Server 1] 2021/04/12 12:10:53 stats,8,32959
[Server 1] 2021/04/12 12:10:58 got databaseInfo request
[Server 1] 2021/04/12 12:10:58 got query request
[Server 1] 2021/04/12 12:10:59 answer size in bytes: 32959
[Server 1] 2021/04/12 12:10:59 stats,8,32959
[Server 1] 2021/04/12 12:11:04 got databaseInfo request
[Server 1] 2021/04/12 12:11:04 got query request
[Server 1] 2021/04/12 12:11:04 answer size in bytes: 32959
[Server 1] 2021/04/12 12:11:04 stats,8,32959
[Server 1] 2021/04/12 12:11:09 got databaseInfo request
[Server 1] 2021/04/12 12:11:09 got query request
[Server 1] 2021/04/12 12:11:09 answer size in bytes: 32959
[Server 1] 2021/04/12 12:11:09 stats,8,32959
[Server 1] 2021/04/12 12:11:14 got databaseInfo request
[Server 1] 2021/04/12 12:11:14 got query request
[Server 1] 2021/04/12 12:11:15 answer size in bytes: 32959
[Server 1] 2021/04/12 12:11:15 stats,8,32959
[Server 1] 2021/04/12 12:11:20 got databaseInfo request
[Server 1] 2021/04/12 12:11:20 got query request
[Server 1] 2021/04/12 12:11:20 answer size in bytes: 32959
[Server 1] 2021/04/12 12:11:20 stats,8,32959
[Server 1] 2021/04/12 12:11:25 got databaseInfo request
[Server 1] 2021/04/12 12:11:25 got query request
[Server 1] 2021/04/12 12:11:25 answer size in bytes: 32959
[Server 1] 2021/04/12 12:11:25 stats,8,32959
[Server 1] 2021/04/12 12:11:30 got databaseInfo request
[Server 1] 2021/04/12 12:11:30 got query request
[Server 1] 2021/04/12 12:11:31 answer size in bytes: 32959
[Server 1] 2021/04/12 12:11:31 stats,8,32959
[Server 1] 2021/04/12 12:11:36 got databaseInfo request
[Server 1] 2021/04/12 12:11:36 got query request
[Server 1] 2021/04/12 12:11:36 answer size in bytes: 32959
[Server 1] 2021/04/12 12:11:36 stats,8,32959
[Server 1] 2021/04/12 12:11:41 got databaseInfo request
[Server 1] 2021/04/12 12:11:41 got query request
[Server 1] 2021/04/12 12:11:41 answer size in bytes: 32959
[Server 1] 2021/04/12 12:11:41 stats,8,32959
[Server 1] 2021/04/12 12:11:47 got databaseInfo request
[Server 1] 2021/04/12 12:11:47 got query request
[Server 1] 2021/04/12 12:11:47 answer size in bytes: 32959
[Server 1] 2021/04/12 12:11:47 stats,8,32959
[Server 1] 2021/04/12 12:11:52 got databaseInfo request
[Server 1] 2021/04/12 12:11:52 got query request
[Server 1] 2021/04/12 12:11:52 answer size in bytes: 32959
[Server 1] 2021/04/12 12:11:52 stats,8,32959
[Server 1] 2021/04/12 12:11:57 clean shutdown of server done
31
[Server 1] 2021/04/12 12:12:05 Starting to read in the DB data
[Server 1] 2021/04/12 12:12:05 Bytes db rebalanced: false, loading keys: [data/sks/sks-000.pgp data/sks/sks-001.pgp data/sks/sks-002.pgp data/sks/sks-003.pgp data/sks/sks-004.pgp data/sks/sks-005.pgp data/sks/sks-006.pgp data/sks/sks-007.pgp data/sks/sks-008.pgp data/sks/sks-009.pgp data/sks/sks-010.pgp data/sks/sks-011.pgp data/sks/sks-012.pgp data/sks/sks-013.pgp data/sks/sks-014.pgp data/sks/sks-015.pgp data/sks/sks-016.pgp data/sks/sks-017.pgp data/sks/sks-018.pgp data/sks/sks-019.pgp data/sks/sks-020.pgp data/sks/sks-021.pgp data/sks/sks-022.pgp data/sks/sks-023.pgp data/sks/sks-024.pgp data/sks/sks-025.pgp data/sks/sks-026.pgp data/sks/sks-027.pgp data/sks/sks-028.pgp data/sks/sks-029.pgp data/sks/sks-030.pgp]
[Server 1] 2021/04/12 12:16:04 Bytes loaded with files [data/sks/sks-000.pgp data/sks/sks-001.pgp data/sks/sks-002.pgp data/sks/sks-003.pgp data/sks/sks-004.pgp data/sks/sks-005.pgp data/sks/sks-006.pgp data/sks/sks-007.pgp data/sks/sks-008.pgp data/sks/sks-009.pgp data/sks/sks-010.pgp data/sks/sks-011.pgp data/sks/sks-012.pgp data/sks/sks-013.pgp data/sks/sks-014.pgp data/sks/sks-015.pgp data/sks/sks-016.pgp data/sks/sks-017.pgp data/sks/sks-018.pgp data/sks/sks-019.pgp data/sks/sks-020.pgp data/sks/sks-021.pgp data/sks/sks-022.pgp data/sks/sks-023.pgp data/sks/sks-024.pgp data/sks/sks-025.pgp data/sks/sks-026.pgp data/sks/sks-027.pgp data/sks/sks-028.pgp data/sks/sks-029.pgp data/sks/sks-030.pgp]
[Server 1] 2021/04/12 12:16:09 is listening at 10.90.36.39:50051
[Server 1] 2021/04/12 12:16:09 starting grpc server
[Server 1] 2021/04/12 12:18:37 got databaseInfo request
[Server 1] 2021/04/12 12:18:37 got query request
[Server 1] 2021/04/12 12:18:37 answer size in bytes: 32959
[Server 1] 2021/04/12 12:18:37 stats,9,32959
[Server 1] 2021/04/12 12:18:43 got databaseInfo request
[Server 1] 2021/04/12 12:18:43 got query request
[Server 1] 2021/04/12 12:18:43 answer size in bytes: 32959
[Server 1] 2021/04/12 12:18:43 stats,9,32959
[Server 1] 2021/04/12 12:18:48 got databaseInfo request
[Server 1] 2021/04/12 12:18:48 got query request
[Server 1] 2021/04/12 12:18:48 answer size in bytes: 32959
[Server 1] 2021/04/12 12:18:48 stats,9,32959
[Server 1] 2021/04/12 12:18:53 got databaseInfo request
[Server 1] 2021/04/12 12:18:53 got query request
[Server 1] 2021/04/12 12:18:53 answer size in bytes: 32959
[Server 1] 2021/04/12 12:18:53 stats,9,32959
[Server 1] 2021/04/12 12:18:59 got databaseInfo request
[Server 1] 2021/04/12 12:18:59 got query request
[Server 1] 2021/04/12 12:18:59 answer size in bytes: 32959
[Server 1] 2021/04/12 12:18:59 stats,9,32959
[Server 1] 2021/04/12 12:19:04 got databaseInfo request
[Server 1] 2021/04/12 12:19:04 got query request
[Server 1] 2021/04/12 12:19:04 answer size in bytes: 32959
[Server 1] 2021/04/12 12:19:04 stats,9,32959
[Server 1] 2021/04/12 12:19:09 got databaseInfo request
[Server 1] 2021/04/12 12:19:09 got query request
[Server 1] 2021/04/12 12:19:09 answer size in bytes: 32959
[Server 1] 2021/04/12 12:19:09 stats,9,32959
[Server 1] 2021/04/12 12:19:14 got databaseInfo request
[Server 1] 2021/04/12 12:19:15 got query request
[Server 1] 2021/04/12 12:19:15 answer size in bytes: 32959
[Server 1] 2021/04/12 12:19:15 stats,9,32959
[Server 1] 2021/04/12 12:19:20 got databaseInfo request
[Server 1] 2021/04/12 12:19:20 got query request
[Server 1] 2021/04/12 12:19:20 answer size in bytes: 32959
[Server 1] 2021/04/12 12:19:20 stats,9,32959
[Server 1] 2021/04/12 12:19:25 got databaseInfo request
[Server 1] 2021/04/12 12:19:25 got query request
[Server 1] 2021/04/12 12:19:25 answer size in bytes: 32959
[Server 1] 2021/04/12 12:19:25 stats,9,32959
[Server 1] 2021/04/12 12:19:31 got databaseInfo request
[Server 1] 2021/04/12 12:19:31 got query request
[Server 1] 2021/04/12 12:19:31 answer size in bytes: 32959
[Server 1] 2021/04/12 12:19:31 stats,9,32959
[Server 1] 2021/04/12 12:19:36 got databaseInfo request
[Server 1] 2021/04/12 12:19:36 got query request
[Server 1] 2021/04/12 12:19:36 answer size in bytes: 32959
[Server 1] 2021/04/12 12:19:36 stats,9,32959
[Server 1] 2021/04/12 12:19:41 got databaseInfo request
[Server 1] 2021/04/12 12:19:41 got query request
[Server 1] 2021/04/12 12:19:41 answer size in bytes: 32959
[Server 1] 2021/04/12 12:19:41 stats,9,32959
[Server 1] 2021/04/12 12:19:46 got databaseInfo request
[Server 1] 2021/04/12 12:19:46 got query request
[Server 1] 2021/04/12 12:19:47 answer size in bytes: 32959
[Server 1] 2021/04/12 12:19:47 stats,9,32959
[Server 1] 2021/04/12 12:19:52 got databaseInfo request
[Server 1] 2021/04/12 12:19:52 got query request
[Server 1] 2021/04/12 12:19:52 answer size in bytes: 32959
[Server 1] 2021/04/12 12:19:52 stats,9,32959
[Server 1] 2021/04/12 12:19:57 got databaseInfo request
[Server 1] 2021/04/12 12:19:57 got query request
[Server 1] 2021/04/12 12:19:57 answer size in bytes: 32959
[Server 1] 2021/04/12 12:19:57 stats,9,32959
[Server 1] 2021/04/12 12:20:02 got databaseInfo request
[Server 1] 2021/04/12 12:20:02 got query request
[Server 1] 2021/04/12 12:20:03 answer size in bytes: 32959
[Server 1] 2021/04/12 12:20:03 stats,9,32959
[Server 1] 2021/04/12 12:20:08 got databaseInfo request
[Server 1] 2021/04/12 12:20:08 got query request
[Server 1] 2021/04/12 12:20:08 answer size in bytes: 32959
[Server 1] 2021/04/12 12:20:08 stats,9,32959
[Server 1] 2021/04/12 12:20:13 got databaseInfo request
[Server 1] 2021/04/12 12:20:13 got query request
[Server 1] 2021/04/12 12:20:13 answer size in bytes: 32959
[Server 1] 2021/04/12 12:20:13 stats,9,32959
[Server 1] 2021/04/12 12:20:18 got databaseInfo request
[Server 1] 2021/04/12 12:20:18 got query request
[Server 1] 2021/04/12 12:20:19 answer size in bytes: 32959
[Server 1] 2021/04/12 12:20:19 stats,9,32959
[Server 1] 2021/04/12 12:20:24 clean shutdown of server done
31
[Server 1] 2021/04/12 12:20:31 Starting to read in the DB data
[Server 1] 2021/04/12 12:20:31 Bytes db rebalanced: false, loading keys: [data/sks/sks-000.pgp data/sks/sks-001.pgp data/sks/sks-002.pgp data/sks/sks-003.pgp data/sks/sks-004.pgp data/sks/sks-005.pgp data/sks/sks-006.pgp data/sks/sks-007.pgp data/sks/sks-008.pgp data/sks/sks-009.pgp data/sks/sks-010.pgp data/sks/sks-011.pgp data/sks/sks-012.pgp data/sks/sks-013.pgp data/sks/sks-014.pgp data/sks/sks-015.pgp data/sks/sks-016.pgp data/sks/sks-017.pgp data/sks/sks-018.pgp data/sks/sks-019.pgp data/sks/sks-020.pgp data/sks/sks-021.pgp data/sks/sks-022.pgp data/sks/sks-023.pgp data/sks/sks-024.pgp data/sks/sks-025.pgp data/sks/sks-026.pgp data/sks/sks-027.pgp data/sks/sks-028.pgp data/sks/sks-029.pgp data/sks/sks-030.pgp]
[Server 1] 2021/04/12 12:24:29 Bytes loaded with files [data/sks/sks-000.pgp data/sks/sks-001.pgp data/sks/sks-002.pgp data/sks/sks-003.pgp data/sks/sks-004.pgp data/sks/sks-005.pgp data/sks/sks-006.pgp data/sks/sks-007.pgp data/sks/sks-008.pgp data/sks/sks-009.pgp data/sks/sks-010.pgp data/sks/sks-011.pgp data/sks/sks-012.pgp data/sks/sks-013.pgp data/sks/sks-014.pgp data/sks/sks-015.pgp data/sks/sks-016.pgp data/sks/sks-017.pgp data/sks/sks-018.pgp data/sks/sks-019.pgp data/sks/sks-020.pgp data/sks/sks-021.pgp data/sks/sks-022.pgp data/sks/sks-023.pgp data/sks/sks-024.pgp data/sks/sks-025.pgp data/sks/sks-026.pgp data/sks/sks-027.pgp data/sks/sks-028.pgp data/sks/sks-029.pgp data/sks/sks-030.pgp]
[Server 1] 2021/04/12 12:24:34 is listening at 10.90.36.39:50051
[Server 1] 2021/04/12 12:24:34 starting grpc server
[Server 1] 2021/04/12 12:27:04 got databaseInfo request
[Server 1] 2021/04/12 12:27:04 got query request
[Server 1] 2021/04/12 12:27:04 answer size in bytes: 32959
[Server 1] 2021/04/12 12:27:04 stats,10,32959
[Server 1] 2021/04/12 12:27:09 got databaseInfo request
[Server 1] 2021/04/12 12:27:09 got query request
[Server 1] 2021/04/12 12:27:09 answer size in bytes: 32959
[Server 1] 2021/04/12 12:27:09 stats,10,32959
[Server 1] 2021/04/12 12:27:14 got databaseInfo request
[Server 1] 2021/04/12 12:27:14 got query request
[Server 1] 2021/04/12 12:27:15 answer size in bytes: 32959
[Server 1] 2021/04/12 12:27:15 stats,10,32959
[Server 1] 2021/04/12 12:27:20 got databaseInfo request
[Server 1] 2021/04/12 12:27:20 got query request
[Server 1] 2021/04/12 12:27:20 answer size in bytes: 32959
[Server 1] 2021/04/12 12:27:20 stats,10,32959
[Server 1] 2021/04/12 12:27:25 got databaseInfo request
[Server 1] 2021/04/12 12:27:25 got query request
[Server 1] 2021/04/12 12:27:25 answer size in bytes: 32959
[Server 1] 2021/04/12 12:27:25 stats,10,32959
[Server 1] 2021/04/12 12:27:30 got databaseInfo request
[Server 1] 2021/04/12 12:27:30 got query request
[Server 1] 2021/04/12 12:27:31 answer size in bytes: 32959
[Server 1] 2021/04/12 12:27:31 stats,10,32959
[Server 1] 2021/04/12 12:27:36 got databaseInfo request
[Server 1] 2021/04/12 12:27:36 got query request
[Server 1] 2021/04/12 12:27:36 answer size in bytes: 32959
[Server 1] 2021/04/12 12:27:36 stats,10,32959
[Server 1] 2021/04/12 12:27:41 got databaseInfo request
[Server 1] 2021/04/12 12:27:41 got query request
[Server 1] 2021/04/12 12:27:41 answer size in bytes: 32959
[Server 1] 2021/04/12 12:27:41 stats,10,32959
[Server 1] 2021/04/12 12:27:46 got databaseInfo request
[Server 1] 2021/04/12 12:27:46 got query request
[Server 1] 2021/04/12 12:27:47 answer size in bytes: 32959
[Server 1] 2021/04/12 12:27:47 stats,10,32959
[Server 1] 2021/04/12 12:27:52 got databaseInfo request
[Server 1] 2021/04/12 12:27:52 got query request
[Server 1] 2021/04/12 12:27:52 answer size in bytes: 32959
[Server 1] 2021/04/12 12:27:52 stats,10,32959
[Server 1] 2021/04/12 12:27:57 got databaseInfo request
[Server 1] 2021/04/12 12:27:57 got query request
[Server 1] 2021/04/12 12:27:57 answer size in bytes: 32959
[Server 1] 2021/04/12 12:27:57 stats,10,32959
[Server 1] 2021/04/12 12:28:02 got databaseInfo request
[Server 1] 2021/04/12 12:28:02 got query request
[Server 1] 2021/04/12 12:28:03 answer size in bytes: 32959
[Server 1] 2021/04/12 12:28:03 stats,10,32959
[Server 1] 2021/04/12 12:28:08 got databaseInfo request
[Server 1] 2021/04/12 12:28:08 got query request
[Server 1] 2021/04/12 12:28:08 answer size in bytes: 32959
[Server 1] 2021/04/12 12:28:08 stats,10,32959
[Server 1] 2021/04/12 12:28:13 got databaseInfo request
[Server 1] 2021/04/12 12:28:13 got query request
[Server 1] 2021/04/12 12:28:13 answer size in bytes: 32959
[Server 1] 2021/04/12 12:28:13 stats,10,32959
[Server 1] 2021/04/12 12:28:18 got databaseInfo request
[Server 1] 2021/04/12 12:28:18 got query request
[Server 1] 2021/04/12 12:28:19 answer size in bytes: 32959
[Server 1] 2021/04/12 12:28:19 stats,10,32959
[Server 1] 2021/04/12 12:28:24 got databaseInfo request
[Server 1] 2021/04/12 12:28:24 got query request
[Server 1] 2021/04/12 12:28:24 answer size in bytes: 32959
[Server 1] 2021/04/12 12:28:24 stats,10,32959
[Server 1] 2021/04/12 12:28:29 got databaseInfo request
[Server 1] 2021/04/12 12:28:29 got query request
[Server 1] 2021/04/12 12:28:29 answer size in bytes: 32959
[Server 1] 2021/04/12 12:28:29 stats,10,32959
[Server 1] 2021/04/12 12:28:34 got databaseInfo request
[Server 1] 2021/04/12 12:28:34 got query request
[Server 1] 2021/04/12 12:28:35 answer size in bytes: 32959
[Server 1] 2021/04/12 12:28:35 stats,10,32959
[Server 1] 2021/04/12 12:28:40 got databaseInfo request
[Server 1] 2021/04/12 12:28:40 got query request
[Server 1] 2021/04/12 12:28:40 answer size in bytes: 32959
[Server 1] 2021/04/12 12:28:40 stats,10,32959
[Server 1] 2021/04/12 12:28:45 got databaseInfo request
[Server 1] 2021/04/12 12:28:45 got query request
[Server 1] 2021/04/12 12:28:45 answer size in bytes: 32959
[Server 1] 2021/04/12 12:28:45 stats,10,32959
[Server 1] 2021/04/12 12:28:50 clean shutdown of server done
31
[Server 1] 2021/04/12 12:28:57 Starting to read in the DB data
[Server 1] 2021/04/12 12:28:57 Bytes db rebalanced: false, loading keys: [data/sks/sks-000.pgp data/sks/sks-001.pgp data/sks/sks-002.pgp data/sks/sks-003.pgp data/sks/sks-004.pgp data/sks/sks-005.pgp data/sks/sks-006.pgp data/sks/sks-007.pgp data/sks/sks-008.pgp data/sks/sks-009.pgp data/sks/sks-010.pgp data/sks/sks-011.pgp data/sks/sks-012.pgp data/sks/sks-013.pgp data/sks/sks-014.pgp data/sks/sks-015.pgp data/sks/sks-016.pgp data/sks/sks-017.pgp data/sks/sks-018.pgp data/sks/sks-019.pgp data/sks/sks-020.pgp data/sks/sks-021.pgp data/sks/sks-022.pgp data/sks/sks-023.pgp data/sks/sks-024.pgp data/sks/sks-025.pgp data/sks/sks-026.pgp data/sks/sks-027.pgp data/sks/sks-028.pgp data/sks/sks-029.pgp data/sks/sks-030.pgp]
[Server 1] 2021/04/12 12:32:51 Bytes loaded with files [data/sks/sks-000.pgp data/sks/sks-001.pgp data/sks/sks-002.pgp data/sks/sks-003.pgp data/sks/sks-004.pgp data/sks/sks-005.pgp data/sks/sks-006.pgp data/sks/sks-007.pgp data/sks/sks-008.pgp data/sks/sks-009.pgp data/sks/sks-010.pgp data/sks/sks-011.pgp data/sks/sks-012.pgp data/sks/sks-013.pgp data/sks/sks-014.pgp data/sks/sks-015.pgp data/sks/sks-016.pgp data/sks/sks-017.pgp data/sks/sks-018.pgp data/sks/sks-019.pgp data/sks/sks-020.pgp data/sks/sks-021.pgp data/sks/sks-022.pgp data/sks/sks-023.pgp data/sks/sks-024.pgp data/sks/sks-025.pgp data/sks/sks-026.pgp data/sks/sks-027.pgp data/sks/sks-028.pgp data/sks/sks-029.pgp data/sks/sks-030.pgp]
[Server 1] 2021/04/12 12:32:56 is listening at 10.90.36.39:50051
[Server 1] 2021/04/12 12:32:56 starting grpc server
[Server 1] 2021/04/12 12:35:30 got databaseInfo request
[Server 1] 2021/04/12 12:35:30 got query request
[Server 1] 2021/04/12 12:35:31 answer size in bytes: 32959
[Server 1] 2021/04/12 12:35:31 stats,11,32959
[Server 1] 2021/04/12 12:35:36 got databaseInfo request
[Server 1] 2021/04/12 12:35:36 got query request
[Server 1] 2021/04/12 12:35:36 answer size in bytes: 32959
[Server 1] 2021/04/12 12:35:36 stats,11,32959
[Server 1] 2021/04/12 12:35:42 got databaseInfo request
[Server 1] 2021/04/12 12:35:42 got query request
[Server 1] 2021/04/12 12:35:42 answer size in bytes: 32959
[Server 1] 2021/04/12 12:35:42 stats,11,32959
[Server 1] 2021/04/12 12:35:47 got databaseInfo request
[Server 1] 2021/04/12 12:35:47 got query request
[Server 1] 2021/04/12 12:35:47 answer size in bytes: 32959
[Server 1] 2021/04/12 12:35:47 stats,11,32959
[Server 1] 2021/04/12 12:35:53 got databaseInfo request
[Server 1] 2021/04/12 12:35:53 got query request
[Server 1] 2021/04/12 12:35:53 answer size in bytes: 32959
[Server 1] 2021/04/12 12:35:53 stats,11,32959
[Server 1] 2021/04/12 12:35:58 got databaseInfo request
[Server 1] 2021/04/12 12:35:58 got query request
[Server 1] 2021/04/12 12:35:58 answer size in bytes: 32959
[Server 1] 2021/04/12 12:35:58 stats,11,32959
[Server 1] 2021/04/12 12:36:04 got databaseInfo request
[Server 1] 2021/04/12 12:36:04 got query request
[Server 1] 2021/04/12 12:36:04 answer size in bytes: 32959
[Server 1] 2021/04/12 12:36:04 stats,11,32959
[Server 1] 2021/04/12 12:36:09 got databaseInfo request
[Server 1] 2021/04/12 12:36:09 got query request
[Server 1] 2021/04/12 12:36:09 answer size in bytes: 32959
[Server 1] 2021/04/12 12:36:09 stats,11,32959
[Server 1] 2021/04/12 12:36:14 got databaseInfo request
[Server 1] 2021/04/12 12:36:14 got query request
[Server 1] 2021/04/12 12:36:15 answer size in bytes: 32959
[Server 1] 2021/04/12 12:36:15 stats,11,32959
[Server 1] 2021/04/12 12:36:20 got databaseInfo request
[Server 1] 2021/04/12 12:36:20 got query request
[Server 1] 2021/04/12 12:36:20 answer size in bytes: 32959
[Server 1] 2021/04/12 12:36:20 stats,11,32959
[Server 1] 2021/04/12 12:36:25 got databaseInfo request
[Server 1] 2021/04/12 12:36:25 got query request
[Server 1] 2021/04/12 12:36:25 answer size in bytes: 32959
[Server 1] 2021/04/12 12:36:25 stats,11,32959
[Server 1] 2021/04/12 12:36:31 got databaseInfo request
[Server 1] 2021/04/12 12:36:31 got query request
[Server 1] 2021/04/12 12:36:31 answer size in bytes: 32959
[Server 1] 2021/04/12 12:36:31 stats,11,32959
[Server 1] 2021/04/12 12:36:36 got databaseInfo request
[Server 1] 2021/04/12 12:36:36 got query request
[Server 1] 2021/04/12 12:36:36 answer size in bytes: 32959
[Server 1] 2021/04/12 12:36:36 stats,11,32959
[Server 1] 2021/04/12 12:36:42 got databaseInfo request
[Server 1] 2021/04/12 12:36:42 got query request
[Server 1] 2021/04/12 12:36:42 answer size in bytes: 32959
[Server 1] 2021/04/12 12:36:42 stats,11,32959
[Server 1] 2021/04/12 12:36:47 got databaseInfo request
[Server 1] 2021/04/12 12:36:47 got query request
[Server 1] 2021/04/12 12:36:47 answer size in bytes: 32959
[Server 1] 2021/04/12 12:36:47 stats,11,32959
[Server 1] 2021/04/12 12:36:53 got databaseInfo request
[Server 1] 2021/04/12 12:36:53 got query request
[Server 1] 2021/04/12 12:36:53 answer size in bytes: 32959
[Server 1] 2021/04/12 12:36:53 stats,11,32959
[Server 1] 2021/04/12 12:36:58 got databaseInfo request
[Server 1] 2021/04/12 12:36:58 got query request
[Server 1] 2021/04/12 12:36:58 answer size in bytes: 32959
[Server 1] 2021/04/12 12:36:58 stats,11,32959
[Server 1] 2021/04/12 12:37:04 got databaseInfo request
[Server 1] 2021/04/12 12:37:04 got query request
[Server 1] 2021/04/12 12:37:04 answer size in bytes: 32959
[Server 1] 2021/04/12 12:37:04 stats,11,32959
[Server 1] 2021/04/12 12:37:09 got databaseInfo request
[Server 1] 2021/04/12 12:37:09 got query request
[Server 1] 2021/04/12 12:37:09 answer size in bytes: 32959
[Server 1] 2021/04/12 12:37:09 stats,11,32959
[Server 1] 2021/04/12 12:37:14 got databaseInfo request
[Server 1] 2021/04/12 12:37:14 got query request
[Server 1] 2021/04/12 12:37:15 answer size in bytes: 32959
[Server 1] 2021/04/12 12:37:15 stats,11,32959
[Server 1] 2021/04/12 12:37:20 clean shutdown of server done
31
[Server 1] 2021/04/12 12:37:27 Starting to read in the DB data
[Server 1] 2021/04/12 12:37:27 Bytes db rebalanced: false, loading keys: [data/sks/sks-000.pgp data/sks/sks-001.pgp data/sks/sks-002.pgp data/sks/sks-003.pgp data/sks/sks-004.pgp data/sks/sks-005.pgp data/sks/sks-006.pgp data/sks/sks-007.pgp data/sks/sks-008.pgp data/sks/sks-009.pgp data/sks/sks-010.pgp data/sks/sks-011.pgp data/sks/sks-012.pgp data/sks/sks-013.pgp data/sks/sks-014.pgp data/sks/sks-015.pgp data/sks/sks-016.pgp data/sks/sks-017.pgp data/sks/sks-018.pgp data/sks/sks-019.pgp data/sks/sks-020.pgp data/sks/sks-021.pgp data/sks/sks-022.pgp data/sks/sks-023.pgp data/sks/sks-024.pgp data/sks/sks-025.pgp data/sks/sks-026.pgp data/sks/sks-027.pgp data/sks/sks-028.pgp data/sks/sks-029.pgp data/sks/sks-030.pgp]
[Server 1] 2021/04/12 12:41:26 Bytes loaded with files [data/sks/sks-000.pgp data/sks/sks-001.pgp data/sks/sks-002.pgp data/sks/sks-003.pgp data/sks/sks-004.pgp data/sks/sks-005.pgp data/sks/sks-006.pgp data/sks/sks-007.pgp data/sks/sks-008.pgp data/sks/sks-009.pgp data/sks/sks-010.pgp data/sks/sks-011.pgp data/sks/sks-012.pgp data/sks/sks-013.pgp data/sks/sks-014.pgp data/sks/sks-015.pgp data/sks/sks-016.pgp data/sks/sks-017.pgp data/sks/sks-018.pgp data/sks/sks-019.pgp data/sks/sks-020.pgp data/sks/sks-021.pgp data/sks/sks-022.pgp data/sks/sks-023.pgp data/sks/sks-024.pgp data/sks/sks-025.pgp data/sks/sks-026.pgp data/sks/sks-027.pgp data/sks/sks-028.pgp data/sks/sks-029.pgp data/sks/sks-030.pgp]
[Server 1] 2021/04/12 12:41:31 is listening at 10.90.36.39:50051
[Server 1] 2021/04/12 12:41:31 starting grpc server
[Server 1] 2021/04/12 12:44:00 got databaseInfo request
[Server 1] 2021/04/12 12:44:00 got query request
[Server 1] 2021/04/12 12:44:00 answer size in bytes: 32959
[Server 1] 2021/04/12 12:44:00 stats,12,32959
[Server 1] 2021/04/12 12:44:05 got databaseInfo request
[Server 1] 2021/04/12 12:44:05 got query request
[Server 1] 2021/04/12 12:44:05 answer size in bytes: 32959
[Server 1] 2021/04/12 12:44:05 stats,12,32959
[Server 1] 2021/04/12 12:44:11 got databaseInfo request
[Server 1] 2021/04/12 12:44:11 got query request
[Server 1] 2021/04/12 12:44:11 answer size in bytes: 32959
[Server 1] 2021/04/12 12:44:11 stats,12,32959
[Server 1] 2021/04/12 12:44:16 got databaseInfo request
[Server 1] 2021/04/12 12:44:16 got query request
[Server 1] 2021/04/12 12:44:16 answer size in bytes: 32959
[Server 1] 2021/04/12 12:44:16 stats,12,32959
[Server 1] 2021/04/12 12:44:22 got databaseInfo request
[Server 1] 2021/04/12 12:44:22 got query request
[Server 1] 2021/04/12 12:44:22 answer size in bytes: 32959
[Server 1] 2021/04/12 12:44:22 stats,12,32959
[Server 1] 2021/04/12 12:44:27 got databaseInfo request
[Server 1] 2021/04/12 12:44:27 got query request
[Server 1] 2021/04/12 12:44:27 answer size in bytes: 32959
[Server 1] 2021/04/12 12:44:27 stats,12,32959
[Server 1] 2021/04/12 12:44:33 got databaseInfo request
[Server 1] 2021/04/12 12:44:33 got query request
[Server 1] 2021/04/12 12:44:33 answer size in bytes: 32959
[Server 1] 2021/04/12 12:44:33 stats,12,32959
[Server 1] 2021/04/12 12:44:38 got databaseInfo request
[Server 1] 2021/04/12 12:44:38 got query request
[Server 1] 2021/04/12 12:44:38 answer size in bytes: 32959
[Server 1] 2021/04/12 12:44:38 stats,12,32959
[Server 1] 2021/04/12 12:44:44 got databaseInfo request
[Server 1] 2021/04/12 12:44:44 got query request
[Server 1] 2021/04/12 12:44:44 answer size in bytes: 32959
[Server 1] 2021/04/12 12:44:44 stats,12,32959
[Server 1] 2021/04/12 12:44:49 got databaseInfo request
[Server 1] 2021/04/12 12:44:49 got query request
[Server 1] 2021/04/12 12:44:49 answer size in bytes: 32959
[Server 1] 2021/04/12 12:44:49 stats,12,32959
[Server 1] 2021/04/12 12:44:55 got databaseInfo request
[Server 1] 2021/04/12 12:44:55 got query request
[Server 1] 2021/04/12 12:44:55 answer size in bytes: 32959
[Server 1] 2021/04/12 12:44:55 stats,12,32959
[Server 1] 2021/04/12 12:45:00 got databaseInfo request
[Server 1] 2021/04/12 12:45:00 got query request
[Server 1] 2021/04/12 12:45:00 answer size in bytes: 32959
[Server 1] 2021/04/12 12:45:00 stats,12,32959
[Server 1] 2021/04/12 12:45:06 got databaseInfo request
[Server 1] 2021/04/12 12:45:06 got query request
[Server 1] 2021/04/12 12:45:06 answer size in bytes: 32959
[Server 1] 2021/04/12 12:45:06 stats,12,32959
[Server 1] 2021/04/12 12:45:11 got databaseInfo request
[Server 1] 2021/04/12 12:45:11 got query request
[Server 1] 2021/04/12 12:45:11 answer size in bytes: 32959
[Server 1] 2021/04/12 12:45:11 stats,12,32959
[Server 1] 2021/04/12 12:45:17 got databaseInfo request
[Server 1] 2021/04/12 12:45:17 got query request
[Server 1] 2021/04/12 12:45:17 answer size in bytes: 32959
[Server 1] 2021/04/12 12:45:17 stats,12,32959
[Server 1] 2021/04/12 12:45:22 got databaseInfo request
[Server 1] 2021/04/12 12:45:22 got query request
[Server 1] 2021/04/12 12:45:22 answer size in bytes: 32959
[Server 1] 2021/04/12 12:45:22 stats,12,32959
[Server 1] 2021/04/12 12:45:28 got databaseInfo request
[Server 1] 2021/04/12 12:45:28 got query request
[Server 1] 2021/04/12 12:45:28 answer size in bytes: 32959
[Server 1] 2021/04/12 12:45:28 stats,12,32959
[Server 1] 2021/04/12 12:45:33 got databaseInfo request
[Server 1] 2021/04/12 12:45:33 got query request
[Server 1] 2021/04/12 12:45:33 answer size in bytes: 32959
[Server 1] 2021/04/12 12:45:33 stats,12,32959
[Server 1] 2021/04/12 12:45:39 got databaseInfo request
[Server 1] 2021/04/12 12:45:39 got query request
[Server 1] 2021/04/12 12:45:39 answer size in bytes: 32959
[Server 1] 2021/04/12 12:45:39 stats,12,32959
[Server 1] 2021/04/12 12:45:44 got databaseInfo request
[Server 1] 2021/04/12 12:45:44 got query request
[Server 1] 2021/04/12 12:45:44 answer size in bytes: 32959
[Server 1] 2021/04/12 12:45:44 stats,12,32959
[Server 1] 2021/04/12 12:45:50 clean shutdown of server done
