[Client] 2021/04/15 18:23:15 sent databaseInfo request to 10.90.36.39:50051
[Client] 2021/04/15 18:23:15 sent databaseInfo request to 10.90.36.38:50050
[Client] 2021/04/15 18:23:15 databaseInfo: &database.Info{NumRows:597, NumColumns:597, BlockSize:35257, PIRType:"", Auth:(*database.Auth)(nil), Merkle:(*database.Merkle)(0xc0000d1340), DataEmbedding:(*database.DataEmbedding)(nil), LatParams:(*bfv.Parameters)(nil)}
[Client] 2021/04/15 18:23:15 id: alex.braulio@varidi.com, hashKey: 181716
[Client] 2021/04/15 18:23:15 done with queries computation
[Client] 2021/04/15 18:23:16 sent query to 10.90.36.39:50051
[Client] 2021/04/15 18:23:16 query size in bytes 75
[Client] 2021/04/15 18:23:17 sent query to 10.90.36.38:50050
[Client] 2021/04/15 18:23:17 query size in bytes 75
[Client] 2021/04/15 18:23:17 done with block reconstruction
[Client] 2021/04/15 18:23:17 PGP key retrieved from block
-----BEGIN PGP PUBLIC KEY BLOCK-----
Comment: Retrieved with VPIR

xsBNBFvpyEwBCACwnbagSMWW6QMipo7nn0igJ4G5FNHtfz2AcRgB+JQGVh1B/DMm
JX4iWz/IGppRnNFZR+UtMJNIXdEysCT50ynCS3b84qW5/6mciPBf/zWx3lVi/zK7
DeuShUJP9C5730fjJuFOWgvnDs7Rw2ZPgqnPVep9JpQiNH4/xB3DcRLR3zuD6MPY
3l0EPMqGCS1fs3ZBXi+OkGrE25Olm6+gBBwRM80UHY42ck8ftPGOuX+BeuuZC/DS
EWYwVPKSSEdERIX7fes+SUk8BZoNuWD0ePhT9tVn0G/a0eVgciuDkGrDc4JymjKG
dKgeTu9pjxBT55JeQ/fr3YhDyqIKYn5CyH1LABEBAAHNJkFsZXggQnJhdWxpbyA8
YWxleC5icmF1bGlvQHZhcmlkaS5jb20+wsCUBBMBCAA+FiEEn0f4635JJda7Wpyx
+P2NKP2TF0cFAlvpyEwCGwMFCQPDy/QFCwkIBwIGFQoJCAsCBBYCAwECHgECF4AA
CgkQ+P2NKP2TF0fingf/TmSTfN/Xg+P9dKSEKMSfh0iVW9zOT2iJssC+Me4V1Z2w
VTxDA6cwm1xt/Np0wLtKyRGu2/IqgUzyD3DoVPmUsy00YbWhUOT2Ty/S3i+G5A+K
FPxtZlrMSlBBYogUWqDnuwqTQwoP2IWRG6oMEZVB6h0Fy/WrfTURTbznkxeAwYQj
OP3ydiHrid98djLEuuf1huNrdYksr2UELng3zRQvRgmxetYJd7FQpHfACHC/ukCo
xIuEKsLM3iKA2hDBDjdIAcdzx47M6px4HpHLAHEE4o/xjl3V1nPfKS8bp8BrriLp
lQSkVXMLj8OHbA2v5UBnNQ/s3zgG/iWNpgi7zUQSsw==
=lkY6
-----END PGP PUBLIC KEY BLOCK-----
[Client] 2021/04/15 18:23:17 stats,1,150,2.103734
Wall-clock time to retrieve the key: 2.103734151s
[Client] 2021/04/15 18:23:22 sent databaseInfo request to 10.90.36.38:50050
[Client] 2021/04/15 18:23:22 sent databaseInfo request to 10.90.36.39:50051
[Client] 2021/04/15 18:23:22 databaseInfo: &database.Info{NumRows:597, NumColumns:597, BlockSize:35257, PIRType:"", Auth:(*database.Auth)(nil), Merkle:(*database.Merkle)(0xc0000d04a0), DataEmbedding:(*database.DataEmbedding)(nil), LatParams:(*bfv.Parameters)(nil)}
[Client] 2021/04/15 18:23:22 id: alex.braulio@varidi.com, hashKey: 181716
[Client] 2021/04/15 18:23:22 done with queries computation
[Client] 2021/04/15 18:23:23 sent query to 10.90.36.39:50051
[Client] 2021/04/15 18:23:23 query size in bytes 75
[Client] 2021/04/15 18:23:23 sent query to 10.90.36.38:50050
[Client] 2021/04/15 18:23:23 query size in bytes 75
[Client] 2021/04/15 18:23:24 done with block reconstruction
[Client] 2021/04/15 18:23:24 PGP key retrieved from block
-----BEGIN PGP PUBLIC KEY BLOCK-----
Comment: Retrieved with VPIR

xsBNBFvpyEwBCACwnbagSMWW6QMipo7nn0igJ4G5FNHtfz2AcRgB+JQGVh1B/DMm
JX4iWz/IGppRnNFZR+UtMJNIXdEysCT50ynCS3b84qW5/6mciPBf/zWx3lVi/zK7
DeuShUJP9C5730fjJuFOWgvnDs7Rw2ZPgqnPVep9JpQiNH4/xB3DcRLR3zuD6MPY
3l0EPMqGCS1fs3ZBXi+OkGrE25Olm6+gBBwRM80UHY42ck8ftPGOuX+BeuuZC/DS
EWYwVPKSSEdERIX7fes+SUk8BZoNuWD0ePhT9tVn0G/a0eVgciuDkGrDc4JymjKG
dKgeTu9pjxBT55JeQ/fr3YhDyqIKYn5CyH1LABEBAAHNJkFsZXggQnJhdWxpbyA8
YWxleC5icmF1bGlvQHZhcmlkaS5jb20+wsCUBBMBCAA+FiEEn0f4635JJda7Wpyx
+P2NKP2TF0cFAlvpyEwCGwMFCQPDy/QFCwkIBwIGFQoJCAsCBBYCAwECHgECF4AA
CgkQ+P2NKP2TF0fingf/TmSTfN/Xg+P9dKSEKMSfh0iVW9zOT2iJssC+Me4V1Z2w
VTxDA6cwm1xt/Np0wLtKyRGu2/IqgUzyD3DoVPmUsy00YbWhUOT2Ty/S3i+G5A+K
FPxtZlrMSlBBYogUWqDnuwqTQwoP2IWRG6oMEZVB6h0Fy/WrfTURTbznkxeAwYQj
OP3ydiHrid98djLEuuf1huNrdYksr2UELng3zRQvRgmxetYJd7FQpHfACHC/ukCo
xIuEKsLM3iKA2hDBDjdIAcdzx47M6px4HpHLAHEE4o/xjl3V1nPfKS8bp8BrriLp
lQSkVXMLj8OHbA2v5UBnNQ/s3zgG/iWNpgi7zUQSsw==
=lkY6
-----END PGP PUBLIC KEY BLOCK-----
[Client] 2021/04/15 18:23:24 stats,1,150,1.795372
Wall-clock time to retrieve the key: 1.795371982s
[Client] 2021/04/15 18:23:29 sent databaseInfo request to 10.90.36.39:50051
[Client] 2021/04/15 18:23:29 sent databaseInfo request to 10.90.36.38:50050
[Client] 2021/04/15 18:23:29 databaseInfo: &database.Info{NumRows:597, NumColumns:597, BlockSize:35257, PIRType:"", Auth:(*database.Auth)(nil), Merkle:(*database.Merkle)(0xc0000d00a0), DataEmbedding:(*database.DataEmbedding)(nil), LatParams:(*bfv.Parameters)(nil)}
[Client] 2021/04/15 18:23:29 id: alex.braulio@varidi.com, hashKey: 181716
[Client] 2021/04/15 18:23:29 done with queries computation
[Client] 2021/04/15 18:23:30 sent query to 10.90.36.39:50051
[Client] 2021/04/15 18:23:30 query size in bytes 75
[Client] 2021/04/15 18:23:31 sent query to 10.90.36.38:50050
[Client] 2021/04/15 18:23:31 query size in bytes 75
[Client] 2021/04/15 18:23:31 done with block reconstruction
[Client] 2021/04/15 18:23:31 PGP key retrieved from block
-----BEGIN PGP PUBLIC KEY BLOCK-----
Comment: Retrieved with VPIR

xsBNBFvpyEwBCACwnbagSMWW6QMipo7nn0igJ4G5FNHtfz2AcRgB+JQGVh1B/DMm
JX4iWz/IGppRnNFZR+UtMJNIXdEysCT50ynCS3b84qW5/6mciPBf/zWx3lVi/zK7
DeuShUJP9C5730fjJuFOWgvnDs7Rw2ZPgqnPVep9JpQiNH4/xB3DcRLR3zuD6MPY
3l0EPMqGCS1fs3ZBXi+OkGrE25Olm6+gBBwRM80UHY42ck8ftPGOuX+BeuuZC/DS
EWYwVPKSSEdERIX7fes+SUk8BZoNuWD0ePhT9tVn0G/a0eVgciuDkGrDc4JymjKG
dKgeTu9pjxBT55JeQ/fr3YhDyqIKYn5CyH1LABEBAAHNJkFsZXggQnJhdWxpbyA8
YWxleC5icmF1bGlvQHZhcmlkaS5jb20+wsCUBBMBCAA+FiEEn0f4635JJda7Wpyx
+P2NKP2TF0cFAlvpyEwCGwMFCQPDy/QFCwkIBwIGFQoJCAsCBBYCAwECHgECF4AA
CgkQ+P2NKP2TF0fingf/TmSTfN/Xg+P9dKSEKMSfh0iVW9zOT2iJssC+Me4V1Z2w
VTxDA6cwm1xt/Np0wLtKyRGu2/IqgUzyD3DoVPmUsy00YbWhUOT2Ty/S3i+G5A+K
FPxtZlrMSlBBYogUWqDnuwqTQwoP2IWRG6oMEZVB6h0Fy/WrfTURTbznkxeAwYQj
OP3ydiHrid98djLEuuf1huNrdYksr2UELng3zRQvRgmxetYJd7FQpHfACHC/ukCo
xIuEKsLM3iKA2hDBDjdIAcdzx47M6px4HpHLAHEE4o/xjl3V1nPfKS8bp8BrriLp
lQSkVXMLj8OHbA2v5UBnNQ/s3zgG/iWNpgi7zUQSsw==
=lkY6
-----END PGP PUBLIC KEY BLOCK-----
[Client] 2021/04/15 18:23:31 stats,1,150,2.125350
Wall-clock time to retrieve the key: 2.125349555s
[Client] 2021/04/15 18:23:36 sent databaseInfo request to 10.90.36.39:50051
[Client] 2021/04/15 18:23:36 sent databaseInfo request to 10.90.36.38:50050
[Client] 2021/04/15 18:23:36 databaseInfo: &database.Info{NumRows:597, NumColumns:597, BlockSize:35257, PIRType:"", Auth:(*database.Auth)(nil), Merkle:(*database.Merkle)(0xc0003be060), DataEmbedding:(*database.DataEmbedding)(nil), LatParams:(*bfv.Parameters)(nil)}
[Client] 2021/04/15 18:23:36 id: alex.braulio@varidi.com, hashKey: 181716
[Client] 2021/04/15 18:23:36 done with queries computation
[Client] 2021/04/15 18:23:37 sent query to 10.90.36.39:50051
[Client] 2021/04/15 18:23:37 query size in bytes 75
[Client] 2021/04/15 18:23:38 sent query to 10.90.36.38:50050
[Client] 2021/04/15 18:23:38 query size in bytes 75
[Client] 2021/04/15 18:23:38 done with block reconstruction
[Client] 2021/04/15 18:23:38 PGP key retrieved from block
-----BEGIN PGP PUBLIC KEY BLOCK-----
Comment: Retrieved with VPIR

xsBNBFvpyEwBCACwnbagSMWW6QMipo7nn0igJ4G5FNHtfz2AcRgB+JQGVh1B/DMm
JX4iWz/IGppRnNFZR+UtMJNIXdEysCT50ynCS3b84qW5/6mciPBf/zWx3lVi/zK7
DeuShUJP9C5730fjJuFOWgvnDs7Rw2ZPgqnPVep9JpQiNH4/xB3DcRLR3zuD6MPY
3l0EPMqGCS1fs3ZBXi+OkGrE25Olm6+gBBwRM80UHY42ck8ftPGOuX+BeuuZC/DS
EWYwVPKSSEdERIX7fes+SUk8BZoNuWD0ePhT9tVn0G/a0eVgciuDkGrDc4JymjKG
dKgeTu9pjxBT55JeQ/fr3YhDyqIKYn5CyH1LABEBAAHNJkFsZXggQnJhdWxpbyA8
YWxleC5icmF1bGlvQHZhcmlkaS5jb20+wsCUBBMBCAA+FiEEn0f4635JJda7Wpyx
+P2NKP2TF0cFAlvpyEwCGwMFCQPDy/QFCwkIBwIGFQoJCAsCBBYCAwECHgECF4AA
CgkQ+P2NKP2TF0fingf/TmSTfN/Xg+P9dKSEKMSfh0iVW9zOT2iJssC+Me4V1Z2w
VTxDA6cwm1xt/Np0wLtKyRGu2/IqgUzyD3DoVPmUsy00YbWhUOT2Ty/S3i+G5A+K
FPxtZlrMSlBBYogUWqDnuwqTQwoP2IWRG6oMEZVB6h0Fy/WrfTURTbznkxeAwYQj
OP3ydiHrid98djLEuuf1huNrdYksr2UELng3zRQvRgmxetYJd7FQpHfACHC/ukCo
xIuEKsLM3iKA2hDBDjdIAcdzx47M6px4HpHLAHEE4o/xjl3V1nPfKS8bp8BrriLp
lQSkVXMLj8OHbA2v5UBnNQ/s3zgG/iWNpgi7zUQSsw==
=lkY6
-----END PGP PUBLIC KEY BLOCK-----
[Client] 2021/04/15 18:23:38 stats,1,150,2.150809
Wall-clock time to retrieve the key: 2.15080942s
[Client] 2021/04/15 18:23:43 sent databaseInfo request to 10.90.36.39:50051
[Client] 2021/04/15 18:23:43 sent databaseInfo request to 10.90.36.38:50050
[Client] 2021/04/15 18:23:43 databaseInfo: &database.Info{NumRows:597, NumColumns:597, BlockSize:35257, PIRType:"", Auth:(*database.Auth)(nil), Merkle:(*database.Merkle)(0xc000318140), DataEmbedding:(*database.DataEmbedding)(nil), LatParams:(*bfv.Parameters)(nil)}
[Client] 2021/04/15 18:23:43 id: alex.braulio@varidi.com, hashKey: 181716
[Client] 2021/04/15 18:23:43 done with queries computation
[Client] 2021/04/15 18:23:45 sent query to 10.90.36.38:50050
[Client] 2021/04/15 18:23:45 query size in bytes 75
[Client] 2021/04/15 18:23:45 sent query to 10.90.36.39:50051
[Client] 2021/04/15 18:23:45 query size in bytes 75
[Client] 2021/04/15 18:23:45 done with block reconstruction
[Client] 2021/04/15 18:23:45 PGP key retrieved from block
-----BEGIN PGP PUBLIC KEY BLOCK-----
Comment: Retrieved with VPIR

xsBNBFvpyEwBCACwnbagSMWW6QMipo7nn0igJ4G5FNHtfz2AcRgB+JQGVh1B/DMm
JX4iWz/IGppRnNFZR+UtMJNIXdEysCT50ynCS3b84qW5/6mciPBf/zWx3lVi/zK7
DeuShUJP9C5730fjJuFOWgvnDs7Rw2ZPgqnPVep9JpQiNH4/xB3DcRLR3zuD6MPY
3l0EPMqGCS1fs3ZBXi+OkGrE25Olm6+gBBwRM80UHY42ck8ftPGOuX+BeuuZC/DS
EWYwVPKSSEdERIX7fes+SUk8BZoNuWD0ePhT9tVn0G/a0eVgciuDkGrDc4JymjKG
dKgeTu9pjxBT55JeQ/fr3YhDyqIKYn5CyH1LABEBAAHNJkFsZXggQnJhdWxpbyA8
YWxleC5icmF1bGlvQHZhcmlkaS5jb20+wsCUBBMBCAA+FiEEn0f4635JJda7Wpyx
+P2NKP2TF0cFAlvpyEwCGwMFCQPDy/QFCwkIBwIGFQoJCAsCBBYCAwECHgECF4AA
CgkQ+P2NKP2TF0fingf/TmSTfN/Xg+P9dKSEKMSfh0iVW9zOT2iJssC+Me4V1Z2w
VTxDA6cwm1xt/Np0wLtKyRGu2/IqgUzyD3DoVPmUsy00YbWhUOT2Ty/S3i+G5A+K
FPxtZlrMSlBBYogUWqDnuwqTQwoP2IWRG6oMEZVB6h0Fy/WrfTURTbznkxeAwYQj
OP3ydiHrid98djLEuuf1huNrdYksr2UELng3zRQvRgmxetYJd7FQpHfACHC/ukCo
xIuEKsLM3iKA2hDBDjdIAcdzx47M6px4HpHLAHEE4o/xjl3V1nPfKS8bp8BrriLp
lQSkVXMLj8OHbA2v5UBnNQ/s3zgG/iWNpgi7zUQSsw==
=lkY6
-----END PGP PUBLIC KEY BLOCK-----
[Client] 2021/04/15 18:23:45 stats,1,150,2.026560
Wall-clock time to retrieve the key: 2.026560145s
[Client] 2021/04/15 18:23:50 sent databaseInfo request to 10.90.36.39:50051
[Client] 2021/04/15 18:23:50 sent databaseInfo request to 10.90.36.38:50050
[Client] 2021/04/15 18:23:50 databaseInfo: &database.Info{NumRows:597, NumColumns:597, BlockSize:35257, PIRType:"", Auth:(*database.Auth)(nil), Merkle:(*database.Merkle)(0xc00011e260), DataEmbedding:(*database.DataEmbedding)(nil), LatParams:(*bfv.Parameters)(nil)}
[Client] 2021/04/15 18:23:50 id: alex.braulio@varidi.com, hashKey: 181716
[Client] 2021/04/15 18:23:50 done with queries computation
[Client] 2021/04/15 18:23:52 sent query to 10.90.36.39:50051
[Client] 2021/04/15 18:23:52 query size in bytes 75
[Client] 2021/04/15 18:23:52 sent query to 10.90.36.38:50050
[Client] 2021/04/15 18:23:52 query size in bytes 75
[Client] 2021/04/15 18:23:52 done with block reconstruction
[Client] 2021/04/15 18:23:52 PGP key retrieved from block
-----BEGIN PGP PUBLIC KEY BLOCK-----
Comment: Retrieved with VPIR

xsBNBFvpyEwBCACwnbagSMWW6QMipo7nn0igJ4G5FNHtfz2AcRgB+JQGVh1B/DMm
JX4iWz/IGppRnNFZR+UtMJNIXdEysCT50ynCS3b84qW5/6mciPBf/zWx3lVi/zK7
DeuShUJP9C5730fjJuFOWgvnDs7Rw2ZPgqnPVep9JpQiNH4/xB3DcRLR3zuD6MPY
3l0EPMqGCS1fs3ZBXi+OkGrE25Olm6+gBBwRM80UHY42ck8ftPGOuX+BeuuZC/DS
EWYwVPKSSEdERIX7fes+SUk8BZoNuWD0ePhT9tVn0G/a0eVgciuDkGrDc4JymjKG
dKgeTu9pjxBT55JeQ/fr3YhDyqIKYn5CyH1LABEBAAHNJkFsZXggQnJhdWxpbyA8
YWxleC5icmF1bGlvQHZhcmlkaS5jb20+wsCUBBMBCAA+FiEEn0f4635JJda7Wpyx
+P2NKP2TF0cFAlvpyEwCGwMFCQPDy/QFCwkIBwIGFQoJCAsCBBYCAwECHgECF4AA
CgkQ+P2NKP2TF0fingf/TmSTfN/Xg+P9dKSEKMSfh0iVW9zOT2iJssC+Me4V1Z2w
VTxDA6cwm1xt/Np0wLtKyRGu2/IqgUzyD3DoVPmUsy00YbWhUOT2Ty/S3i+G5A+K
FPxtZlrMSlBBYogUWqDnuwqTQwoP2IWRG6oMEZVB6h0Fy/WrfTURTbznkxeAwYQj
OP3ydiHrid98djLEuuf1huNrdYksr2UELng3zRQvRgmxetYJd7FQpHfACHC/ukCo
xIuEKsLM3iKA2hDBDjdIAcdzx47M6px4HpHLAHEE4o/xjl3V1nPfKS8bp8BrriLp
lQSkVXMLj8OHbA2v5UBnNQ/s3zgG/iWNpgi7zUQSsw==
=lkY6
-----END PGP PUBLIC KEY BLOCK-----
[Client] 2021/04/15 18:23:52 stats,1,150,2.275034
Wall-clock time to retrieve the key: 2.275034176s
[Client] 2021/04/15 18:23:57 sent databaseInfo request to 10.90.36.38:50050
[Client] 2021/04/15 18:23:57 sent databaseInfo request to 10.90.36.39:50051
[Client] 2021/04/15 18:23:57 databaseInfo: &database.Info{NumRows:597, NumColumns:597, BlockSize:35257, PIRType:"", Auth:(*database.Auth)(nil), Merkle:(*database.Merkle)(0xc0003d2080), DataEmbedding:(*database.DataEmbedding)(nil), LatParams:(*bfv.Parameters)(nil)}
[Client] 2021/04/15 18:23:57 id: alex.braulio@varidi.com, hashKey: 181716
[Client] 2021/04/15 18:23:57 done with queries computation
[Client] 2021/04/15 18:23:59 sent query to 10.90.36.38:50050
[Client] 2021/04/15 18:23:59 query size in bytes 75
[Client] 2021/04/15 18:23:59 sent query to 10.90.36.39:50051
[Client] 2021/04/15 18:23:59 query size in bytes 75
[Client] 2021/04/15 18:23:59 done with block reconstruction
[Client] 2021/04/15 18:23:59 PGP key retrieved from block
-----BEGIN PGP PUBLIC KEY BLOCK-----
Comment: Retrieved with VPIR

xsBNBFvpyEwBCACwnbagSMWW6QMipo7nn0igJ4G5FNHtfz2AcRgB+JQGVh1B/DMm
JX4iWz/IGppRnNFZR+UtMJNIXdEysCT50ynCS3b84qW5/6mciPBf/zWx3lVi/zK7
DeuShUJP9C5730fjJuFOWgvnDs7Rw2ZPgqnPVep9JpQiNH4/xB3DcRLR3zuD6MPY
3l0EPMqGCS1fs3ZBXi+OkGrE25Olm6+gBBwRM80UHY42ck8ftPGOuX+BeuuZC/DS
EWYwVPKSSEdERIX7fes+SUk8BZoNuWD0ePhT9tVn0G/a0eVgciuDkGrDc4JymjKG
dKgeTu9pjxBT55JeQ/fr3YhDyqIKYn5CyH1LABEBAAHNJkFsZXggQnJhdWxpbyA8
YWxleC5icmF1bGlvQHZhcmlkaS5jb20+wsCUBBMBCAA+FiEEn0f4635JJda7Wpyx
+P2NKP2TF0cFAlvpyEwCGwMFCQPDy/QFCwkIBwIGFQoJCAsCBBYCAwECHgECF4AA
CgkQ+P2NKP2TF0fingf/TmSTfN/Xg+P9dKSEKMSfh0iVW9zOT2iJssC+Me4V1Z2w
VTxDA6cwm1xt/Np0wLtKyRGu2/IqgUzyD3DoVPmUsy00YbWhUOT2Ty/S3i+G5A+K
FPxtZlrMSlBBYogUWqDnuwqTQwoP2IWRG6oMEZVB6h0Fy/WrfTURTbznkxeAwYQj
OP3ydiHrid98djLEuuf1huNrdYksr2UELng3zRQvRgmxetYJd7FQpHfACHC/ukCo
xIuEKsLM3iKA2hDBDjdIAcdzx47M6px4HpHLAHEE4o/xjl3V1nPfKS8bp8BrriLp
lQSkVXMLj8OHbA2v5UBnNQ/s3zgG/iWNpgi7zUQSsw==
=lkY6
-----END PGP PUBLIC KEY BLOCK-----
[Client] 2021/04/15 18:23:59 stats,1,150,1.851918
Wall-clock time to retrieve the key: 1.851917627s
[Client] 2021/04/15 18:24:04 sent databaseInfo request to 10.90.36.39:50051
[Client] 2021/04/15 18:24:04 sent databaseInfo request to 10.90.36.38:50050
[Client] 2021/04/15 18:24:04 databaseInfo: &database.Info{NumRows:597, NumColumns:597, BlockSize:35257, PIRType:"", Auth:(*database.Auth)(nil), Merkle:(*database.Merkle)(0xc0000d0240), DataEmbedding:(*database.DataEmbedding)(nil), LatParams:(*bfv.Parameters)(nil)}
[Client] 2021/04/15 18:24:04 id: alex.braulio@varidi.com, hashKey: 181716
[Client] 2021/04/15 18:24:04 done with queries computation
[Client] 2021/04/15 18:24:06 sent query to 10.90.36.39:50051
[Client] 2021/04/15 18:24:06 query size in bytes 75
[Client] 2021/04/15 18:24:07 sent query to 10.90.36.38:50050
[Client] 2021/04/15 18:24:07 query size in bytes 75
[Client] 2021/04/15 18:24:07 done with block reconstruction
[Client] 2021/04/15 18:24:07 PGP key retrieved from block
-----BEGIN PGP PUBLIC KEY BLOCK-----
Comment: Retrieved with VPIR

xsBNBFvpyEwBCACwnbagSMWW6QMipo7nn0igJ4G5FNHtfz2AcRgB+JQGVh1B/DMm
JX4iWz/IGppRnNFZR+UtMJNIXdEysCT50ynCS3b84qW5/6mciPBf/zWx3lVi/zK7
DeuShUJP9C5730fjJuFOWgvnDs7Rw2ZPgqnPVep9JpQiNH4/xB3DcRLR3zuD6MPY
3l0EPMqGCS1fs3ZBXi+OkGrE25Olm6+gBBwRM80UHY42ck8ftPGOuX+BeuuZC/DS
EWYwVPKSSEdERIX7fes+SUk8BZoNuWD0ePhT9tVn0G/a0eVgciuDkGrDc4JymjKG
dKgeTu9pjxBT55JeQ/fr3YhDyqIKYn5CyH1LABEBAAHNJkFsZXggQnJhdWxpbyA8
YWxleC5icmF1bGlvQHZhcmlkaS5jb20+wsCUBBMBCAA+FiEEn0f4635JJda7Wpyx
+P2NKP2TF0cFAlvpyEwCGwMFCQPDy/QFCwkIBwIGFQoJCAsCBBYCAwECHgECF4AA
CgkQ+P2NKP2TF0fingf/TmSTfN/Xg+P9dKSEKMSfh0iVW9zOT2iJssC+Me4V1Z2w
VTxDA6cwm1xt/Np0wLtKyRGu2/IqgUzyD3DoVPmUsy00YbWhUOT2Ty/S3i+G5A+K
FPxtZlrMSlBBYogUWqDnuwqTQwoP2IWRG6oMEZVB6h0Fy/WrfTURTbznkxeAwYQj
OP3ydiHrid98djLEuuf1huNrdYksr2UELng3zRQvRgmxetYJd7FQpHfACHC/ukCo
xIuEKsLM3iKA2hDBDjdIAcdzx47M6px4HpHLAHEE4o/xjl3V1nPfKS8bp8BrriLp
lQSkVXMLj8OHbA2v5UBnNQ/s3zgG/iWNpgi7zUQSsw==
=lkY6
-----END PGP PUBLIC KEY BLOCK-----
[Client] 2021/04/15 18:24:07 stats,1,150,3.092395
Wall-clock time to retrieve the key: 3.092394517s
[Client] 2021/04/15 18:24:12 sent databaseInfo request to 10.90.36.39:50051
[Client] 2021/04/15 18:24:12 sent databaseInfo request to 10.90.36.38:50050
[Client] 2021/04/15 18:24:12 databaseInfo: &database.Info{NumRows:597, NumColumns:597, BlockSize:35257, PIRType:"", Auth:(*database.Auth)(nil), Merkle:(*database.Merkle)(0xc000290220), DataEmbedding:(*database.DataEmbedding)(nil), LatParams:(*bfv.Parameters)(nil)}
[Client] 2021/04/15 18:24:12 id: alex.braulio@varidi.com, hashKey: 181716
[Client] 2021/04/15 18:24:12 done with queries computation
[Client] 2021/04/15 18:24:14 sent query to 10.90.36.38:50050
[Client] 2021/04/15 18:24:14 query size in bytes 75
[Client] 2021/04/15 18:24:14 sent query to 10.90.36.39:50051
[Client] 2021/04/15 18:24:14 query size in bytes 75
[Client] 2021/04/15 18:24:14 done with block reconstruction
[Client] 2021/04/15 18:24:14 PGP key retrieved from block
-----BEGIN PGP PUBLIC KEY BLOCK-----
Comment: Retrieved with VPIR

xsBNBFvpyEwBCACwnbagSMWW6QMipo7nn0igJ4G5FNHtfz2AcRgB+JQGVh1B/DMm
JX4iWz/IGppRnNFZR+UtMJNIXdEysCT50ynCS3b84qW5/6mciPBf/zWx3lVi/zK7
DeuShUJP9C5730fjJuFOWgvnDs7Rw2ZPgqnPVep9JpQiNH4/xB3DcRLR3zuD6MPY
3l0EPMqGCS1fs3ZBXi+OkGrE25Olm6+gBBwRM80UHY42ck8ftPGOuX+BeuuZC/DS
EWYwVPKSSEdERIX7fes+SUk8BZoNuWD0ePhT9tVn0G/a0eVgciuDkGrDc4JymjKG
dKgeTu9pjxBT55JeQ/fr3YhDyqIKYn5CyH1LABEBAAHNJkFsZXggQnJhdWxpbyA8
YWxleC5icmF1bGlvQHZhcmlkaS5jb20+wsCUBBMBCAA+FiEEn0f4635JJda7Wpyx
+P2NKP2TF0cFAlvpyEwCGwMFCQPDy/QFCwkIBwIGFQoJCAsCBBYCAwECHgECF4AA
CgkQ+P2NKP2TF0fingf/TmSTfN/Xg+P9dKSEKMSfh0iVW9zOT2iJssC+Me4V1Z2w
VTxDA6cwm1xt/Np0wLtKyRGu2/IqgUzyD3DoVPmUsy00YbWhUOT2Ty/S3i+G5A+K
FPxtZlrMSlBBYogUWqDnuwqTQwoP2IWRG6oMEZVB6h0Fy/WrfTURTbznkxeAwYQj
OP3ydiHrid98djLEuuf1huNrdYksr2UELng3zRQvRgmxetYJd7FQpHfACHC/ukCo
xIuEKsLM3iKA2hDBDjdIAcdzx47M6px4HpHLAHEE4o/xjl3V1nPfKS8bp8BrriLp
lQSkVXMLj8OHbA2v5UBnNQ/s3zgG/iWNpgi7zUQSsw==
=lkY6
-----END PGP PUBLIC KEY BLOCK-----
[Client] 2021/04/15 18:24:14 stats,1,150,1.918018
Wall-clock time to retrieve the key: 1.918017831s
[Client] 2021/04/15 18:24:19 sent databaseInfo request to 10.90.36.39:50051
[Client] 2021/04/15 18:24:19 sent databaseInfo request to 10.90.36.38:50050
[Client] 2021/04/15 18:24:19 databaseInfo: &database.Info{NumRows:597, NumColumns:597, BlockSize:35257, PIRType:"", Auth:(*database.Auth)(nil), Merkle:(*database.Merkle)(0xc0002980a0), DataEmbedding:(*database.DataEmbedding)(nil), LatParams:(*bfv.Parameters)(nil)}
[Client] 2021/04/15 18:24:19 id: alex.braulio@varidi.com, hashKey: 181716
[Client] 2021/04/15 18:24:19 done with queries computation
[Client] 2021/04/15 18:24:21 sent query to 10.90.36.39:50051
[Client] 2021/04/15 18:24:21 query size in bytes 75
[Client] 2021/04/15 18:24:22 sent query to 10.90.36.38:50050
[Client] 2021/04/15 18:24:22 query size in bytes 75
[Client] 2021/04/15 18:24:22 done with block reconstruction
[Client] 2021/04/15 18:24:22 PGP key retrieved from block
-----BEGIN PGP PUBLIC KEY BLOCK-----
Comment: Retrieved with VPIR

xsBNBFvpyEwBCACwnbagSMWW6QMipo7nn0igJ4G5FNHtfz2AcRgB+JQGVh1B/DMm
JX4iWz/IGppRnNFZR+UtMJNIXdEysCT50ynCS3b84qW5/6mciPBf/zWx3lVi/zK7
DeuShUJP9C5730fjJuFOWgvnDs7Rw2ZPgqnPVep9JpQiNH4/xB3DcRLR3zuD6MPY
3l0EPMqGCS1fs3ZBXi+OkGrE25Olm6+gBBwRM80UHY42ck8ftPGOuX+BeuuZC/DS
EWYwVPKSSEdERIX7fes+SUk8BZoNuWD0ePhT9tVn0G/a0eVgciuDkGrDc4JymjKG
dKgeTu9pjxBT55JeQ/fr3YhDyqIKYn5CyH1LABEBAAHNJkFsZXggQnJhdWxpbyA8
YWxleC5icmF1bGlvQHZhcmlkaS5jb20+wsCUBBMBCAA+FiEEn0f4635JJda7Wpyx
+P2NKP2TF0cFAlvpyEwCGwMFCQPDy/QFCwkIBwIGFQoJCAsCBBYCAwECHgECF4AA
CgkQ+P2NKP2TF0fingf/TmSTfN/Xg+P9dKSEKMSfh0iVW9zOT2iJssC+Me4V1Z2w
VTxDA6cwm1xt/Np0wLtKyRGu2/IqgUzyD3DoVPmUsy00YbWhUOT2Ty/S3i+G5A+K
FPxtZlrMSlBBYogUWqDnuwqTQwoP2IWRG6oMEZVB6h0Fy/WrfTURTbznkxeAwYQj
OP3ydiHrid98djLEuuf1huNrdYksr2UELng3zRQvRgmxetYJd7FQpHfACHC/ukCo
xIuEKsLM3iKA2hDBDjdIAcdzx47M6px4HpHLAHEE4o/xjl3V1nPfKS8bp8BrriLp
lQSkVXMLj8OHbA2v5UBnNQ/s3zgG/iWNpgi7zUQSsw==
=lkY6
-----END PGP PUBLIC KEY BLOCK-----
[Client] 2021/04/15 18:24:22 stats,1,150,2.948241
Wall-clock time to retrieve the key: 2.948240692s
[Client] 2021/04/15 18:24:27 sent databaseInfo request to 10.90.36.38:50050
[Client] 2021/04/15 18:24:27 sent databaseInfo request to 10.90.36.39:50051
[Client] 2021/04/15 18:24:27 databaseInfo: &database.Info{NumRows:597, NumColumns:597, BlockSize:35257, PIRType:"", Auth:(*database.Auth)(nil), Merkle:(*database.Merkle)(0xc0003e8080), DataEmbedding:(*database.DataEmbedding)(nil), LatParams:(*bfv.Parameters)(nil)}
[Client] 2021/04/15 18:24:27 id: alex.braulio@varidi.com, hashKey: 181716
[Client] 2021/04/15 18:24:27 done with queries computation
[Client] 2021/04/15 18:24:29 sent query to 10.90.36.39:50051
[Client] 2021/04/15 18:24:29 query size in bytes 75
[Client] 2021/04/15 18:24:29 sent query to 10.90.36.38:50050
[Client] 2021/04/15 18:24:29 query size in bytes 75
[Client] 2021/04/15 18:24:30 done with block reconstruction
[Client] 2021/04/15 18:24:30 PGP key retrieved from block
-----BEGIN PGP PUBLIC KEY BLOCK-----
Comment: Retrieved with VPIR

xsBNBFvpyEwBCACwnbagSMWW6QMipo7nn0igJ4G5FNHtfz2AcRgB+JQGVh1B/DMm
JX4iWz/IGppRnNFZR+UtMJNIXdEysCT50ynCS3b84qW5/6mciPBf/zWx3lVi/zK7
DeuShUJP9C5730fjJuFOWgvnDs7Rw2ZPgqnPVep9JpQiNH4/xB3DcRLR3zuD6MPY
3l0EPMqGCS1fs3ZBXi+OkGrE25Olm6+gBBwRM80UHY42ck8ftPGOuX+BeuuZC/DS
EWYwVPKSSEdERIX7fes+SUk8BZoNuWD0ePhT9tVn0G/a0eVgciuDkGrDc4JymjKG
dKgeTu9pjxBT55JeQ/fr3YhDyqIKYn5CyH1LABEBAAHNJkFsZXggQnJhdWxpbyA8
YWxleC5icmF1bGlvQHZhcmlkaS5jb20+wsCUBBMBCAA+FiEEn0f4635JJda7Wpyx
+P2NKP2TF0cFAlvpyEwCGwMFCQPDy/QFCwkIBwIGFQoJCAsCBBYCAwECHgECF4AA
CgkQ+P2NKP2TF0fingf/TmSTfN/Xg+P9dKSEKMSfh0iVW9zOT2iJssC+Me4V1Z2w
VTxDA6cwm1xt/Np0wLtKyRGu2/IqgUzyD3DoVPmUsy00YbWhUOT2Ty/S3i+G5A+K
FPxtZlrMSlBBYogUWqDnuwqTQwoP2IWRG6oMEZVB6h0Fy/WrfTURTbznkxeAwYQj
OP3ydiHrid98djLEuuf1huNrdYksr2UELng3zRQvRgmxetYJd7FQpHfACHC/ukCo
xIuEKsLM3iKA2hDBDjdIAcdzx47M6px4HpHLAHEE4o/xjl3V1nPfKS8bp8BrriLp
lQSkVXMLj8OHbA2v5UBnNQ/s3zgG/iWNpgi7zUQSsw==
=lkY6
-----END PGP PUBLIC KEY BLOCK-----
[Client] 2021/04/15 18:24:30 stats,1,150,2.361730
Wall-clock time to retrieve the key: 2.361730364s
[Client] 2021/04/15 18:24:35 sent databaseInfo request to 10.90.36.38:50050
[Client] 2021/04/15 18:24:35 sent databaseInfo request to 10.90.36.39:50051
[Client] 2021/04/15 18:24:35 databaseInfo: &database.Info{NumRows:597, NumColumns:597, BlockSize:35257, PIRType:"", Auth:(*database.Auth)(nil), Merkle:(*database.Merkle)(0xc0001632a0), DataEmbedding:(*database.DataEmbedding)(nil), LatParams:(*bfv.Parameters)(nil)}
[Client] 2021/04/15 18:24:35 id: alex.braulio@varidi.com, hashKey: 181716
[Client] 2021/04/15 18:24:35 done with queries computation
[Client] 2021/04/15 18:24:36 sent query to 10.90.36.39:50051
[Client] 2021/04/15 18:24:36 query size in bytes 75
[Client] 2021/04/15 18:24:37 sent query to 10.90.36.38:50050
[Client] 2021/04/15 18:24:37 query size in bytes 75
[Client] 2021/04/15 18:24:37 done with block reconstruction
[Client] 2021/04/15 18:24:37 PGP key retrieved from block
-----BEGIN PGP PUBLIC KEY BLOCK-----
Comment: Retrieved with VPIR

xsBNBFvpyEwBCACwnbagSMWW6QMipo7nn0igJ4G5FNHtfz2AcRgB+JQGVh1B/DMm
JX4iWz/IGppRnNFZR+UtMJNIXdEysCT50ynCS3b84qW5/6mciPBf/zWx3lVi/zK7
DeuShUJP9C5730fjJuFOWgvnDs7Rw2ZPgqnPVep9JpQiNH4/xB3DcRLR3zuD6MPY
3l0EPMqGCS1fs3ZBXi+OkGrE25Olm6+gBBwRM80UHY42ck8ftPGOuX+BeuuZC/DS
EWYwVPKSSEdERIX7fes+SUk8BZoNuWD0ePhT9tVn0G/a0eVgciuDkGrDc4JymjKG
dKgeTu9pjxBT55JeQ/fr3YhDyqIKYn5CyH1LABEBAAHNJkFsZXggQnJhdWxpbyA8
YWxleC5icmF1bGlvQHZhcmlkaS5jb20+wsCUBBMBCAA+FiEEn0f4635JJda7Wpyx
+P2NKP2TF0cFAlvpyEwCGwMFCQPDy/QFCwkIBwIGFQoJCAsCBBYCAwECHgECF4AA
CgkQ+P2NKP2TF0fingf/TmSTfN/Xg+P9dKSEKMSfh0iVW9zOT2iJssC+Me4V1Z2w
VTxDA6cwm1xt/Np0wLtKyRGu2/IqgUzyD3DoVPmUsy00YbWhUOT2Ty/S3i+G5A+K
FPxtZlrMSlBBYogUWqDnuwqTQwoP2IWRG6oMEZVB6h0Fy/WrfTURTbznkxeAwYQj
OP3ydiHrid98djLEuuf1huNrdYksr2UELng3zRQvRgmxetYJd7FQpHfACHC/ukCo
xIuEKsLM3iKA2hDBDjdIAcdzx47M6px4HpHLAHEE4o/xjl3V1nPfKS8bp8BrriLp
lQSkVXMLj8OHbA2v5UBnNQ/s3zgG/iWNpgi7zUQSsw==
=lkY6
-----END PGP PUBLIC KEY BLOCK-----
[Client] 2021/04/15 18:24:37 stats,1,150,2.103993
Wall-clock time to retrieve the key: 2.103992873s
[Client] 2021/04/15 18:24:42 sent databaseInfo request to 10.90.36.38:50050
[Client] 2021/04/15 18:24:42 sent databaseInfo request to 10.90.36.39:50051
[Client] 2021/04/15 18:24:42 databaseInfo: &database.Info{NumRows:597, NumColumns:597, BlockSize:35257, PIRType:"", Auth:(*database.Auth)(nil), Merkle:(*database.Merkle)(0xc00029a160), DataEmbedding:(*database.DataEmbedding)(nil), LatParams:(*bfv.Parameters)(nil)}
[Client] 2021/04/15 18:24:42 id: alex.braulio@varidi.com, hashKey: 181716
[Client] 2021/04/15 18:24:42 done with queries computation
[Client] 2021/04/15 18:24:44 sent query to 10.90.36.39:50051
[Client] 2021/04/15 18:24:44 query size in bytes 75
[Client] 2021/04/15 18:24:44 sent query to 10.90.36.38:50050
[Client] 2021/04/15 18:24:44 query size in bytes 75
[Client] 2021/04/15 18:24:44 done with block reconstruction
[Client] 2021/04/15 18:24:44 PGP key retrieved from block
-----BEGIN PGP PUBLIC KEY BLOCK-----
Comment: Retrieved with VPIR

xsBNBFvpyEwBCACwnbagSMWW6QMipo7nn0igJ4G5FNHtfz2AcRgB+JQGVh1B/DMm
JX4iWz/IGppRnNFZR+UtMJNIXdEysCT50ynCS3b84qW5/6mciPBf/zWx3lVi/zK7
DeuShUJP9C5730fjJuFOWgvnDs7Rw2ZPgqnPVep9JpQiNH4/xB3DcRLR3zuD6MPY
3l0EPMqGCS1fs3ZBXi+OkGrE25Olm6+gBBwRM80UHY42ck8ftPGOuX+BeuuZC/DS
EWYwVPKSSEdERIX7fes+SUk8BZoNuWD0ePhT9tVn0G/a0eVgciuDkGrDc4JymjKG
dKgeTu9pjxBT55JeQ/fr3YhDyqIKYn5CyH1LABEBAAHNJkFsZXggQnJhdWxpbyA8
YWxleC5icmF1bGlvQHZhcmlkaS5jb20+wsCUBBMBCAA+FiEEn0f4635JJda7Wpyx
+P2NKP2TF0cFAlvpyEwCGwMFCQPDy/QFCwkIBwIGFQoJCAsCBBYCAwECHgECF4AA
CgkQ+P2NKP2TF0fingf/TmSTfN/Xg+P9dKSEKMSfh0iVW9zOT2iJssC+Me4V1Z2w
VTxDA6cwm1xt/Np0wLtKyRGu2/IqgUzyD3DoVPmUsy00YbWhUOT2Ty/S3i+G5A+K
FPxtZlrMSlBBYogUWqDnuwqTQwoP2IWRG6oMEZVB6h0Fy/WrfTURTbznkxeAwYQj
OP3ydiHrid98djLEuuf1huNrdYksr2UELng3zRQvRgmxetYJd7FQpHfACHC/ukCo
xIuEKsLM3iKA2hDBDjdIAcdzx47M6px4HpHLAHEE4o/xjl3V1nPfKS8bp8BrriLp
lQSkVXMLj8OHbA2v5UBnNQ/s3zgG/iWNpgi7zUQSsw==
=lkY6
-----END PGP PUBLIC KEY BLOCK-----
[Client] 2021/04/15 18:24:44 stats,1,150,2.690042
Wall-clock time to retrieve the key: 2.690042401s
[Client] 2021/04/15 18:24:49 sent databaseInfo request to 10.90.36.39:50051
[Client] 2021/04/15 18:24:49 sent databaseInfo request to 10.90.36.38:50050
[Client] 2021/04/15 18:24:49 databaseInfo: &database.Info{NumRows:597, NumColumns:597, BlockSize:35257, PIRType:"", Auth:(*database.Auth)(nil), Merkle:(*database.Merkle)(0xc0000d0460), DataEmbedding:(*database.DataEmbedding)(nil), LatParams:(*bfv.Parameters)(nil)}
[Client] 2021/04/15 18:24:49 id: alex.braulio@varidi.com, hashKey: 181716
[Client] 2021/04/15 18:24:49 done with queries computation
[Client] 2021/04/15 18:24:51 sent query to 10.90.36.38:50050
[Client] 2021/04/15 18:24:51 query size in bytes 75
[Client] 2021/04/15 18:24:52 sent query to 10.90.36.39:50051
[Client] 2021/04/15 18:24:52 query size in bytes 75
[Client] 2021/04/15 18:24:52 done with block reconstruction
[Client] 2021/04/15 18:24:52 PGP key retrieved from block
-----BEGIN PGP PUBLIC KEY BLOCK-----
Comment: Retrieved with VPIR

xsBNBFvpyEwBCACwnbagSMWW6QMipo7nn0igJ4G5FNHtfz2AcRgB+JQGVh1B/DMm
JX4iWz/IGppRnNFZR+UtMJNIXdEysCT50ynCS3b84qW5/6mciPBf/zWx3lVi/zK7
DeuShUJP9C5730fjJuFOWgvnDs7Rw2ZPgqnPVep9JpQiNH4/xB3DcRLR3zuD6MPY
3l0EPMqGCS1fs3ZBXi+OkGrE25Olm6+gBBwRM80UHY42ck8ftPGOuX+BeuuZC/DS
EWYwVPKSSEdERIX7fes+SUk8BZoNuWD0ePhT9tVn0G/a0eVgciuDkGrDc4JymjKG
dKgeTu9pjxBT55JeQ/fr3YhDyqIKYn5CyH1LABEBAAHNJkFsZXggQnJhdWxpbyA8
YWxleC5icmF1bGlvQHZhcmlkaS5jb20+wsCUBBMBCAA+FiEEn0f4635JJda7Wpyx
+P2NKP2TF0cFAlvpyEwCGwMFCQPDy/QFCwkIBwIGFQoJCAsCBBYCAwECHgECF4AA
CgkQ+P2NKP2TF0fingf/TmSTfN/Xg+P9dKSEKMSfh0iVW9zOT2iJssC+Me4V1Z2w
VTxDA6cwm1xt/Np0wLtKyRGu2/IqgUzyD3DoVPmUsy00YbWhUOT2Ty/S3i+G5A+K
FPxtZlrMSlBBYogUWqDnuwqTQwoP2IWRG6oMEZVB6h0Fy/WrfTURTbznkxeAwYQj
OP3ydiHrid98djLEuuf1huNrdYksr2UELng3zRQvRgmxetYJd7FQpHfACHC/ukCo
xIuEKsLM3iKA2hDBDjdIAcdzx47M6px4HpHLAHEE4o/xjl3V1nPfKS8bp8BrriLp
lQSkVXMLj8OHbA2v5UBnNQ/s3zgG/iWNpgi7zUQSsw==
=lkY6
-----END PGP PUBLIC KEY BLOCK-----
[Client] 2021/04/15 18:24:52 stats,1,150,2.255386
Wall-clock time to retrieve the key: 2.255385532s
[Client] 2021/04/15 18:24:57 sent databaseInfo request to 10.90.36.38:50050
[Client] 2021/04/15 18:24:57 sent databaseInfo request to 10.90.36.39:50051
[Client] 2021/04/15 18:24:57 databaseInfo: &database.Info{NumRows:597, NumColumns:597, BlockSize:35257, PIRType:"", Auth:(*database.Auth)(nil), Merkle:(*database.Merkle)(0xc000163280), DataEmbedding:(*database.DataEmbedding)(nil), LatParams:(*bfv.Parameters)(nil)}
[Client] 2021/04/15 18:24:57 id: alex.braulio@varidi.com, hashKey: 181716
[Client] 2021/04/15 18:24:57 done with queries computation
[Client] 2021/04/15 18:24:59 sent query to 10.90.36.39:50051
[Client] 2021/04/15 18:24:59 query size in bytes 75
[Client] 2021/04/15 18:24:59 sent query to 10.90.36.38:50050
[Client] 2021/04/15 18:24:59 query size in bytes 75
[Client] 2021/04/15 18:24:59 done with block reconstruction
[Client] 2021/04/15 18:24:59 PGP key retrieved from block
-----BEGIN PGP PUBLIC KEY BLOCK-----
Comment: Retrieved with VPIR

xsBNBFvpyEwBCACwnbagSMWW6QMipo7nn0igJ4G5FNHtfz2AcRgB+JQGVh1B/DMm
JX4iWz/IGppRnNFZR+UtMJNIXdEysCT50ynCS3b84qW5/6mciPBf/zWx3lVi/zK7
DeuShUJP9C5730fjJuFOWgvnDs7Rw2ZPgqnPVep9JpQiNH4/xB3DcRLR3zuD6MPY
3l0EPMqGCS1fs3ZBXi+OkGrE25Olm6+gBBwRM80UHY42ck8ftPGOuX+BeuuZC/DS
EWYwVPKSSEdERIX7fes+SUk8BZoNuWD0ePhT9tVn0G/a0eVgciuDkGrDc4JymjKG
dKgeTu9pjxBT55JeQ/fr3YhDyqIKYn5CyH1LABEBAAHNJkFsZXggQnJhdWxpbyA8
YWxleC5icmF1bGlvQHZhcmlkaS5jb20+wsCUBBMBCAA+FiEEn0f4635JJda7Wpyx
+P2NKP2TF0cFAlvpyEwCGwMFCQPDy/QFCwkIBwIGFQoJCAsCBBYCAwECHgECF4AA
CgkQ+P2NKP2TF0fingf/TmSTfN/Xg+P9dKSEKMSfh0iVW9zOT2iJssC+Me4V1Z2w
VTxDA6cwm1xt/Np0wLtKyRGu2/IqgUzyD3DoVPmUsy00YbWhUOT2Ty/S3i+G5A+K
FPxtZlrMSlBBYogUWqDnuwqTQwoP2IWRG6oMEZVB6h0Fy/WrfTURTbznkxeAwYQj
OP3ydiHrid98djLEuuf1huNrdYksr2UELng3zRQvRgmxetYJd7FQpHfACHC/ukCo
xIuEKsLM3iKA2hDBDjdIAcdzx47M6px4HpHLAHEE4o/xjl3V1nPfKS8bp8BrriLp
lQSkVXMLj8OHbA2v5UBnNQ/s3zgG/iWNpgi7zUQSsw==
=lkY6
-----END PGP PUBLIC KEY BLOCK-----
[Client] 2021/04/15 18:24:59 stats,1,150,2.595876
Wall-clock time to retrieve the key: 2.595875644s
[Client] 2021/04/15 18:25:04 sent databaseInfo request to 10.90.36.39:50051
[Client] 2021/04/15 18:25:04 sent databaseInfo request to 10.90.36.38:50050
[Client] 2021/04/15 18:25:04 databaseInfo: &database.Info{NumRows:597, NumColumns:597, BlockSize:35257, PIRType:"", Auth:(*database.Auth)(nil), Merkle:(*database.Merkle)(0xc00011e340), DataEmbedding:(*database.DataEmbedding)(nil), LatParams:(*bfv.Parameters)(nil)}
[Client] 2021/04/15 18:25:04 id: alex.braulio@varidi.com, hashKey: 181716
[Client] 2021/04/15 18:25:04 done with queries computation
[Client] 2021/04/15 18:25:06 sent query to 10.90.36.39:50051
[Client] 2021/04/15 18:25:06 query size in bytes 75
[Client] 2021/04/15 18:25:06 sent query to 10.90.36.38:50050
[Client] 2021/04/15 18:25:06 query size in bytes 75
[Client] 2021/04/15 18:25:06 done with block reconstruction
[Client] 2021/04/15 18:25:06 PGP key retrieved from block
-----BEGIN PGP PUBLIC KEY BLOCK-----
Comment: Retrieved with VPIR

xsBNBFvpyEwBCACwnbagSMWW6QMipo7nn0igJ4G5FNHtfz2AcRgB+JQGVh1B/DMm
JX4iWz/IGppRnNFZR+UtMJNIXdEysCT50ynCS3b84qW5/6mciPBf/zWx3lVi/zK7
DeuShUJP9C5730fjJuFOWgvnDs7Rw2ZPgqnPVep9JpQiNH4/xB3DcRLR3zuD6MPY
3l0EPMqGCS1fs3ZBXi+OkGrE25Olm6+gBBwRM80UHY42ck8ftPGOuX+BeuuZC/DS
EWYwVPKSSEdERIX7fes+SUk8BZoNuWD0ePhT9tVn0G/a0eVgciuDkGrDc4JymjKG
dKgeTu9pjxBT55JeQ/fr3YhDyqIKYn5CyH1LABEBAAHNJkFsZXggQnJhdWxpbyA8
YWxleC5icmF1bGlvQHZhcmlkaS5jb20+wsCUBBMBCAA+FiEEn0f4635JJda7Wpyx
+P2NKP2TF0cFAlvpyEwCGwMFCQPDy/QFCwkIBwIGFQoJCAsCBBYCAwECHgECF4AA
CgkQ+P2NKP2TF0fingf/TmSTfN/Xg+P9dKSEKMSfh0iVW9zOT2iJssC+Me4V1Z2w
VTxDA6cwm1xt/Np0wLtKyRGu2/IqgUzyD3DoVPmUsy00YbWhUOT2Ty/S3i+G5A+K
FPxtZlrMSlBBYogUWqDnuwqTQwoP2IWRG6oMEZVB6h0Fy/WrfTURTbznkxeAwYQj
OP3ydiHrid98djLEuuf1huNrdYksr2UELng3zRQvRgmxetYJd7FQpHfACHC/ukCo
xIuEKsLM3iKA2hDBDjdIAcdzx47M6px4HpHLAHEE4o/xjl3V1nPfKS8bp8BrriLp
lQSkVXMLj8OHbA2v5UBnNQ/s3zgG/iWNpgi7zUQSsw==
=lkY6
-----END PGP PUBLIC KEY BLOCK-----
[Client] 2021/04/15 18:25:06 stats,1,150,2.020481
Wall-clock time to retrieve the key: 2.020481317s
[Client] 2021/04/15 18:25:11 sent databaseInfo request to 10.90.36.39:50051
[Client] 2021/04/15 18:25:11 sent databaseInfo request to 10.90.36.38:50050
[Client] 2021/04/15 18:25:11 databaseInfo: &database.Info{NumRows:597, NumColumns:597, BlockSize:35257, PIRType:"", Auth:(*database.Auth)(nil), Merkle:(*database.Merkle)(0xc000440080), DataEmbedding:(*database.DataEmbedding)(nil), LatParams:(*bfv.Parameters)(nil)}
[Client] 2021/04/15 18:25:11 id: alex.braulio@varidi.com, hashKey: 181716
[Client] 2021/04/15 18:25:11 done with queries computation
[Client] 2021/04/15 18:25:13 sent query to 10.90.36.39:50051
[Client] 2021/04/15 18:25:13 query size in bytes 75
[Client] 2021/04/15 18:25:13 sent query to 10.90.36.38:50050
[Client] 2021/04/15 18:25:13 query size in bytes 75
[Client] 2021/04/15 18:25:13 done with block reconstruction
[Client] 2021/04/15 18:25:13 PGP key retrieved from block
-----BEGIN PGP PUBLIC KEY BLOCK-----
Comment: Retrieved with VPIR

xsBNBFvpyEwBCACwnbagSMWW6QMipo7nn0igJ4G5FNHtfz2AcRgB+JQGVh1B/DMm
JX4iWz/IGppRnNFZR+UtMJNIXdEysCT50ynCS3b84qW5/6mciPBf/zWx3lVi/zK7
DeuShUJP9C5730fjJuFOWgvnDs7Rw2ZPgqnPVep9JpQiNH4/xB3DcRLR3zuD6MPY
3l0EPMqGCS1fs3ZBXi+OkGrE25Olm6+gBBwRM80UHY42ck8ftPGOuX+BeuuZC/DS
EWYwVPKSSEdERIX7fes+SUk8BZoNuWD0ePhT9tVn0G/a0eVgciuDkGrDc4JymjKG
dKgeTu9pjxBT55JeQ/fr3YhDyqIKYn5CyH1LABEBAAHNJkFsZXggQnJhdWxpbyA8
YWxleC5icmF1bGlvQHZhcmlkaS5jb20+wsCUBBMBCAA+FiEEn0f4635JJda7Wpyx
+P2NKP2TF0cFAlvpyEwCGwMFCQPDy/QFCwkIBwIGFQoJCAsCBBYCAwECHgECF4AA
CgkQ+P2NKP2TF0fingf/TmSTfN/Xg+P9dKSEKMSfh0iVW9zOT2iJssC+Me4V1Z2w
VTxDA6cwm1xt/Np0wLtKyRGu2/IqgUzyD3DoVPmUsy00YbWhUOT2Ty/S3i+G5A+K
FPxtZlrMSlBBYogUWqDnuwqTQwoP2IWRG6oMEZVB6h0Fy/WrfTURTbznkxeAwYQj
OP3ydiHrid98djLEuuf1huNrdYksr2UELng3zRQvRgmxetYJd7FQpHfACHC/ukCo
xIuEKsLM3iKA2hDBDjdIAcdzx47M6px4HpHLAHEE4o/xjl3V1nPfKS8bp8BrriLp
lQSkVXMLj8OHbA2v5UBnNQ/s3zgG/iWNpgi7zUQSsw==
=lkY6
-----END PGP PUBLIC KEY BLOCK-----
[Client] 2021/04/15 18:25:13 stats,1,150,2.002401
Wall-clock time to retrieve the key: 2.002401175s
[Client] 2021/04/15 18:25:18 sent databaseInfo request to 10.90.36.38:50050
[Client] 2021/04/15 18:25:18 sent databaseInfo request to 10.90.36.39:50051
[Client] 2021/04/15 18:25:18 databaseInfo: &database.Info{NumRows:597, NumColumns:597, BlockSize:35257, PIRType:"", Auth:(*database.Auth)(nil), Merkle:(*database.Merkle)(0xc0000d1580), DataEmbedding:(*database.DataEmbedding)(nil), LatParams:(*bfv.Parameters)(nil)}
[Client] 2021/04/15 18:25:18 id: alex.braulio@varidi.com, hashKey: 181716
[Client] 2021/04/15 18:25:18 done with queries computation
[Client] 2021/04/15 18:25:20 sent query to 10.90.36.39:50051
[Client] 2021/04/15 18:25:20 query size in bytes 75
[Client] 2021/04/15 18:25:20 sent query to 10.90.36.38:50050
[Client] 2021/04/15 18:25:20 query size in bytes 75
[Client] 2021/04/15 18:25:21 done with block reconstruction
[Client] 2021/04/15 18:25:21 PGP key retrieved from block
-----BEGIN PGP PUBLIC KEY BLOCK-----
Comment: Retrieved with VPIR

xsBNBFvpyEwBCACwnbagSMWW6QMipo7nn0igJ4G5FNHtfz2AcRgB+JQGVh1B/DMm
JX4iWz/IGppRnNFZR+UtMJNIXdEysCT50ynCS3b84qW5/6mciPBf/zWx3lVi/zK7
DeuShUJP9C5730fjJuFOWgvnDs7Rw2ZPgqnPVep9JpQiNH4/xB3DcRLR3zuD6MPY
3l0EPMqGCS1fs3ZBXi+OkGrE25Olm6+gBBwRM80UHY42ck8ftPGOuX+BeuuZC/DS
EWYwVPKSSEdERIX7fes+SUk8BZoNuWD0ePhT9tVn0G/a0eVgciuDkGrDc4JymjKG
dKgeTu9pjxBT55JeQ/fr3YhDyqIKYn5CyH1LABEBAAHNJkFsZXggQnJhdWxpbyA8
YWxleC5icmF1bGlvQHZhcmlkaS5jb20+wsCUBBMBCAA+FiEEn0f4635JJda7Wpyx
+P2NKP2TF0cFAlvpyEwCGwMFCQPDy/QFCwkIBwIGFQoJCAsCBBYCAwECHgECF4AA
CgkQ+P2NKP2TF0fingf/TmSTfN/Xg+P9dKSEKMSfh0iVW9zOT2iJssC+Me4V1Z2w
VTxDA6cwm1xt/Np0wLtKyRGu2/IqgUzyD3DoVPmUsy00YbWhUOT2Ty/S3i+G5A+K
FPxtZlrMSlBBYogUWqDnuwqTQwoP2IWRG6oMEZVB6h0Fy/WrfTURTbznkxeAwYQj
OP3ydiHrid98djLEuuf1huNrdYksr2UELng3zRQvRgmxetYJd7FQpHfACHC/ukCo
xIuEKsLM3iKA2hDBDjdIAcdzx47M6px4HpHLAHEE4o/xjl3V1nPfKS8bp8BrriLp
lQSkVXMLj8OHbA2v5UBnNQ/s3zgG/iWNpgi7zUQSsw==
=lkY6
-----END PGP PUBLIC KEY BLOCK-----
[Client] 2021/04/15 18:25:21 stats,1,150,2.109881
Wall-clock time to retrieve the key: 2.109880541s
[Client] 2021/04/15 18:25:26 sent databaseInfo request to 10.90.36.39:50051
[Client] 2021/04/15 18:25:26 sent databaseInfo request to 10.90.36.38:50050
[Client] 2021/04/15 18:25:26 databaseInfo: &database.Info{NumRows:597, NumColumns:597, BlockSize:35257, PIRType:"", Auth:(*database.Auth)(nil), Merkle:(*database.Merkle)(0xc00011e2a0), DataEmbedding:(*database.DataEmbedding)(nil), LatParams:(*bfv.Parameters)(nil)}
[Client] 2021/04/15 18:25:26 id: alex.braulio@varidi.com, hashKey: 181716
[Client] 2021/04/15 18:25:26 done with queries computation
[Client] 2021/04/15 18:25:27 sent query to 10.90.36.39:50051
[Client] 2021/04/15 18:25:27 query size in bytes 75
[Client] 2021/04/15 18:25:28 sent query to 10.90.36.38:50050
[Client] 2021/04/15 18:25:28 query size in bytes 75
[Client] 2021/04/15 18:25:28 done with block reconstruction
[Client] 2021/04/15 18:25:28 PGP key retrieved from block
-----BEGIN PGP PUBLIC KEY BLOCK-----
Comment: Retrieved with VPIR

xsBNBFvpyEwBCACwnbagSMWW6QMipo7nn0igJ4G5FNHtfz2AcRgB+JQGVh1B/DMm
JX4iWz/IGppRnNFZR+UtMJNIXdEysCT50ynCS3b84qW5/6mciPBf/zWx3lVi/zK7
DeuShUJP9C5730fjJuFOWgvnDs7Rw2ZPgqnPVep9JpQiNH4/xB3DcRLR3zuD6MPY
3l0EPMqGCS1fs3ZBXi+OkGrE25Olm6+gBBwRM80UHY42ck8ftPGOuX+BeuuZC/DS
EWYwVPKSSEdERIX7fes+SUk8BZoNuWD0ePhT9tVn0G/a0eVgciuDkGrDc4JymjKG
dKgeTu9pjxBT55JeQ/fr3YhDyqIKYn5CyH1LABEBAAHNJkFsZXggQnJhdWxpbyA8
YWxleC5icmF1bGlvQHZhcmlkaS5jb20+wsCUBBMBCAA+FiEEn0f4635JJda7Wpyx
+P2NKP2TF0cFAlvpyEwCGwMFCQPDy/QFCwkIBwIGFQoJCAsCBBYCAwECHgECF4AA
CgkQ+P2NKP2TF0fingf/TmSTfN/Xg+P9dKSEKMSfh0iVW9zOT2iJssC+Me4V1Z2w
VTxDA6cwm1xt/Np0wLtKyRGu2/IqgUzyD3DoVPmUsy00YbWhUOT2Ty/S3i+G5A+K
FPxtZlrMSlBBYogUWqDnuwqTQwoP2IWRG6oMEZVB6h0Fy/WrfTURTbznkxeAwYQj
OP3ydiHrid98djLEuuf1huNrdYksr2UELng3zRQvRgmxetYJd7FQpHfACHC/ukCo
xIuEKsLM3iKA2hDBDjdIAcdzx47M6px4HpHLAHEE4o/xjl3V1nPfKS8bp8BrriLp
lQSkVXMLj8OHbA2v5UBnNQ/s3zgG/iWNpgi7zUQSsw==
=lkY6
-----END PGP PUBLIC KEY BLOCK-----
[Client] 2021/04/15 18:25:28 stats,1,150,2.151883
Wall-clock time to retrieve the key: 2.151883466s
[Client] 2021/04/15 18:25:33 sent databaseInfo request to 10.90.36.39:50051
[Client] 2021/04/15 18:25:33 sent databaseInfo request to 10.90.36.38:50050
[Client] 2021/04/15 18:25:33 databaseInfo: &database.Info{NumRows:597, NumColumns:597, BlockSize:35257, PIRType:"", Auth:(*database.Auth)(nil), Merkle:(*database.Merkle)(0xc000163420), DataEmbedding:(*database.DataEmbedding)(nil), LatParams:(*bfv.Parameters)(nil)}
[Client] 2021/04/15 18:25:33 id: alex.braulio@varidi.com, hashKey: 181716
[Client] 2021/04/15 18:25:33 done with queries computation
[Client] 2021/04/15 18:25:35 sent query to 10.90.36.39:50051
[Client] 2021/04/15 18:25:35 query size in bytes 75
[Client] 2021/04/15 18:25:35 sent query to 10.90.36.38:50050
[Client] 2021/04/15 18:25:35 query size in bytes 75
[Client] 2021/04/15 18:25:35 done with block reconstruction
[Client] 2021/04/15 18:25:35 PGP key retrieved from block
-----BEGIN PGP PUBLIC KEY BLOCK-----
Comment: Retrieved with VPIR

xsBNBFvpyEwBCACwnbagSMWW6QMipo7nn0igJ4G5FNHtfz2AcRgB+JQGVh1B/DMm
JX4iWz/IGppRnNFZR+UtMJNIXdEysCT50ynCS3b84qW5/6mciPBf/zWx3lVi/zK7
DeuShUJP9C5730fjJuFOWgvnDs7Rw2ZPgqnPVep9JpQiNH4/xB3DcRLR3zuD6MPY
3l0EPMqGCS1fs3ZBXi+OkGrE25Olm6+gBBwRM80UHY42ck8ftPGOuX+BeuuZC/DS
EWYwVPKSSEdERIX7fes+SUk8BZoNuWD0ePhT9tVn0G/a0eVgciuDkGrDc4JymjKG
dKgeTu9pjxBT55JeQ/fr3YhDyqIKYn5CyH1LABEBAAHNJkFsZXggQnJhdWxpbyA8
YWxleC5icmF1bGlvQHZhcmlkaS5jb20+wsCUBBMBCAA+FiEEn0f4635JJda7Wpyx
+P2NKP2TF0cFAlvpyEwCGwMFCQPDy/QFCwkIBwIGFQoJCAsCBBYCAwECHgECF4AA
CgkQ+P2NKP2TF0fingf/TmSTfN/Xg+P9dKSEKMSfh0iVW9zOT2iJssC+Me4V1Z2w
VTxDA6cwm1xt/Np0wLtKyRGu2/IqgUzyD3DoVPmUsy00YbWhUOT2Ty/S3i+G5A+K
FPxtZlrMSlBBYogUWqDnuwqTQwoP2IWRG6oMEZVB6h0Fy/WrfTURTbznkxeAwYQj
OP3ydiHrid98djLEuuf1huNrdYksr2UELng3zRQvRgmxetYJd7FQpHfACHC/ukCo
xIuEKsLM3iKA2hDBDjdIAcdzx47M6px4HpHLAHEE4o/xjl3V1nPfKS8bp8BrriLp
lQSkVXMLj8OHbA2v5UBnNQ/s3zgG/iWNpgi7zUQSsw==
=lkY6
-----END PGP PUBLIC KEY BLOCK-----
[Client] 2021/04/15 18:25:35 stats,1,150,2.415653
Wall-clock time to retrieve the key: 2.415653111s
