[Server 1] 2021/12/17 11:37:10 Starting to read in the DB data
[Server 1] 2021/12/17 11:37:10 Loading keys: [data/sks/sks-000.pgp data/sks/sks-001.pgp data/sks/sks-002.pgp data/sks/sks-003.pgp data/sks/sks-004.pgp data/sks/sks-005.pgp data/sks/sks-006.pgp data/sks/sks-007.pgp data/sks/sks-008.pgp data/sks/sks-009.pgp data/sks/sks-010.pgp data/sks/sks-011.pgp data/sks/sks-012.pgp data/sks/sks-013.pgp data/sks/sks-014.pgp data/sks/sks-015.pgp data/sks/sks-016.pgp data/sks/sks-017.pgp data/sks/sks-018.pgp data/sks/sks-019.pgp data/sks/sks-020.pgp data/sks/sks-021.pgp data/sks/sks-022.pgp data/sks/sks-023.pgp data/sks/sks-024.pgp data/sks/sks-025.pgp data/sks/sks-026.pgp data/sks/sks-027.pgp data/sks/sks-028.pgp data/sks/sks-029.pgp data/sks/sks-030.pgp]
[Server 1] 2021/12/17 11:56:33 DB loaded with files [data/sks/sks-000.pgp data/sks/sks-001.pgp data/sks/sks-002.pgp data/sks/sks-003.pgp data/sks/sks-004.pgp data/sks/sks-005.pgp data/sks/sks-006.pgp data/sks/sks-007.pgp data/sks/sks-008.pgp data/sks/sks-009.pgp data/sks/sks-010.pgp data/sks/sks-011.pgp data/sks/sks-012.pgp data/sks/sks-013.pgp data/sks/sks-014.pgp data/sks/sks-015.pgp data/sks/sks-016.pgp data/sks/sks-017.pgp data/sks/sks-018.pgp data/sks/sks-019.pgp data/sks/sks-020.pgp data/sks/sks-021.pgp data/sks/sks-022.pgp data/sks/sks-023.pgp data/sks/sks-024.pgp data/sks/sks-025.pgp data/sks/sks-026.pgp data/sks/sks-027.pgp data/sks/sks-028.pgp data/sks/sks-029.pgp data/sks/sks-030.pgp]
[Server 1] 2021/12/17 11:56:33 db size in GiB: 0.000000
[Server 1] 2021/12/17 11:56:35 is listening at 10.90.36.39:50051
[Server 1] 2021/12/17 11:56:35 starting grpc server
[Server 1] 2021/12/17 11:57:20 got databaseInfo request
[Server 1] 2021/12/17 11:57:20 got query request
[Server 1] 2021/12/17 11:57:27 answer size in bytes: 20
[Server 1] 2021/12/17 11:57:27 stats,-1,20
[Server 1] 2021/12/17 11:57:32 got databaseInfo request
[Server 1] 2021/12/17 11:57:32 got query request
[Server 1] 2021/12/17 11:57:41 answer size in bytes: 20
[Server 1] 2021/12/17 11:57:41 stats,-1,20
[Server 1] 2021/12/17 11:57:46 got databaseInfo request
[Server 1] 2021/12/17 11:57:46 got query request
[Server 1] 2021/12/17 11:57:52 answer size in bytes: 20
[Server 1] 2021/12/17 11:57:52 stats,-1,20
[Server 1] 2021/12/17 11:57:58 got databaseInfo request
[Server 1] 2021/12/17 11:57:58 got query request
[Server 1] 2021/12/17 11:58:05 answer size in bytes: 20
[Server 1] 2021/12/17 11:58:05 stats,-1,20
[Server 1] 2021/12/17 11:58:10 got databaseInfo request
[Server 1] 2021/12/17 11:58:10 got query request
[Server 1] 2021/12/17 11:58:17 answer size in bytes: 20
[Server 1] 2021/12/17 11:58:17 stats,-1,20
[Server 1] 2021/12/17 11:58:22 got databaseInfo request
[Server 1] 2021/12/17 11:58:22 got query request
[Server 1] 2021/12/17 11:58:30 answer size in bytes: 20
[Server 1] 2021/12/17 11:58:30 stats,-1,20
[Server 1] 2021/12/17 11:58:35 got databaseInfo request
[Server 1] 2021/12/17 11:58:35 got query request
[Server 1] 2021/12/17 11:58:43 answer size in bytes: 20
[Server 1] 2021/12/17 11:58:43 stats,-1,20
[Server 1] 2021/12/17 11:58:48 got databaseInfo request
[Server 1] 2021/12/17 11:58:48 got query request
[Server 1] 2021/12/17 11:58:56 answer size in bytes: 20
[Server 1] 2021/12/17 11:58:56 stats,-1,20
[Server 1] 2021/12/17 11:59:01 got databaseInfo request
[Server 1] 2021/12/17 11:59:01 got query request
[Server 1] 2021/12/17 11:59:08 answer size in bytes: 20
[Server 1] 2021/12/17 11:59:08 stats,-1,20
[Server 1] 2021/12/17 11:59:14 got databaseInfo request
[Server 1] 2021/12/17 11:59:14 got query request
[Server 1] 2021/12/17 11:59:20 answer size in bytes: 20
[Server 1] 2021/12/17 11:59:20 stats,-1,20
[Server 1] 2021/12/17 11:59:25 got databaseInfo request
[Server 1] 2021/12/17 11:59:25 got query request
[Server 1] 2021/12/17 11:59:32 answer size in bytes: 20
[Server 1] 2021/12/17 11:59:32 stats,-1,20
[Server 1] 2021/12/17 11:59:37 got databaseInfo request
[Server 1] 2021/12/17 11:59:37 got query request
[Server 1] 2021/12/17 11:59:44 answer size in bytes: 20
[Server 1] 2021/12/17 11:59:44 stats,-1,20
[Server 1] 2021/12/17 11:59:50 got databaseInfo request
[Server 1] 2021/12/17 11:59:50 got query request
[Server 1] 2021/12/17 11:59:58 answer size in bytes: 20
[Server 1] 2021/12/17 11:59:58 stats,-1,20
[Server 1] 2021/12/17 12:00:03 got databaseInfo request
[Server 1] 2021/12/17 12:00:03 got query request
[Server 1] 2021/12/17 12:00:10 answer size in bytes: 20
[Server 1] 2021/12/17 12:00:10 stats,-1,20
[Server 1] 2021/12/17 12:00:16 got databaseInfo request
[Server 1] 2021/12/17 12:00:16 got query request
[Server 1] 2021/12/17 12:00:24 answer size in bytes: 20
[Server 1] 2021/12/17 12:00:24 stats,-1,20
[Server 1] 2021/12/17 12:00:31 got databaseInfo request
[Server 1] 2021/12/17 12:00:31 got query request
[Server 1] 2021/12/17 12:00:37 answer size in bytes: 20
[Server 1] 2021/12/17 12:00:37 stats,-1,20
[Server 1] 2021/12/17 12:00:42 got databaseInfo request
[Server 1] 2021/12/17 12:00:42 got query request
[Server 1] 2021/12/17 12:00:51 answer size in bytes: 20
[Server 1] 2021/12/17 12:00:51 stats,-1,20
[Server 1] 2021/12/17 12:00:56 got databaseInfo request
[Server 1] 2021/12/17 12:00:56 got query request
[Server 1] 2021/12/17 12:01:04 answer size in bytes: 20
[Server 1] 2021/12/17 12:01:04 stats,-1,20
[Server 1] 2021/12/17 12:01:09 got databaseInfo request
[Server 1] 2021/12/17 12:01:09 got query request
[Server 1] 2021/12/17 12:01:16 answer size in bytes: 20
[Server 1] 2021/12/17 12:01:16 stats,-1,20
[Server 1] 2021/12/17 12:01:21 got databaseInfo request
[Server 1] 2021/12/17 12:01:21 got query request
[Server 1] 2021/12/17 12:01:28 answer size in bytes: 20
[Server 1] 2021/12/17 12:01:28 stats,-1,20
[Server 1] 2021/12/17 12:01:34 clean shutdown of server done
