[Server 0] 2021/10/12 11:33:03 Starting to read in the DB data
[Server 0] 2021/10/12 11:33:03 Loading keys: [data/sks/sks-000.pgp data/sks/sks-001.pgp data/sks/sks-002.pgp data/sks/sks-003.pgp data/sks/sks-004.pgp data/sks/sks-005.pgp data/sks/sks-006.pgp data/sks/sks-007.pgp data/sks/sks-008.pgp data/sks/sks-009.pgp data/sks/sks-010.pgp data/sks/sks-011.pgp data/sks/sks-012.pgp data/sks/sks-013.pgp data/sks/sks-014.pgp data/sks/sks-015.pgp data/sks/sks-016.pgp data/sks/sks-017.pgp data/sks/sks-018.pgp data/sks/sks-019.pgp data/sks/sks-020.pgp data/sks/sks-021.pgp data/sks/sks-022.pgp data/sks/sks-023.pgp data/sks/sks-024.pgp data/sks/sks-025.pgp data/sks/sks-026.pgp data/sks/sks-027.pgp data/sks/sks-028.pgp data/sks/sks-029.pgp data/sks/sks-030.pgp]
[Server 0] 2021/10/12 11:52:19 DB loaded with files [data/sks/sks-000.pgp data/sks/sks-001.pgp data/sks/sks-002.pgp data/sks/sks-003.pgp data/sks/sks-004.pgp data/sks/sks-005.pgp data/sks/sks-006.pgp data/sks/sks-007.pgp data/sks/sks-008.pgp data/sks/sks-009.pgp data/sks/sks-010.pgp data/sks/sks-011.pgp data/sks/sks-012.pgp data/sks/sks-013.pgp data/sks/sks-014.pgp data/sks/sks-015.pgp data/sks/sks-016.pgp data/sks/sks-017.pgp data/sks/sks-018.pgp data/sks/sks-019.pgp data/sks/sks-020.pgp data/sks/sks-021.pgp data/sks/sks-022.pgp data/sks/sks-023.pgp data/sks/sks-024.pgp data/sks/sks-025.pgp data/sks/sks-026.pgp data/sks/sks-027.pgp data/sks/sks-028.pgp data/sks/sks-029.pgp data/sks/sks-030.pgp]
[Server 0] 2021/10/12 11:52:19 db size in GiB: 0.000000
[Server 0] 2021/10/12 11:52:21 is listening at 10.90.36.50:50050
[Server 0] 2021/10/12 11:52:21 starting grpc server
[Server 0] 2021/10/12 12:18:12 got databaseInfo request
[Server 0] 2021/10/12 12:18:12 got query request
[Server 0] 2021/10/12 12:18:37 answer size in bytes: 4
[Server 0] 2021/10/12 12:18:37 stats,-1,4
[Server 0] 2021/10/12 12:18:42 got databaseInfo request
[Server 0] 2021/10/12 12:18:42 got query request
[Server 0] 2021/10/12 12:19:05 answer size in bytes: 4
[Server 0] 2021/10/12 12:19:05 stats,-1,4
[Server 0] 2021/10/12 12:19:12 got databaseInfo request
[Server 0] 2021/10/12 12:19:12 got query request
[Server 0] 2021/10/12 12:19:39 answer size in bytes: 4
[Server 0] 2021/10/12 12:19:39 stats,-1,4
[Server 0] 2021/10/12 12:19:44 got databaseInfo request
[Server 0] 2021/10/12 12:19:44 got query request
[Server 0] 2021/10/12 12:20:08 answer size in bytes: 4
[Server 0] 2021/10/12 12:20:08 stats,-1,4
[Server 0] 2021/10/12 12:20:14 got databaseInfo request
[Server 0] 2021/10/12 12:20:14 got query request
[Server 0] 2021/10/12 12:20:36 answer size in bytes: 4
[Server 0] 2021/10/12 12:20:36 stats,-1,4
[Server 0] 2021/10/12 12:20:44 got databaseInfo request
[Server 0] 2021/10/12 12:20:44 got query request
[Server 0] 2021/10/12 12:21:08 answer size in bytes: 4
[Server 0] 2021/10/12 12:21:08 stats,-1,4
[Server 0] 2021/10/12 12:21:14 got databaseInfo request
[Server 0] 2021/10/12 12:21:14 got query request
[Server 0] 2021/10/12 12:21:39 answer size in bytes: 4
[Server 0] 2021/10/12 12:21:39 stats,-1,4
[Server 0] 2021/10/12 12:21:44 got databaseInfo request
[Server 0] 2021/10/12 12:21:44 got query request
[Server 0] 2021/10/12 12:22:08 answer size in bytes: 4
[Server 0] 2021/10/12 12:22:08 stats,-1,4
[Server 0] 2021/10/12 12:22:15 got databaseInfo request
[Server 0] 2021/10/12 12:22:15 got query request
[Server 0] 2021/10/12 12:22:41 answer size in bytes: 4
[Server 0] 2021/10/12 12:22:41 stats,-1,4
[Server 0] 2021/10/12 12:22:46 got databaseInfo request
[Server 0] 2021/10/12 12:22:46 got query request
[Server 0] 2021/10/12 12:23:11 answer size in bytes: 4
[Server 0] 2021/10/12 12:23:11 stats,-1,4
[Server 0] 2021/10/12 12:23:16 got databaseInfo request
[Server 0] 2021/10/12 12:23:16 got query request
[Server 0] 2021/10/12 12:23:39 answer size in bytes: 4
[Server 0] 2021/10/12 12:23:39 stats,-1,4
[Server 0] 2021/10/12 12:23:46 got databaseInfo request
[Server 0] 2021/10/12 12:23:46 got query request
[Server 0] 2021/10/12 12:24:09 answer size in bytes: 4
[Server 0] 2021/10/12 12:24:09 stats,-1,4
[Server 0] 2021/10/12 12:24:14 got databaseInfo request
[Server 0] 2021/10/12 12:24:14 got query request
[Server 0] 2021/10/12 12:24:37 answer size in bytes: 4
[Server 0] 2021/10/12 12:24:37 stats,-1,4
[Server 0] 2021/10/12 12:24:45 got databaseInfo request
[Server 0] 2021/10/12 12:24:45 got query request
[Server 0] 2021/10/12 12:25:08 answer size in bytes: 4
[Server 0] 2021/10/12 12:25:08 stats,-1,4
[Server 0] 2021/10/12 12:25:14 got databaseInfo request
[Server 0] 2021/10/12 12:25:14 got query request
[Server 0] 2021/10/12 12:25:37 answer size in bytes: 4
[Server 0] 2021/10/12 12:25:37 stats,-1,4
[Server 0] 2021/10/12 12:25:43 got databaseInfo request
[Server 0] 2021/10/12 12:25:43 got query request
[Server 0] 2021/10/12 12:26:08 answer size in bytes: 4
[Server 0] 2021/10/12 12:26:08 stats,-1,4
[Server 0] 2021/10/12 12:26:13 got databaseInfo request
[Server 0] 2021/10/12 12:26:13 got query request
[Server 0] 2021/10/12 12:26:37 answer size in bytes: 4
[Server 0] 2021/10/12 12:26:37 stats,-1,4
[Server 0] 2021/10/12 12:26:44 got databaseInfo request
[Server 0] 2021/10/12 12:26:44 got query request
[Server 0] 2021/10/12 12:27:07 answer size in bytes: 4
[Server 0] 2021/10/12 12:27:07 stats,-1,4
[Server 0] 2021/10/12 12:27:12 got databaseInfo request
[Server 0] 2021/10/12 12:27:12 got query request
[Server 0] 2021/10/12 12:27:37 answer size in bytes: 4
[Server 0] 2021/10/12 12:27:37 stats,-1,4
[Server 0] 2021/10/12 12:27:42 got databaseInfo request
[Server 0] 2021/10/12 12:27:42 got query request
[Server 0] 2021/10/12 12:28:05 answer size in bytes: 4
[Server 0] 2021/10/12 12:28:05 stats,-1,4
[Server 0] 2021/10/12 12:35:35 got databaseInfo request
[Server 0] 2021/10/12 12:35:35 got query request
[Server 0] 2021/10/12 12:35:41 answer size in bytes: 4
[Server 0] 2021/10/12 12:35:41 stats,-1,4
[Server 0] 2021/10/12 12:35:46 got databaseInfo request
[Server 0] 2021/10/12 12:35:46 got query request
[Server 0] 2021/10/12 12:35:52 answer size in bytes: 4
[Server 0] 2021/10/12 12:35:52 stats,-1,4
[Server 0] 2021/10/12 12:35:59 got databaseInfo request
[Server 0] 2021/10/12 12:35:59 got query request
[Server 0] 2021/10/12 12:36:06 answer size in bytes: 4
[Server 0] 2021/10/12 12:36:06 stats,-1,4
[Server 0] 2021/10/12 12:36:11 got databaseInfo request
[Server 0] 2021/10/12 12:36:11 got query request
[Server 0] 2021/10/12 12:36:17 answer size in bytes: 4
[Server 0] 2021/10/12 12:36:17 stats,-1,4
[Server 0] 2021/10/12 12:36:24 got databaseInfo request
[Server 0] 2021/10/12 12:36:24 got query request
[Server 0] 2021/10/12 12:36:31 answer size in bytes: 4
[Server 0] 2021/10/12 12:36:31 stats,-1,4
[Server 0] 2021/10/12 12:36:36 got databaseInfo request
[Server 0] 2021/10/12 12:36:36 got query request
[Server 0] 2021/10/12 12:36:44 answer size in bytes: 4
[Server 0] 2021/10/12 12:36:44 stats,-1,4
[Server 0] 2021/10/12 12:36:49 got databaseInfo request
[Server 0] 2021/10/12 12:36:49 got query request
[Server 0] 2021/10/12 12:36:56 answer size in bytes: 4
[Server 0] 2021/10/12 12:36:56 stats,-1,4
[Server 0] 2021/10/12 12:37:01 got databaseInfo request
[Server 0] 2021/10/12 12:37:01 got query request
[Server 0] 2021/10/12 12:37:07 answer size in bytes: 4
[Server 0] 2021/10/12 12:37:07 stats,-1,4
[Server 0] 2021/10/12 12:37:12 got databaseInfo request
[Server 0] 2021/10/12 12:37:12 got query request
[Server 0] 2021/10/12 12:37:20 answer size in bytes: 4
[Server 0] 2021/10/12 12:37:20 stats,-1,4
[Server 0] 2021/10/12 12:37:25 got databaseInfo request
[Server 0] 2021/10/12 12:37:25 got query request
[Server 0] 2021/10/12 12:37:31 answer size in bytes: 4
[Server 0] 2021/10/12 12:37:31 stats,-1,4
[Server 0] 2021/10/12 12:37:37 got databaseInfo request
[Server 0] 2021/10/12 12:37:37 got query request
[Server 0] 2021/10/12 12:37:44 answer size in bytes: 4
[Server 0] 2021/10/12 12:37:44 stats,-1,4
[Server 0] 2021/10/12 12:37:49 got databaseInfo request
[Server 0] 2021/10/12 12:37:49 got query request
[Server 0] 2021/10/12 12:37:56 answer size in bytes: 4
[Server 0] 2021/10/12 12:37:56 stats,-1,4
[Server 0] 2021/10/12 12:38:01 got databaseInfo request
[Server 0] 2021/10/12 12:38:01 got query request
[Server 0] 2021/10/12 12:38:07 answer size in bytes: 4
[Server 0] 2021/10/12 12:38:07 stats,-1,4
[Server 0] 2021/10/12 12:38:12 got databaseInfo request
[Server 0] 2021/10/12 12:38:12 got query request
[Server 0] 2021/10/12 12:38:18 answer size in bytes: 4
[Server 0] 2021/10/12 12:38:18 stats,-1,4
[Server 0] 2021/10/12 12:38:24 got databaseInfo request
[Server 0] 2021/10/12 12:38:24 got query request
[Server 0] 2021/10/12 12:38:30 answer size in bytes: 4
[Server 0] 2021/10/12 12:38:30 stats,-1,4
[Server 0] 2021/10/12 12:38:35 got databaseInfo request
[Server 0] 2021/10/12 12:38:35 got query request
[Server 0] 2021/10/12 12:38:41 answer size in bytes: 4
[Server 0] 2021/10/12 12:38:41 stats,-1,4
[Server 0] 2021/10/12 12:38:46 got databaseInfo request
[Server 0] 2021/10/12 12:38:46 got query request
[Server 0] 2021/10/12 12:38:52 answer size in bytes: 4
[Server 0] 2021/10/12 12:38:52 stats,-1,4
[Server 0] 2021/10/12 12:38:57 got databaseInfo request
[Server 0] 2021/10/12 12:38:57 got query request
[Server 0] 2021/10/12 12:39:04 answer size in bytes: 4
[Server 0] 2021/10/12 12:39:04 stats,-1,4
[Server 0] 2021/10/12 12:39:09 got databaseInfo request
[Server 0] 2021/10/12 12:39:09 got query request
[Server 0] 2021/10/12 12:39:16 answer size in bytes: 4
[Server 0] 2021/10/12 12:39:16 stats,-1,4
[Server 0] 2021/10/12 12:39:21 got databaseInfo request
[Server 0] 2021/10/12 12:39:21 got query request
[Server 0] 2021/10/12 12:39:26 answer size in bytes: 4
[Server 0] 2021/10/12 12:39:26 stats,-1,4
[Server 0] 2021/10/12 14:13:29 got databaseInfo request
[Server 0] 2021/10/12 14:13:29 got query request
[Server 0] 2021/10/12 14:14:44 answer size in bytes: 4
[Server 0] 2021/10/12 14:14:44 stats,-1,4
[Server 0] 2021/10/12 14:14:50 got databaseInfo request
[Server 0] 2021/10/12 14:14:50 got query request
[Server 0] 2021/10/12 14:16:05 answer size in bytes: 4
[Server 0] 2021/10/12 14:16:05 stats,-1,4
[Server 0] 2021/10/12 14:16:12 got databaseInfo request
[Server 0] 2021/10/12 14:16:12 got query request
[Server 0] 2021/10/12 14:17:27 answer size in bytes: 4
[Server 0] 2021/10/12 14:17:27 stats,-1,4
[Server 0] 2021/10/12 14:17:34 got databaseInfo request
[Server 0] 2021/10/12 14:17:34 got query request
[Server 0] 2021/10/12 14:18:48 answer size in bytes: 4
[Server 0] 2021/10/12 14:18:48 stats,-1,4
[Server 0] 2021/10/12 14:18:55 got databaseInfo request
[Server 0] 2021/10/12 14:18:55 got query request
[Server 0] 2021/10/12 14:20:10 answer size in bytes: 4
[Server 0] 2021/10/12 14:20:10 stats,-1,4
[Server 0] 2021/10/12 14:20:15 got databaseInfo request
[Server 0] 2021/10/12 14:20:15 got query request
[Server 0] 2021/10/12 14:21:30 answer size in bytes: 4
[Server 0] 2021/10/12 14:21:30 stats,-1,4
[Server 0] 2021/10/12 14:21:36 got databaseInfo request
[Server 0] 2021/10/12 14:21:36 got query request
[Server 0] 2021/10/12 14:22:51 answer size in bytes: 4
[Server 0] 2021/10/12 14:22:51 stats,-1,4
[Server 0] 2021/10/12 14:22:57 got databaseInfo request
[Server 0] 2021/10/12 14:22:57 got query request
[Server 0] 2021/10/12 14:24:12 answer size in bytes: 4
[Server 0] 2021/10/12 14:24:12 stats,-1,4
[Server 0] 2021/10/12 14:24:18 got databaseInfo request
[Server 0] 2021/10/12 14:24:18 got query request
[Server 0] 2021/10/12 14:25:31 answer size in bytes: 4
[Server 0] 2021/10/12 14:25:31 stats,-1,4
[Server 0] 2021/10/12 14:25:40 got databaseInfo request
[Server 0] 2021/10/12 14:25:40 got query request
[Server 0] 2021/10/12 14:26:55 answer size in bytes: 4
[Server 0] 2021/10/12 14:26:55 stats,-1,4
[Server 0] 2021/10/12 14:27:01 got databaseInfo request
[Server 0] 2021/10/12 14:27:01 got query request
[Server 0] 2021/10/12 14:28:16 answer size in bytes: 4
[Server 0] 2021/10/12 14:28:16 stats,-1,4
[Server 0] 2021/10/12 14:28:22 got databaseInfo request
[Server 0] 2021/10/12 14:28:22 got query request
[Server 0] 2021/10/12 14:29:36 answer size in bytes: 4
[Server 0] 2021/10/12 14:29:36 stats,-1,4
[Server 0] 2021/10/12 14:29:45 got databaseInfo request
[Server 0] 2021/10/12 14:29:45 got query request
[Server 0] 2021/10/12 14:31:00 answer size in bytes: 4
[Server 0] 2021/10/12 14:31:00 stats,-1,4
[Server 0] 2021/10/12 14:31:05 got databaseInfo request
[Server 0] 2021/10/12 14:31:05 got query request
[Server 0] 2021/10/12 14:32:21 answer size in bytes: 4
[Server 0] 2021/10/12 14:32:21 stats,-1,4
[Server 0] 2021/10/12 14:32:27 got databaseInfo request
[Server 0] 2021/10/12 14:32:27 got query request
[Server 0] 2021/10/12 14:33:41 answer size in bytes: 4
[Server 0] 2021/10/12 14:33:41 stats,-1,4
[Server 0] 2021/10/12 14:33:47 got databaseInfo request
[Server 0] 2021/10/12 14:33:47 got query request
[Server 0] 2021/10/12 14:35:02 answer size in bytes: 4
[Server 0] 2021/10/12 14:35:02 stats,-1,4
[Server 0] 2021/10/12 14:35:08 got databaseInfo request
[Server 0] 2021/10/12 14:35:08 got query request
[Server 0] 2021/10/12 14:36:23 answer size in bytes: 4
[Server 0] 2021/10/12 14:36:23 stats,-1,4
[Server 0] 2021/10/12 14:36:30 got databaseInfo request
[Server 0] 2021/10/12 14:36:30 got query request
[Server 0] 2021/10/12 14:37:44 answer size in bytes: 4
[Server 0] 2021/10/12 14:37:44 stats,-1,4
[Server 0] 2021/10/12 14:37:52 got databaseInfo request
[Server 0] 2021/10/12 14:37:52 got query request
[Server 0] 2021/10/12 14:39:06 answer size in bytes: 4
[Server 0] 2021/10/12 14:39:06 stats,-1,4
[Server 0] 2021/10/12 14:39:12 got databaseInfo request
[Server 0] 2021/10/12 14:39:12 got query request
[Server 0] 2021/10/12 14:40:27 answer size in bytes: 4
[Server 0] 2021/10/12 14:40:27 stats,-1,4
