[Server 1] 2021/12/17 17:30:07 Starting to read in the DB data
[Server 1] 2021/12/17 17:30:07 Loading keys: [data/sks/sks-000.pgp data/sks/sks-001.pgp data/sks/sks-002.pgp data/sks/sks-003.pgp data/sks/sks-004.pgp data/sks/sks-005.pgp data/sks/sks-006.pgp data/sks/sks-007.pgp data/sks/sks-008.pgp data/sks/sks-009.pgp data/sks/sks-010.pgp data/sks/sks-011.pgp data/sks/sks-012.pgp data/sks/sks-013.pgp data/sks/sks-014.pgp data/sks/sks-015.pgp data/sks/sks-016.pgp data/sks/sks-017.pgp data/sks/sks-018.pgp data/sks/sks-019.pgp data/sks/sks-020.pgp data/sks/sks-021.pgp data/sks/sks-022.pgp data/sks/sks-023.pgp data/sks/sks-024.pgp data/sks/sks-025.pgp data/sks/sks-026.pgp data/sks/sks-027.pgp data/sks/sks-028.pgp data/sks/sks-029.pgp data/sks/sks-030.pgp]
[Server 1] 2021/12/17 17:49:20 DB loaded with files [data/sks/sks-000.pgp data/sks/sks-001.pgp data/sks/sks-002.pgp data/sks/sks-003.pgp data/sks/sks-004.pgp data/sks/sks-005.pgp data/sks/sks-006.pgp data/sks/sks-007.pgp data/sks/sks-008.pgp data/sks/sks-009.pgp data/sks/sks-010.pgp data/sks/sks-011.pgp data/sks/sks-012.pgp data/sks/sks-013.pgp data/sks/sks-014.pgp data/sks/sks-015.pgp data/sks/sks-016.pgp data/sks/sks-017.pgp data/sks/sks-018.pgp data/sks/sks-019.pgp data/sks/sks-020.pgp data/sks/sks-021.pgp data/sks/sks-022.pgp data/sks/sks-023.pgp data/sks/sks-024.pgp data/sks/sks-025.pgp data/sks/sks-026.pgp data/sks/sks-027.pgp data/sks/sks-028.pgp data/sks/sks-029.pgp data/sks/sks-030.pgp]
[Server 1] 2021/12/17 17:49:20 db size in GiB: 0.000000
[Server 1] 2021/12/17 17:49:22 is listening at 10.90.36.39:50051
[Server 1] 2021/12/17 17:49:22 starting grpc server
[Server 1] 2021/12/17 17:53:47 got databaseInfo request
[Server 1] 2021/12/17 17:53:47 got query request
[Server 1] 2021/12/17 17:54:11 answer size in bytes: 4
[Server 1] 2021/12/17 17:54:11 stats,-1,4
[Server 1] 2021/12/17 17:54:18 got databaseInfo request
[Server 1] 2021/12/17 17:54:18 got query request
[Server 1] 2021/12/17 17:54:42 answer size in bytes: 4
[Server 1] 2021/12/17 17:54:42 stats,-1,4
[Server 1] 2021/12/17 17:54:48 got databaseInfo request
[Server 1] 2021/12/17 17:54:48 got query request
[Server 1] 2021/12/17 17:55:13 answer size in bytes: 4
[Server 1] 2021/12/17 17:55:13 stats,-1,4
[Server 1] 2021/12/17 17:55:19 got databaseInfo request
[Server 1] 2021/12/17 17:55:19 got query request
[Server 1] 2021/12/17 17:55:44 answer size in bytes: 4
[Server 1] 2021/12/17 17:55:44 stats,-1,4
[Server 1] 2021/12/17 17:55:51 got databaseInfo request
[Server 1] 2021/12/17 17:55:51 got query request
[Server 1] 2021/12/17 17:56:16 answer size in bytes: 4
[Server 1] 2021/12/17 17:56:16 stats,-1,4
[Server 1] 2021/12/17 17:56:23 got databaseInfo request
[Server 1] 2021/12/17 17:56:23 got query request
[Server 1] 2021/12/17 17:56:47 answer size in bytes: 4
[Server 1] 2021/12/17 17:56:47 stats,-1,4
[Server 1] 2021/12/17 17:56:52 got databaseInfo request
[Server 1] 2021/12/17 17:56:52 got query request
[Server 1] 2021/12/17 17:57:18 answer size in bytes: 4
[Server 1] 2021/12/17 17:57:18 stats,-1,4
[Server 1] 2021/12/17 17:57:23 got databaseInfo request
[Server 1] 2021/12/17 17:57:23 got query request
[Server 1] 2021/12/17 17:57:48 answer size in bytes: 4
[Server 1] 2021/12/17 17:57:48 stats,-1,4
[Server 1] 2021/12/17 17:57:53 got databaseInfo request
[Server 1] 2021/12/17 17:57:53 got query request
[Server 1] 2021/12/17 17:58:20 answer size in bytes: 4
[Server 1] 2021/12/17 17:58:20 stats,-1,4
[Server 1] 2021/12/17 17:58:25 got databaseInfo request
[Server 1] 2021/12/17 17:58:25 got query request
[Server 1] 2021/12/17 17:58:49 answer size in bytes: 4
[Server 1] 2021/12/17 17:58:49 stats,-1,4
[Server 1] 2021/12/17 17:58:55 got databaseInfo request
[Server 1] 2021/12/17 17:58:55 got query request
[Server 1] 2021/12/17 17:59:19 answer size in bytes: 4
[Server 1] 2021/12/17 17:59:19 stats,-1,4
[Server 1] 2021/12/17 17:59:27 got databaseInfo request
[Server 1] 2021/12/17 17:59:27 got query request
[Server 1] 2021/12/17 17:59:53 answer size in bytes: 4
[Server 1] 2021/12/17 17:59:53 stats,-1,4
[Server 1] 2021/12/17 17:59:59 got databaseInfo request
[Server 1] 2021/12/17 17:59:59 got query request
[Server 1] 2021/12/17 18:00:24 answer size in bytes: 4
[Server 1] 2021/12/17 18:00:24 stats,-1,4
[Server 1] 2021/12/17 18:00:30 got databaseInfo request
[Server 1] 2021/12/17 18:00:30 got query request
[Server 1] 2021/12/17 18:00:54 answer size in bytes: 4
[Server 1] 2021/12/17 18:00:54 stats,-1,4
[Server 1] 2021/12/17 18:01:02 got databaseInfo request
[Server 1] 2021/12/17 18:01:02 got query request
[Server 1] 2021/12/17 18:01:26 answer size in bytes: 4
[Server 1] 2021/12/17 18:01:26 stats,-1,4
[Server 1] 2021/12/17 18:01:32 got databaseInfo request
[Server 1] 2021/12/17 18:01:32 got query request
[Server 1] 2021/12/17 18:01:56 answer size in bytes: 4
[Server 1] 2021/12/17 18:01:56 stats,-1,4
[Server 1] 2021/12/17 18:02:01 got databaseInfo request
[Server 1] 2021/12/17 18:02:01 got query request
[Server 1] 2021/12/17 18:02:25 answer size in bytes: 4
[Server 1] 2021/12/17 18:02:25 stats,-1,4
[Server 1] 2021/12/17 18:02:31 got databaseInfo request
[Server 1] 2021/12/17 18:02:31 got query request
[Server 1] 2021/12/17 18:02:55 answer size in bytes: 4
[Server 1] 2021/12/17 18:02:55 stats,-1,4
[Server 1] 2021/12/17 18:03:03 got databaseInfo request
[Server 1] 2021/12/17 18:03:03 got query request
[Server 1] 2021/12/17 18:03:27 answer size in bytes: 4
[Server 1] 2021/12/17 18:03:27 stats,-1,4
[Server 1] 2021/12/17 18:03:32 got databaseInfo request
[Server 1] 2021/12/17 18:03:32 got query request
[Server 1] 2021/12/17 18:03:56 answer size in bytes: 4
[Server 1] 2021/12/17 18:03:56 stats,-1,4
[Server 1] 2021/12/17 18:04:01 clean shutdown of server done
