31
[Server 1] 2021/04/15 17:10:44 Starting to read in the DB data
[Server 1] 2021/04/15 17:10:44 Bytes db rebalanced: true, loading keys: [data/sks/sks-000.pgp data/sks/sks-001.pgp data/sks/sks-002.pgp data/sks/sks-003.pgp data/sks/sks-004.pgp data/sks/sks-005.pgp data/sks/sks-006.pgp data/sks/sks-007.pgp data/sks/sks-008.pgp data/sks/sks-009.pgp data/sks/sks-010.pgp data/sks/sks-011.pgp data/sks/sks-012.pgp data/sks/sks-013.pgp data/sks/sks-014.pgp data/sks/sks-015.pgp data/sks/sks-016.pgp data/sks/sks-017.pgp data/sks/sks-018.pgp data/sks/sks-019.pgp data/sks/sks-020.pgp data/sks/sks-021.pgp data/sks/sks-022.pgp data/sks/sks-023.pgp data/sks/sks-024.pgp data/sks/sks-025.pgp data/sks/sks-026.pgp data/sks/sks-027.pgp data/sks/sks-028.pgp data/sks/sks-029.pgp data/sks/sks-030.pgp]
[Server 1] 2021/04/15 17:13:02 Bytes loaded with files [data/sks/sks-000.pgp data/sks/sks-001.pgp data/sks/sks-002.pgp data/sks/sks-003.pgp data/sks/sks-004.pgp data/sks/sks-005.pgp data/sks/sks-006.pgp data/sks/sks-007.pgp data/sks/sks-008.pgp data/sks/sks-009.pgp data/sks/sks-010.pgp data/sks/sks-011.pgp data/sks/sks-012.pgp data/sks/sks-013.pgp data/sks/sks-014.pgp data/sks/sks-015.pgp data/sks/sks-016.pgp data/sks/sks-017.pgp data/sks/sks-018.pgp data/sks/sks-019.pgp data/sks/sks-020.pgp data/sks/sks-021.pgp data/sks/sks-022.pgp data/sks/sks-023.pgp data/sks/sks-024.pgp data/sks/sks-025.pgp data/sks/sks-026.pgp data/sks/sks-027.pgp data/sks/sks-028.pgp data/sks/sks-029.pgp data/sks/sks-030.pgp]
[Server 1] 2021/04/15 17:13:02 db size in GiB: 11.907099
[Server 1] 2021/04/15 17:13:06 is listening at 10.90.36.39:50051
[Server 1] 2021/04/15 17:13:06 starting grpc server
[Server 1] 2021/04/15 17:14:01 got databaseInfo request
[Server 1] 2021/04/15 17:14:01 got query request
[Server 1] 2021/04/15 17:14:03 answer size in bytes: 21416181
[Server 1] 2021/04/15 17:14:03 stats,1,21416181
[Server 1] 2021/04/15 17:14:09 got databaseInfo request
[Server 1] 2021/04/15 17:14:09 got query request
[Server 1] 2021/04/15 17:14:10 answer size in bytes: 21416181
[Server 1] 2021/04/15 17:14:10 stats,1,21416181
[Server 1] 2021/04/15 17:14:16 got databaseInfo request
[Server 1] 2021/04/15 17:14:16 got query request
[Server 1] 2021/04/15 17:14:17 answer size in bytes: 21416181
[Server 1] 2021/04/15 17:14:17 stats,1,21416181
[Server 1] 2021/04/15 17:14:23 got databaseInfo request
[Server 1] 2021/04/15 17:14:23 got query request
[Server 1] 2021/04/15 17:14:24 answer size in bytes: 21416181
[Server 1] 2021/04/15 17:14:24 stats,1,21416181
[Server 1] 2021/04/15 17:14:30 got databaseInfo request
[Server 1] 2021/04/15 17:14:30 got query request
[Server 1] 2021/04/15 17:14:31 answer size in bytes: 21416181
[Server 1] 2021/04/15 17:14:31 stats,1,21416181
[Server 1] 2021/04/15 17:14:37 got databaseInfo request
[Server 1] 2021/04/15 17:14:37 got query request
[Server 1] 2021/04/15 17:14:39 answer size in bytes: 21416181
[Server 1] 2021/04/15 17:14:39 stats,1,21416181
[Server 1] 2021/04/15 17:14:45 got databaseInfo request
[Server 1] 2021/04/15 17:14:45 got query request
[Server 1] 2021/04/15 17:14:46 answer size in bytes: 21416181
[Server 1] 2021/04/15 17:14:46 stats,1,21416181
[Server 1] 2021/04/15 17:14:52 got databaseInfo request
[Server 1] 2021/04/15 17:14:52 got query request
[Server 1] 2021/04/15 17:14:53 answer size in bytes: 21416181
[Server 1] 2021/04/15 17:14:53 stats,1,21416181
[Server 1] 2021/04/15 17:14:59 got databaseInfo request
[Server 1] 2021/04/15 17:14:59 got query request
[Server 1] 2021/04/15 17:15:00 answer size in bytes: 21416181
[Server 1] 2021/04/15 17:15:00 stats,1,21416181
[Server 1] 2021/04/15 17:15:06 got databaseInfo request
[Server 1] 2021/04/15 17:15:06 got query request
[Server 1] 2021/04/15 17:15:07 answer size in bytes: 21416181
[Server 1] 2021/04/15 17:15:07 stats,1,21416181
[Server 1] 2021/04/15 17:15:13 got databaseInfo request
[Server 1] 2021/04/15 17:15:13 got query request
[Server 1] 2021/04/15 17:15:14 answer size in bytes: 21416181
[Server 1] 2021/04/15 17:15:14 stats,1,21416181
[Server 1] 2021/04/15 17:15:21 got databaseInfo request
[Server 1] 2021/04/15 17:15:21 got query request
[Server 1] 2021/04/15 17:15:22 answer size in bytes: 21416181
[Server 1] 2021/04/15 17:15:22 stats,1,21416181
[Server 1] 2021/04/15 17:15:29 got databaseInfo request
[Server 1] 2021/04/15 17:15:29 got query request
[Server 1] 2021/04/15 17:15:30 answer size in bytes: 21416181
[Server 1] 2021/04/15 17:15:30 stats,1,21416181
[Server 1] 2021/04/15 17:15:36 got databaseInfo request
[Server 1] 2021/04/15 17:15:36 got query request
[Server 1] 2021/04/15 17:15:38 answer size in bytes: 21416181
[Server 1] 2021/04/15 17:15:38 stats,1,21416181
[Server 1] 2021/04/15 17:15:44 got databaseInfo request
[Server 1] 2021/04/15 17:15:44 got query request
[Server 1] 2021/04/15 17:15:45 answer size in bytes: 21416181
[Server 1] 2021/04/15 17:15:45 stats,1,21416181
[Server 1] 2021/04/15 17:15:51 got databaseInfo request
[Server 1] 2021/04/15 17:15:51 got query request
[Server 1] 2021/04/15 17:15:52 answer size in bytes: 21416181
[Server 1] 2021/04/15 17:15:52 stats,1,21416181
[Server 1] 2021/04/15 17:15:58 got databaseInfo request
[Server 1] 2021/04/15 17:15:58 got query request
[Server 1] 2021/04/15 17:15:59 answer size in bytes: 21416181
[Server 1] 2021/04/15 17:15:59 stats,1,21416181
[Server 1] 2021/04/15 17:16:05 got databaseInfo request
[Server 1] 2021/04/15 17:16:05 got query request
[Server 1] 2021/04/15 17:16:06 answer size in bytes: 21416181
[Server 1] 2021/04/15 17:16:06 stats,1,21416181
[Server 1] 2021/04/15 17:16:12 got databaseInfo request
[Server 1] 2021/04/15 17:16:12 got query request
[Server 1] 2021/04/15 17:16:13 answer size in bytes: 21416181
[Server 1] 2021/04/15 17:16:13 stats,1,21416181
[Server 1] 2021/04/15 17:16:19 got databaseInfo request
[Server 1] 2021/04/15 17:16:19 got query request
[Server 1] 2021/04/15 17:16:20 answer size in bytes: 21416181
[Server 1] 2021/04/15 17:16:20 stats,1,21416181
[Server 1] 2021/04/15 17:16:26 clean shutdown of server done
