[Client] 2021/04/15 18:29:10 sent databaseInfo request to 10.90.36.38:50050
[Client] 2021/04/15 18:29:10 sent databaseInfo request to 10.90.36.39:50051
[Client] 2021/04/15 18:29:10 databaseInfo: &database.Info{NumRows:1, NumColumns:355716, BlockSize:32959, PIRType:"", Auth:(*database.Auth)(nil), Merkle:(*database.Merkle)(0xc00031a160), DataEmbedding:(*database.DataEmbedding)(nil), LatParams:(*bfv.Parameters)(nil)}
[Client] 2021/04/15 18:29:10 id: alex.braulio@varidi.com, hashKey: 248559
[Client] 2021/04/15 18:29:10 done with queries computation
[Client] 2021/04/15 18:29:11 sent query to 10.90.36.39:50051
[Client] 2021/04/15 18:29:11 query size in bytes 249
[Client] 2021/04/15 18:29:11 sent query to 10.90.36.38:50050
[Client] 2021/04/15 18:29:11 query size in bytes 249
[Client] 2021/04/15 18:29:11 done with block reconstruction
[Client] 2021/04/15 18:29:11 PGP key retrieved from block
-----BEGIN PGP PUBLIC KEY BLOCK-----
Comment: Retrieved with VPIR

xsBNBFvpyEwBCACwnbagSMWW6QMipo7nn0igJ4G5FNHtfz2AcRgB+JQGVh1B/DMm
JX4iWz/IGppRnNFZR+UtMJNIXdEysCT50ynCS3b84qW5/6mciPBf/zWx3lVi/zK7
DeuShUJP9C5730fjJuFOWgvnDs7Rw2ZPgqnPVep9JpQiNH4/xB3DcRLR3zuD6MPY
3l0EPMqGCS1fs3ZBXi+OkGrE25Olm6+gBBwRM80UHY42ck8ftPGOuX+BeuuZC/DS
EWYwVPKSSEdERIX7fes+SUk8BZoNuWD0ePhT9tVn0G/a0eVgciuDkGrDc4JymjKG
dKgeTu9pjxBT55JeQ/fr3YhDyqIKYn5CyH1LABEBAAHNJkFsZXggQnJhdWxpbyA8
YWxleC5icmF1bGlvQHZhcmlkaS5jb20+wsCUBBMBCAA+FiEEn0f4635JJda7Wpyx
+P2NKP2TF0cFAlvpyEwCGwMFCQPDy/QFCwkIBwIGFQoJCAsCBBYCAwECHgECF4AA
CgkQ+P2NKP2TF0fingf/TmSTfN/Xg+P9dKSEKMSfh0iVW9zOT2iJssC+Me4V1Z2w
VTxDA6cwm1xt/Np0wLtKyRGu2/IqgUzyD3DoVPmUsy00YbWhUOT2Ty/S3i+G5A+K
FPxtZlrMSlBBYogUWqDnuwqTQwoP2IWRG6oMEZVB6h0Fy/WrfTURTbznkxeAwYQj
OP3ydiHrid98djLEuuf1huNrdYksr2UELng3zRQvRgmxetYJd7FQpHfACHC/ukCo
xIuEKsLM3iKA2hDBDjdIAcdzx47M6px4HpHLAHEE4o/xjl3V1nPfKS8bp8BrriLp
lQSkVXMLj8OHbA2v5UBnNQ/s3zgG/iWNpgi7zUQSsw==
=lkY6
-----END PGP PUBLIC KEY BLOCK-----
[Client] 2021/04/15 18:29:11 stats,1,498,1.097623
Wall-clock time to retrieve the key: 1.097623271s
[Client] 2021/04/15 18:29:16 sent databaseInfo request to 10.90.36.38:50050
[Client] 2021/04/15 18:29:16 sent databaseInfo request to 10.90.36.39:50051
[Client] 2021/04/15 18:29:16 databaseInfo: &database.Info{NumRows:1, NumColumns:355716, BlockSize:32959, PIRType:"", Auth:(*database.Auth)(nil), Merkle:(*database.Merkle)(0xc0000d0220), DataEmbedding:(*database.DataEmbedding)(nil), LatParams:(*bfv.Parameters)(nil)}
[Client] 2021/04/15 18:29:16 id: alex.braulio@varidi.com, hashKey: 248559
[Client] 2021/04/15 18:29:16 done with queries computation
[Client] 2021/04/15 18:29:17 sent query to 10.90.36.38:50050
[Client] 2021/04/15 18:29:17 query size in bytes 249
[Client] 2021/04/15 18:29:17 sent query to 10.90.36.39:50051
[Client] 2021/04/15 18:29:17 query size in bytes 249
[Client] 2021/04/15 18:29:17 done with block reconstruction
[Client] 2021/04/15 18:29:17 PGP key retrieved from block
-----BEGIN PGP PUBLIC KEY BLOCK-----
Comment: Retrieved with VPIR

xsBNBFvpyEwBCACwnbagSMWW6QMipo7nn0igJ4G5FNHtfz2AcRgB+JQGVh1B/DMm
JX4iWz/IGppRnNFZR+UtMJNIXdEysCT50ynCS3b84qW5/6mciPBf/zWx3lVi/zK7
DeuShUJP9C5730fjJuFOWgvnDs7Rw2ZPgqnPVep9JpQiNH4/xB3DcRLR3zuD6MPY
3l0EPMqGCS1fs3ZBXi+OkGrE25Olm6+gBBwRM80UHY42ck8ftPGOuX+BeuuZC/DS
EWYwVPKSSEdERIX7fes+SUk8BZoNuWD0ePhT9tVn0G/a0eVgciuDkGrDc4JymjKG
dKgeTu9pjxBT55JeQ/fr3YhDyqIKYn5CyH1LABEBAAHNJkFsZXggQnJhdWxpbyA8
YWxleC5icmF1bGlvQHZhcmlkaS5jb20+wsCUBBMBCAA+FiEEn0f4635JJda7Wpyx
+P2NKP2TF0cFAlvpyEwCGwMFCQPDy/QFCwkIBwIGFQoJCAsCBBYCAwECHgECF4AA
CgkQ+P2NKP2TF0fingf/TmSTfN/Xg+P9dKSEKMSfh0iVW9zOT2iJssC+Me4V1Z2w
VTxDA6cwm1xt/Np0wLtKyRGu2/IqgUzyD3DoVPmUsy00YbWhUOT2Ty/S3i+G5A+K
FPxtZlrMSlBBYogUWqDnuwqTQwoP2IWRG6oMEZVB6h0Fy/WrfTURTbznkxeAwYQj
OP3ydiHrid98djLEuuf1huNrdYksr2UELng3zRQvRgmxetYJd7FQpHfACHC/ukCo
xIuEKsLM3iKA2hDBDjdIAcdzx47M6px4HpHLAHEE4o/xjl3V1nPfKS8bp8BrriLp
lQSkVXMLj8OHbA2v5UBnNQ/s3zgG/iWNpgi7zUQSsw==
=lkY6
-----END PGP PUBLIC KEY BLOCK-----
[Client] 2021/04/15 18:29:17 stats,1,498,1.023147
Wall-clock time to retrieve the key: 1.023147043s
[Client] 2021/04/15 18:29:22 sent databaseInfo request to 10.90.36.38:50050
[Client] 2021/04/15 18:29:22 sent databaseInfo request to 10.90.36.39:50051
[Client] 2021/04/15 18:29:22 databaseInfo: &database.Info{NumRows:1, NumColumns:355716, BlockSize:32959, PIRType:"", Auth:(*database.Auth)(nil), Merkle:(*database.Merkle)(0xc00032c0e0), DataEmbedding:(*database.DataEmbedding)(nil), LatParams:(*bfv.Parameters)(nil)}
[Client] 2021/04/15 18:29:22 id: alex.braulio@varidi.com, hashKey: 248559
[Client] 2021/04/15 18:29:22 done with queries computation
[Client] 2021/04/15 18:29:23 sent query to 10.90.36.38:50050
[Client] 2021/04/15 18:29:23 query size in bytes 249
[Client] 2021/04/15 18:29:24 sent query to 10.90.36.39:50051
[Client] 2021/04/15 18:29:24 query size in bytes 249
[Client] 2021/04/15 18:29:24 done with block reconstruction
[Client] 2021/04/15 18:29:24 PGP key retrieved from block
-----BEGIN PGP PUBLIC KEY BLOCK-----
Comment: Retrieved with VPIR

xsBNBFvpyEwBCACwnbagSMWW6QMipo7nn0igJ4G5FNHtfz2AcRgB+JQGVh1B/DMm
JX4iWz/IGppRnNFZR+UtMJNIXdEysCT50ynCS3b84qW5/6mciPBf/zWx3lVi/zK7
DeuShUJP9C5730fjJuFOWgvnDs7Rw2ZPgqnPVep9JpQiNH4/xB3DcRLR3zuD6MPY
3l0EPMqGCS1fs3ZBXi+OkGrE25Olm6+gBBwRM80UHY42ck8ftPGOuX+BeuuZC/DS
EWYwVPKSSEdERIX7fes+SUk8BZoNuWD0ePhT9tVn0G/a0eVgciuDkGrDc4JymjKG
dKgeTu9pjxBT55JeQ/fr3YhDyqIKYn5CyH1LABEBAAHNJkFsZXggQnJhdWxpbyA8
YWxleC5icmF1bGlvQHZhcmlkaS5jb20+wsCUBBMBCAA+FiEEn0f4635JJda7Wpyx
+P2NKP2TF0cFAlvpyEwCGwMFCQPDy/QFCwkIBwIGFQoJCAsCBBYCAwECHgECF4AA
CgkQ+P2NKP2TF0fingf/TmSTfN/Xg+P9dKSEKMSfh0iVW9zOT2iJssC+Me4V1Z2w
VTxDA6cwm1xt/Np0wLtKyRGu2/IqgUzyD3DoVPmUsy00YbWhUOT2Ty/S3i+G5A+K
FPxtZlrMSlBBYogUWqDnuwqTQwoP2IWRG6oMEZVB6h0Fy/WrfTURTbznkxeAwYQj
OP3ydiHrid98djLEuuf1huNrdYksr2UELng3zRQvRgmxetYJd7FQpHfACHC/ukCo
xIuEKsLM3iKA2hDBDjdIAcdzx47M6px4HpHLAHEE4o/xjl3V1nPfKS8bp8BrriLp
lQSkVXMLj8OHbA2v5UBnNQ/s3zgG/iWNpgi7zUQSsw==
=lkY6
-----END PGP PUBLIC KEY BLOCK-----
[Client] 2021/04/15 18:29:24 stats,1,498,1.162426
Wall-clock time to retrieve the key: 1.162426483s
[Client] 2021/04/15 18:29:29 sent databaseInfo request to 10.90.36.38:50050
[Client] 2021/04/15 18:29:29 sent databaseInfo request to 10.90.36.39:50051
[Client] 2021/04/15 18:29:29 databaseInfo: &database.Info{NumRows:1, NumColumns:355716, BlockSize:32959, PIRType:"", Auth:(*database.Auth)(nil), Merkle:(*database.Merkle)(0xc00029e220), DataEmbedding:(*database.DataEmbedding)(nil), LatParams:(*bfv.Parameters)(nil)}
[Client] 2021/04/15 18:29:29 id: alex.braulio@varidi.com, hashKey: 248559
[Client] 2021/04/15 18:29:29 done with queries computation
[Client] 2021/04/15 18:29:29 sent query to 10.90.36.39:50051
[Client] 2021/04/15 18:29:29 query size in bytes 249
[Client] 2021/04/15 18:29:30 sent query to 10.90.36.38:50050
[Client] 2021/04/15 18:29:30 query size in bytes 249
[Client] 2021/04/15 18:29:30 done with block reconstruction
[Client] 2021/04/15 18:29:30 PGP key retrieved from block
-----BEGIN PGP PUBLIC KEY BLOCK-----
Comment: Retrieved with VPIR

xsBNBFvpyEwBCACwnbagSMWW6QMipo7nn0igJ4G5FNHtfz2AcRgB+JQGVh1B/DMm
JX4iWz/IGppRnNFZR+UtMJNIXdEysCT50ynCS3b84qW5/6mciPBf/zWx3lVi/zK7
DeuShUJP9C5730fjJuFOWgvnDs7Rw2ZPgqnPVep9JpQiNH4/xB3DcRLR3zuD6MPY
3l0EPMqGCS1fs3ZBXi+OkGrE25Olm6+gBBwRM80UHY42ck8ftPGOuX+BeuuZC/DS
EWYwVPKSSEdERIX7fes+SUk8BZoNuWD0ePhT9tVn0G/a0eVgciuDkGrDc4JymjKG
dKgeTu9pjxBT55JeQ/fr3YhDyqIKYn5CyH1LABEBAAHNJkFsZXggQnJhdWxpbyA8
YWxleC5icmF1bGlvQHZhcmlkaS5jb20+wsCUBBMBCAA+FiEEn0f4635JJda7Wpyx
+P2NKP2TF0cFAlvpyEwCGwMFCQPDy/QFCwkIBwIGFQoJCAsCBBYCAwECHgECF4AA
CgkQ+P2NKP2TF0fingf/TmSTfN/Xg+P9dKSEKMSfh0iVW9zOT2iJssC+Me4V1Z2w
VTxDA6cwm1xt/Np0wLtKyRGu2/IqgUzyD3DoVPmUsy00YbWhUOT2Ty/S3i+G5A+K
FPxtZlrMSlBBYogUWqDnuwqTQwoP2IWRG6oMEZVB6h0Fy/WrfTURTbznkxeAwYQj
OP3ydiHrid98djLEuuf1huNrdYksr2UELng3zRQvRgmxetYJd7FQpHfACHC/ukCo
xIuEKsLM3iKA2hDBDjdIAcdzx47M6px4HpHLAHEE4o/xjl3V1nPfKS8bp8BrriLp
lQSkVXMLj8OHbA2v5UBnNQ/s3zgG/iWNpgi7zUQSsw==
=lkY6
-----END PGP PUBLIC KEY BLOCK-----
[Client] 2021/04/15 18:29:30 stats,1,498,0.955212
Wall-clock time to retrieve the key: 955.212136ms
[Client] 2021/04/15 18:29:35 sent databaseInfo request to 10.90.36.39:50051
[Client] 2021/04/15 18:29:35 sent databaseInfo request to 10.90.36.38:50050
[Client] 2021/04/15 18:29:35 databaseInfo: &database.Info{NumRows:1, NumColumns:355716, BlockSize:32959, PIRType:"", Auth:(*database.Auth)(nil), Merkle:(*database.Merkle)(0xc0002983a0), DataEmbedding:(*database.DataEmbedding)(nil), LatParams:(*bfv.Parameters)(nil)}
[Client] 2021/04/15 18:29:35 id: alex.braulio@varidi.com, hashKey: 248559
[Client] 2021/04/15 18:29:35 done with queries computation
[Client] 2021/04/15 18:29:35 sent query to 10.90.36.39:50051
[Client] 2021/04/15 18:29:35 query size in bytes 249
[Client] 2021/04/15 18:29:36 sent query to 10.90.36.38:50050
[Client] 2021/04/15 18:29:36 query size in bytes 249
[Client] 2021/04/15 18:29:36 done with block reconstruction
[Client] 2021/04/15 18:29:36 PGP key retrieved from block
-----BEGIN PGP PUBLIC KEY BLOCK-----
Comment: Retrieved with VPIR

xsBNBFvpyEwBCACwnbagSMWW6QMipo7nn0igJ4G5FNHtfz2AcRgB+JQGVh1B/DMm
JX4iWz/IGppRnNFZR+UtMJNIXdEysCT50ynCS3b84qW5/6mciPBf/zWx3lVi/zK7
DeuShUJP9C5730fjJuFOWgvnDs7Rw2ZPgqnPVep9JpQiNH4/xB3DcRLR3zuD6MPY
3l0EPMqGCS1fs3ZBXi+OkGrE25Olm6+gBBwRM80UHY42ck8ftPGOuX+BeuuZC/DS
EWYwVPKSSEdERIX7fes+SUk8BZoNuWD0ePhT9tVn0G/a0eVgciuDkGrDc4JymjKG
dKgeTu9pjxBT55JeQ/fr3YhDyqIKYn5CyH1LABEBAAHNJkFsZXggQnJhdWxpbyA8
YWxleC5icmF1bGlvQHZhcmlkaS5jb20+wsCUBBMBCAA+FiEEn0f4635JJda7Wpyx
+P2NKP2TF0cFAlvpyEwCGwMFCQPDy/QFCwkIBwIGFQoJCAsCBBYCAwECHgECF4AA
CgkQ+P2NKP2TF0fingf/TmSTfN/Xg+P9dKSEKMSfh0iVW9zOT2iJssC+Me4V1Z2w
VTxDA6cwm1xt/Np0wLtKyRGu2/IqgUzyD3DoVPmUsy00YbWhUOT2Ty/S3i+G5A+K
FPxtZlrMSlBBYogUWqDnuwqTQwoP2IWRG6oMEZVB6h0Fy/WrfTURTbznkxeAwYQj
OP3ydiHrid98djLEuuf1huNrdYksr2UELng3zRQvRgmxetYJd7FQpHfACHC/ukCo
xIuEKsLM3iKA2hDBDjdIAcdzx47M6px4HpHLAHEE4o/xjl3V1nPfKS8bp8BrriLp
lQSkVXMLj8OHbA2v5UBnNQ/s3zgG/iWNpgi7zUQSsw==
=lkY6
-----END PGP PUBLIC KEY BLOCK-----
[Client] 2021/04/15 18:29:36 stats,1,498,1.019606
Wall-clock time to retrieve the key: 1.019605728s
[Client] 2021/04/15 18:29:41 sent databaseInfo request to 10.90.36.39:50051
[Client] 2021/04/15 18:29:41 sent databaseInfo request to 10.90.36.38:50050
[Client] 2021/04/15 18:29:41 databaseInfo: &database.Info{NumRows:1, NumColumns:355716, BlockSize:32959, PIRType:"", Auth:(*database.Auth)(nil), Merkle:(*database.Merkle)(0xc00030a360), DataEmbedding:(*database.DataEmbedding)(nil), LatParams:(*bfv.Parameters)(nil)}
[Client] 2021/04/15 18:29:41 id: alex.braulio@varidi.com, hashKey: 248559
[Client] 2021/04/15 18:29:41 done with queries computation
[Client] 2021/04/15 18:29:41 sent query to 10.90.36.39:50051
[Client] 2021/04/15 18:29:41 query size in bytes 249
[Client] 2021/04/15 18:29:42 sent query to 10.90.36.38:50050
[Client] 2021/04/15 18:29:42 query size in bytes 249
[Client] 2021/04/15 18:29:42 done with block reconstruction
[Client] 2021/04/15 18:29:42 PGP key retrieved from block
-----BEGIN PGP PUBLIC KEY BLOCK-----
Comment: Retrieved with VPIR

xsBNBFvpyEwBCACwnbagSMWW6QMipo7nn0igJ4G5FNHtfz2AcRgB+JQGVh1B/DMm
JX4iWz/IGppRnNFZR+UtMJNIXdEysCT50ynCS3b84qW5/6mciPBf/zWx3lVi/zK7
DeuShUJP9C5730fjJuFOWgvnDs7Rw2ZPgqnPVep9JpQiNH4/xB3DcRLR3zuD6MPY
3l0EPMqGCS1fs3ZBXi+OkGrE25Olm6+gBBwRM80UHY42ck8ftPGOuX+BeuuZC/DS
EWYwVPKSSEdERIX7fes+SUk8BZoNuWD0ePhT9tVn0G/a0eVgciuDkGrDc4JymjKG
dKgeTu9pjxBT55JeQ/fr3YhDyqIKYn5CyH1LABEBAAHNJkFsZXggQnJhdWxpbyA8
YWxleC5icmF1bGlvQHZhcmlkaS5jb20+wsCUBBMBCAA+FiEEn0f4635JJda7Wpyx
+P2NKP2TF0cFAlvpyEwCGwMFCQPDy/QFCwkIBwIGFQoJCAsCBBYCAwECHgECF4AA
CgkQ+P2NKP2TF0fingf/TmSTfN/Xg+P9dKSEKMSfh0iVW9zOT2iJssC+Me4V1Z2w
VTxDA6cwm1xt/Np0wLtKyRGu2/IqgUzyD3DoVPmUsy00YbWhUOT2Ty/S3i+G5A+K
FPxtZlrMSlBBYogUWqDnuwqTQwoP2IWRG6oMEZVB6h0Fy/WrfTURTbznkxeAwYQj
OP3ydiHrid98djLEuuf1huNrdYksr2UELng3zRQvRgmxetYJd7FQpHfACHC/ukCo
xIuEKsLM3iKA2hDBDjdIAcdzx47M6px4HpHLAHEE4o/xjl3V1nPfKS8bp8BrriLp
lQSkVXMLj8OHbA2v5UBnNQ/s3zgG/iWNpgi7zUQSsw==
=lkY6
-----END PGP PUBLIC KEY BLOCK-----
[Client] 2021/04/15 18:29:42 stats,1,498,0.980906
Wall-clock time to retrieve the key: 980.905794ms
[Client] 2021/04/15 18:29:47 sent databaseInfo request to 10.90.36.39:50051
[Client] 2021/04/15 18:29:47 sent databaseInfo request to 10.90.36.38:50050
[Client] 2021/04/15 18:29:47 databaseInfo: &database.Info{NumRows:1, NumColumns:355716, BlockSize:32959, PIRType:"", Auth:(*database.Auth)(nil), Merkle:(*database.Merkle)(0xc00029e1a0), DataEmbedding:(*database.DataEmbedding)(nil), LatParams:(*bfv.Parameters)(nil)}
[Client] 2021/04/15 18:29:47 id: alex.braulio@varidi.com, hashKey: 248559
[Client] 2021/04/15 18:29:47 done with queries computation
[Client] 2021/04/15 18:29:47 sent query to 10.90.36.39:50051
[Client] 2021/04/15 18:29:47 query size in bytes 249
[Client] 2021/04/15 18:29:48 sent query to 10.90.36.38:50050
[Client] 2021/04/15 18:29:48 query size in bytes 249
[Client] 2021/04/15 18:29:48 done with block reconstruction
[Client] 2021/04/15 18:29:48 PGP key retrieved from block
-----BEGIN PGP PUBLIC KEY BLOCK-----
Comment: Retrieved with VPIR

xsBNBFvpyEwBCACwnbagSMWW6QMipo7nn0igJ4G5FNHtfz2AcRgB+JQGVh1B/DMm
JX4iWz/IGppRnNFZR+UtMJNIXdEysCT50ynCS3b84qW5/6mciPBf/zWx3lVi/zK7
DeuShUJP9C5730fjJuFOWgvnDs7Rw2ZPgqnPVep9JpQiNH4/xB3DcRLR3zuD6MPY
3l0EPMqGCS1fs3ZBXi+OkGrE25Olm6+gBBwRM80UHY42ck8ftPGOuX+BeuuZC/DS
EWYwVPKSSEdERIX7fes+SUk8BZoNuWD0ePhT9tVn0G/a0eVgciuDkGrDc4JymjKG
dKgeTu9pjxBT55JeQ/fr3YhDyqIKYn5CyH1LABEBAAHNJkFsZXggQnJhdWxpbyA8
YWxleC5icmF1bGlvQHZhcmlkaS5jb20+wsCUBBMBCAA+FiEEn0f4635JJda7Wpyx
+P2NKP2TF0cFAlvpyEwCGwMFCQPDy/QFCwkIBwIGFQoJCAsCBBYCAwECHgECF4AA
CgkQ+P2NKP2TF0fingf/TmSTfN/Xg+P9dKSEKMSfh0iVW9zOT2iJssC+Me4V1Z2w
VTxDA6cwm1xt/Np0wLtKyRGu2/IqgUzyD3DoVPmUsy00YbWhUOT2Ty/S3i+G5A+K
FPxtZlrMSlBBYogUWqDnuwqTQwoP2IWRG6oMEZVB6h0Fy/WrfTURTbznkxeAwYQj
OP3ydiHrid98djLEuuf1huNrdYksr2UELng3zRQvRgmxetYJd7FQpHfACHC/ukCo
xIuEKsLM3iKA2hDBDjdIAcdzx47M6px4HpHLAHEE4o/xjl3V1nPfKS8bp8BrriLp
lQSkVXMLj8OHbA2v5UBnNQ/s3zgG/iWNpgi7zUQSsw==
=lkY6
-----END PGP PUBLIC KEY BLOCK-----
[Client] 2021/04/15 18:29:48 stats,1,498,1.141122
Wall-clock time to retrieve the key: 1.141121625s
[Client] 2021/04/15 18:29:53 sent databaseInfo request to 10.90.36.39:50051
[Client] 2021/04/15 18:29:53 sent databaseInfo request to 10.90.36.38:50050
[Client] 2021/04/15 18:29:53 databaseInfo: &database.Info{NumRows:1, NumColumns:355716, BlockSize:32959, PIRType:"", Auth:(*database.Auth)(nil), Merkle:(*database.Merkle)(0xc0003a6160), DataEmbedding:(*database.DataEmbedding)(nil), LatParams:(*bfv.Parameters)(nil)}
[Client] 2021/04/15 18:29:53 id: alex.braulio@varidi.com, hashKey: 248559
[Client] 2021/04/15 18:29:53 done with queries computation
[Client] 2021/04/15 18:29:54 sent query to 10.90.36.39:50051
[Client] 2021/04/15 18:29:54 query size in bytes 249
[Client] 2021/04/15 18:29:57 sent query to 10.90.36.38:50050
[Client] 2021/04/15 18:29:57 query size in bytes 249
[Client] 2021/04/15 18:29:57 done with block reconstruction
[Client] 2021/04/15 18:29:57 PGP key retrieved from block
-----BEGIN PGP PUBLIC KEY BLOCK-----
Comment: Retrieved with VPIR

xsBNBFvpyEwBCACwnbagSMWW6QMipo7nn0igJ4G5FNHtfz2AcRgB+JQGVh1B/DMm
JX4iWz/IGppRnNFZR+UtMJNIXdEysCT50ynCS3b84qW5/6mciPBf/zWx3lVi/zK7
DeuShUJP9C5730fjJuFOWgvnDs7Rw2ZPgqnPVep9JpQiNH4/xB3DcRLR3zuD6MPY
3l0EPMqGCS1fs3ZBXi+OkGrE25Olm6+gBBwRM80UHY42ck8ftPGOuX+BeuuZC/DS
EWYwVPKSSEdERIX7fes+SUk8BZoNuWD0ePhT9tVn0G/a0eVgciuDkGrDc4JymjKG
dKgeTu9pjxBT55JeQ/fr3YhDyqIKYn5CyH1LABEBAAHNJkFsZXggQnJhdWxpbyA8
YWxleC5icmF1bGlvQHZhcmlkaS5jb20+wsCUBBMBCAA+FiEEn0f4635JJda7Wpyx
+P2NKP2TF0cFAlvpyEwCGwMFCQPDy/QFCwkIBwIGFQoJCAsCBBYCAwECHgECF4AA
CgkQ+P2NKP2TF0fingf/TmSTfN/Xg+P9dKSEKMSfh0iVW9zOT2iJssC+Me4V1Z2w
VTxDA6cwm1xt/Np0wLtKyRGu2/IqgUzyD3DoVPmUsy00YbWhUOT2Ty/S3i+G5A+K
FPxtZlrMSlBBYogUWqDnuwqTQwoP2IWRG6oMEZVB6h0Fy/WrfTURTbznkxeAwYQj
OP3ydiHrid98djLEuuf1huNrdYksr2UELng3zRQvRgmxetYJd7FQpHfACHC/ukCo
xIuEKsLM3iKA2hDBDjdIAcdzx47M6px4HpHLAHEE4o/xjl3V1nPfKS8bp8BrriLp
lQSkVXMLj8OHbA2v5UBnNQ/s3zgG/iWNpgi7zUQSsw==
=lkY6
-----END PGP PUBLIC KEY BLOCK-----
[Client] 2021/04/15 18:29:57 stats,1,498,4.247039
Wall-clock time to retrieve the key: 4.247039252s
[Client] 2021/04/15 18:30:02 sent databaseInfo request to 10.90.36.39:50051
[Client] 2021/04/15 18:30:02 sent databaseInfo request to 10.90.36.38:50050
[Client] 2021/04/15 18:30:02 databaseInfo: &database.Info{NumRows:1, NumColumns:355716, BlockSize:32959, PIRType:"", Auth:(*database.Auth)(nil), Merkle:(*database.Merkle)(0xc000322140), DataEmbedding:(*database.DataEmbedding)(nil), LatParams:(*bfv.Parameters)(nil)}
[Client] 2021/04/15 18:30:02 id: alex.braulio@varidi.com, hashKey: 248559
[Client] 2021/04/15 18:30:02 done with queries computation
[Client] 2021/04/15 18:30:03 sent query to 10.90.36.38:50050
[Client] 2021/04/15 18:30:03 query size in bytes 249
[Client] 2021/04/15 18:30:03 sent query to 10.90.36.39:50051
[Client] 2021/04/15 18:30:03 query size in bytes 249
[Client] 2021/04/15 18:30:03 done with block reconstruction
[Client] 2021/04/15 18:30:03 PGP key retrieved from block
-----BEGIN PGP PUBLIC KEY BLOCK-----
Comment: Retrieved with VPIR

xsBNBFvpyEwBCACwnbagSMWW6QMipo7nn0igJ4G5FNHtfz2AcRgB+JQGVh1B/DMm
JX4iWz/IGppRnNFZR+UtMJNIXdEysCT50ynCS3b84qW5/6mciPBf/zWx3lVi/zK7
DeuShUJP9C5730fjJuFOWgvnDs7Rw2ZPgqnPVep9JpQiNH4/xB3DcRLR3zuD6MPY
3l0EPMqGCS1fs3ZBXi+OkGrE25Olm6+gBBwRM80UHY42ck8ftPGOuX+BeuuZC/DS
EWYwVPKSSEdERIX7fes+SUk8BZoNuWD0ePhT9tVn0G/a0eVgciuDkGrDc4JymjKG
dKgeTu9pjxBT55JeQ/fr3YhDyqIKYn5CyH1LABEBAAHNJkFsZXggQnJhdWxpbyA8
YWxleC5icmF1bGlvQHZhcmlkaS5jb20+wsCUBBMBCAA+FiEEn0f4635JJda7Wpyx
+P2NKP2TF0cFAlvpyEwCGwMFCQPDy/QFCwkIBwIGFQoJCAsCBBYCAwECHgECF4AA
CgkQ+P2NKP2TF0fingf/TmSTfN/Xg+P9dKSEKMSfh0iVW9zOT2iJssC+Me4V1Z2w
VTxDA6cwm1xt/Np0wLtKyRGu2/IqgUzyD3DoVPmUsy00YbWhUOT2Ty/S3i+G5A+K
FPxtZlrMSlBBYogUWqDnuwqTQwoP2IWRG6oMEZVB6h0Fy/WrfTURTbznkxeAwYQj
OP3ydiHrid98djLEuuf1huNrdYksr2UELng3zRQvRgmxetYJd7FQpHfACHC/ukCo
xIuEKsLM3iKA2hDBDjdIAcdzx47M6px4HpHLAHEE4o/xjl3V1nPfKS8bp8BrriLp
lQSkVXMLj8OHbA2v5UBnNQ/s3zgG/iWNpgi7zUQSsw==
=lkY6
-----END PGP PUBLIC KEY BLOCK-----
[Client] 2021/04/15 18:30:03 stats,1,498,1.318208
Wall-clock time to retrieve the key: 1.318208038s
[Client] 2021/04/15 18:30:08 sent databaseInfo request to 10.90.36.38:50050
[Client] 2021/04/15 18:30:08 sent databaseInfo request to 10.90.36.39:50051
[Client] 2021/04/15 18:30:08 databaseInfo: &database.Info{NumRows:1, NumColumns:355716, BlockSize:32959, PIRType:"", Auth:(*database.Auth)(nil), Merkle:(*database.Merkle)(0xc000318360), DataEmbedding:(*database.DataEmbedding)(nil), LatParams:(*bfv.Parameters)(nil)}
[Client] 2021/04/15 18:30:08 id: alex.braulio@varidi.com, hashKey: 248559
[Client] 2021/04/15 18:30:08 done with queries computation
[Client] 2021/04/15 18:30:09 sent query to 10.90.36.38:50050
[Client] 2021/04/15 18:30:09 query size in bytes 249
[Client] 2021/04/15 18:30:09 sent query to 10.90.36.39:50051
[Client] 2021/04/15 18:30:09 query size in bytes 249
[Client] 2021/04/15 18:30:09 done with block reconstruction
[Client] 2021/04/15 18:30:09 PGP key retrieved from block
-----BEGIN PGP PUBLIC KEY BLOCK-----
Comment: Retrieved with VPIR

xsBNBFvpyEwBCACwnbagSMWW6QMipo7nn0igJ4G5FNHtfz2AcRgB+JQGVh1B/DMm
JX4iWz/IGppRnNFZR+UtMJNIXdEysCT50ynCS3b84qW5/6mciPBf/zWx3lVi/zK7
DeuShUJP9C5730fjJuFOWgvnDs7Rw2ZPgqnPVep9JpQiNH4/xB3DcRLR3zuD6MPY
3l0EPMqGCS1fs3ZBXi+OkGrE25Olm6+gBBwRM80UHY42ck8ftPGOuX+BeuuZC/DS
EWYwVPKSSEdERIX7fes+SUk8BZoNuWD0ePhT9tVn0G/a0eVgciuDkGrDc4JymjKG
dKgeTu9pjxBT55JeQ/fr3YhDyqIKYn5CyH1LABEBAAHNJkFsZXggQnJhdWxpbyA8
YWxleC5icmF1bGlvQHZhcmlkaS5jb20+wsCUBBMBCAA+FiEEn0f4635JJda7Wpyx
+P2NKP2TF0cFAlvpyEwCGwMFCQPDy/QFCwkIBwIGFQoJCAsCBBYCAwECHgECF4AA
CgkQ+P2NKP2TF0fingf/TmSTfN/Xg+P9dKSEKMSfh0iVW9zOT2iJssC+Me4V1Z2w
VTxDA6cwm1xt/Np0wLtKyRGu2/IqgUzyD3DoVPmUsy00YbWhUOT2Ty/S3i+G5A+K
FPxtZlrMSlBBYogUWqDnuwqTQwoP2IWRG6oMEZVB6h0Fy/WrfTURTbznkxeAwYQj
OP3ydiHrid98djLEuuf1huNrdYksr2UELng3zRQvRgmxetYJd7FQpHfACHC/ukCo
xIuEKsLM3iKA2hDBDjdIAcdzx47M6px4HpHLAHEE4o/xjl3V1nPfKS8bp8BrriLp
lQSkVXMLj8OHbA2v5UBnNQ/s3zgG/iWNpgi7zUQSsw==
=lkY6
-----END PGP PUBLIC KEY BLOCK-----
[Client] 2021/04/15 18:30:09 stats,1,498,1.104383
Wall-clock time to retrieve the key: 1.104382649s
[Client] 2021/04/15 18:30:14 sent databaseInfo request to 10.90.36.39:50051
[Client] 2021/04/15 18:30:14 sent databaseInfo request to 10.90.36.38:50050
[Client] 2021/04/15 18:30:14 databaseInfo: &database.Info{NumRows:1, NumColumns:355716, BlockSize:32959, PIRType:"", Auth:(*database.Auth)(nil), Merkle:(*database.Merkle)(0xc000310160), DataEmbedding:(*database.DataEmbedding)(nil), LatParams:(*bfv.Parameters)(nil)}
[Client] 2021/04/15 18:30:14 id: alex.braulio@varidi.com, hashKey: 248559
[Client] 2021/04/15 18:30:14 done with queries computation
[Client] 2021/04/15 18:30:15 sent query to 10.90.36.38:50050
[Client] 2021/04/15 18:30:15 query size in bytes 249
[Client] 2021/04/15 18:30:16 sent query to 10.90.36.39:50051
[Client] 2021/04/15 18:30:16 query size in bytes 249
[Client] 2021/04/15 18:30:16 done with block reconstruction
[Client] 2021/04/15 18:30:16 PGP key retrieved from block
-----BEGIN PGP PUBLIC KEY BLOCK-----
Comment: Retrieved with VPIR

xsBNBFvpyEwBCACwnbagSMWW6QMipo7nn0igJ4G5FNHtfz2AcRgB+JQGVh1B/DMm
JX4iWz/IGppRnNFZR+UtMJNIXdEysCT50ynCS3b84qW5/6mciPBf/zWx3lVi/zK7
DeuShUJP9C5730fjJuFOWgvnDs7Rw2ZPgqnPVep9JpQiNH4/xB3DcRLR3zuD6MPY
3l0EPMqGCS1fs3ZBXi+OkGrE25Olm6+gBBwRM80UHY42ck8ftPGOuX+BeuuZC/DS
EWYwVPKSSEdERIX7fes+SUk8BZoNuWD0ePhT9tVn0G/a0eVgciuDkGrDc4JymjKG
dKgeTu9pjxBT55JeQ/fr3YhDyqIKYn5CyH1LABEBAAHNJkFsZXggQnJhdWxpbyA8
YWxleC5icmF1bGlvQHZhcmlkaS5jb20+wsCUBBMBCAA+FiEEn0f4635JJda7Wpyx
+P2NKP2TF0cFAlvpyEwCGwMFCQPDy/QFCwkIBwIGFQoJCAsCBBYCAwECHgECF4AA
CgkQ+P2NKP2TF0fingf/TmSTfN/Xg+P9dKSEKMSfh0iVW9zOT2iJssC+Me4V1Z2w
VTxDA6cwm1xt/Np0wLtKyRGu2/IqgUzyD3DoVPmUsy00YbWhUOT2Ty/S3i+G5A+K
FPxtZlrMSlBBYogUWqDnuwqTQwoP2IWRG6oMEZVB6h0Fy/WrfTURTbznkxeAwYQj
OP3ydiHrid98djLEuuf1huNrdYksr2UELng3zRQvRgmxetYJd7FQpHfACHC/ukCo
xIuEKsLM3iKA2hDBDjdIAcdzx47M6px4HpHLAHEE4o/xjl3V1nPfKS8bp8BrriLp
lQSkVXMLj8OHbA2v5UBnNQ/s3zgG/iWNpgi7zUQSsw==
=lkY6
-----END PGP PUBLIC KEY BLOCK-----
[Client] 2021/04/15 18:30:16 stats,1,498,1.201558
Wall-clock time to retrieve the key: 1.201557921s
[Client] 2021/04/15 18:30:21 sent databaseInfo request to 10.90.36.38:50050
[Client] 2021/04/15 18:30:21 sent databaseInfo request to 10.90.36.39:50051
[Client] 2021/04/15 18:30:21 databaseInfo: &database.Info{NumRows:1, NumColumns:355716, BlockSize:32959, PIRType:"", Auth:(*database.Auth)(nil), Merkle:(*database.Merkle)(0xc000522080), DataEmbedding:(*database.DataEmbedding)(nil), LatParams:(*bfv.Parameters)(nil)}
[Client] 2021/04/15 18:30:21 id: alex.braulio@varidi.com, hashKey: 248559
[Client] 2021/04/15 18:30:21 done with queries computation
[Client] 2021/04/15 18:30:22 sent query to 10.90.36.39:50051
[Client] 2021/04/15 18:30:22 query size in bytes 249
[Client] 2021/04/15 18:30:22 sent query to 10.90.36.38:50050
[Client] 2021/04/15 18:30:22 query size in bytes 249
[Client] 2021/04/15 18:30:22 done with block reconstruction
[Client] 2021/04/15 18:30:22 PGP key retrieved from block
-----BEGIN PGP PUBLIC KEY BLOCK-----
Comment: Retrieved with VPIR

xsBNBFvpyEwBCACwnbagSMWW6QMipo7nn0igJ4G5FNHtfz2AcRgB+JQGVh1B/DMm
JX4iWz/IGppRnNFZR+UtMJNIXdEysCT50ynCS3b84qW5/6mciPBf/zWx3lVi/zK7
DeuShUJP9C5730fjJuFOWgvnDs7Rw2ZPgqnPVep9JpQiNH4/xB3DcRLR3zuD6MPY
3l0EPMqGCS1fs3ZBXi+OkGrE25Olm6+gBBwRM80UHY42ck8ftPGOuX+BeuuZC/DS
EWYwVPKSSEdERIX7fes+SUk8BZoNuWD0ePhT9tVn0G/a0eVgciuDkGrDc4JymjKG
dKgeTu9pjxBT55JeQ/fr3YhDyqIKYn5CyH1LABEBAAHNJkFsZXggQnJhdWxpbyA8
YWxleC5icmF1bGlvQHZhcmlkaS5jb20+wsCUBBMBCAA+FiEEn0f4635JJda7Wpyx
+P2NKP2TF0cFAlvpyEwCGwMFCQPDy/QFCwkIBwIGFQoJCAsCBBYCAwECHgECF4AA
CgkQ+P2NKP2TF0fingf/TmSTfN/Xg+P9dKSEKMSfh0iVW9zOT2iJssC+Me4V1Z2w
VTxDA6cwm1xt/Np0wLtKyRGu2/IqgUzyD3DoVPmUsy00YbWhUOT2Ty/S3i+G5A+K
FPxtZlrMSlBBYogUWqDnuwqTQwoP2IWRG6oMEZVB6h0Fy/WrfTURTbznkxeAwYQj
OP3ydiHrid98djLEuuf1huNrdYksr2UELng3zRQvRgmxetYJd7FQpHfACHC/ukCo
xIuEKsLM3iKA2hDBDjdIAcdzx47M6px4HpHLAHEE4o/xjl3V1nPfKS8bp8BrriLp
lQSkVXMLj8OHbA2v5UBnNQ/s3zgG/iWNpgi7zUQSsw==
=lkY6
-----END PGP PUBLIC KEY BLOCK-----
[Client] 2021/04/15 18:30:22 stats,1,498,1.092014
Wall-clock time to retrieve the key: 1.092014468s
[Client] 2021/04/15 18:30:27 sent databaseInfo request to 10.90.36.38:50050
[Client] 2021/04/15 18:30:27 sent databaseInfo request to 10.90.36.39:50051
[Client] 2021/04/15 18:30:27 databaseInfo: &database.Info{NumRows:1, NumColumns:355716, BlockSize:32959, PIRType:"", Auth:(*database.Auth)(nil), Merkle:(*database.Merkle)(0xc00029e440), DataEmbedding:(*database.DataEmbedding)(nil), LatParams:(*bfv.Parameters)(nil)}
[Client] 2021/04/15 18:30:27 id: alex.braulio@varidi.com, hashKey: 248559
[Client] 2021/04/15 18:30:27 done with queries computation
[Client] 2021/04/15 18:30:28 sent query to 10.90.36.39:50051
[Client] 2021/04/15 18:30:28 query size in bytes 249
[Client] 2021/04/15 18:30:28 sent query to 10.90.36.38:50050
[Client] 2021/04/15 18:30:28 query size in bytes 249
[Client] 2021/04/15 18:30:28 done with block reconstruction
[Client] 2021/04/15 18:30:28 PGP key retrieved from block
-----BEGIN PGP PUBLIC KEY BLOCK-----
Comment: Retrieved with VPIR

xsBNBFvpyEwBCACwnbagSMWW6QMipo7nn0igJ4G5FNHtfz2AcRgB+JQGVh1B/DMm
JX4iWz/IGppRnNFZR+UtMJNIXdEysCT50ynCS3b84qW5/6mciPBf/zWx3lVi/zK7
DeuShUJP9C5730fjJuFOWgvnDs7Rw2ZPgqnPVep9JpQiNH4/xB3DcRLR3zuD6MPY
3l0EPMqGCS1fs3ZBXi+OkGrE25Olm6+gBBwRM80UHY42ck8ftPGOuX+BeuuZC/DS
EWYwVPKSSEdERIX7fes+SUk8BZoNuWD0ePhT9tVn0G/a0eVgciuDkGrDc4JymjKG
dKgeTu9pjxBT55JeQ/fr3YhDyqIKYn5CyH1LABEBAAHNJkFsZXggQnJhdWxpbyA8
YWxleC5icmF1bGlvQHZhcmlkaS5jb20+wsCUBBMBCAA+FiEEn0f4635JJda7Wpyx
+P2NKP2TF0cFAlvpyEwCGwMFCQPDy/QFCwkIBwIGFQoJCAsCBBYCAwECHgECF4AA
CgkQ+P2NKP2TF0fingf/TmSTfN/Xg+P9dKSEKMSfh0iVW9zOT2iJssC+Me4V1Z2w
VTxDA6cwm1xt/Np0wLtKyRGu2/IqgUzyD3DoVPmUsy00YbWhUOT2Ty/S3i+G5A+K
FPxtZlrMSlBBYogUWqDnuwqTQwoP2IWRG6oMEZVB6h0Fy/WrfTURTbznkxeAwYQj
OP3ydiHrid98djLEuuf1huNrdYksr2UELng3zRQvRgmxetYJd7FQpHfACHC/ukCo
xIuEKsLM3iKA2hDBDjdIAcdzx47M6px4HpHLAHEE4o/xjl3V1nPfKS8bp8BrriLp
lQSkVXMLj8OHbA2v5UBnNQ/s3zgG/iWNpgi7zUQSsw==
=lkY6
-----END PGP PUBLIC KEY BLOCK-----
[Client] 2021/04/15 18:30:28 stats,1,498,0.894373
Wall-clock time to retrieve the key: 894.373359ms
[Client] 2021/04/15 18:30:33 sent databaseInfo request to 10.90.36.38:50050
[Client] 2021/04/15 18:30:33 sent databaseInfo request to 10.90.36.39:50051
[Client] 2021/04/15 18:30:33 databaseInfo: &database.Info{NumRows:1, NumColumns:355716, BlockSize:32959, PIRType:"", Auth:(*database.Auth)(nil), Merkle:(*database.Merkle)(0xc00029e480), DataEmbedding:(*database.DataEmbedding)(nil), LatParams:(*bfv.Parameters)(nil)}
[Client] 2021/04/15 18:30:33 id: alex.braulio@varidi.com, hashKey: 248559
[Client] 2021/04/15 18:30:33 done with queries computation
[Client] 2021/04/15 18:30:34 sent query to 10.90.36.39:50051
[Client] 2021/04/15 18:30:34 query size in bytes 249
[Client] 2021/04/15 18:30:34 sent query to 10.90.36.38:50050
[Client] 2021/04/15 18:30:34 query size in bytes 249
[Client] 2021/04/15 18:30:34 done with block reconstruction
[Client] 2021/04/15 18:30:34 PGP key retrieved from block
-----BEGIN PGP PUBLIC KEY BLOCK-----
Comment: Retrieved with VPIR

xsBNBFvpyEwBCACwnbagSMWW6QMipo7nn0igJ4G5FNHtfz2AcRgB+JQGVh1B/DMm
JX4iWz/IGppRnNFZR+UtMJNIXdEysCT50ynCS3b84qW5/6mciPBf/zWx3lVi/zK7
DeuShUJP9C5730fjJuFOWgvnDs7Rw2ZPgqnPVep9JpQiNH4/xB3DcRLR3zuD6MPY
3l0EPMqGCS1fs3ZBXi+OkGrE25Olm6+gBBwRM80UHY42ck8ftPGOuX+BeuuZC/DS
EWYwVPKSSEdERIX7fes+SUk8BZoNuWD0ePhT9tVn0G/a0eVgciuDkGrDc4JymjKG
dKgeTu9pjxBT55JeQ/fr3YhDyqIKYn5CyH1LABEBAAHNJkFsZXggQnJhdWxpbyA8
YWxleC5icmF1bGlvQHZhcmlkaS5jb20+wsCUBBMBCAA+FiEEn0f4635JJda7Wpyx
+P2NKP2TF0cFAlvpyEwCGwMFCQPDy/QFCwkIBwIGFQoJCAsCBBYCAwECHgECF4AA
CgkQ+P2NKP2TF0fingf/TmSTfN/Xg+P9dKSEKMSfh0iVW9zOT2iJssC+Me4V1Z2w
VTxDA6cwm1xt/Np0wLtKyRGu2/IqgUzyD3DoVPmUsy00YbWhUOT2Ty/S3i+G5A+K
FPxtZlrMSlBBYogUWqDnuwqTQwoP2IWRG6oMEZVB6h0Fy/WrfTURTbznkxeAwYQj
OP3ydiHrid98djLEuuf1huNrdYksr2UELng3zRQvRgmxetYJd7FQpHfACHC/ukCo
xIuEKsLM3iKA2hDBDjdIAcdzx47M6px4HpHLAHEE4o/xjl3V1nPfKS8bp8BrriLp
lQSkVXMLj8OHbA2v5UBnNQ/s3zgG/iWNpgi7zUQSsw==
=lkY6
-----END PGP PUBLIC KEY BLOCK-----
[Client] 2021/04/15 18:30:34 stats,1,498,1.177947
Wall-clock time to retrieve the key: 1.177947255s
[Client] 2021/04/15 18:30:39 sent databaseInfo request to 10.90.36.39:50051
[Client] 2021/04/15 18:30:39 sent databaseInfo request to 10.90.36.38:50050
[Client] 2021/04/15 18:30:39 databaseInfo: &database.Info{NumRows:1, NumColumns:355716, BlockSize:32959, PIRType:"", Auth:(*database.Auth)(nil), Merkle:(*database.Merkle)(0xc00029e220), DataEmbedding:(*database.DataEmbedding)(nil), LatParams:(*bfv.Parameters)(nil)}
[Client] 2021/04/15 18:30:39 id: alex.braulio@varidi.com, hashKey: 248559
[Client] 2021/04/15 18:30:39 done with queries computation
[Client] 2021/04/15 18:30:40 sent query to 10.90.36.38:50050
[Client] 2021/04/15 18:30:40 query size in bytes 249
[Client] 2021/04/15 18:30:40 sent query to 10.90.36.39:50051
[Client] 2021/04/15 18:30:40 query size in bytes 249
[Client] 2021/04/15 18:30:40 done with block reconstruction
[Client] 2021/04/15 18:30:40 PGP key retrieved from block
-----BEGIN PGP PUBLIC KEY BLOCK-----
Comment: Retrieved with VPIR

xsBNBFvpyEwBCACwnbagSMWW6QMipo7nn0igJ4G5FNHtfz2AcRgB+JQGVh1B/DMm
JX4iWz/IGppRnNFZR+UtMJNIXdEysCT50ynCS3b84qW5/6mciPBf/zWx3lVi/zK7
DeuShUJP9C5730fjJuFOWgvnDs7Rw2ZPgqnPVep9JpQiNH4/xB3DcRLR3zuD6MPY
3l0EPMqGCS1fs3ZBXi+OkGrE25Olm6+gBBwRM80UHY42ck8ftPGOuX+BeuuZC/DS
EWYwVPKSSEdERIX7fes+SUk8BZoNuWD0ePhT9tVn0G/a0eVgciuDkGrDc4JymjKG
dKgeTu9pjxBT55JeQ/fr3YhDyqIKYn5CyH1LABEBAAHNJkFsZXggQnJhdWxpbyA8
YWxleC5icmF1bGlvQHZhcmlkaS5jb20+wsCUBBMBCAA+FiEEn0f4635JJda7Wpyx
+P2NKP2TF0cFAlvpyEwCGwMFCQPDy/QFCwkIBwIGFQoJCAsCBBYCAwECHgECF4AA
CgkQ+P2NKP2TF0fingf/TmSTfN/Xg+P9dKSEKMSfh0iVW9zOT2iJssC+Me4V1Z2w
VTxDA6cwm1xt/Np0wLtKyRGu2/IqgUzyD3DoVPmUsy00YbWhUOT2Ty/S3i+G5A+K
FPxtZlrMSlBBYogUWqDnuwqTQwoP2IWRG6oMEZVB6h0Fy/WrfTURTbznkxeAwYQj
OP3ydiHrid98djLEuuf1huNrdYksr2UELng3zRQvRgmxetYJd7FQpHfACHC/ukCo
xIuEKsLM3iKA2hDBDjdIAcdzx47M6px4HpHLAHEE4o/xjl3V1nPfKS8bp8BrriLp
lQSkVXMLj8OHbA2v5UBnNQ/s3zgG/iWNpgi7zUQSsw==
=lkY6
-----END PGP PUBLIC KEY BLOCK-----
[Client] 2021/04/15 18:30:40 stats,1,498,1.108429
Wall-clock time to retrieve the key: 1.108429425s
[Client] 2021/04/15 18:30:45 sent databaseInfo request to 10.90.36.39:50051
[Client] 2021/04/15 18:30:45 sent databaseInfo request to 10.90.36.38:50050
[Client] 2021/04/15 18:30:45 databaseInfo: &database.Info{NumRows:1, NumColumns:355716, BlockSize:32959, PIRType:"", Auth:(*database.Auth)(nil), Merkle:(*database.Merkle)(0xc0001632a0), DataEmbedding:(*database.DataEmbedding)(nil), LatParams:(*bfv.Parameters)(nil)}
[Client] 2021/04/15 18:30:45 id: alex.braulio@varidi.com, hashKey: 248559
[Client] 2021/04/15 18:30:45 done with queries computation
[Client] 2021/04/15 18:30:46 sent query to 10.90.36.39:50051
[Client] 2021/04/15 18:30:46 query size in bytes 249
[Client] 2021/04/15 18:30:46 sent query to 10.90.36.38:50050
[Client] 2021/04/15 18:30:46 query size in bytes 249
[Client] 2021/04/15 18:30:46 done with block reconstruction
[Client] 2021/04/15 18:30:46 PGP key retrieved from block
-----BEGIN PGP PUBLIC KEY BLOCK-----
Comment: Retrieved with VPIR

xsBNBFvpyEwBCACwnbagSMWW6QMipo7nn0igJ4G5FNHtfz2AcRgB+JQGVh1B/DMm
JX4iWz/IGppRnNFZR+UtMJNIXdEysCT50ynCS3b84qW5/6mciPBf/zWx3lVi/zK7
DeuShUJP9C5730fjJuFOWgvnDs7Rw2ZPgqnPVep9JpQiNH4/xB3DcRLR3zuD6MPY
3l0EPMqGCS1fs3ZBXi+OkGrE25Olm6+gBBwRM80UHY42ck8ftPGOuX+BeuuZC/DS
EWYwVPKSSEdERIX7fes+SUk8BZoNuWD0ePhT9tVn0G/a0eVgciuDkGrDc4JymjKG
dKgeTu9pjxBT55JeQ/fr3YhDyqIKYn5CyH1LABEBAAHNJkFsZXggQnJhdWxpbyA8
YWxleC5icmF1bGlvQHZhcmlkaS5jb20+wsCUBBMBCAA+FiEEn0f4635JJda7Wpyx
+P2NKP2TF0cFAlvpyEwCGwMFCQPDy/QFCwkIBwIGFQoJCAsCBBYCAwECHgECF4AA
CgkQ+P2NKP2TF0fingf/TmSTfN/Xg+P9dKSEKMSfh0iVW9zOT2iJssC+Me4V1Z2w
VTxDA6cwm1xt/Np0wLtKyRGu2/IqgUzyD3DoVPmUsy00YbWhUOT2Ty/S3i+G5A+K
FPxtZlrMSlBBYogUWqDnuwqTQwoP2IWRG6oMEZVB6h0Fy/WrfTURTbznkxeAwYQj
OP3ydiHrid98djLEuuf1huNrdYksr2UELng3zRQvRgmxetYJd7FQpHfACHC/ukCo
xIuEKsLM3iKA2hDBDjdIAcdzx47M6px4HpHLAHEE4o/xjl3V1nPfKS8bp8BrriLp
lQSkVXMLj8OHbA2v5UBnNQ/s3zgG/iWNpgi7zUQSsw==
=lkY6
-----END PGP PUBLIC KEY BLOCK-----
[Client] 2021/04/15 18:30:46 stats,1,498,0.942018
Wall-clock time to retrieve the key: 942.018394ms
[Client] 2021/04/15 18:30:51 sent databaseInfo request to 10.90.36.38:50050
[Client] 2021/04/15 18:30:51 sent databaseInfo request to 10.90.36.39:50051
[Client] 2021/04/15 18:30:51 databaseInfo: &database.Info{NumRows:1, NumColumns:355716, BlockSize:32959, PIRType:"", Auth:(*database.Auth)(nil), Merkle:(*database.Merkle)(0xc00031a140), DataEmbedding:(*database.DataEmbedding)(nil), LatParams:(*bfv.Parameters)(nil)}
[Client] 2021/04/15 18:30:51 id: alex.braulio@varidi.com, hashKey: 248559
[Client] 2021/04/15 18:30:51 done with queries computation
[Client] 2021/04/15 18:30:52 sent query to 10.90.36.39:50051
[Client] 2021/04/15 18:30:52 query size in bytes 249
[Client] 2021/04/15 18:30:52 sent query to 10.90.36.38:50050
[Client] 2021/04/15 18:30:52 query size in bytes 249
[Client] 2021/04/15 18:30:52 done with block reconstruction
[Client] 2021/04/15 18:30:52 PGP key retrieved from block
-----BEGIN PGP PUBLIC KEY BLOCK-----
Comment: Retrieved with VPIR

xsBNBFvpyEwBCACwnbagSMWW6QMipo7nn0igJ4G5FNHtfz2AcRgB+JQGVh1B/DMm
JX4iWz/IGppRnNFZR+UtMJNIXdEysCT50ynCS3b84qW5/6mciPBf/zWx3lVi/zK7
DeuShUJP9C5730fjJuFOWgvnDs7Rw2ZPgqnPVep9JpQiNH4/xB3DcRLR3zuD6MPY
3l0EPMqGCS1fs3ZBXi+OkGrE25Olm6+gBBwRM80UHY42ck8ftPGOuX+BeuuZC/DS
EWYwVPKSSEdERIX7fes+SUk8BZoNuWD0ePhT9tVn0G/a0eVgciuDkGrDc4JymjKG
dKgeTu9pjxBT55JeQ/fr3YhDyqIKYn5CyH1LABEBAAHNJkFsZXggQnJhdWxpbyA8
YWxleC5icmF1bGlvQHZhcmlkaS5jb20+wsCUBBMBCAA+FiEEn0f4635JJda7Wpyx
+P2NKP2TF0cFAlvpyEwCGwMFCQPDy/QFCwkIBwIGFQoJCAsCBBYCAwECHgECF4AA
CgkQ+P2NKP2TF0fingf/TmSTfN/Xg+P9dKSEKMSfh0iVW9zOT2iJssC+Me4V1Z2w
VTxDA6cwm1xt/Np0wLtKyRGu2/IqgUzyD3DoVPmUsy00YbWhUOT2Ty/S3i+G5A+K
FPxtZlrMSlBBYogUWqDnuwqTQwoP2IWRG6oMEZVB6h0Fy/WrfTURTbznkxeAwYQj
OP3ydiHrid98djLEuuf1huNrdYksr2UELng3zRQvRgmxetYJd7FQpHfACHC/ukCo
xIuEKsLM3iKA2hDBDjdIAcdzx47M6px4HpHLAHEE4o/xjl3V1nPfKS8bp8BrriLp
lQSkVXMLj8OHbA2v5UBnNQ/s3zgG/iWNpgi7zUQSsw==
=lkY6
-----END PGP PUBLIC KEY BLOCK-----
[Client] 2021/04/15 18:30:52 stats,1,498,0.870163
Wall-clock time to retrieve the key: 870.162592ms
[Client] 2021/04/15 18:30:57 sent databaseInfo request to 10.90.36.39:50051
[Client] 2021/04/15 18:30:57 sent databaseInfo request to 10.90.36.38:50050
[Client] 2021/04/15 18:30:57 databaseInfo: &database.Info{NumRows:1, NumColumns:355716, BlockSize:32959, PIRType:"", Auth:(*database.Auth)(nil), Merkle:(*database.Merkle)(0xc00011e120), DataEmbedding:(*database.DataEmbedding)(nil), LatParams:(*bfv.Parameters)(nil)}
[Client] 2021/04/15 18:30:57 id: alex.braulio@varidi.com, hashKey: 248559
[Client] 2021/04/15 18:30:57 done with queries computation
[Client] 2021/04/15 18:30:58 sent query to 10.90.36.38:50050
[Client] 2021/04/15 18:30:58 query size in bytes 249
[Client] 2021/04/15 18:30:58 sent query to 10.90.36.39:50051
[Client] 2021/04/15 18:30:58 query size in bytes 249
[Client] 2021/04/15 18:30:58 done with block reconstruction
[Client] 2021/04/15 18:30:58 PGP key retrieved from block
-----BEGIN PGP PUBLIC KEY BLOCK-----
Comment: Retrieved with VPIR

xsBNBFvpyEwBCACwnbagSMWW6QMipo7nn0igJ4G5FNHtfz2AcRgB+JQGVh1B/DMm
JX4iWz/IGppRnNFZR+UtMJNIXdEysCT50ynCS3b84qW5/6mciPBf/zWx3lVi/zK7
DeuShUJP9C5730fjJuFOWgvnDs7Rw2ZPgqnPVep9JpQiNH4/xB3DcRLR3zuD6MPY
3l0EPMqGCS1fs3ZBXi+OkGrE25Olm6+gBBwRM80UHY42ck8ftPGOuX+BeuuZC/DS
EWYwVPKSSEdERIX7fes+SUk8BZoNuWD0ePhT9tVn0G/a0eVgciuDkGrDc4JymjKG
dKgeTu9pjxBT55JeQ/fr3YhDyqIKYn5CyH1LABEBAAHNJkFsZXggQnJhdWxpbyA8
YWxleC5icmF1bGlvQHZhcmlkaS5jb20+wsCUBBMBCAA+FiEEn0f4635JJda7Wpyx
+P2NKP2TF0cFAlvpyEwCGwMFCQPDy/QFCwkIBwIGFQoJCAsCBBYCAwECHgECF4AA
CgkQ+P2NKP2TF0fingf/TmSTfN/Xg+P9dKSEKMSfh0iVW9zOT2iJssC+Me4V1Z2w
VTxDA6cwm1xt/Np0wLtKyRGu2/IqgUzyD3DoVPmUsy00YbWhUOT2Ty/S3i+G5A+K
FPxtZlrMSlBBYogUWqDnuwqTQwoP2IWRG6oMEZVB6h0Fy/WrfTURTbznkxeAwYQj
OP3ydiHrid98djLEuuf1huNrdYksr2UELng3zRQvRgmxetYJd7FQpHfACHC/ukCo
xIuEKsLM3iKA2hDBDjdIAcdzx47M6px4HpHLAHEE4o/xjl3V1nPfKS8bp8BrriLp
lQSkVXMLj8OHbA2v5UBnNQ/s3zgG/iWNpgi7zUQSsw==
=lkY6
-----END PGP PUBLIC KEY BLOCK-----
[Client] 2021/04/15 18:30:58 stats,1,498,1.177860
Wall-clock time to retrieve the key: 1.177859857s
[Client] 2021/04/15 18:31:03 sent databaseInfo request to 10.90.36.38:50050
[Client] 2021/04/15 18:31:03 sent databaseInfo request to 10.90.36.39:50051
[Client] 2021/04/15 18:31:03 databaseInfo: &database.Info{NumRows:1, NumColumns:355716, BlockSize:32959, PIRType:"", Auth:(*database.Auth)(nil), Merkle:(*database.Merkle)(0xc00029e220), DataEmbedding:(*database.DataEmbedding)(nil), LatParams:(*bfv.Parameters)(nil)}
[Client] 2021/04/15 18:31:03 id: alex.braulio@varidi.com, hashKey: 248559
[Client] 2021/04/15 18:31:03 done with queries computation
[Client] 2021/04/15 18:31:04 sent query to 10.90.36.39:50051
[Client] 2021/04/15 18:31:04 query size in bytes 249
[Client] 2021/04/15 18:31:04 sent query to 10.90.36.38:50050
[Client] 2021/04/15 18:31:04 query size in bytes 249
[Client] 2021/04/15 18:31:04 done with block reconstruction
[Client] 2021/04/15 18:31:04 PGP key retrieved from block
-----BEGIN PGP PUBLIC KEY BLOCK-----
Comment: Retrieved with VPIR

xsBNBFvpyEwBCACwnbagSMWW6QMipo7nn0igJ4G5FNHtfz2AcRgB+JQGVh1B/DMm
JX4iWz/IGppRnNFZR+UtMJNIXdEysCT50ynCS3b84qW5/6mciPBf/zWx3lVi/zK7
DeuShUJP9C5730fjJuFOWgvnDs7Rw2ZPgqnPVep9JpQiNH4/xB3DcRLR3zuD6MPY
3l0EPMqGCS1fs3ZBXi+OkGrE25Olm6+gBBwRM80UHY42ck8ftPGOuX+BeuuZC/DS
EWYwVPKSSEdERIX7fes+SUk8BZoNuWD0ePhT9tVn0G/a0eVgciuDkGrDc4JymjKG
dKgeTu9pjxBT55JeQ/fr3YhDyqIKYn5CyH1LABEBAAHNJkFsZXggQnJhdWxpbyA8
YWxleC5icmF1bGlvQHZhcmlkaS5jb20+wsCUBBMBCAA+FiEEn0f4635JJda7Wpyx
+P2NKP2TF0cFAlvpyEwCGwMFCQPDy/QFCwkIBwIGFQoJCAsCBBYCAwECHgECF4AA
CgkQ+P2NKP2TF0fingf/TmSTfN/Xg+P9dKSEKMSfh0iVW9zOT2iJssC+Me4V1Z2w
VTxDA6cwm1xt/Np0wLtKyRGu2/IqgUzyD3DoVPmUsy00YbWhUOT2Ty/S3i+G5A+K
FPxtZlrMSlBBYogUWqDnuwqTQwoP2IWRG6oMEZVB6h0Fy/WrfTURTbznkxeAwYQj
OP3ydiHrid98djLEuuf1huNrdYksr2UELng3zRQvRgmxetYJd7FQpHfACHC/ukCo
xIuEKsLM3iKA2hDBDjdIAcdzx47M6px4HpHLAHEE4o/xjl3V1nPfKS8bp8BrriLp
lQSkVXMLj8OHbA2v5UBnNQ/s3zgG/iWNpgi7zUQSsw==
=lkY6
-----END PGP PUBLIC KEY BLOCK-----
[Client] 2021/04/15 18:31:04 stats,1,498,1.164827
Wall-clock time to retrieve the key: 1.16482728s
[Client] 2021/04/15 18:31:09 sent databaseInfo request to 10.90.36.39:50051
[Client] 2021/04/15 18:31:09 sent databaseInfo request to 10.90.36.38:50050
[Client] 2021/04/15 18:31:09 databaseInfo: &database.Info{NumRows:1, NumColumns:355716, BlockSize:32959, PIRType:"", Auth:(*database.Auth)(nil), Merkle:(*database.Merkle)(0xc00029e220), DataEmbedding:(*database.DataEmbedding)(nil), LatParams:(*bfv.Parameters)(nil)}
[Client] 2021/04/15 18:31:09 id: alex.braulio@varidi.com, hashKey: 248559
[Client] 2021/04/15 18:31:09 done with queries computation
[Client] 2021/04/15 18:31:10 sent query to 10.90.36.39:50051
[Client] 2021/04/15 18:31:10 query size in bytes 249
[Client] 2021/04/15 18:31:10 sent query to 10.90.36.38:50050
[Client] 2021/04/15 18:31:10 query size in bytes 249
[Client] 2021/04/15 18:31:10 done with block reconstruction
[Client] 2021/04/15 18:31:10 PGP key retrieved from block
-----BEGIN PGP PUBLIC KEY BLOCK-----
Comment: Retrieved with VPIR

xsBNBFvpyEwBCACwnbagSMWW6QMipo7nn0igJ4G5FNHtfz2AcRgB+JQGVh1B/DMm
JX4iWz/IGppRnNFZR+UtMJNIXdEysCT50ynCS3b84qW5/6mciPBf/zWx3lVi/zK7
DeuShUJP9C5730fjJuFOWgvnDs7Rw2ZPgqnPVep9JpQiNH4/xB3DcRLR3zuD6MPY
3l0EPMqGCS1fs3ZBXi+OkGrE25Olm6+gBBwRM80UHY42ck8ftPGOuX+BeuuZC/DS
EWYwVPKSSEdERIX7fes+SUk8BZoNuWD0ePhT9tVn0G/a0eVgciuDkGrDc4JymjKG
dKgeTu9pjxBT55JeQ/fr3YhDyqIKYn5CyH1LABEBAAHNJkFsZXggQnJhdWxpbyA8
YWxleC5icmF1bGlvQHZhcmlkaS5jb20+wsCUBBMBCAA+FiEEn0f4635JJda7Wpyx
+P2NKP2TF0cFAlvpyEwCGwMFCQPDy/QFCwkIBwIGFQoJCAsCBBYCAwECHgECF4AA
CgkQ+P2NKP2TF0fingf/TmSTfN/Xg+P9dKSEKMSfh0iVW9zOT2iJssC+Me4V1Z2w
VTxDA6cwm1xt/Np0wLtKyRGu2/IqgUzyD3DoVPmUsy00YbWhUOT2Ty/S3i+G5A+K
FPxtZlrMSlBBYogUWqDnuwqTQwoP2IWRG6oMEZVB6h0Fy/WrfTURTbznkxeAwYQj
OP3ydiHrid98djLEuuf1huNrdYksr2UELng3zRQvRgmxetYJd7FQpHfACHC/ukCo
xIuEKsLM3iKA2hDBDjdIAcdzx47M6px4HpHLAHEE4o/xjl3V1nPfKS8bp8BrriLp
lQSkVXMLj8OHbA2v5UBnNQ/s3zgG/iWNpgi7zUQSsw==
=lkY6
-----END PGP PUBLIC KEY BLOCK-----
[Client] 2021/04/15 18:31:10 stats,1,498,1.064392
Wall-clock time to retrieve the key: 1.064391758s
