31
[Server 1] 2021/04/15 18:25:41 Starting to read in the DB data
[Server 1] 2021/04/15 18:25:41 Bytes db rebalanced: false, loading keys: [data/sks/sks-000.pgp data/sks/sks-001.pgp data/sks/sks-002.pgp data/sks/sks-003.pgp data/sks/sks-004.pgp data/sks/sks-005.pgp data/sks/sks-006.pgp data/sks/sks-007.pgp data/sks/sks-008.pgp data/sks/sks-009.pgp data/sks/sks-010.pgp data/sks/sks-011.pgp data/sks/sks-012.pgp data/sks/sks-013.pgp data/sks/sks-014.pgp data/sks/sks-015.pgp data/sks/sks-016.pgp data/sks/sks-017.pgp data/sks/sks-018.pgp data/sks/sks-019.pgp data/sks/sks-020.pgp data/sks/sks-021.pgp data/sks/sks-022.pgp data/sks/sks-023.pgp data/sks/sks-024.pgp data/sks/sks-025.pgp data/sks/sks-026.pgp data/sks/sks-027.pgp data/sks/sks-028.pgp data/sks/sks-029.pgp data/sks/sks-030.pgp]
[Server 1] 2021/04/15 18:26:27 Bytes loaded with files [data/sks/sks-000.pgp data/sks/sks-001.pgp data/sks/sks-002.pgp data/sks/sks-003.pgp data/sks/sks-004.pgp data/sks/sks-005.pgp data/sks/sks-006.pgp data/sks/sks-007.pgp data/sks/sks-008.pgp data/sks/sks-009.pgp data/sks/sks-010.pgp data/sks/sks-011.pgp data/sks/sks-012.pgp data/sks/sks-013.pgp data/sks/sks-014.pgp data/sks/sks-015.pgp data/sks/sks-016.pgp data/sks/sks-017.pgp data/sks/sks-018.pgp data/sks/sks-019.pgp data/sks/sks-020.pgp data/sks/sks-021.pgp data/sks/sks-022.pgp data/sks/sks-023.pgp data/sks/sks-024.pgp data/sks/sks-025.pgp data/sks/sks-026.pgp data/sks/sks-027.pgp data/sks/sks-028.pgp data/sks/sks-029.pgp data/sks/sks-030.pgp]
[Server 1] 2021/04/15 18:26:27 db size in GiB: 10.918602
[Server 1] 2021/04/15 18:26:28 is listening at 10.90.36.39:50051
[Server 1] 2021/04/15 18:26:28 starting grpc server
[Server 1] 2021/04/15 18:29:10 got databaseInfo request
[Server 1] 2021/04/15 18:29:10 got query request
[Server 1] 2021/04/15 18:29:11 answer size in bytes: 32959
[Server 1] 2021/04/15 18:29:11 stats,1,32959
[Server 1] 2021/04/15 18:29:16 got databaseInfo request
[Server 1] 2021/04/15 18:29:16 got query request
[Server 1] 2021/04/15 18:29:17 answer size in bytes: 32959
[Server 1] 2021/04/15 18:29:17 stats,1,32959
[Server 1] 2021/04/15 18:29:22 got databaseInfo request
[Server 1] 2021/04/15 18:29:22 got query request
[Server 1] 2021/04/15 18:29:24 answer size in bytes: 32959
[Server 1] 2021/04/15 18:29:24 stats,1,32959
[Server 1] 2021/04/15 18:29:29 got databaseInfo request
[Server 1] 2021/04/15 18:29:29 got query request
[Server 1] 2021/04/15 18:29:29 answer size in bytes: 32959
[Server 1] 2021/04/15 18:29:29 stats,1,32959
[Server 1] 2021/04/15 18:29:35 got databaseInfo request
[Server 1] 2021/04/15 18:29:35 got query request
[Server 1] 2021/04/15 18:29:35 answer size in bytes: 32959
[Server 1] 2021/04/15 18:29:35 stats,1,32959
[Server 1] 2021/04/15 18:29:41 got databaseInfo request
[Server 1] 2021/04/15 18:29:41 got query request
[Server 1] 2021/04/15 18:29:41 answer size in bytes: 32959
[Server 1] 2021/04/15 18:29:41 stats,1,32959
[Server 1] 2021/04/15 18:29:47 got databaseInfo request
[Server 1] 2021/04/15 18:29:47 got query request
[Server 1] 2021/04/15 18:29:47 answer size in bytes: 32959
[Server 1] 2021/04/15 18:29:47 stats,1,32959
[Server 1] 2021/04/15 18:29:53 got databaseInfo request
[Server 1] 2021/04/15 18:29:53 got query request
[Server 1] 2021/04/15 18:29:54 answer size in bytes: 32959
[Server 1] 2021/04/15 18:29:54 stats,1,32959
[Server 1] 2021/04/15 18:30:02 got databaseInfo request
[Server 1] 2021/04/15 18:30:02 got query request
[Server 1] 2021/04/15 18:30:03 answer size in bytes: 32959
[Server 1] 2021/04/15 18:30:03 stats,1,32959
[Server 1] 2021/04/15 18:30:08 got databaseInfo request
[Server 1] 2021/04/15 18:30:08 got query request
[Server 1] 2021/04/15 18:30:09 answer size in bytes: 32959
[Server 1] 2021/04/15 18:30:09 stats,1,32959
[Server 1] 2021/04/15 18:30:14 got databaseInfo request
[Server 1] 2021/04/15 18:30:14 got query request
[Server 1] 2021/04/15 18:30:16 answer size in bytes: 32959
[Server 1] 2021/04/15 18:30:16 stats,1,32959
[Server 1] 2021/04/15 18:30:21 got databaseInfo request
[Server 1] 2021/04/15 18:30:21 got query request
[Server 1] 2021/04/15 18:30:22 answer size in bytes: 32959
[Server 1] 2021/04/15 18:30:22 stats,1,32959
[Server 1] 2021/04/15 18:30:27 got databaseInfo request
[Server 1] 2021/04/15 18:30:27 got query request
[Server 1] 2021/04/15 18:30:28 answer size in bytes: 32959
[Server 1] 2021/04/15 18:30:28 stats,1,32959
[Server 1] 2021/04/15 18:30:33 got databaseInfo request
[Server 1] 2021/04/15 18:30:33 got query request
[Server 1] 2021/04/15 18:30:34 answer size in bytes: 32959
[Server 1] 2021/04/15 18:30:34 stats,1,32959
[Server 1] 2021/04/15 18:30:39 got databaseInfo request
[Server 1] 2021/04/15 18:30:39 got query request
[Server 1] 2021/04/15 18:30:40 answer size in bytes: 32959
[Server 1] 2021/04/15 18:30:40 stats,1,32959
[Server 1] 2021/04/15 18:30:45 got databaseInfo request
[Server 1] 2021/04/15 18:30:45 got query request
[Server 1] 2021/04/15 18:30:46 answer size in bytes: 32959
[Server 1] 2021/04/15 18:30:46 stats,1,32959
[Server 1] 2021/04/15 18:30:51 got databaseInfo request
[Server 1] 2021/04/15 18:30:51 got query request
[Server 1] 2021/04/15 18:30:52 answer size in bytes: 32959
[Server 1] 2021/04/15 18:30:52 stats,1,32959
[Server 1] 2021/04/15 18:30:57 got databaseInfo request
[Server 1] 2021/04/15 18:30:57 got query request
[Server 1] 2021/04/15 18:30:58 answer size in bytes: 32959
[Server 1] 2021/04/15 18:30:58 stats,1,32959
[Server 1] 2021/04/15 18:31:03 got databaseInfo request
[Server 1] 2021/04/15 18:31:03 got query request
[Server 1] 2021/04/15 18:31:04 answer size in bytes: 32959
[Server 1] 2021/04/15 18:31:04 stats,1,32959
[Server 1] 2021/04/15 18:31:09 got databaseInfo request
[Server 1] 2021/04/15 18:31:09 got query request
[Server 1] 2021/04/15 18:31:10 answer size in bytes: 32959
[Server 1] 2021/04/15 18:31:10 stats,1,32959
[Server 1] 2021/04/15 18:31:15 clean shutdown of server done
