[Server 0] 2021/10/08 14:27:03 Starting to read in the DB data
[Server 0] 2021/10/08 14:27:03 Loading keys: [data/sks/sks-000.pgp data/sks/sks-001.pgp data/sks/sks-002.pgp data/sks/sks-003.pgp data/sks/sks-004.pgp data/sks/sks-005.pgp data/sks/sks-006.pgp data/sks/sks-007.pgp data/sks/sks-008.pgp data/sks/sks-009.pgp data/sks/sks-010.pgp data/sks/sks-011.pgp data/sks/sks-012.pgp data/sks/sks-013.pgp data/sks/sks-014.pgp data/sks/sks-015.pgp data/sks/sks-016.pgp data/sks/sks-017.pgp data/sks/sks-018.pgp data/sks/sks-019.pgp data/sks/sks-020.pgp data/sks/sks-021.pgp data/sks/sks-022.pgp data/sks/sks-023.pgp data/sks/sks-024.pgp data/sks/sks-025.pgp data/sks/sks-026.pgp data/sks/sks-027.pgp data/sks/sks-028.pgp data/sks/sks-029.pgp data/sks/sks-030.pgp]
[Server 0] 2021/10/08 14:46:12 DB loaded with files [data/sks/sks-000.pgp data/sks/sks-001.pgp data/sks/sks-002.pgp data/sks/sks-003.pgp data/sks/sks-004.pgp data/sks/sks-005.pgp data/sks/sks-006.pgp data/sks/sks-007.pgp data/sks/sks-008.pgp data/sks/sks-009.pgp data/sks/sks-010.pgp data/sks/sks-011.pgp data/sks/sks-012.pgp data/sks/sks-013.pgp data/sks/sks-014.pgp data/sks/sks-015.pgp data/sks/sks-016.pgp data/sks/sks-017.pgp data/sks/sks-018.pgp data/sks/sks-019.pgp data/sks/sks-020.pgp data/sks/sks-021.pgp data/sks/sks-022.pgp data/sks/sks-023.pgp data/sks/sks-024.pgp data/sks/sks-025.pgp data/sks/sks-026.pgp data/sks/sks-027.pgp data/sks/sks-028.pgp data/sks/sks-029.pgp data/sks/sks-030.pgp]
[Server 0] 2021/10/08 14:46:12 db size in GiB: 0.000000
[Server 0] 2021/10/08 14:46:14 is listening at 10.90.36.50:50050
[Server 0] 2021/10/08 14:46:14 starting grpc server
[Server 0] 2021/10/08 14:47:04 got databaseInfo request
[Server 0] 2021/10/08 14:47:04 got query request
[Server 0] 2021/10/08 14:47:28 answer size in bytes: 20
[Server 0] 2021/10/08 14:47:28 stats,-1,20
[Server 0] 2021/10/08 14:47:36 got databaseInfo request
[Server 0] 2021/10/08 14:47:36 got query request
[Server 0] 2021/10/08 14:48:00 answer size in bytes: 20
[Server 0] 2021/10/08 14:48:00 stats,-1,20
[Server 0] 2021/10/08 14:48:05 got databaseInfo request
[Server 0] 2021/10/08 14:48:05 got query request
[Server 0] 2021/10/08 14:48:29 answer size in bytes: 20
[Server 0] 2021/10/08 14:48:29 stats,-1,20
[Server 0] 2021/10/08 14:48:35 got databaseInfo request
[Server 0] 2021/10/08 14:48:35 got query request
[Server 0] 2021/10/08 14:49:01 answer size in bytes: 20
[Server 0] 2021/10/08 14:49:01 stats,-1,20
[Server 0] 2021/10/08 14:49:06 got databaseInfo request
[Server 0] 2021/10/08 14:49:06 got query request
[Server 0] 2021/10/08 14:49:32 answer size in bytes: 20
[Server 0] 2021/10/08 14:49:32 stats,-1,20
[Server 0] 2021/10/08 14:49:37 got databaseInfo request
[Server 0] 2021/10/08 14:49:37 got query request
[Server 0] 2021/10/08 14:50:00 answer size in bytes: 20
[Server 0] 2021/10/08 14:50:00 stats,-1,20
[Server 0] 2021/10/08 14:50:07 got databaseInfo request
[Server 0] 2021/10/08 14:50:07 got query request
[Server 0] 2021/10/08 14:50:30 answer size in bytes: 20
[Server 0] 2021/10/08 14:50:30 stats,-1,20
[Server 0] 2021/10/08 14:50:36 got databaseInfo request
[Server 0] 2021/10/08 14:50:36 got query request
[Server 0] 2021/10/08 14:51:00 answer size in bytes: 20
[Server 0] 2021/10/08 14:51:00 stats,-1,20
[Server 0] 2021/10/08 14:51:07 got databaseInfo request
[Server 0] 2021/10/08 14:51:07 got query request
[Server 0] 2021/10/08 14:51:30 answer size in bytes: 20
[Server 0] 2021/10/08 14:51:30 stats,-1,20
[Server 0] 2021/10/08 14:51:37 got databaseInfo request
[Server 0] 2021/10/08 14:51:37 got query request
[Server 0] 2021/10/08 14:52:00 answer size in bytes: 20
[Server 0] 2021/10/08 14:52:00 stats,-1,20
[Server 0] 2021/10/08 14:52:05 got databaseInfo request
[Server 0] 2021/10/08 14:52:05 got query request
[Server 0] 2021/10/08 14:52:32 answer size in bytes: 20
[Server 0] 2021/10/08 14:52:32 stats,-1,20
[Server 0] 2021/10/08 14:52:37 got databaseInfo request
[Server 0] 2021/10/08 14:52:37 got query request
[Server 0] 2021/10/08 14:53:01 answer size in bytes: 20
[Server 0] 2021/10/08 14:53:01 stats,-1,20
[Server 0] 2021/10/08 14:53:07 got databaseInfo request
[Server 0] 2021/10/08 14:53:07 got query request
[Server 0] 2021/10/08 14:53:31 answer size in bytes: 20
[Server 0] 2021/10/08 14:53:31 stats,-1,20
[Server 0] 2021/10/08 14:53:36 got databaseInfo request
[Server 0] 2021/10/08 14:53:36 got query request
[Server 0] 2021/10/08 14:54:01 answer size in bytes: 20
[Server 0] 2021/10/08 14:54:01 stats,-1,20
[Server 0] 2021/10/08 14:54:06 got databaseInfo request
[Server 0] 2021/10/08 14:54:06 got query request
[Server 0] 2021/10/08 14:54:29 answer size in bytes: 20
[Server 0] 2021/10/08 14:54:29 stats,-1,20
[Server 0] 2021/10/08 14:54:35 got databaseInfo request
[Server 0] 2021/10/08 14:54:35 got query request
[Server 0] 2021/10/08 14:55:01 answer size in bytes: 20
[Server 0] 2021/10/08 14:55:01 stats,-1,20
[Server 0] 2021/10/08 14:55:06 got databaseInfo request
[Server 0] 2021/10/08 14:55:06 got query request
[Server 0] 2021/10/08 14:55:30 answer size in bytes: 20
[Server 0] 2021/10/08 14:55:30 stats,-1,20
[Server 0] 2021/10/08 14:55:36 got databaseInfo request
[Server 0] 2021/10/08 14:55:36 got query request
[Server 0] 2021/10/08 14:55:59 answer size in bytes: 20
[Server 0] 2021/10/08 14:55:59 stats,-1,20
[Server 0] 2021/10/08 14:56:04 got databaseInfo request
[Server 0] 2021/10/08 14:56:04 got query request
[Server 0] 2021/10/08 14:56:28 answer size in bytes: 20
[Server 0] 2021/10/08 14:56:28 stats,-1,20
[Server 0] 2021/10/08 14:56:33 got databaseInfo request
[Server 0] 2021/10/08 14:56:33 got query request
[Server 0] 2021/10/08 14:56:56 answer size in bytes: 20
[Server 0] 2021/10/08 14:56:56 stats,-1,20
[Server 0] 2021/10/08 15:00:24 got databaseInfo request
[Server 0] 2021/10/08 15:00:24 got query request
[Server 0] 2021/10/08 15:00:32 answer size in bytes: 20
[Server 0] 2021/10/08 15:00:32 stats,-1,20
[Server 0] 2021/10/08 15:00:37 got databaseInfo request
[Server 0] 2021/10/08 15:00:37 got query request
[Server 0] 2021/10/08 15:00:44 answer size in bytes: 20
[Server 0] 2021/10/08 15:00:44 stats,-1,20
[Server 0] 2021/10/08 15:00:49 got databaseInfo request
[Server 0] 2021/10/08 15:00:49 got query request
[Server 0] 2021/10/08 15:00:57 answer size in bytes: 20
[Server 0] 2021/10/08 15:00:57 stats,-1,20
[Server 0] 2021/10/08 15:01:03 got databaseInfo request
[Server 0] 2021/10/08 15:01:03 got query request
[Server 0] 2021/10/08 15:01:10 answer size in bytes: 20
[Server 0] 2021/10/08 15:01:10 stats,-1,20
[Server 0] 2021/10/08 15:01:15 got databaseInfo request
[Server 0] 2021/10/08 15:01:15 got query request
[Server 0] 2021/10/08 15:01:22 answer size in bytes: 20
[Server 0] 2021/10/08 15:01:22 stats,-1,20
[Server 0] 2021/10/08 15:01:27 got databaseInfo request
[Server 0] 2021/10/08 15:01:27 got query request
[Server 0] 2021/10/08 15:01:34 answer size in bytes: 20
[Server 0] 2021/10/08 15:01:34 stats,-1,20
[Server 0] 2021/10/08 15:01:39 got databaseInfo request
[Server 0] 2021/10/08 15:01:39 got query request
[Server 0] 2021/10/08 15:01:46 answer size in bytes: 20
[Server 0] 2021/10/08 15:01:46 stats,-1,20
[Server 0] 2021/10/08 15:01:51 got databaseInfo request
[Server 0] 2021/10/08 15:01:51 got query request
[Server 0] 2021/10/08 15:01:57 answer size in bytes: 20
[Server 0] 2021/10/08 15:01:57 stats,-1,20
[Server 0] 2021/10/08 15:02:03 got databaseInfo request
[Server 0] 2021/10/08 15:02:03 got query request
[Server 0] 2021/10/08 15:02:10 answer size in bytes: 20
[Server 0] 2021/10/08 15:02:10 stats,-1,20
[Server 0] 2021/10/08 15:02:15 got databaseInfo request
[Server 0] 2021/10/08 15:02:15 got query request
[Server 0] 2021/10/08 15:02:22 answer size in bytes: 20
[Server 0] 2021/10/08 15:02:22 stats,-1,20
[Server 0] 2021/10/08 15:02:28 got databaseInfo request
[Server 0] 2021/10/08 15:02:28 got query request
[Server 0] 2021/10/08 15:02:35 answer size in bytes: 20
[Server 0] 2021/10/08 15:02:35 stats,-1,20
[Server 0] 2021/10/08 15:02:41 got databaseInfo request
[Server 0] 2021/10/08 15:02:41 got query request
[Server 0] 2021/10/08 15:02:48 answer size in bytes: 20
[Server 0] 2021/10/08 15:02:48 stats,-1,20
[Server 0] 2021/10/08 15:02:53 got databaseInfo request
[Server 0] 2021/10/08 15:02:53 got query request
[Server 0] 2021/10/08 15:03:00 answer size in bytes: 20
[Server 0] 2021/10/08 15:03:00 stats,-1,20
[Server 0] 2021/10/08 15:03:05 got databaseInfo request
[Server 0] 2021/10/08 15:03:05 got query request
[Server 0] 2021/10/08 15:03:12 answer size in bytes: 20
[Server 0] 2021/10/08 15:03:12 stats,-1,20
[Server 0] 2021/10/08 15:03:17 got databaseInfo request
[Server 0] 2021/10/08 15:03:17 got query request
[Server 0] 2021/10/08 15:03:24 answer size in bytes: 20
[Server 0] 2021/10/08 15:03:24 stats,-1,20
[Server 0] 2021/10/08 15:03:29 got databaseInfo request
[Server 0] 2021/10/08 15:03:29 got query request
[Server 0] 2021/10/08 15:03:35 answer size in bytes: 20
[Server 0] 2021/10/08 15:03:35 stats,-1,20
[Server 0] 2021/10/08 15:03:42 got databaseInfo request
[Server 0] 2021/10/08 15:03:42 got query request
[Server 0] 2021/10/08 15:03:49 answer size in bytes: 20
[Server 0] 2021/10/08 15:03:49 stats,-1,20
[Server 0] 2021/10/08 15:03:54 got databaseInfo request
[Server 0] 2021/10/08 15:03:54 got query request
[Server 0] 2021/10/08 15:04:01 answer size in bytes: 20
[Server 0] 2021/10/08 15:04:01 stats,-1,20
[Server 0] 2021/10/08 15:04:06 got databaseInfo request
[Server 0] 2021/10/08 15:04:06 got query request
[Server 0] 2021/10/08 15:04:12 answer size in bytes: 20
[Server 0] 2021/10/08 15:04:12 stats,-1,20
[Server 0] 2021/10/08 15:04:17 got databaseInfo request
[Server 0] 2021/10/08 15:04:17 got query request
[Server 0] 2021/10/08 15:04:24 answer size in bytes: 20
[Server 0] 2021/10/08 15:04:24 stats,-1,20
[Server 0] 2021/10/08 15:19:04 got databaseInfo request
[Server 0] 2021/10/08 15:19:04 got query request
[Server 0] 2021/10/08 15:20:25 answer size in bytes: 20
[Server 0] 2021/10/08 15:20:25 stats,-1,20
[Server 0] 2021/10/08 15:20:31 got databaseInfo request
[Server 0] 2021/10/08 15:20:31 got query request
[Server 0] 2021/10/08 15:21:50 answer size in bytes: 20
[Server 0] 2021/10/08 15:21:50 stats,-1,20
[Server 0] 2021/10/08 15:22:01 got databaseInfo request
[Server 0] 2021/10/08 15:22:01 got query request
[Server 0] 2021/10/08 15:23:23 answer size in bytes: 20
[Server 0] 2021/10/08 15:23:23 stats,-1,20
[Server 0] 2021/10/08 15:23:30 got databaseInfo request
[Server 0] 2021/10/08 15:23:30 got query request
[Server 0] 2021/10/08 15:24:52 answer size in bytes: 20
[Server 0] 2021/10/08 15:24:52 stats,-1,20
[Server 0] 2021/10/08 15:25:00 got databaseInfo request
[Server 0] 2021/10/08 15:25:00 got query request
[Server 0] 2021/10/08 15:26:21 answer size in bytes: 20
[Server 0] 2021/10/08 15:26:21 stats,-1,20
[Server 0] 2021/10/08 15:26:26 got databaseInfo request
[Server 0] 2021/10/08 15:26:26 got query request
[Server 0] 2021/10/08 15:27:51 answer size in bytes: 20
[Server 0] 2021/10/08 15:27:51 stats,-1,20
[Server 0] 2021/10/08 15:27:56 got databaseInfo request
[Server 0] 2021/10/08 15:27:56 got query request
[Server 0] 2021/10/08 15:29:17 answer size in bytes: 20
[Server 0] 2021/10/08 15:29:17 stats,-1,20
[Server 0] 2021/10/08 15:29:29 got databaseInfo request
[Server 0] 2021/10/08 15:29:29 got query request
[Server 0] 2021/10/08 15:30:49 answer size in bytes: 20
[Server 0] 2021/10/08 15:30:49 stats,-1,20
[Server 0] 2021/10/08 15:30:57 got databaseInfo request
[Server 0] 2021/10/08 15:30:57 got query request
[Server 0] 2021/10/08 15:32:25 answer size in bytes: 20
[Server 0] 2021/10/08 15:32:25 stats,-1,20
[Server 0] 2021/10/08 15:32:30 got databaseInfo request
[Server 0] 2021/10/08 15:32:30 got query request
[Server 0] 2021/10/08 15:33:49 answer size in bytes: 20
[Server 0] 2021/10/08 15:33:49 stats,-1,20
[Server 0] 2021/10/08 15:34:02 got databaseInfo request
[Server 0] 2021/10/08 15:34:02 got query request
[Server 0] 2021/10/08 15:35:26 answer size in bytes: 20
[Server 0] 2021/10/08 15:35:26 stats,-1,20
[Server 0] 2021/10/08 15:35:31 got databaseInfo request
[Server 0] 2021/10/08 15:35:31 got query request
[Server 0] 2021/10/08 15:36:47 answer size in bytes: 20
[Server 0] 2021/10/08 15:36:47 stats,-1,20
[Server 0] 2021/10/08 15:36:52 got databaseInfo request
[Server 0] 2021/10/08 15:36:52 got query request
[Server 0] 2021/10/08 15:38:07 answer size in bytes: 20
[Server 0] 2021/10/08 15:38:07 stats,-1,20
[Server 0] 2021/10/08 15:38:12 got databaseInfo request
[Server 0] 2021/10/08 15:38:12 got query request
[Server 0] 2021/10/08 15:39:27 answer size in bytes: 20
[Server 0] 2021/10/08 15:39:27 stats,-1,20
[Server 0] 2021/10/08 15:39:32 got databaseInfo request
[Server 0] 2021/10/08 15:39:32 got query request
[Server 0] 2021/10/08 15:40:47 answer size in bytes: 20
[Server 0] 2021/10/08 15:40:47 stats,-1,20
[Server 0] 2021/10/08 15:40:52 got databaseInfo request
[Server 0] 2021/10/08 15:40:52 got query request
[Server 0] 2021/10/08 15:42:07 answer size in bytes: 20
[Server 0] 2021/10/08 15:42:07 stats,-1,20
[Server 0] 2021/10/08 15:42:13 got databaseInfo request
[Server 0] 2021/10/08 15:42:13 got query request
[Server 0] 2021/10/08 15:43:28 answer size in bytes: 20
[Server 0] 2021/10/08 15:43:28 stats,-1,20
[Server 0] 2021/10/08 15:43:34 got databaseInfo request
[Server 0] 2021/10/08 15:43:34 got query request
[Server 0] 2021/10/08 15:44:49 answer size in bytes: 20
[Server 0] 2021/10/08 15:44:49 stats,-1,20
[Server 0] 2021/10/08 15:44:54 got databaseInfo request
[Server 0] 2021/10/08 15:44:54 got query request
[Server 0] 2021/10/08 15:46:09 answer size in bytes: 20
[Server 0] 2021/10/08 15:46:09 stats,-1,20
[Server 0] 2021/10/08 15:46:14 got databaseInfo request
[Server 0] 2021/10/08 15:46:14 got query request
[Server 0] 2021/10/08 15:47:30 answer size in bytes: 20
[Server 0] 2021/10/08 15:47:30 stats,-1,20
[Server 0] 2021/10/08 16:17:58 got databaseInfo request
[Server 0] 2021/10/08 16:17:58 got query request
[Server 0] 2021/10/08 16:19:18 answer size in bytes: 20
[Server 0] 2021/10/08 16:19:18 stats,-1,20
[Server 0] 2021/10/08 16:19:23 got databaseInfo request
[Server 0] 2021/10/08 16:19:23 got query request
[Server 0] 2021/10/08 16:20:44 answer size in bytes: 20
[Server 0] 2021/10/08 16:20:44 stats,-1,20
[Server 0] 2021/10/08 16:20:49 got databaseInfo request
[Server 0] 2021/10/08 16:20:49 got query request
[Server 0] 2021/10/08 16:22:10 answer size in bytes: 20
[Server 0] 2021/10/08 16:22:10 stats,-1,20
[Server 0] 2021/10/08 16:22:15 got databaseInfo request
[Server 0] 2021/10/08 16:22:15 got query request
[Server 0] 2021/10/08 16:23:37 answer size in bytes: 20
[Server 0] 2021/10/08 16:23:37 stats,-1,20
[Server 0] 2021/10/08 16:23:42 got databaseInfo request
[Server 0] 2021/10/08 16:23:42 got query request
[Server 0] 2021/10/08 16:25:02 answer size in bytes: 20
[Server 0] 2021/10/08 16:25:02 stats,-1,20
[Server 0] 2021/10/08 16:25:07 got databaseInfo request
[Server 0] 2021/10/08 16:25:07 got query request
[Server 0] 2021/10/08 16:26:27 answer size in bytes: 20
[Server 0] 2021/10/08 16:26:27 stats,-1,20
[Server 0] 2021/10/08 16:26:32 got databaseInfo request
[Server 0] 2021/10/08 16:26:32 got query request
[Server 0] 2021/10/08 16:27:52 answer size in bytes: 20
[Server 0] 2021/10/08 16:27:52 stats,-1,20
[Server 0] 2021/10/08 16:27:58 got databaseInfo request
[Server 0] 2021/10/08 16:27:58 got query request
[Server 0] 2021/10/08 16:29:17 answer size in bytes: 20
[Server 0] 2021/10/08 16:29:17 stats,-1,20
[Server 0] 2021/10/08 16:29:22 got databaseInfo request
[Server 0] 2021/10/08 16:29:22 got query request
[Server 0] 2021/10/08 16:30:42 answer size in bytes: 20
[Server 0] 2021/10/08 16:30:42 stats,-1,20
[Server 0] 2021/10/08 16:30:47 got databaseInfo request
[Server 0] 2021/10/08 16:30:47 got query request
[Server 0] 2021/10/08 16:32:08 answer size in bytes: 20
[Server 0] 2021/10/08 16:32:08 stats,-1,20
[Server 0] 2021/10/08 16:32:13 got databaseInfo request
[Server 0] 2021/10/08 16:32:13 got query request
[Server 0] 2021/10/08 16:33:34 answer size in bytes: 20
[Server 0] 2021/10/08 16:33:34 stats,-1,20
[Server 0] 2021/10/08 16:33:39 got databaseInfo request
[Server 0] 2021/10/08 16:33:39 got query request
[Server 0] 2021/10/08 16:34:59 answer size in bytes: 20
[Server 0] 2021/10/08 16:34:59 stats,-1,20
[Server 0] 2021/10/08 16:35:04 got databaseInfo request
[Server 0] 2021/10/08 16:35:04 got query request
[Server 0] 2021/10/08 16:36:23 answer size in bytes: 20
[Server 0] 2021/10/08 16:36:23 stats,-1,20
[Server 0] 2021/10/08 16:36:29 got databaseInfo request
[Server 0] 2021/10/08 16:36:29 got query request
[Server 0] 2021/10/08 16:37:48 answer size in bytes: 20
[Server 0] 2021/10/08 16:37:48 stats,-1,20
[Server 0] 2021/10/08 16:37:53 got databaseInfo request
[Server 0] 2021/10/08 16:37:53 got query request
[Server 0] 2021/10/08 16:39:14 answer size in bytes: 20
[Server 0] 2021/10/08 16:39:14 stats,-1,20
[Server 0] 2021/10/08 16:39:19 got databaseInfo request
[Server 0] 2021/10/08 16:39:19 got query request
[Server 0] 2021/10/08 16:40:39 answer size in bytes: 20
[Server 0] 2021/10/08 16:40:39 stats,-1,20
[Server 0] 2021/10/08 16:40:44 got databaseInfo request
[Server 0] 2021/10/08 16:40:44 got query request
[Server 0] 2021/10/08 16:42:04 answer size in bytes: 20
[Server 0] 2021/10/08 16:42:04 stats,-1,20
[Server 0] 2021/10/08 16:42:09 got databaseInfo request
[Server 0] 2021/10/08 16:42:09 got query request
[Server 0] 2021/10/08 16:43:30 answer size in bytes: 20
[Server 0] 2021/10/08 16:43:30 stats,-1,20
[Server 0] 2021/10/08 16:43:35 got databaseInfo request
[Server 0] 2021/10/08 16:43:35 got query request
[Server 0] 2021/10/08 16:44:54 answer size in bytes: 20
[Server 0] 2021/10/08 16:44:54 stats,-1,20
[Server 0] 2021/10/08 16:44:59 got databaseInfo request
[Server 0] 2021/10/08 16:44:59 got query request
[Server 0] 2021/10/08 16:46:20 answer size in bytes: 20
[Server 0] 2021/10/08 16:46:20 stats,-1,20
