[Client] 2021/04/14 17:02:11 sent databaseInfo request to 10.90.36.38:50050
[Client] 2021/04/14 17:02:11 sent databaseInfo request to 10.90.36.39:50051
[Client] 2021/04/14 17:02:11 databaseInfo: &database.Info{NumRows:597, NumColumns:597, BlockSize:35257, PIRType:"", Auth:(*database.Auth)(nil), Merkle:(*database.Merkle)(nil), DataEmbedding:(*database.DataEmbedding)(nil), LatParams:(*bfv.Parameters)(nil)}
[Client] 2021/04/14 17:02:11 id: alex.braulio@varidi.com, hashKey: 181716
[Client] 2021/04/14 17:02:11 done with queries computation
[Client] 2021/04/14 17:02:12 sent query to 10.90.36.38:50050
[Client] 2021/04/14 17:02:12 query size in bytes 75
[Client] 2021/04/14 17:02:12 sent query to 10.90.36.39:50051
[Client] 2021/04/14 17:02:12 query size in bytes 75
[Client] 2021/04/14 17:02:12 done with block reconstruction
[Client] 2021/04/14 17:02:12 PGP key retrieved from block
-----BEGIN PGP PUBLIC KEY BLOCK-----
Comment: Retrieved with VPIR

xsBNBFvpyEwBCACwnbagSMWW6QMipo7nn0igJ4G5FNHtfz2AcRgB+JQGVh1B/DMm
JX4iWz/IGppRnNFZR+UtMJNIXdEysCT50ynCS3b84qW5/6mciPBf/zWx3lVi/zK7
DeuShUJP9C5730fjJuFOWgvnDs7Rw2ZPgqnPVep9JpQiNH4/xB3DcRLR3zuD6MPY
3l0EPMqGCS1fs3ZBXi+OkGrE25Olm6+gBBwRM80UHY42ck8ftPGOuX+BeuuZC/DS
EWYwVPKSSEdERIX7fes+SUk8BZoNuWD0ePhT9tVn0G/a0eVgciuDkGrDc4JymjKG
dKgeTu9pjxBT55JeQ/fr3YhDyqIKYn5CyH1LABEBAAHNJkFsZXggQnJhdWxpbyA8
YWxleC5icmF1bGlvQHZhcmlkaS5jb20+wsCUBBMBCAA+FiEEn0f4635JJda7Wpyx
+P2NKP2TF0cFAlvpyEwCGwMFCQPDy/QFCwkIBwIGFQoJCAsCBBYCAwECHgECF4AA
CgkQ+P2NKP2TF0fingf/TmSTfN/Xg+P9dKSEKMSfh0iVW9zOT2iJssC+Me4V1Z2w
VTxDA6cwm1xt/Np0wLtKyRGu2/IqgUzyD3DoVPmUsy00YbWhUOT2Ty/S3i+G5A+K
FPxtZlrMSlBBYogUWqDnuwqTQwoP2IWRG6oMEZVB6h0Fy/WrfTURTbznkxeAwYQj
OP3ydiHrid98djLEuuf1huNrdYksr2UELng3zRQvRgmxetYJd7FQpHfACHC/ukCo
xIuEKsLM3iKA2hDBDjdIAcdzx47M6px4HpHLAHEE4o/xjl3V1nPfKS8bp8BrriLp
lQSkVXMLj8OHbA2v5UBnNQ/s3zgG/iWNpgi7zUQSsw==
=lkY6
-----END PGP PUBLIC KEY BLOCK-----
[Client] 2021/04/14 17:02:12 stats,24,150,1.458818
Wall-clock time to retrieve the key: 1.458817566s
[Client] 2021/04/14 17:02:17 sent databaseInfo request to 10.90.36.38:50050
[Client] 2021/04/14 17:02:17 sent databaseInfo request to 10.90.36.39:50051
[Client] 2021/04/14 17:02:17 databaseInfo: &database.Info{NumRows:597, NumColumns:597, BlockSize:35257, PIRType:"", Auth:(*database.Auth)(nil), Merkle:(*database.Merkle)(nil), DataEmbedding:(*database.DataEmbedding)(nil), LatParams:(*bfv.Parameters)(nil)}
[Client] 2021/04/14 17:02:17 id: alex.braulio@varidi.com, hashKey: 181716
[Client] 2021/04/14 17:02:17 done with queries computation
[Client] 2021/04/14 17:02:18 sent query to 10.90.36.38:50050
[Client] 2021/04/14 17:02:18 query size in bytes 75
[Client] 2021/04/14 17:02:19 sent query to 10.90.36.39:50051
[Client] 2021/04/14 17:02:19 query size in bytes 75
[Client] 2021/04/14 17:02:19 done with block reconstruction
[Client] 2021/04/14 17:02:19 PGP key retrieved from block
-----BEGIN PGP PUBLIC KEY BLOCK-----
Comment: Retrieved with VPIR

xsBNBFvpyEwBCACwnbagSMWW6QMipo7nn0igJ4G5FNHtfz2AcRgB+JQGVh1B/DMm
JX4iWz/IGppRnNFZR+UtMJNIXdEysCT50ynCS3b84qW5/6mciPBf/zWx3lVi/zK7
DeuShUJP9C5730fjJuFOWgvnDs7Rw2ZPgqnPVep9JpQiNH4/xB3DcRLR3zuD6MPY
3l0EPMqGCS1fs3ZBXi+OkGrE25Olm6+gBBwRM80UHY42ck8ftPGOuX+BeuuZC/DS
EWYwVPKSSEdERIX7fes+SUk8BZoNuWD0ePhT9tVn0G/a0eVgciuDkGrDc4JymjKG
dKgeTu9pjxBT55JeQ/fr3YhDyqIKYn5CyH1LABEBAAHNJkFsZXggQnJhdWxpbyA8
YWxleC5icmF1bGlvQHZhcmlkaS5jb20+wsCUBBMBCAA+FiEEn0f4635JJda7Wpyx
+P2NKP2TF0cFAlvpyEwCGwMFCQPDy/QFCwkIBwIGFQoJCAsCBBYCAwECHgECF4AA
CgkQ+P2NKP2TF0fingf/TmSTfN/Xg+P9dKSEKMSfh0iVW9zOT2iJssC+Me4V1Z2w
VTxDA6cwm1xt/Np0wLtKyRGu2/IqgUzyD3DoVPmUsy00YbWhUOT2Ty/S3i+G5A+K
FPxtZlrMSlBBYogUWqDnuwqTQwoP2IWRG6oMEZVB6h0Fy/WrfTURTbznkxeAwYQj
OP3ydiHrid98djLEuuf1huNrdYksr2UELng3zRQvRgmxetYJd7FQpHfACHC/ukCo
xIuEKsLM3iKA2hDBDjdIAcdzx47M6px4HpHLAHEE4o/xjl3V1nPfKS8bp8BrriLp
lQSkVXMLj8OHbA2v5UBnNQ/s3zgG/iWNpgi7zUQSsw==
=lkY6
-----END PGP PUBLIC KEY BLOCK-----
[Client] 2021/04/14 17:02:19 stats,24,150,1.311109
Wall-clock time to retrieve the key: 1.311108965s
[Client] 2021/04/14 17:02:24 sent databaseInfo request to 10.90.36.38:50050
[Client] 2021/04/14 17:02:24 sent databaseInfo request to 10.90.36.39:50051
[Client] 2021/04/14 17:02:24 databaseInfo: &database.Info{NumRows:597, NumColumns:597, BlockSize:35257, PIRType:"", Auth:(*database.Auth)(nil), Merkle:(*database.Merkle)(nil), DataEmbedding:(*database.DataEmbedding)(nil), LatParams:(*bfv.Parameters)(nil)}
[Client] 2021/04/14 17:02:24 id: alex.braulio@varidi.com, hashKey: 181716
[Client] 2021/04/14 17:02:24 done with queries computation
[Client] 2021/04/14 17:02:25 sent query to 10.90.36.38:50050
[Client] 2021/04/14 17:02:25 query size in bytes 75
[Client] 2021/04/14 17:02:25 sent query to 10.90.36.39:50051
[Client] 2021/04/14 17:02:25 query size in bytes 75
[Client] 2021/04/14 17:02:25 done with block reconstruction
[Client] 2021/04/14 17:02:25 PGP key retrieved from block
-----BEGIN PGP PUBLIC KEY BLOCK-----
Comment: Retrieved with VPIR

xsBNBFvpyEwBCACwnbagSMWW6QMipo7nn0igJ4G5FNHtfz2AcRgB+JQGVh1B/DMm
JX4iWz/IGppRnNFZR+UtMJNIXdEysCT50ynCS3b84qW5/6mciPBf/zWx3lVi/zK7
DeuShUJP9C5730fjJuFOWgvnDs7Rw2ZPgqnPVep9JpQiNH4/xB3DcRLR3zuD6MPY
3l0EPMqGCS1fs3ZBXi+OkGrE25Olm6+gBBwRM80UHY42ck8ftPGOuX+BeuuZC/DS
EWYwVPKSSEdERIX7fes+SUk8BZoNuWD0ePhT9tVn0G/a0eVgciuDkGrDc4JymjKG
dKgeTu9pjxBT55JeQ/fr3YhDyqIKYn5CyH1LABEBAAHNJkFsZXggQnJhdWxpbyA8
YWxleC5icmF1bGlvQHZhcmlkaS5jb20+wsCUBBMBCAA+FiEEn0f4635JJda7Wpyx
+P2NKP2TF0cFAlvpyEwCGwMFCQPDy/QFCwkIBwIGFQoJCAsCBBYCAwECHgECF4AA
CgkQ+P2NKP2TF0fingf/TmSTfN/Xg+P9dKSEKMSfh0iVW9zOT2iJssC+Me4V1Z2w
VTxDA6cwm1xt/Np0wLtKyRGu2/IqgUzyD3DoVPmUsy00YbWhUOT2Ty/S3i+G5A+K
FPxtZlrMSlBBYogUWqDnuwqTQwoP2IWRG6oMEZVB6h0Fy/WrfTURTbznkxeAwYQj
OP3ydiHrid98djLEuuf1huNrdYksr2UELng3zRQvRgmxetYJd7FQpHfACHC/ukCo
xIuEKsLM3iKA2hDBDjdIAcdzx47M6px4HpHLAHEE4o/xjl3V1nPfKS8bp8BrriLp
lQSkVXMLj8OHbA2v5UBnNQ/s3zgG/iWNpgi7zUQSsw==
=lkY6
-----END PGP PUBLIC KEY BLOCK-----
[Client] 2021/04/14 17:02:25 stats,24,150,1.396341
Wall-clock time to retrieve the key: 1.396341126s
[Client] 2021/04/14 17:02:30 sent databaseInfo request to 10.90.36.38:50050
[Client] 2021/04/14 17:02:30 sent databaseInfo request to 10.90.36.39:50051
[Client] 2021/04/14 17:02:30 databaseInfo: &database.Info{NumRows:597, NumColumns:597, BlockSize:35257, PIRType:"", Auth:(*database.Auth)(nil), Merkle:(*database.Merkle)(nil), DataEmbedding:(*database.DataEmbedding)(nil), LatParams:(*bfv.Parameters)(nil)}
[Client] 2021/04/14 17:02:30 id: alex.braulio@varidi.com, hashKey: 181716
[Client] 2021/04/14 17:02:30 done with queries computation
[Client] 2021/04/14 17:02:31 sent query to 10.90.36.38:50050
[Client] 2021/04/14 17:02:31 query size in bytes 75
[Client] 2021/04/14 17:02:31 sent query to 10.90.36.39:50051
[Client] 2021/04/14 17:02:31 query size in bytes 75
[Client] 2021/04/14 17:02:31 done with block reconstruction
[Client] 2021/04/14 17:02:31 PGP key retrieved from block
-----BEGIN PGP PUBLIC KEY BLOCK-----
Comment: Retrieved with VPIR

xsBNBFvpyEwBCACwnbagSMWW6QMipo7nn0igJ4G5FNHtfz2AcRgB+JQGVh1B/DMm
JX4iWz/IGppRnNFZR+UtMJNIXdEysCT50ynCS3b84qW5/6mciPBf/zWx3lVi/zK7
DeuShUJP9C5730fjJuFOWgvnDs7Rw2ZPgqnPVep9JpQiNH4/xB3DcRLR3zuD6MPY
3l0EPMqGCS1fs3ZBXi+OkGrE25Olm6+gBBwRM80UHY42ck8ftPGOuX+BeuuZC/DS
EWYwVPKSSEdERIX7fes+SUk8BZoNuWD0ePhT9tVn0G/a0eVgciuDkGrDc4JymjKG
dKgeTu9pjxBT55JeQ/fr3YhDyqIKYn5CyH1LABEBAAHNJkFsZXggQnJhdWxpbyA8
YWxleC5icmF1bGlvQHZhcmlkaS5jb20+wsCUBBMBCAA+FiEEn0f4635JJda7Wpyx
+P2NKP2TF0cFAlvpyEwCGwMFCQPDy/QFCwkIBwIGFQoJCAsCBBYCAwECHgECF4AA
CgkQ+P2NKP2TF0fingf/TmSTfN/Xg+P9dKSEKMSfh0iVW9zOT2iJssC+Me4V1Z2w
VTxDA6cwm1xt/Np0wLtKyRGu2/IqgUzyD3DoVPmUsy00YbWhUOT2Ty/S3i+G5A+K
FPxtZlrMSlBBYogUWqDnuwqTQwoP2IWRG6oMEZVB6h0Fy/WrfTURTbznkxeAwYQj
OP3ydiHrid98djLEuuf1huNrdYksr2UELng3zRQvRgmxetYJd7FQpHfACHC/ukCo
xIuEKsLM3iKA2hDBDjdIAcdzx47M6px4HpHLAHEE4o/xjl3V1nPfKS8bp8BrriLp
lQSkVXMLj8OHbA2v5UBnNQ/s3zgG/iWNpgi7zUQSsw==
=lkY6
-----END PGP PUBLIC KEY BLOCK-----
[Client] 2021/04/14 17:02:31 stats,24,150,1.238252
Wall-clock time to retrieve the key: 1.238251897s
[Client] 2021/04/14 17:02:36 sent databaseInfo request to 10.90.36.38:50050
[Client] 2021/04/14 17:02:36 sent databaseInfo request to 10.90.36.39:50051
[Client] 2021/04/14 17:02:36 databaseInfo: &database.Info{NumRows:597, NumColumns:597, BlockSize:35257, PIRType:"", Auth:(*database.Auth)(nil), Merkle:(*database.Merkle)(nil), DataEmbedding:(*database.DataEmbedding)(nil), LatParams:(*bfv.Parameters)(nil)}
[Client] 2021/04/14 17:02:36 id: alex.braulio@varidi.com, hashKey: 181716
[Client] 2021/04/14 17:02:36 done with queries computation
[Client] 2021/04/14 17:02:37 sent query to 10.90.36.38:50050
[Client] 2021/04/14 17:02:37 query size in bytes 75
[Client] 2021/04/14 17:02:38 sent query to 10.90.36.39:50051
[Client] 2021/04/14 17:02:38 query size in bytes 75
[Client] 2021/04/14 17:02:38 done with block reconstruction
[Client] 2021/04/14 17:02:38 PGP key retrieved from block
-----BEGIN PGP PUBLIC KEY BLOCK-----
Comment: Retrieved with VPIR

xsBNBFvpyEwBCACwnbagSMWW6QMipo7nn0igJ4G5FNHtfz2AcRgB+JQGVh1B/DMm
JX4iWz/IGppRnNFZR+UtMJNIXdEysCT50ynCS3b84qW5/6mciPBf/zWx3lVi/zK7
DeuShUJP9C5730fjJuFOWgvnDs7Rw2ZPgqnPVep9JpQiNH4/xB3DcRLR3zuD6MPY
3l0EPMqGCS1fs3ZBXi+OkGrE25Olm6+gBBwRM80UHY42ck8ftPGOuX+BeuuZC/DS
EWYwVPKSSEdERIX7fes+SUk8BZoNuWD0ePhT9tVn0G/a0eVgciuDkGrDc4JymjKG
dKgeTu9pjxBT55JeQ/fr3YhDyqIKYn5CyH1LABEBAAHNJkFsZXggQnJhdWxpbyA8
YWxleC5icmF1bGlvQHZhcmlkaS5jb20+wsCUBBMBCAA+FiEEn0f4635JJda7Wpyx
+P2NKP2TF0cFAlvpyEwCGwMFCQPDy/QFCwkIBwIGFQoJCAsCBBYCAwECHgECF4AA
CgkQ+P2NKP2TF0fingf/TmSTfN/Xg+P9dKSEKMSfh0iVW9zOT2iJssC+Me4V1Z2w
VTxDA6cwm1xt/Np0wLtKyRGu2/IqgUzyD3DoVPmUsy00YbWhUOT2Ty/S3i+G5A+K
FPxtZlrMSlBBYogUWqDnuwqTQwoP2IWRG6oMEZVB6h0Fy/WrfTURTbznkxeAwYQj
OP3ydiHrid98djLEuuf1huNrdYksr2UELng3zRQvRgmxetYJd7FQpHfACHC/ukCo
xIuEKsLM3iKA2hDBDjdIAcdzx47M6px4HpHLAHEE4o/xjl3V1nPfKS8bp8BrriLp
lQSkVXMLj8OHbA2v5UBnNQ/s3zgG/iWNpgi7zUQSsw==
=lkY6
-----END PGP PUBLIC KEY BLOCK-----
[Client] 2021/04/14 17:02:38 stats,24,150,1.214348
Wall-clock time to retrieve the key: 1.214347821s
[Client] 2021/04/14 17:02:43 sent databaseInfo request to 10.90.36.38:50050
[Client] 2021/04/14 17:02:43 sent databaseInfo request to 10.90.36.39:50051
[Client] 2021/04/14 17:02:43 databaseInfo: &database.Info{NumRows:597, NumColumns:597, BlockSize:35257, PIRType:"", Auth:(*database.Auth)(nil), Merkle:(*database.Merkle)(nil), DataEmbedding:(*database.DataEmbedding)(nil), LatParams:(*bfv.Parameters)(nil)}
[Client] 2021/04/14 17:02:43 id: alex.braulio@varidi.com, hashKey: 181716
[Client] 2021/04/14 17:02:43 done with queries computation
[Client] 2021/04/14 17:02:44 sent query to 10.90.36.38:50050
[Client] 2021/04/14 17:02:44 query size in bytes 75
[Client] 2021/04/14 17:02:44 sent query to 10.90.36.39:50051
[Client] 2021/04/14 17:02:44 query size in bytes 75
[Client] 2021/04/14 17:02:44 done with block reconstruction
[Client] 2021/04/14 17:02:44 PGP key retrieved from block
-----BEGIN PGP PUBLIC KEY BLOCK-----
Comment: Retrieved with VPIR

xsBNBFvpyEwBCACwnbagSMWW6QMipo7nn0igJ4G5FNHtfz2AcRgB+JQGVh1B/DMm
JX4iWz/IGppRnNFZR+UtMJNIXdEysCT50ynCS3b84qW5/6mciPBf/zWx3lVi/zK7
DeuShUJP9C5730fjJuFOWgvnDs7Rw2ZPgqnPVep9JpQiNH4/xB3DcRLR3zuD6MPY
3l0EPMqGCS1fs3ZBXi+OkGrE25Olm6+gBBwRM80UHY42ck8ftPGOuX+BeuuZC/DS
EWYwVPKSSEdERIX7fes+SUk8BZoNuWD0ePhT9tVn0G/a0eVgciuDkGrDc4JymjKG
dKgeTu9pjxBT55JeQ/fr3YhDyqIKYn5CyH1LABEBAAHNJkFsZXggQnJhdWxpbyA8
YWxleC5icmF1bGlvQHZhcmlkaS5jb20+wsCUBBMBCAA+FiEEn0f4635JJda7Wpyx
+P2NKP2TF0cFAlvpyEwCGwMFCQPDy/QFCwkIBwIGFQoJCAsCBBYCAwECHgECF4AA
CgkQ+P2NKP2TF0fingf/TmSTfN/Xg+P9dKSEKMSfh0iVW9zOT2iJssC+Me4V1Z2w
VTxDA6cwm1xt/Np0wLtKyRGu2/IqgUzyD3DoVPmUsy00YbWhUOT2Ty/S3i+G5A+K
FPxtZlrMSlBBYogUWqDnuwqTQwoP2IWRG6oMEZVB6h0Fy/WrfTURTbznkxeAwYQj
OP3ydiHrid98djLEuuf1huNrdYksr2UELng3zRQvRgmxetYJd7FQpHfACHC/ukCo
xIuEKsLM3iKA2hDBDjdIAcdzx47M6px4HpHLAHEE4o/xjl3V1nPfKS8bp8BrriLp
lQSkVXMLj8OHbA2v5UBnNQ/s3zgG/iWNpgi7zUQSsw==
=lkY6
-----END PGP PUBLIC KEY BLOCK-----
[Client] 2021/04/14 17:02:44 stats,24,150,1.090212
Wall-clock time to retrieve the key: 1.090212307s
[Client] 2021/04/14 17:02:49 sent databaseInfo request to 10.90.36.38:50050
[Client] 2021/04/14 17:02:49 sent databaseInfo request to 10.90.36.39:50051
[Client] 2021/04/14 17:02:49 databaseInfo: &database.Info{NumRows:597, NumColumns:597, BlockSize:35257, PIRType:"", Auth:(*database.Auth)(nil), Merkle:(*database.Merkle)(nil), DataEmbedding:(*database.DataEmbedding)(nil), LatParams:(*bfv.Parameters)(nil)}
[Client] 2021/04/14 17:02:49 id: alex.braulio@varidi.com, hashKey: 181716
[Client] 2021/04/14 17:02:49 done with queries computation
[Client] 2021/04/14 17:02:50 sent query to 10.90.36.39:50051
[Client] 2021/04/14 17:02:50 query size in bytes 75
[Client] 2021/04/14 17:02:50 sent query to 10.90.36.38:50050
[Client] 2021/04/14 17:02:50 query size in bytes 75
[Client] 2021/04/14 17:02:50 done with block reconstruction
[Client] 2021/04/14 17:02:50 PGP key retrieved from block
-----BEGIN PGP PUBLIC KEY BLOCK-----
Comment: Retrieved with VPIR

xsBNBFvpyEwBCACwnbagSMWW6QMipo7nn0igJ4G5FNHtfz2AcRgB+JQGVh1B/DMm
JX4iWz/IGppRnNFZR+UtMJNIXdEysCT50ynCS3b84qW5/6mciPBf/zWx3lVi/zK7
DeuShUJP9C5730fjJuFOWgvnDs7Rw2ZPgqnPVep9JpQiNH4/xB3DcRLR3zuD6MPY
3l0EPMqGCS1fs3ZBXi+OkGrE25Olm6+gBBwRM80UHY42ck8ftPGOuX+BeuuZC/DS
EWYwVPKSSEdERIX7fes+SUk8BZoNuWD0ePhT9tVn0G/a0eVgciuDkGrDc4JymjKG
dKgeTu9pjxBT55JeQ/fr3YhDyqIKYn5CyH1LABEBAAHNJkFsZXggQnJhdWxpbyA8
YWxleC5icmF1bGlvQHZhcmlkaS5jb20+wsCUBBMBCAA+FiEEn0f4635JJda7Wpyx
+P2NKP2TF0cFAlvpyEwCGwMFCQPDy/QFCwkIBwIGFQoJCAsCBBYCAwECHgECF4AA
CgkQ+P2NKP2TF0fingf/TmSTfN/Xg+P9dKSEKMSfh0iVW9zOT2iJssC+Me4V1Z2w
VTxDA6cwm1xt/Np0wLtKyRGu2/IqgUzyD3DoVPmUsy00YbWhUOT2Ty/S3i+G5A+K
FPxtZlrMSlBBYogUWqDnuwqTQwoP2IWRG6oMEZVB6h0Fy/WrfTURTbznkxeAwYQj
OP3ydiHrid98djLEuuf1huNrdYksr2UELng3zRQvRgmxetYJd7FQpHfACHC/ukCo
xIuEKsLM3iKA2hDBDjdIAcdzx47M6px4HpHLAHEE4o/xjl3V1nPfKS8bp8BrriLp
lQSkVXMLj8OHbA2v5UBnNQ/s3zgG/iWNpgi7zUQSsw==
=lkY6
-----END PGP PUBLIC KEY BLOCK-----
[Client] 2021/04/14 17:02:50 stats,24,150,1.352137
Wall-clock time to retrieve the key: 1.352136937s
[Client] 2021/04/14 17:02:55 sent databaseInfo request to 10.90.36.39:50051
[Client] 2021/04/14 17:02:55 sent databaseInfo request to 10.90.36.38:50050
[Client] 2021/04/14 17:02:55 databaseInfo: &database.Info{NumRows:597, NumColumns:597, BlockSize:35257, PIRType:"", Auth:(*database.Auth)(nil), Merkle:(*database.Merkle)(nil), DataEmbedding:(*database.DataEmbedding)(nil), LatParams:(*bfv.Parameters)(nil)}
[Client] 2021/04/14 17:02:55 id: alex.braulio@varidi.com, hashKey: 181716
[Client] 2021/04/14 17:02:55 done with queries computation
[Client] 2021/04/14 17:02:56 sent query to 10.90.36.38:50050
[Client] 2021/04/14 17:02:56 query size in bytes 75
[Client] 2021/04/14 17:02:56 sent query to 10.90.36.39:50051
[Client] 2021/04/14 17:02:56 query size in bytes 75
[Client] 2021/04/14 17:02:57 done with block reconstruction
[Client] 2021/04/14 17:02:57 PGP key retrieved from block
-----BEGIN PGP PUBLIC KEY BLOCK-----
Comment: Retrieved with VPIR

xsBNBFvpyEwBCACwnbagSMWW6QMipo7nn0igJ4G5FNHtfz2AcRgB+JQGVh1B/DMm
JX4iWz/IGppRnNFZR+UtMJNIXdEysCT50ynCS3b84qW5/6mciPBf/zWx3lVi/zK7
DeuShUJP9C5730fjJuFOWgvnDs7Rw2ZPgqnPVep9JpQiNH4/xB3DcRLR3zuD6MPY
3l0EPMqGCS1fs3ZBXi+OkGrE25Olm6+gBBwRM80UHY42ck8ftPGOuX+BeuuZC/DS
EWYwVPKSSEdERIX7fes+SUk8BZoNuWD0ePhT9tVn0G/a0eVgciuDkGrDc4JymjKG
dKgeTu9pjxBT55JeQ/fr3YhDyqIKYn5CyH1LABEBAAHNJkFsZXggQnJhdWxpbyA8
YWxleC5icmF1bGlvQHZhcmlkaS5jb20+wsCUBBMBCAA+FiEEn0f4635JJda7Wpyx
+P2NKP2TF0cFAlvpyEwCGwMFCQPDy/QFCwkIBwIGFQoJCAsCBBYCAwECHgECF4AA
CgkQ+P2NKP2TF0fingf/TmSTfN/Xg+P9dKSEKMSfh0iVW9zOT2iJssC+Me4V1Z2w
VTxDA6cwm1xt/Np0wLtKyRGu2/IqgUzyD3DoVPmUsy00YbWhUOT2Ty/S3i+G5A+K
FPxtZlrMSlBBYogUWqDnuwqTQwoP2IWRG6oMEZVB6h0Fy/WrfTURTbznkxeAwYQj
OP3ydiHrid98djLEuuf1huNrdYksr2UELng3zRQvRgmxetYJd7FQpHfACHC/ukCo
xIuEKsLM3iKA2hDBDjdIAcdzx47M6px4HpHLAHEE4o/xjl3V1nPfKS8bp8BrriLp
lQSkVXMLj8OHbA2v5UBnNQ/s3zgG/iWNpgi7zUQSsw==
=lkY6
-----END PGP PUBLIC KEY BLOCK-----
[Client] 2021/04/14 17:02:57 stats,24,150,1.391997
Wall-clock time to retrieve the key: 1.391996927s
[Client] 2021/04/14 17:03:02 sent databaseInfo request to 10.90.36.38:50050
[Client] 2021/04/14 17:03:02 sent databaseInfo request to 10.90.36.39:50051
[Client] 2021/04/14 17:03:02 databaseInfo: &database.Info{NumRows:597, NumColumns:597, BlockSize:35257, PIRType:"", Auth:(*database.Auth)(nil), Merkle:(*database.Merkle)(nil), DataEmbedding:(*database.DataEmbedding)(nil), LatParams:(*bfv.Parameters)(nil)}
[Client] 2021/04/14 17:03:02 id: alex.braulio@varidi.com, hashKey: 181716
[Client] 2021/04/14 17:03:02 done with queries computation
[Client] 2021/04/14 17:03:02 sent query to 10.90.36.38:50050
[Client] 2021/04/14 17:03:02 query size in bytes 75
[Client] 2021/04/14 17:03:03 sent query to 10.90.36.39:50051
[Client] 2021/04/14 17:03:03 query size in bytes 75
[Client] 2021/04/14 17:03:03 done with block reconstruction
[Client] 2021/04/14 17:03:03 PGP key retrieved from block
-----BEGIN PGP PUBLIC KEY BLOCK-----
Comment: Retrieved with VPIR

xsBNBFvpyEwBCACwnbagSMWW6QMipo7nn0igJ4G5FNHtfz2AcRgB+JQGVh1B/DMm
JX4iWz/IGppRnNFZR+UtMJNIXdEysCT50ynCS3b84qW5/6mciPBf/zWx3lVi/zK7
DeuShUJP9C5730fjJuFOWgvnDs7Rw2ZPgqnPVep9JpQiNH4/xB3DcRLR3zuD6MPY
3l0EPMqGCS1fs3ZBXi+OkGrE25Olm6+gBBwRM80UHY42ck8ftPGOuX+BeuuZC/DS
EWYwVPKSSEdERIX7fes+SUk8BZoNuWD0ePhT9tVn0G/a0eVgciuDkGrDc4JymjKG
dKgeTu9pjxBT55JeQ/fr3YhDyqIKYn5CyH1LABEBAAHNJkFsZXggQnJhdWxpbyA8
YWxleC5icmF1bGlvQHZhcmlkaS5jb20+wsCUBBMBCAA+FiEEn0f4635JJda7Wpyx
+P2NKP2TF0cFAlvpyEwCGwMFCQPDy/QFCwkIBwIGFQoJCAsCBBYCAwECHgECF4AA
CgkQ+P2NKP2TF0fingf/TmSTfN/Xg+P9dKSEKMSfh0iVW9zOT2iJssC+Me4V1Z2w
VTxDA6cwm1xt/Np0wLtKyRGu2/IqgUzyD3DoVPmUsy00YbWhUOT2Ty/S3i+G5A+K
FPxtZlrMSlBBYogUWqDnuwqTQwoP2IWRG6oMEZVB6h0Fy/WrfTURTbznkxeAwYQj
OP3ydiHrid98djLEuuf1huNrdYksr2UELng3zRQvRgmxetYJd7FQpHfACHC/ukCo
xIuEKsLM3iKA2hDBDjdIAcdzx47M6px4HpHLAHEE4o/xjl3V1nPfKS8bp8BrriLp
lQSkVXMLj8OHbA2v5UBnNQ/s3zgG/iWNpgi7zUQSsw==
=lkY6
-----END PGP PUBLIC KEY BLOCK-----
[Client] 2021/04/14 17:03:03 stats,24,150,1.157834
Wall-clock time to retrieve the key: 1.157834299s
[Client] 2021/04/14 17:03:08 sent databaseInfo request to 10.90.36.39:50051
[Client] 2021/04/14 17:03:08 sent databaseInfo request to 10.90.36.38:50050
[Client] 2021/04/14 17:03:08 databaseInfo: &database.Info{NumRows:597, NumColumns:597, BlockSize:35257, PIRType:"", Auth:(*database.Auth)(nil), Merkle:(*database.Merkle)(nil), DataEmbedding:(*database.DataEmbedding)(nil), LatParams:(*bfv.Parameters)(nil)}
[Client] 2021/04/14 17:03:08 id: alex.braulio@varidi.com, hashKey: 181716
[Client] 2021/04/14 17:03:08 done with queries computation
[Client] 2021/04/14 17:03:09 sent query to 10.90.36.38:50050
[Client] 2021/04/14 17:03:09 query size in bytes 75
[Client] 2021/04/14 17:03:09 sent query to 10.90.36.39:50051
[Client] 2021/04/14 17:03:09 query size in bytes 75
[Client] 2021/04/14 17:03:09 done with block reconstruction
[Client] 2021/04/14 17:03:09 PGP key retrieved from block
-----BEGIN PGP PUBLIC KEY BLOCK-----
Comment: Retrieved with VPIR

xsBNBFvpyEwBCACwnbagSMWW6QMipo7nn0igJ4G5FNHtfz2AcRgB+JQGVh1B/DMm
JX4iWz/IGppRnNFZR+UtMJNIXdEysCT50ynCS3b84qW5/6mciPBf/zWx3lVi/zK7
DeuShUJP9C5730fjJuFOWgvnDs7Rw2ZPgqnPVep9JpQiNH4/xB3DcRLR3zuD6MPY
3l0EPMqGCS1fs3ZBXi+OkGrE25Olm6+gBBwRM80UHY42ck8ftPGOuX+BeuuZC/DS
EWYwVPKSSEdERIX7fes+SUk8BZoNuWD0ePhT9tVn0G/a0eVgciuDkGrDc4JymjKG
dKgeTu9pjxBT55JeQ/fr3YhDyqIKYn5CyH1LABEBAAHNJkFsZXggQnJhdWxpbyA8
YWxleC5icmF1bGlvQHZhcmlkaS5jb20+wsCUBBMBCAA+FiEEn0f4635JJda7Wpyx
+P2NKP2TF0cFAlvpyEwCGwMFCQPDy/QFCwkIBwIGFQoJCAsCBBYCAwECHgECF4AA
CgkQ+P2NKP2TF0fingf/TmSTfN/Xg+P9dKSEKMSfh0iVW9zOT2iJssC+Me4V1Z2w
VTxDA6cwm1xt/Np0wLtKyRGu2/IqgUzyD3DoVPmUsy00YbWhUOT2Ty/S3i+G5A+K
FPxtZlrMSlBBYogUWqDnuwqTQwoP2IWRG6oMEZVB6h0Fy/WrfTURTbznkxeAwYQj
OP3ydiHrid98djLEuuf1huNrdYksr2UELng3zRQvRgmxetYJd7FQpHfACHC/ukCo
xIuEKsLM3iKA2hDBDjdIAcdzx47M6px4HpHLAHEE4o/xjl3V1nPfKS8bp8BrriLp
lQSkVXMLj8OHbA2v5UBnNQ/s3zgG/iWNpgi7zUQSsw==
=lkY6
-----END PGP PUBLIC KEY BLOCK-----
[Client] 2021/04/14 17:03:09 stats,24,150,1.379072
Wall-clock time to retrieve the key: 1.379071823s
[Client] 2021/04/14 17:03:14 sent databaseInfo request to 10.90.36.39:50051
[Client] 2021/04/14 17:03:14 sent databaseInfo request to 10.90.36.38:50050
[Client] 2021/04/14 17:03:14 databaseInfo: &database.Info{NumRows:597, NumColumns:597, BlockSize:35257, PIRType:"", Auth:(*database.Auth)(nil), Merkle:(*database.Merkle)(nil), DataEmbedding:(*database.DataEmbedding)(nil), LatParams:(*bfv.Parameters)(nil)}
[Client] 2021/04/14 17:03:14 id: alex.braulio@varidi.com, hashKey: 181716
[Client] 2021/04/14 17:03:14 done with queries computation
[Client] 2021/04/14 17:03:15 sent query to 10.90.36.39:50051
[Client] 2021/04/14 17:03:15 query size in bytes 75
[Client] 2021/04/14 17:03:16 sent query to 10.90.36.38:50050
[Client] 2021/04/14 17:03:16 query size in bytes 75
[Client] 2021/04/14 17:03:16 done with block reconstruction
[Client] 2021/04/14 17:03:16 PGP key retrieved from block
-----BEGIN PGP PUBLIC KEY BLOCK-----
Comment: Retrieved with VPIR

xsBNBFvpyEwBCACwnbagSMWW6QMipo7nn0igJ4G5FNHtfz2AcRgB+JQGVh1B/DMm
JX4iWz/IGppRnNFZR+UtMJNIXdEysCT50ynCS3b84qW5/6mciPBf/zWx3lVi/zK7
DeuShUJP9C5730fjJuFOWgvnDs7Rw2ZPgqnPVep9JpQiNH4/xB3DcRLR3zuD6MPY
3l0EPMqGCS1fs3ZBXi+OkGrE25Olm6+gBBwRM80UHY42ck8ftPGOuX+BeuuZC/DS
EWYwVPKSSEdERIX7fes+SUk8BZoNuWD0ePhT9tVn0G/a0eVgciuDkGrDc4JymjKG
dKgeTu9pjxBT55JeQ/fr3YhDyqIKYn5CyH1LABEBAAHNJkFsZXggQnJhdWxpbyA8
YWxleC5icmF1bGlvQHZhcmlkaS5jb20+wsCUBBMBCAA+FiEEn0f4635JJda7Wpyx
+P2NKP2TF0cFAlvpyEwCGwMFCQPDy/QFCwkIBwIGFQoJCAsCBBYCAwECHgECF4AA
CgkQ+P2NKP2TF0fingf/TmSTfN/Xg+P9dKSEKMSfh0iVW9zOT2iJssC+Me4V1Z2w
VTxDA6cwm1xt/Np0wLtKyRGu2/IqgUzyD3DoVPmUsy00YbWhUOT2Ty/S3i+G5A+K
FPxtZlrMSlBBYogUWqDnuwqTQwoP2IWRG6oMEZVB6h0Fy/WrfTURTbznkxeAwYQj
OP3ydiHrid98djLEuuf1huNrdYksr2UELng3zRQvRgmxetYJd7FQpHfACHC/ukCo
xIuEKsLM3iKA2hDBDjdIAcdzx47M6px4HpHLAHEE4o/xjl3V1nPfKS8bp8BrriLp
lQSkVXMLj8OHbA2v5UBnNQ/s3zgG/iWNpgi7zUQSsw==
=lkY6
-----END PGP PUBLIC KEY BLOCK-----
[Client] 2021/04/14 17:03:16 stats,24,150,1.434120
Wall-clock time to retrieve the key: 1.434119565s
[Client] 2021/04/14 17:03:21 sent databaseInfo request to 10.90.36.38:50050
[Client] 2021/04/14 17:03:21 sent databaseInfo request to 10.90.36.39:50051
[Client] 2021/04/14 17:03:21 databaseInfo: &database.Info{NumRows:597, NumColumns:597, BlockSize:35257, PIRType:"", Auth:(*database.Auth)(nil), Merkle:(*database.Merkle)(nil), DataEmbedding:(*database.DataEmbedding)(nil), LatParams:(*bfv.Parameters)(nil)}
[Client] 2021/04/14 17:03:21 id: alex.braulio@varidi.com, hashKey: 181716
[Client] 2021/04/14 17:03:21 done with queries computation
[Client] 2021/04/14 17:03:22 sent query to 10.90.36.39:50051
[Client] 2021/04/14 17:03:22 query size in bytes 75
[Client] 2021/04/14 17:03:22 sent query to 10.90.36.38:50050
[Client] 2021/04/14 17:03:22 query size in bytes 75
[Client] 2021/04/14 17:03:22 done with block reconstruction
[Client] 2021/04/14 17:03:22 PGP key retrieved from block
-----BEGIN PGP PUBLIC KEY BLOCK-----
Comment: Retrieved with VPIR

xsBNBFvpyEwBCACwnbagSMWW6QMipo7nn0igJ4G5FNHtfz2AcRgB+JQGVh1B/DMm
JX4iWz/IGppRnNFZR+UtMJNIXdEysCT50ynCS3b84qW5/6mciPBf/zWx3lVi/zK7
DeuShUJP9C5730fjJuFOWgvnDs7Rw2ZPgqnPVep9JpQiNH4/xB3DcRLR3zuD6MPY
3l0EPMqGCS1fs3ZBXi+OkGrE25Olm6+gBBwRM80UHY42ck8ftPGOuX+BeuuZC/DS
EWYwVPKSSEdERIX7fes+SUk8BZoNuWD0ePhT9tVn0G/a0eVgciuDkGrDc4JymjKG
dKgeTu9pjxBT55JeQ/fr3YhDyqIKYn5CyH1LABEBAAHNJkFsZXggQnJhdWxpbyA8
YWxleC5icmF1bGlvQHZhcmlkaS5jb20+wsCUBBMBCAA+FiEEn0f4635JJda7Wpyx
+P2NKP2TF0cFAlvpyEwCGwMFCQPDy/QFCwkIBwIGFQoJCAsCBBYCAwECHgECF4AA
CgkQ+P2NKP2TF0fingf/TmSTfN/Xg+P9dKSEKMSfh0iVW9zOT2iJssC+Me4V1Z2w
VTxDA6cwm1xt/Np0wLtKyRGu2/IqgUzyD3DoVPmUsy00YbWhUOT2Ty/S3i+G5A+K
FPxtZlrMSlBBYogUWqDnuwqTQwoP2IWRG6oMEZVB6h0Fy/WrfTURTbznkxeAwYQj
OP3ydiHrid98djLEuuf1huNrdYksr2UELng3zRQvRgmxetYJd7FQpHfACHC/ukCo
xIuEKsLM3iKA2hDBDjdIAcdzx47M6px4HpHLAHEE4o/xjl3V1nPfKS8bp8BrriLp
lQSkVXMLj8OHbA2v5UBnNQ/s3zgG/iWNpgi7zUQSsw==
=lkY6
-----END PGP PUBLIC KEY BLOCK-----
[Client] 2021/04/14 17:03:22 stats,24,150,1.523034
Wall-clock time to retrieve the key: 1.523034143s
[Client] 2021/04/14 17:03:27 sent databaseInfo request to 10.90.36.38:50050
[Client] 2021/04/14 17:03:27 sent databaseInfo request to 10.90.36.39:50051
[Client] 2021/04/14 17:03:27 databaseInfo: &database.Info{NumRows:597, NumColumns:597, BlockSize:35257, PIRType:"", Auth:(*database.Auth)(nil), Merkle:(*database.Merkle)(nil), DataEmbedding:(*database.DataEmbedding)(nil), LatParams:(*bfv.Parameters)(nil)}
[Client] 2021/04/14 17:03:27 id: alex.braulio@varidi.com, hashKey: 181716
[Client] 2021/04/14 17:03:27 done with queries computation
[Client] 2021/04/14 17:03:28 sent query to 10.90.36.38:50050
[Client] 2021/04/14 17:03:28 query size in bytes 75
[Client] 2021/04/14 17:03:28 sent query to 10.90.36.39:50051
[Client] 2021/04/14 17:03:28 query size in bytes 75
[Client] 2021/04/14 17:03:29 done with block reconstruction
[Client] 2021/04/14 17:03:29 PGP key retrieved from block
-----BEGIN PGP PUBLIC KEY BLOCK-----
Comment: Retrieved with VPIR

xsBNBFvpyEwBCACwnbagSMWW6QMipo7nn0igJ4G5FNHtfz2AcRgB+JQGVh1B/DMm
JX4iWz/IGppRnNFZR+UtMJNIXdEysCT50ynCS3b84qW5/6mciPBf/zWx3lVi/zK7
DeuShUJP9C5730fjJuFOWgvnDs7Rw2ZPgqnPVep9JpQiNH4/xB3DcRLR3zuD6MPY
3l0EPMqGCS1fs3ZBXi+OkGrE25Olm6+gBBwRM80UHY42ck8ftPGOuX+BeuuZC/DS
EWYwVPKSSEdERIX7fes+SUk8BZoNuWD0ePhT9tVn0G/a0eVgciuDkGrDc4JymjKG
dKgeTu9pjxBT55JeQ/fr3YhDyqIKYn5CyH1LABEBAAHNJkFsZXggQnJhdWxpbyA8
YWxleC5icmF1bGlvQHZhcmlkaS5jb20+wsCUBBMBCAA+FiEEn0f4635JJda7Wpyx
+P2NKP2TF0cFAlvpyEwCGwMFCQPDy/QFCwkIBwIGFQoJCAsCBBYCAwECHgECF4AA
CgkQ+P2NKP2TF0fingf/TmSTfN/Xg+P9dKSEKMSfh0iVW9zOT2iJssC+Me4V1Z2w
VTxDA6cwm1xt/Np0wLtKyRGu2/IqgUzyD3DoVPmUsy00YbWhUOT2Ty/S3i+G5A+K
FPxtZlrMSlBBYogUWqDnuwqTQwoP2IWRG6oMEZVB6h0Fy/WrfTURTbznkxeAwYQj
OP3ydiHrid98djLEuuf1huNrdYksr2UELng3zRQvRgmxetYJd7FQpHfACHC/ukCo
xIuEKsLM3iKA2hDBDjdIAcdzx47M6px4HpHLAHEE4o/xjl3V1nPfKS8bp8BrriLp
lQSkVXMLj8OHbA2v5UBnNQ/s3zgG/iWNpgi7zUQSsw==
=lkY6
-----END PGP PUBLIC KEY BLOCK-----
[Client] 2021/04/14 17:03:29 stats,24,150,1.390225
Wall-clock time to retrieve the key: 1.390225087s
[Client] 2021/04/14 17:03:34 sent databaseInfo request to 10.90.36.38:50050
[Client] 2021/04/14 17:03:34 sent databaseInfo request to 10.90.36.39:50051
[Client] 2021/04/14 17:03:34 databaseInfo: &database.Info{NumRows:597, NumColumns:597, BlockSize:35257, PIRType:"", Auth:(*database.Auth)(nil), Merkle:(*database.Merkle)(nil), DataEmbedding:(*database.DataEmbedding)(nil), LatParams:(*bfv.Parameters)(nil)}
[Client] 2021/04/14 17:03:34 id: alex.braulio@varidi.com, hashKey: 181716
[Client] 2021/04/14 17:03:34 done with queries computation
[Client] 2021/04/14 17:03:35 sent query to 10.90.36.38:50050
[Client] 2021/04/14 17:03:35 query size in bytes 75
[Client] 2021/04/14 17:03:35 sent query to 10.90.36.39:50051
[Client] 2021/04/14 17:03:35 query size in bytes 75
[Client] 2021/04/14 17:03:35 done with block reconstruction
[Client] 2021/04/14 17:03:35 PGP key retrieved from block
-----BEGIN PGP PUBLIC KEY BLOCK-----
Comment: Retrieved with VPIR

xsBNBFvpyEwBCACwnbagSMWW6QMipo7nn0igJ4G5FNHtfz2AcRgB+JQGVh1B/DMm
JX4iWz/IGppRnNFZR+UtMJNIXdEysCT50ynCS3b84qW5/6mciPBf/zWx3lVi/zK7
DeuShUJP9C5730fjJuFOWgvnDs7Rw2ZPgqnPVep9JpQiNH4/xB3DcRLR3zuD6MPY
3l0EPMqGCS1fs3ZBXi+OkGrE25Olm6+gBBwRM80UHY42ck8ftPGOuX+BeuuZC/DS
EWYwVPKSSEdERIX7fes+SUk8BZoNuWD0ePhT9tVn0G/a0eVgciuDkGrDc4JymjKG
dKgeTu9pjxBT55JeQ/fr3YhDyqIKYn5CyH1LABEBAAHNJkFsZXggQnJhdWxpbyA8
YWxleC5icmF1bGlvQHZhcmlkaS5jb20+wsCUBBMBCAA+FiEEn0f4635JJda7Wpyx
+P2NKP2TF0cFAlvpyEwCGwMFCQPDy/QFCwkIBwIGFQoJCAsCBBYCAwECHgECF4AA
CgkQ+P2NKP2TF0fingf/TmSTfN/Xg+P9dKSEKMSfh0iVW9zOT2iJssC+Me4V1Z2w
VTxDA6cwm1xt/Np0wLtKyRGu2/IqgUzyD3DoVPmUsy00YbWhUOT2Ty/S3i+G5A+K
FPxtZlrMSlBBYogUWqDnuwqTQwoP2IWRG6oMEZVB6h0Fy/WrfTURTbznkxeAwYQj
OP3ydiHrid98djLEuuf1huNrdYksr2UELng3zRQvRgmxetYJd7FQpHfACHC/ukCo
xIuEKsLM3iKA2hDBDjdIAcdzx47M6px4HpHLAHEE4o/xjl3V1nPfKS8bp8BrriLp
lQSkVXMLj8OHbA2v5UBnNQ/s3zgG/iWNpgi7zUQSsw==
=lkY6
-----END PGP PUBLIC KEY BLOCK-----
[Client] 2021/04/14 17:03:35 stats,24,150,1.270425
Wall-clock time to retrieve the key: 1.270424772s
[Client] 2021/04/14 17:03:40 sent databaseInfo request to 10.90.36.39:50051
[Client] 2021/04/14 17:03:40 sent databaseInfo request to 10.90.36.38:50050
[Client] 2021/04/14 17:03:40 databaseInfo: &database.Info{NumRows:597, NumColumns:597, BlockSize:35257, PIRType:"", Auth:(*database.Auth)(nil), Merkle:(*database.Merkle)(nil), DataEmbedding:(*database.DataEmbedding)(nil), LatParams:(*bfv.Parameters)(nil)}
[Client] 2021/04/14 17:03:40 id: alex.braulio@varidi.com, hashKey: 181716
[Client] 2021/04/14 17:03:40 done with queries computation
[Client] 2021/04/14 17:03:41 sent query to 10.90.36.39:50051
[Client] 2021/04/14 17:03:41 query size in bytes 75
[Client] 2021/04/14 17:03:41 sent query to 10.90.36.38:50050
[Client] 2021/04/14 17:03:41 query size in bytes 75
[Client] 2021/04/14 17:03:41 done with block reconstruction
[Client] 2021/04/14 17:03:41 PGP key retrieved from block
-----BEGIN PGP PUBLIC KEY BLOCK-----
Comment: Retrieved with VPIR

xsBNBFvpyEwBCACwnbagSMWW6QMipo7nn0igJ4G5FNHtfz2AcRgB+JQGVh1B/DMm
JX4iWz/IGppRnNFZR+UtMJNIXdEysCT50ynCS3b84qW5/6mciPBf/zWx3lVi/zK7
DeuShUJP9C5730fjJuFOWgvnDs7Rw2ZPgqnPVep9JpQiNH4/xB3DcRLR3zuD6MPY
3l0EPMqGCS1fs3ZBXi+OkGrE25Olm6+gBBwRM80UHY42ck8ftPGOuX+BeuuZC/DS
EWYwVPKSSEdERIX7fes+SUk8BZoNuWD0ePhT9tVn0G/a0eVgciuDkGrDc4JymjKG
dKgeTu9pjxBT55JeQ/fr3YhDyqIKYn5CyH1LABEBAAHNJkFsZXggQnJhdWxpbyA8
YWxleC5icmF1bGlvQHZhcmlkaS5jb20+wsCUBBMBCAA+FiEEn0f4635JJda7Wpyx
+P2NKP2TF0cFAlvpyEwCGwMFCQPDy/QFCwkIBwIGFQoJCAsCBBYCAwECHgECF4AA
CgkQ+P2NKP2TF0fingf/TmSTfN/Xg+P9dKSEKMSfh0iVW9zOT2iJssC+Me4V1Z2w
VTxDA6cwm1xt/Np0wLtKyRGu2/IqgUzyD3DoVPmUsy00YbWhUOT2Ty/S3i+G5A+K
FPxtZlrMSlBBYogUWqDnuwqTQwoP2IWRG6oMEZVB6h0Fy/WrfTURTbznkxeAwYQj
OP3ydiHrid98djLEuuf1huNrdYksr2UELng3zRQvRgmxetYJd7FQpHfACHC/ukCo
xIuEKsLM3iKA2hDBDjdIAcdzx47M6px4HpHLAHEE4o/xjl3V1nPfKS8bp8BrriLp
lQSkVXMLj8OHbA2v5UBnNQ/s3zgG/iWNpgi7zUQSsw==
=lkY6
-----END PGP PUBLIC KEY BLOCK-----
[Client] 2021/04/14 17:03:41 stats,24,150,1.457603
Wall-clock time to retrieve the key: 1.457603194s
[Client] 2021/04/14 17:03:46 sent databaseInfo request to 10.90.36.38:50050
[Client] 2021/04/14 17:03:46 sent databaseInfo request to 10.90.36.39:50051
[Client] 2021/04/14 17:03:46 databaseInfo: &database.Info{NumRows:597, NumColumns:597, BlockSize:35257, PIRType:"", Auth:(*database.Auth)(nil), Merkle:(*database.Merkle)(nil), DataEmbedding:(*database.DataEmbedding)(nil), LatParams:(*bfv.Parameters)(nil)}
[Client] 2021/04/14 17:03:46 id: alex.braulio@varidi.com, hashKey: 181716
[Client] 2021/04/14 17:03:46 done with queries computation
[Client] 2021/04/14 17:03:48 sent query to 10.90.36.39:50051
[Client] 2021/04/14 17:03:48 query size in bytes 75
[Client] 2021/04/14 17:03:48 sent query to 10.90.36.38:50050
[Client] 2021/04/14 17:03:48 query size in bytes 75
[Client] 2021/04/14 17:03:48 done with block reconstruction
[Client] 2021/04/14 17:03:48 PGP key retrieved from block
-----BEGIN PGP PUBLIC KEY BLOCK-----
Comment: Retrieved with VPIR

xsBNBFvpyEwBCACwnbagSMWW6QMipo7nn0igJ4G5FNHtfz2AcRgB+JQGVh1B/DMm
JX4iWz/IGppRnNFZR+UtMJNIXdEysCT50ynCS3b84qW5/6mciPBf/zWx3lVi/zK7
DeuShUJP9C5730fjJuFOWgvnDs7Rw2ZPgqnPVep9JpQiNH4/xB3DcRLR3zuD6MPY
3l0EPMqGCS1fs3ZBXi+OkGrE25Olm6+gBBwRM80UHY42ck8ftPGOuX+BeuuZC/DS
EWYwVPKSSEdERIX7fes+SUk8BZoNuWD0ePhT9tVn0G/a0eVgciuDkGrDc4JymjKG
dKgeTu9pjxBT55JeQ/fr3YhDyqIKYn5CyH1LABEBAAHNJkFsZXggQnJhdWxpbyA8
YWxleC5icmF1bGlvQHZhcmlkaS5jb20+wsCUBBMBCAA+FiEEn0f4635JJda7Wpyx
+P2NKP2TF0cFAlvpyEwCGwMFCQPDy/QFCwkIBwIGFQoJCAsCBBYCAwECHgECF4AA
CgkQ+P2NKP2TF0fingf/TmSTfN/Xg+P9dKSEKMSfh0iVW9zOT2iJssC+Me4V1Z2w
VTxDA6cwm1xt/Np0wLtKyRGu2/IqgUzyD3DoVPmUsy00YbWhUOT2Ty/S3i+G5A+K
FPxtZlrMSlBBYogUWqDnuwqTQwoP2IWRG6oMEZVB6h0Fy/WrfTURTbznkxeAwYQj
OP3ydiHrid98djLEuuf1huNrdYksr2UELng3zRQvRgmxetYJd7FQpHfACHC/ukCo
xIuEKsLM3iKA2hDBDjdIAcdzx47M6px4HpHLAHEE4o/xjl3V1nPfKS8bp8BrriLp
lQSkVXMLj8OHbA2v5UBnNQ/s3zgG/iWNpgi7zUQSsw==
=lkY6
-----END PGP PUBLIC KEY BLOCK-----
[Client] 2021/04/14 17:03:48 stats,24,150,1.366218
Wall-clock time to retrieve the key: 1.366217859s
[Client] 2021/04/14 17:03:53 sent databaseInfo request to 10.90.36.38:50050
[Client] 2021/04/14 17:03:53 sent databaseInfo request to 10.90.36.39:50051
[Client] 2021/04/14 17:03:53 databaseInfo: &database.Info{NumRows:597, NumColumns:597, BlockSize:35257, PIRType:"", Auth:(*database.Auth)(nil), Merkle:(*database.Merkle)(nil), DataEmbedding:(*database.DataEmbedding)(nil), LatParams:(*bfv.Parameters)(nil)}
[Client] 2021/04/14 17:03:53 id: alex.braulio@varidi.com, hashKey: 181716
[Client] 2021/04/14 17:03:53 done with queries computation
[Client] 2021/04/14 17:03:54 sent query to 10.90.36.38:50050
[Client] 2021/04/14 17:03:54 query size in bytes 75
[Client] 2021/04/14 17:03:55 sent query to 10.90.36.39:50051
[Client] 2021/04/14 17:03:55 query size in bytes 75
[Client] 2021/04/14 17:03:55 done with block reconstruction
[Client] 2021/04/14 17:03:55 PGP key retrieved from block
-----BEGIN PGP PUBLIC KEY BLOCK-----
Comment: Retrieved with VPIR

xsBNBFvpyEwBCACwnbagSMWW6QMipo7nn0igJ4G5FNHtfz2AcRgB+JQGVh1B/DMm
JX4iWz/IGppRnNFZR+UtMJNIXdEysCT50ynCS3b84qW5/6mciPBf/zWx3lVi/zK7
DeuShUJP9C5730fjJuFOWgvnDs7Rw2ZPgqnPVep9JpQiNH4/xB3DcRLR3zuD6MPY
3l0EPMqGCS1fs3ZBXi+OkGrE25Olm6+gBBwRM80UHY42ck8ftPGOuX+BeuuZC/DS
EWYwVPKSSEdERIX7fes+SUk8BZoNuWD0ePhT9tVn0G/a0eVgciuDkGrDc4JymjKG
dKgeTu9pjxBT55JeQ/fr3YhDyqIKYn5CyH1LABEBAAHNJkFsZXggQnJhdWxpbyA8
YWxleC5icmF1bGlvQHZhcmlkaS5jb20+wsCUBBMBCAA+FiEEn0f4635JJda7Wpyx
+P2NKP2TF0cFAlvpyEwCGwMFCQPDy/QFCwkIBwIGFQoJCAsCBBYCAwECHgECF4AA
CgkQ+P2NKP2TF0fingf/TmSTfN/Xg+P9dKSEKMSfh0iVW9zOT2iJssC+Me4V1Z2w
VTxDA6cwm1xt/Np0wLtKyRGu2/IqgUzyD3DoVPmUsy00YbWhUOT2Ty/S3i+G5A+K
FPxtZlrMSlBBYogUWqDnuwqTQwoP2IWRG6oMEZVB6h0Fy/WrfTURTbznkxeAwYQj
OP3ydiHrid98djLEuuf1huNrdYksr2UELng3zRQvRgmxetYJd7FQpHfACHC/ukCo
xIuEKsLM3iKA2hDBDjdIAcdzx47M6px4HpHLAHEE4o/xjl3V1nPfKS8bp8BrriLp
lQSkVXMLj8OHbA2v5UBnNQ/s3zgG/iWNpgi7zUQSsw==
=lkY6
-----END PGP PUBLIC KEY BLOCK-----
[Client] 2021/04/14 17:03:55 stats,24,150,1.873574
Wall-clock time to retrieve the key: 1.873574277s
[Client] 2021/04/14 17:04:00 sent databaseInfo request to 10.90.36.38:50050
[Client] 2021/04/14 17:04:00 sent databaseInfo request to 10.90.36.39:50051
[Client] 2021/04/14 17:04:00 databaseInfo: &database.Info{NumRows:597, NumColumns:597, BlockSize:35257, PIRType:"", Auth:(*database.Auth)(nil), Merkle:(*database.Merkle)(nil), DataEmbedding:(*database.DataEmbedding)(nil), LatParams:(*bfv.Parameters)(nil)}
[Client] 2021/04/14 17:04:00 id: alex.braulio@varidi.com, hashKey: 181716
[Client] 2021/04/14 17:04:00 done with queries computation
[Client] 2021/04/14 17:04:01 sent query to 10.90.36.38:50050
[Client] 2021/04/14 17:04:01 query size in bytes 75
[Client] 2021/04/14 17:04:01 sent query to 10.90.36.39:50051
[Client] 2021/04/14 17:04:01 query size in bytes 75
[Client] 2021/04/14 17:04:01 done with block reconstruction
[Client] 2021/04/14 17:04:01 PGP key retrieved from block
-----BEGIN PGP PUBLIC KEY BLOCK-----
Comment: Retrieved with VPIR

xsBNBFvpyEwBCACwnbagSMWW6QMipo7nn0igJ4G5FNHtfz2AcRgB+JQGVh1B/DMm
JX4iWz/IGppRnNFZR+UtMJNIXdEysCT50ynCS3b84qW5/6mciPBf/zWx3lVi/zK7
DeuShUJP9C5730fjJuFOWgvnDs7Rw2ZPgqnPVep9JpQiNH4/xB3DcRLR3zuD6MPY
3l0EPMqGCS1fs3ZBXi+OkGrE25Olm6+gBBwRM80UHY42ck8ftPGOuX+BeuuZC/DS
EWYwVPKSSEdERIX7fes+SUk8BZoNuWD0ePhT9tVn0G/a0eVgciuDkGrDc4JymjKG
dKgeTu9pjxBT55JeQ/fr3YhDyqIKYn5CyH1LABEBAAHNJkFsZXggQnJhdWxpbyA8
YWxleC5icmF1bGlvQHZhcmlkaS5jb20+wsCUBBMBCAA+FiEEn0f4635JJda7Wpyx
+P2NKP2TF0cFAlvpyEwCGwMFCQPDy/QFCwkIBwIGFQoJCAsCBBYCAwECHgECF4AA
CgkQ+P2NKP2TF0fingf/TmSTfN/Xg+P9dKSEKMSfh0iVW9zOT2iJssC+Me4V1Z2w
VTxDA6cwm1xt/Np0wLtKyRGu2/IqgUzyD3DoVPmUsy00YbWhUOT2Ty/S3i+G5A+K
FPxtZlrMSlBBYogUWqDnuwqTQwoP2IWRG6oMEZVB6h0Fy/WrfTURTbznkxeAwYQj
OP3ydiHrid98djLEuuf1huNrdYksr2UELng3zRQvRgmxetYJd7FQpHfACHC/ukCo
xIuEKsLM3iKA2hDBDjdIAcdzx47M6px4HpHLAHEE4o/xjl3V1nPfKS8bp8BrriLp
lQSkVXMLj8OHbA2v5UBnNQ/s3zgG/iWNpgi7zUQSsw==
=lkY6
-----END PGP PUBLIC KEY BLOCK-----
[Client] 2021/04/14 17:04:01 stats,24,150,1.382042
Wall-clock time to retrieve the key: 1.382042462s
[Client] 2021/04/14 17:04:06 sent databaseInfo request to 10.90.36.38:50050
[Client] 2021/04/14 17:04:06 sent databaseInfo request to 10.90.36.39:50051
[Client] 2021/04/14 17:04:06 databaseInfo: &database.Info{NumRows:597, NumColumns:597, BlockSize:35257, PIRType:"", Auth:(*database.Auth)(nil), Merkle:(*database.Merkle)(nil), DataEmbedding:(*database.DataEmbedding)(nil), LatParams:(*bfv.Parameters)(nil)}
[Client] 2021/04/14 17:04:06 id: alex.braulio@varidi.com, hashKey: 181716
[Client] 2021/04/14 17:04:06 done with queries computation
[Client] 2021/04/14 17:04:07 sent query to 10.90.36.38:50050
[Client] 2021/04/14 17:04:07 query size in bytes 75
[Client] 2021/04/14 17:04:07 sent query to 10.90.36.39:50051
[Client] 2021/04/14 17:04:07 query size in bytes 75
[Client] 2021/04/14 17:04:07 done with block reconstruction
[Client] 2021/04/14 17:04:07 PGP key retrieved from block
-----BEGIN PGP PUBLIC KEY BLOCK-----
Comment: Retrieved with VPIR

xsBNBFvpyEwBCACwnbagSMWW6QMipo7nn0igJ4G5FNHtfz2AcRgB+JQGVh1B/DMm
JX4iWz/IGppRnNFZR+UtMJNIXdEysCT50ynCS3b84qW5/6mciPBf/zWx3lVi/zK7
DeuShUJP9C5730fjJuFOWgvnDs7Rw2ZPgqnPVep9JpQiNH4/xB3DcRLR3zuD6MPY
3l0EPMqGCS1fs3ZBXi+OkGrE25Olm6+gBBwRM80UHY42ck8ftPGOuX+BeuuZC/DS
EWYwVPKSSEdERIX7fes+SUk8BZoNuWD0ePhT9tVn0G/a0eVgciuDkGrDc4JymjKG
dKgeTu9pjxBT55JeQ/fr3YhDyqIKYn5CyH1LABEBAAHNJkFsZXggQnJhdWxpbyA8
YWxleC5icmF1bGlvQHZhcmlkaS5jb20+wsCUBBMBCAA+FiEEn0f4635JJda7Wpyx
+P2NKP2TF0cFAlvpyEwCGwMFCQPDy/QFCwkIBwIGFQoJCAsCBBYCAwECHgECF4AA
CgkQ+P2NKP2TF0fingf/TmSTfN/Xg+P9dKSEKMSfh0iVW9zOT2iJssC+Me4V1Z2w
VTxDA6cwm1xt/Np0wLtKyRGu2/IqgUzyD3DoVPmUsy00YbWhUOT2Ty/S3i+G5A+K
FPxtZlrMSlBBYogUWqDnuwqTQwoP2IWRG6oMEZVB6h0Fy/WrfTURTbznkxeAwYQj
OP3ydiHrid98djLEuuf1huNrdYksr2UELng3zRQvRgmxetYJd7FQpHfACHC/ukCo
xIuEKsLM3iKA2hDBDjdIAcdzx47M6px4HpHLAHEE4o/xjl3V1nPfKS8bp8BrriLp
lQSkVXMLj8OHbA2v5UBnNQ/s3zgG/iWNpgi7zUQSsw==
=lkY6
-----END PGP PUBLIC KEY BLOCK-----
[Client] 2021/04/14 17:04:07 stats,24,150,1.387330
Wall-clock time to retrieve the key: 1.387330473s
[Client] 2021/04/14 17:04:12 sent databaseInfo request to 10.90.36.39:50051
[Client] 2021/04/14 17:04:12 sent databaseInfo request to 10.90.36.38:50050
[Client] 2021/04/14 17:04:12 databaseInfo: &database.Info{NumRows:597, NumColumns:597, BlockSize:35257, PIRType:"", Auth:(*database.Auth)(nil), Merkle:(*database.Merkle)(nil), DataEmbedding:(*database.DataEmbedding)(nil), LatParams:(*bfv.Parameters)(nil)}
[Client] 2021/04/14 17:04:12 id: alex.braulio@varidi.com, hashKey: 181716
[Client] 2021/04/14 17:04:12 done with queries computation
[Client] 2021/04/14 17:04:13 sent query to 10.90.36.38:50050
[Client] 2021/04/14 17:04:13 query size in bytes 75
[Client] 2021/04/14 17:04:14 sent query to 10.90.36.39:50051
[Client] 2021/04/14 17:04:14 query size in bytes 75
[Client] 2021/04/14 17:04:14 done with block reconstruction
[Client] 2021/04/14 17:04:14 PGP key retrieved from block
-----BEGIN PGP PUBLIC KEY BLOCK-----
Comment: Retrieved with VPIR

xsBNBFvpyEwBCACwnbagSMWW6QMipo7nn0igJ4G5FNHtfz2AcRgB+JQGVh1B/DMm
JX4iWz/IGppRnNFZR+UtMJNIXdEysCT50ynCS3b84qW5/6mciPBf/zWx3lVi/zK7
DeuShUJP9C5730fjJuFOWgvnDs7Rw2ZPgqnPVep9JpQiNH4/xB3DcRLR3zuD6MPY
3l0EPMqGCS1fs3ZBXi+OkGrE25Olm6+gBBwRM80UHY42ck8ftPGOuX+BeuuZC/DS
EWYwVPKSSEdERIX7fes+SUk8BZoNuWD0ePhT9tVn0G/a0eVgciuDkGrDc4JymjKG
dKgeTu9pjxBT55JeQ/fr3YhDyqIKYn5CyH1LABEBAAHNJkFsZXggQnJhdWxpbyA8
YWxleC5icmF1bGlvQHZhcmlkaS5jb20+wsCUBBMBCAA+FiEEn0f4635JJda7Wpyx
+P2NKP2TF0cFAlvpyEwCGwMFCQPDy/QFCwkIBwIGFQoJCAsCBBYCAwECHgECF4AA
CgkQ+P2NKP2TF0fingf/TmSTfN/Xg+P9dKSEKMSfh0iVW9zOT2iJssC+Me4V1Z2w
VTxDA6cwm1xt/Np0wLtKyRGu2/IqgUzyD3DoVPmUsy00YbWhUOT2Ty/S3i+G5A+K
FPxtZlrMSlBBYogUWqDnuwqTQwoP2IWRG6oMEZVB6h0Fy/WrfTURTbznkxeAwYQj
OP3ydiHrid98djLEuuf1huNrdYksr2UELng3zRQvRgmxetYJd7FQpHfACHC/ukCo
xIuEKsLM3iKA2hDBDjdIAcdzx47M6px4HpHLAHEE4o/xjl3V1nPfKS8bp8BrriLp
lQSkVXMLj8OHbA2v5UBnNQ/s3zgG/iWNpgi7zUQSsw==
=lkY6
-----END PGP PUBLIC KEY BLOCK-----
[Client] 2021/04/14 17:04:14 stats,24,150,1.237983
Wall-clock time to retrieve the key: 1.237983374s
