[Server 0] 2021/10/12 11:33:03 Starting to read in the DB data
[Server 0] 2021/10/12 11:33:03 Loading keys: [data/sks/sks-000.pgp data/sks/sks-001.pgp data/sks/sks-002.pgp data/sks/sks-003.pgp data/sks/sks-004.pgp data/sks/sks-005.pgp data/sks/sks-006.pgp data/sks/sks-007.pgp data/sks/sks-008.pgp data/sks/sks-009.pgp data/sks/sks-010.pgp data/sks/sks-011.pgp data/sks/sks-012.pgp data/sks/sks-013.pgp data/sks/sks-014.pgp data/sks/sks-015.pgp data/sks/sks-016.pgp data/sks/sks-017.pgp data/sks/sks-018.pgp data/sks/sks-019.pgp data/sks/sks-020.pgp data/sks/sks-021.pgp data/sks/sks-022.pgp data/sks/sks-023.pgp data/sks/sks-024.pgp data/sks/sks-025.pgp data/sks/sks-026.pgp data/sks/sks-027.pgp data/sks/sks-028.pgp data/sks/sks-029.pgp data/sks/sks-030.pgp]
[Server 0] 2021/10/12 11:52:19 DB loaded with files [data/sks/sks-000.pgp data/sks/sks-001.pgp data/sks/sks-002.pgp data/sks/sks-003.pgp data/sks/sks-004.pgp data/sks/sks-005.pgp data/sks/sks-006.pgp data/sks/sks-007.pgp data/sks/sks-008.pgp data/sks/sks-009.pgp data/sks/sks-010.pgp data/sks/sks-011.pgp data/sks/sks-012.pgp data/sks/sks-013.pgp data/sks/sks-014.pgp data/sks/sks-015.pgp data/sks/sks-016.pgp data/sks/sks-017.pgp data/sks/sks-018.pgp data/sks/sks-019.pgp data/sks/sks-020.pgp data/sks/sks-021.pgp data/sks/sks-022.pgp data/sks/sks-023.pgp data/sks/sks-024.pgp data/sks/sks-025.pgp data/sks/sks-026.pgp data/sks/sks-027.pgp data/sks/sks-028.pgp data/sks/sks-029.pgp data/sks/sks-030.pgp]
[Server 0] 2021/10/12 11:52:19 db size in GiB: 0.000000
[Server 0] 2021/10/12 11:52:21 is listening at 10.90.36.50:50050
[Server 0] 2021/10/12 11:52:21 starting grpc server
[Server 0] 2021/10/12 12:18:12 got databaseInfo request
[Server 0] 2021/10/12 12:18:12 got query request
[Server 0] 2021/10/12 12:18:37 answer size in bytes: 4
[Server 0] 2021/10/12 12:18:37 stats,-1,4
[Server 0] 2021/10/12 12:18:42 got databaseInfo request
[Server 0] 2021/10/12 12:18:42 got query request
[Server 0] 2021/10/12 12:19:05 answer size in bytes: 4
[Server 0] 2021/10/12 12:19:05 stats,-1,4
[Server 0] 2021/10/12 12:19:12 got databaseInfo request
[Server 0] 2021/10/12 12:19:12 got query request
[Server 0] 2021/10/12 12:19:39 answer size in bytes: 4
[Server 0] 2021/10/12 12:19:39 stats,-1,4
[Server 0] 2021/10/12 12:19:44 got databaseInfo request
[Server 0] 2021/10/12 12:19:44 got query request
[Server 0] 2021/10/12 12:20:08 answer size in bytes: 4
[Server 0] 2021/10/12 12:20:08 stats,-1,4
[Server 0] 2021/10/12 12:20:14 got databaseInfo request
[Server 0] 2021/10/12 12:20:14 got query request
[Server 0] 2021/10/12 12:20:36 answer size in bytes: 4
[Server 0] 2021/10/12 12:20:36 stats,-1,4
[Server 0] 2021/10/12 12:20:44 got databaseInfo request
[Server 0] 2021/10/12 12:20:44 got query request
[Server 0] 2021/10/12 12:21:08 answer size in bytes: 4
[Server 0] 2021/10/12 12:21:08 stats,-1,4
[Server 0] 2021/10/12 12:21:14 got databaseInfo request
[Server 0] 2021/10/12 12:21:14 got query request
[Server 0] 2021/10/12 12:21:39 answer size in bytes: 4
[Server 0] 2021/10/12 12:21:39 stats,-1,4
[Server 0] 2021/10/12 12:21:44 got databaseInfo request
[Server 0] 2021/10/12 12:21:44 got query request
[Server 0] 2021/10/12 12:22:08 answer size in bytes: 4
[Server 0] 2021/10/12 12:22:08 stats,-1,4
[Server 0] 2021/10/12 12:22:15 got databaseInfo request
[Server 0] 2021/10/12 12:22:15 got query request
[Server 0] 2021/10/12 12:22:41 answer size in bytes: 4
[Server 0] 2021/10/12 12:22:41 stats,-1,4
[Server 0] 2021/10/12 12:22:46 got databaseInfo request
[Server 0] 2021/10/12 12:22:46 got query request
[Server 0] 2021/10/12 12:23:11 answer size in bytes: 4
[Server 0] 2021/10/12 12:23:11 stats,-1,4
[Server 0] 2021/10/12 12:23:16 got databaseInfo request
[Server 0] 2021/10/12 12:23:16 got query request
[Server 0] 2021/10/12 12:23:39 answer size in bytes: 4
[Server 0] 2021/10/12 12:23:39 stats,-1,4
[Server 0] 2021/10/12 12:23:46 got databaseInfo request
[Server 0] 2021/10/12 12:23:46 got query request
[Server 0] 2021/10/12 12:24:09 answer size in bytes: 4
[Server 0] 2021/10/12 12:24:09 stats,-1,4
[Server 0] 2021/10/12 12:24:14 got databaseInfo request
[Server 0] 2021/10/12 12:24:14 got query request
[Server 0] 2021/10/12 12:24:37 answer size in bytes: 4
[Server 0] 2021/10/12 12:24:37 stats,-1,4
[Server 0] 2021/10/12 12:24:45 got databaseInfo request
[Server 0] 2021/10/12 12:24:45 got query request
[Server 0] 2021/10/12 12:25:08 answer size in bytes: 4
[Server 0] 2021/10/12 12:25:08 stats,-1,4
[Server 0] 2021/10/12 12:25:14 got databaseInfo request
[Server 0] 2021/10/12 12:25:14 got query request
[Server 0] 2021/10/12 12:25:37 answer size in bytes: 4
[Server 0] 2021/10/12 12:25:37 stats,-1,4
[Server 0] 2021/10/12 12:25:43 got databaseInfo request
[Server 0] 2021/10/12 12:25:43 got query request
[Server 0] 2021/10/12 12:26:08 answer size in bytes: 4
[Server 0] 2021/10/12 12:26:08 stats,-1,4
[Server 0] 2021/10/12 12:26:13 got databaseInfo request
[Server 0] 2021/10/12 12:26:13 got query request
[Server 0] 2021/10/12 12:26:37 answer size in bytes: 4
[Server 0] 2021/10/12 12:26:37 stats,-1,4
[Server 0] 2021/10/12 12:26:44 got databaseInfo request
[Server 0] 2021/10/12 12:26:44 got query request
[Server 0] 2021/10/12 12:27:07 answer size in bytes: 4
[Server 0] 2021/10/12 12:27:07 stats,-1,4
[Server 0] 2021/10/12 12:27:12 got databaseInfo request
[Server 0] 2021/10/12 12:27:12 got query request
[Server 0] 2021/10/12 12:27:37 answer size in bytes: 4
[Server 0] 2021/10/12 12:27:37 stats,-1,4
[Server 0] 2021/10/12 12:27:42 got databaseInfo request
[Server 0] 2021/10/12 12:27:42 got query request
[Server 0] 2021/10/12 12:28:05 answer size in bytes: 4
[Server 0] 2021/10/12 12:28:05 stats,-1,4
