[Server 0] 2021/12/20 13:26:34 Starting to read in the DB data
[Server 0] 2021/12/20 13:26:34 Loading keys: [data/sks/sks-000.pgp data/sks/sks-001.pgp data/sks/sks-002.pgp data/sks/sks-003.pgp data/sks/sks-004.pgp data/sks/sks-005.pgp data/sks/sks-006.pgp data/sks/sks-007.pgp data/sks/sks-008.pgp data/sks/sks-009.pgp data/sks/sks-010.pgp data/sks/sks-011.pgp data/sks/sks-012.pgp data/sks/sks-013.pgp data/sks/sks-014.pgp data/sks/sks-015.pgp data/sks/sks-016.pgp data/sks/sks-017.pgp data/sks/sks-018.pgp data/sks/sks-019.pgp data/sks/sks-020.pgp data/sks/sks-021.pgp data/sks/sks-022.pgp data/sks/sks-023.pgp data/sks/sks-024.pgp data/sks/sks-025.pgp data/sks/sks-026.pgp data/sks/sks-027.pgp data/sks/sks-028.pgp data/sks/sks-029.pgp data/sks/sks-030.pgp]
[Server 0] 2021/12/20 13:46:05 DB loaded with files [data/sks/sks-000.pgp data/sks/sks-001.pgp data/sks/sks-002.pgp data/sks/sks-003.pgp data/sks/sks-004.pgp data/sks/sks-005.pgp data/sks/sks-006.pgp data/sks/sks-007.pgp data/sks/sks-008.pgp data/sks/sks-009.pgp data/sks/sks-010.pgp data/sks/sks-011.pgp data/sks/sks-012.pgp data/sks/sks-013.pgp data/sks/sks-014.pgp data/sks/sks-015.pgp data/sks/sks-016.pgp data/sks/sks-017.pgp data/sks/sks-018.pgp data/sks/sks-019.pgp data/sks/sks-020.pgp data/sks/sks-021.pgp data/sks/sks-022.pgp data/sks/sks-023.pgp data/sks/sks-024.pgp data/sks/sks-025.pgp data/sks/sks-026.pgp data/sks/sks-027.pgp data/sks/sks-028.pgp data/sks/sks-029.pgp data/sks/sks-030.pgp]
[Server 0] 2021/12/20 13:46:05 db size in GiB: 0.000000
[Server 0] 2021/12/20 13:46:06 is listening at 10.90.36.38:50050
[Server 0] 2021/12/20 13:46:06 starting grpc server
[Server 0] 2021/12/20 13:50:40 got databaseInfo request
[Server 0] 2021/12/20 13:50:40 got query request
[Server 0] 2021/12/20 13:51:06 answer size in bytes: 8
[Server 0] 2021/12/20 13:51:06 stats,-1,8
[Server 0] 2021/12/20 13:51:13 got databaseInfo request
[Server 0] 2021/12/20 13:51:13 got query request
[Server 0] 2021/12/20 13:51:41 answer size in bytes: 8
[Server 0] 2021/12/20 13:51:41 stats,-1,8
[Server 0] 2021/12/20 13:51:46 got databaseInfo request
[Server 0] 2021/12/20 13:51:46 got query request
[Server 0] 2021/12/20 13:52:12 answer size in bytes: 8
[Server 0] 2021/12/20 13:52:12 stats,-1,8
[Server 0] 2021/12/20 13:52:18 got databaseInfo request
[Server 0] 2021/12/20 13:52:18 got query request
[Server 0] 2021/12/20 13:52:44 answer size in bytes: 8
[Server 0] 2021/12/20 13:52:44 stats,-1,8
[Server 0] 2021/12/20 13:52:49 got databaseInfo request
[Server 0] 2021/12/20 13:52:49 got query request
[Server 0] 2021/12/20 13:53:12 answer size in bytes: 8
[Server 0] 2021/12/20 13:53:12 stats,-1,8
[Server 0] 2021/12/20 13:53:18 got databaseInfo request
[Server 0] 2021/12/20 13:53:18 got query request
[Server 0] 2021/12/20 13:53:42 answer size in bytes: 8
[Server 0] 2021/12/20 13:53:42 stats,-1,8
[Server 0] 2021/12/20 13:53:47 got databaseInfo request
[Server 0] 2021/12/20 13:53:47 got query request
[Server 0] 2021/12/20 13:54:12 answer size in bytes: 8
[Server 0] 2021/12/20 13:54:12 stats,-1,8
[Server 0] 2021/12/20 13:54:17 got databaseInfo request
[Server 0] 2021/12/20 13:54:17 got query request
[Server 0] 2021/12/20 13:54:40 answer size in bytes: 8
[Server 0] 2021/12/20 13:54:40 stats,-1,8
[Server 0] 2021/12/20 13:54:50 got databaseInfo request
[Server 0] 2021/12/20 13:54:50 got query request
[Server 0] 2021/12/20 13:55:14 answer size in bytes: 8
[Server 0] 2021/12/20 13:55:14 stats,-1,8
[Server 0] 2021/12/20 13:55:21 got databaseInfo request
[Server 0] 2021/12/20 13:55:21 got query request
[Server 0] 2021/12/20 13:55:47 answer size in bytes: 8
[Server 0] 2021/12/20 13:55:47 stats,-1,8
[Server 0] 2021/12/20 13:55:52 got databaseInfo request
[Server 0] 2021/12/20 13:55:52 got query request
[Server 0] 2021/12/20 13:56:18 answer size in bytes: 8
[Server 0] 2021/12/20 13:56:18 stats,-1,8
[Server 0] 2021/12/20 13:56:23 got databaseInfo request
[Server 0] 2021/12/20 13:56:23 got query request
[Server 0] 2021/12/20 13:56:47 answer size in bytes: 8
[Server 0] 2021/12/20 13:56:47 stats,-1,8
[Server 0] 2021/12/20 13:56:55 got databaseInfo request
[Server 0] 2021/12/20 13:56:55 got query request
[Server 0] 2021/12/20 13:57:20 answer size in bytes: 8
[Server 0] 2021/12/20 13:57:20 stats,-1,8
[Server 0] 2021/12/20 13:57:26 got databaseInfo request
[Server 0] 2021/12/20 13:57:26 got query request
[Server 0] 2021/12/20 13:57:54 answer size in bytes: 8
[Server 0] 2021/12/20 13:57:54 stats,-1,8
[Server 0] 2021/12/20 13:57:59 got databaseInfo request
[Server 0] 2021/12/20 13:57:59 got query request
[Server 0] 2021/12/20 13:58:24 answer size in bytes: 8
[Server 0] 2021/12/20 13:58:24 stats,-1,8
[Server 0] 2021/12/20 13:58:31 got databaseInfo request
[Server 0] 2021/12/20 13:58:31 got query request
[Server 0] 2021/12/20 13:58:55 answer size in bytes: 8
[Server 0] 2021/12/20 13:58:55 stats,-1,8
[Server 0] 2021/12/20 13:59:01 got databaseInfo request
[Server 0] 2021/12/20 13:59:01 got query request
[Server 0] 2021/12/20 13:59:26 answer size in bytes: 8
[Server 0] 2021/12/20 13:59:26 stats,-1,8
[Server 0] 2021/12/20 13:59:31 got databaseInfo request
[Server 0] 2021/12/20 13:59:31 got query request
[Server 0] 2021/12/20 13:59:59 answer size in bytes: 8
[Server 0] 2021/12/20 13:59:59 stats,-1,8
[Server 0] 2021/12/20 14:00:04 got databaseInfo request
[Server 0] 2021/12/20 14:00:04 got query request
[Server 0] 2021/12/20 14:00:28 answer size in bytes: 8
[Server 0] 2021/12/20 14:00:28 stats,-1,8
[Server 0] 2021/12/20 14:00:34 got databaseInfo request
[Server 0] 2021/12/20 14:00:34 got query request
[Server 0] 2021/12/20 14:00:59 answer size in bytes: 8
[Server 0] 2021/12/20 14:00:59 stats,-1,8
[Server 0] 2021/12/20 14:01:04 clean shutdown of server done
