[Server 0] 2022/08/11 16:36:26 flags: 0 fss_classic_8.log fss-classic -1 -1 -1 -1
[Server 0] 2022/08/11 16:36:26 is listening at 10.90.39.17:50050
[Server 0] 2022/08/11 16:36:26 starting grpc server
[Server 0] 2022/08/11 16:38:10 got databaseInfo request
[Server 0] 2022/08/11 16:38:10 got query request
[Server 0] 2022/08/11 16:38:11 stats,4
[Server 0] 2022/08/11 16:38:11 got query request
[Server 0] 2022/08/11 16:38:12 stats,4
[Server 0] 2022/08/11 16:38:12 got query request
[Server 0] 2022/08/11 16:38:14 stats,4
[Server 0] 2022/08/11 16:38:14 got query request
[Server 0] 2022/08/11 16:38:15 stats,4
[Server 0] 2022/08/11 16:38:15 got query request
[Server 0] 2022/08/11 16:38:16 stats,4
[Server 0] 2022/08/11 16:38:16 got query request
[Server 0] 2022/08/11 16:38:17 stats,4
[Server 0] 2022/08/11 16:38:17 got query request
[Server 0] 2022/08/11 16:38:18 stats,4
[Server 0] 2022/08/11 16:38:18 got query request
[Server 0] 2022/08/11 16:38:19 stats,4
[Server 0] 2022/08/11 16:38:19 got query request
[Server 0] 2022/08/11 16:38:20 stats,4
[Server 0] 2022/08/11 16:38:20 got query request
[Server 0] 2022/08/11 16:38:21 stats,4
[Server 0] 2022/08/11 16:38:21 got query request
[Server 0] 2022/08/11 16:38:22 stats,4
[Server 0] 2022/08/11 16:38:22 got query request
[Server 0] 2022/08/11 16:38:24 stats,4
[Server 0] 2022/08/11 16:38:24 got query request
[Server 0] 2022/08/11 16:38:25 stats,4
[Server 0] 2022/08/11 16:38:25 got query request
[Server 0] 2022/08/11 16:38:26 stats,4
[Server 0] 2022/08/11 16:38:26 got query request
[Server 0] 2022/08/11 16:38:27 stats,4
[Server 0] 2022/08/11 16:38:27 got query request
[Server 0] 2022/08/11 16:38:28 stats,4
[Server 0] 2022/08/11 16:38:28 got query request
[Server 0] 2022/08/11 16:38:29 stats,4
[Server 0] 2022/08/11 16:38:29 got query request
[Server 0] 2022/08/11 16:38:30 stats,4
[Server 0] 2022/08/11 16:38:30 got query request
[Server 0] 2022/08/11 16:38:31 stats,4
[Server 0] 2022/08/11 16:38:32 got query request
[Server 0] 2022/08/11 16:38:33 stats,4
[Server 0] 2022/08/11 16:38:33 got query request
[Server 0] 2022/08/11 16:38:34 stats,4
[Server 0] 2022/08/11 16:38:34 got query request
[Server 0] 2022/08/11 16:38:35 stats,4
[Server 0] 2022/08/11 16:38:35 got query request
[Server 0] 2022/08/11 16:38:36 stats,4
[Server 0] 2022/08/11 16:38:36 got query request
[Server 0] 2022/08/11 16:38:37 stats,4
[Server 0] 2022/08/11 16:38:37 got query request
[Server 0] 2022/08/11 16:38:38 stats,4
[Server 0] 2022/08/11 16:38:38 got query request
[Server 0] 2022/08/11 16:38:39 stats,4
[Server 0] 2022/08/11 16:38:39 got query request
[Server 0] 2022/08/11 16:38:41 stats,4
[Server 0] 2022/08/11 16:38:41 got query request
[Server 0] 2022/08/11 16:38:42 stats,4
[Server 0] 2022/08/11 16:38:42 got query request
[Server 0] 2022/08/11 16:38:43 stats,4
[Server 0] 2022/08/11 16:38:43 got query request
[Server 0] 2022/08/11 16:38:44 stats,4
[Server 0] 2022/08/11 16:38:44 got query request
[Server 0] 2022/08/11 16:38:45 stats,4
[Server 0] 2022/08/11 16:38:45 got query request
[Server 0] 2022/08/11 16:38:46 stats,4
[Server 0] 2022/08/11 16:38:46 got query request
[Server 0] 2022/08/11 16:38:47 stats,4
[Server 0] 2022/08/11 16:38:47 got query request
[Server 0] 2022/08/11 16:38:48 stats,4
[Server 0] 2022/08/11 16:38:48 got query request
[Server 0] 2022/08/11 16:38:50 stats,4
[Server 0] 2022/08/11 16:38:50 got query request
[Server 0] 2022/08/11 16:38:51 stats,4
[Server 0] 2022/08/11 16:38:51 got query request
[Server 0] 2022/08/11 16:38:52 stats,4
[Server 0] 2022/08/11 16:38:52 got query request
[Server 0] 2022/08/11 16:38:53 stats,4
[Server 0] 2022/08/11 16:38:53 got query request
[Server 0] 2022/08/11 16:38:54 stats,4
[Server 0] 2022/08/11 16:38:54 got query request
[Server 0] 2022/08/11 16:38:55 stats,4
[Server 0] 2022/08/11 16:38:55 got query request
[Server 0] 2022/08/11 16:38:56 stats,4
[Server 0] 2022/08/11 16:38:56 got query request
[Server 0] 2022/08/11 16:38:57 stats,4
[Server 0] 2022/08/11 16:38:57 got query request
[Server 0] 2022/08/11 16:38:59 stats,4
[Server 0] 2022/08/11 16:38:59 got query request
[Server 0] 2022/08/11 16:39:00 stats,4
[Server 0] 2022/08/11 16:39:00 got query request
[Server 0] 2022/08/11 16:39:01 stats,4
[Server 0] 2022/08/11 16:39:01 got query request
[Server 0] 2022/08/11 16:39:02 stats,4
[Server 0] 2022/08/11 16:39:02 got query request
[Server 0] 2022/08/11 16:39:03 stats,4
[Server 0] 2022/08/11 16:39:03 got query request
[Server 0] 2022/08/11 16:39:04 stats,4
[Server 0] 2022/08/11 16:39:04 got query request
[Server 0] 2022/08/11 16:39:05 stats,4
[Server 0] 2022/08/11 16:39:05 got query request
[Server 0] 2022/08/11 16:39:07 stats,4
[Server 0] 2022/08/11 16:39:07 got query request
[Server 0] 2022/08/11 16:39:08 stats,4
[Server 0] 2022/08/11 16:39:08 got query request
[Server 0] 2022/08/11 16:39:09 stats,4
[Server 0] 2022/08/11 16:39:09 got query request
[Server 0] 2022/08/11 16:39:10 stats,4
[Server 0] 2022/08/11 16:39:10 got query request
[Server 0] 2022/08/11 16:39:11 stats,4
[Server 0] 2022/08/11 16:39:11 got query request
[Server 0] 2022/08/11 16:39:12 stats,4
[Server 0] 2022/08/11 16:39:12 got query request
[Server 0] 2022/08/11 16:39:13 stats,4
[Server 0] 2022/08/11 16:39:13 got query request
[Server 0] 2022/08/11 16:39:14 stats,4
[Server 0] 2022/08/11 16:39:14 got query request
[Server 0] 2022/08/11 16:39:15 stats,4
[Server 0] 2022/08/11 16:39:16 got query request
[Server 0] 2022/08/11 16:39:17 stats,4
[Server 0] 2022/08/11 16:39:17 got query request
[Server 0] 2022/08/11 16:39:18 stats,4
[Server 0] 2022/08/11 16:39:18 got query request
[Server 0] 2022/08/11 16:39:19 stats,4
[Server 0] 2022/08/11 16:39:19 got query request
[Server 0] 2022/08/11 16:39:20 stats,4
[Server 0] 2022/08/11 16:39:20 got query request
[Server 0] 2022/08/11 16:39:21 stats,4
[Server 0] 2022/08/11 16:39:21 got query request
[Server 0] 2022/08/11 16:39:22 stats,4
[Server 0] 2022/08/11 16:39:22 got query request
[Server 0] 2022/08/11 16:39:23 stats,4
[Server 0] 2022/08/11 16:39:23 got query request
[Server 0] 2022/08/11 16:39:25 stats,4
[Server 0] 2022/08/11 16:39:25 got query request
[Server 0] 2022/08/11 16:39:26 stats,4
[Server 0] 2022/08/11 16:39:26 got query request
[Server 0] 2022/08/11 16:39:27 stats,4
[Server 0] 2022/08/11 16:39:27 got query request
[Server 0] 2022/08/11 16:39:28 stats,4
[Server 0] 2022/08/11 16:39:28 got query request
[Server 0] 2022/08/11 16:39:29 stats,4
[Server 0] 2022/08/11 16:39:29 got query request
[Server 0] 2022/08/11 16:39:30 stats,4
[Server 0] 2022/08/11 16:39:30 got query request
[Server 0] 2022/08/11 16:39:31 stats,4
[Server 0] 2022/08/11 16:39:31 got query request
[Server 0] 2022/08/11 16:39:32 stats,4
[Server 0] 2022/08/11 16:39:32 got query request
[Server 0] 2022/08/11 16:39:34 stats,4
[Server 0] 2022/08/11 16:39:34 got query request
[Server 0] 2022/08/11 16:39:35 stats,4
[Server 0] 2022/08/11 16:39:35 got query request
[Server 0] 2022/08/11 16:39:36 stats,4
[Server 0] 2022/08/11 16:39:36 got query request
[Server 0] 2022/08/11 16:39:37 stats,4
[Server 0] 2022/08/11 16:39:37 got query request
[Server 0] 2022/08/11 16:39:38 stats,4
[Server 0] 2022/08/11 16:39:38 got query request
[Server 0] 2022/08/11 16:39:39 stats,4
[Server 0] 2022/08/11 16:39:39 got query request
[Server 0] 2022/08/11 16:39:40 stats,4
[Server 0] 2022/08/11 16:39:40 got query request
[Server 0] 2022/08/11 16:39:42 stats,4
[Server 0] 2022/08/11 16:39:42 got query request
[Server 0] 2022/08/11 16:39:43 stats,4
[Server 0] 2022/08/11 16:39:43 got query request
[Server 0] 2022/08/11 16:39:44 stats,4
[Server 0] 2022/08/11 16:39:44 got query request
[Server 0] 2022/08/11 16:39:45 stats,4
[Server 0] 2022/08/11 16:39:45 got query request
[Server 0] 2022/08/11 16:39:46 stats,4
[Server 0] 2022/08/11 16:39:46 got query request
[Server 0] 2022/08/11 16:39:47 stats,4
[Server 0] 2022/08/11 16:39:47 got query request
[Server 0] 2022/08/11 16:39:48 stats,4
[Server 0] 2022/08/11 16:39:48 got query request
[Server 0] 2022/08/11 16:39:49 stats,4
[Server 0] 2022/08/11 16:39:49 got query request
[Server 0] 2022/08/11 16:39:51 stats,4
[Server 0] 2022/08/11 16:39:51 got query request
[Server 0] 2022/08/11 16:39:52 stats,4
[Server 0] 2022/08/11 16:39:52 got query request
[Server 0] 2022/08/11 16:39:53 stats,4
[Server 0] 2022/08/11 16:39:53 got query request
[Server 0] 2022/08/11 16:39:54 stats,4
[Server 0] 2022/08/11 16:39:54 got query request
[Server 0] 2022/08/11 16:39:55 stats,4
[Server 0] 2022/08/11 16:39:55 got query request
[Server 0] 2022/08/11 16:39:56 stats,4
[Server 0] 2022/08/11 16:39:56 got query request
[Server 0] 2022/08/11 16:39:57 stats,4
[Server 0] 2022/08/11 16:39:57 got query request
[Server 0] 2022/08/11 16:39:58 stats,4
[Server 0] 2022/08/11 16:39:58 got query request
[Server 0] 2022/08/11 16:39:59 stats,4
[Server 0] 2022/08/11 16:39:59 got query request
[Server 0] 2022/08/11 16:40:01 stats,4
[Server 0] 2022/08/11 16:40:01 got query request
[Server 0] 2022/08/11 16:40:02 stats,4
[Server 0] 2022/08/11 16:40:02 got query request
[Server 0] 2022/08/11 16:40:03 stats,4
[Server 0] 2022/08/11 16:40:03 clean shutdown of server done
