[Server 0] 2022/08/11 16:34:42 flags: 0 fss_classic_4.log fss-classic -1 -1 -1 -1
[Server 0] 2022/08/11 16:34:42 is listening at 10.90.39.17:50050
[Server 0] 2022/08/11 16:34:42 starting grpc server
[Server 0] 2022/08/11 16:35:27 got databaseInfo request
[Server 0] 2022/08/11 16:35:27 got query request
[Server 0] 2022/08/11 16:35:28 stats,4
[Server 0] 2022/08/11 16:35:28 got query request
[Server 0] 2022/08/11 16:35:28 stats,4
[Server 0] 2022/08/11 16:35:28 got query request
[Server 0] 2022/08/11 16:35:29 stats,4
[Server 0] 2022/08/11 16:35:29 got query request
[Server 0] 2022/08/11 16:35:29 stats,4
[Server 0] 2022/08/11 16:35:29 got query request
[Server 0] 2022/08/11 16:35:30 stats,4
[Server 0] 2022/08/11 16:35:30 got query request
[Server 0] 2022/08/11 16:35:31 stats,4
[Server 0] 2022/08/11 16:35:31 got query request
[Server 0] 2022/08/11 16:35:31 stats,4
[Server 0] 2022/08/11 16:35:31 got query request
[Server 0] 2022/08/11 16:35:32 stats,4
[Server 0] 2022/08/11 16:35:32 got query request
[Server 0] 2022/08/11 16:35:32 stats,4
[Server 0] 2022/08/11 16:35:32 got query request
[Server 0] 2022/08/11 16:35:33 stats,4
[Server 0] 2022/08/11 16:35:33 got query request
[Server 0] 2022/08/11 16:35:34 stats,4
[Server 0] 2022/08/11 16:35:34 got query request
[Server 0] 2022/08/11 16:35:34 stats,4
[Server 0] 2022/08/11 16:35:34 got query request
[Server 0] 2022/08/11 16:35:35 stats,4
[Server 0] 2022/08/11 16:35:35 got query request
[Server 0] 2022/08/11 16:35:35 stats,4
[Server 0] 2022/08/11 16:35:35 got query request
[Server 0] 2022/08/11 16:35:36 stats,4
[Server 0] 2022/08/11 16:35:36 got query request
[Server 0] 2022/08/11 16:35:36 stats,4
[Server 0] 2022/08/11 16:35:37 got query request
[Server 0] 2022/08/11 16:35:37 stats,4
[Server 0] 2022/08/11 16:35:37 got query request
[Server 0] 2022/08/11 16:35:38 stats,4
[Server 0] 2022/08/11 16:35:38 got query request
[Server 0] 2022/08/11 16:35:38 stats,4
[Server 0] 2022/08/11 16:35:38 got query request
[Server 0] 2022/08/11 16:35:39 stats,4
[Server 0] 2022/08/11 16:35:39 got query request
[Server 0] 2022/08/11 16:35:39 stats,4
[Server 0] 2022/08/11 16:35:39 got query request
[Server 0] 2022/08/11 16:35:40 stats,4
[Server 0] 2022/08/11 16:35:40 got query request
[Server 0] 2022/08/11 16:35:41 stats,4
[Server 0] 2022/08/11 16:35:41 got query request
[Server 0] 2022/08/11 16:35:41 stats,4
[Server 0] 2022/08/11 16:35:41 got query request
[Server 0] 2022/08/11 16:35:42 stats,4
[Server 0] 2022/08/11 16:35:42 got query request
[Server 0] 2022/08/11 16:35:42 stats,4
[Server 0] 2022/08/11 16:35:42 got query request
[Server 0] 2022/08/11 16:35:43 stats,4
[Server 0] 2022/08/11 16:35:43 got query request
[Server 0] 2022/08/11 16:35:44 stats,4
[Server 0] 2022/08/11 16:35:44 got query request
[Server 0] 2022/08/11 16:35:44 stats,4
[Server 0] 2022/08/11 16:35:44 got query request
[Server 0] 2022/08/11 16:35:45 stats,4
[Server 0] 2022/08/11 16:35:45 got query request
[Server 0] 2022/08/11 16:35:45 stats,4
[Server 0] 2022/08/11 16:35:45 got query request
[Server 0] 2022/08/11 16:35:46 stats,4
[Server 0] 2022/08/11 16:35:46 got query request
[Server 0] 2022/08/11 16:35:46 stats,4
[Server 0] 2022/08/11 16:35:46 got query request
[Server 0] 2022/08/11 16:35:47 stats,4
[Server 0] 2022/08/11 16:35:47 got query request
[Server 0] 2022/08/11 16:35:48 stats,4
[Server 0] 2022/08/11 16:35:48 got query request
[Server 0] 2022/08/11 16:35:48 stats,4
[Server 0] 2022/08/11 16:35:48 got query request
[Server 0] 2022/08/11 16:35:49 stats,4
[Server 0] 2022/08/11 16:35:49 got query request
[Server 0] 2022/08/11 16:35:49 stats,4
[Server 0] 2022/08/11 16:35:49 got query request
[Server 0] 2022/08/11 16:35:50 stats,4
[Server 0] 2022/08/11 16:35:50 got query request
[Server 0] 2022/08/11 16:35:51 stats,4
[Server 0] 2022/08/11 16:35:51 got query request
[Server 0] 2022/08/11 16:35:51 stats,4
[Server 0] 2022/08/11 16:35:51 got query request
[Server 0] 2022/08/11 16:35:52 stats,4
[Server 0] 2022/08/11 16:35:52 got query request
[Server 0] 2022/08/11 16:35:52 stats,4
[Server 0] 2022/08/11 16:35:52 got query request
[Server 0] 2022/08/11 16:35:53 stats,4
[Server 0] 2022/08/11 16:35:53 got query request
[Server 0] 2022/08/11 16:35:53 stats,4
[Server 0] 2022/08/11 16:35:53 got query request
[Server 0] 2022/08/11 16:35:54 stats,4
[Server 0] 2022/08/11 16:35:54 got query request
[Server 0] 2022/08/11 16:35:55 stats,4
[Server 0] 2022/08/11 16:35:55 got query request
[Server 0] 2022/08/11 16:35:55 stats,4
[Server 0] 2022/08/11 16:35:55 got query request
[Server 0] 2022/08/11 16:35:56 stats,4
[Server 0] 2022/08/11 16:35:56 got query request
[Server 0] 2022/08/11 16:35:56 stats,4
[Server 0] 2022/08/11 16:35:56 got query request
[Server 0] 2022/08/11 16:35:57 stats,4
[Server 0] 2022/08/11 16:35:57 got query request
[Server 0] 2022/08/11 16:35:58 stats,4
[Server 0] 2022/08/11 16:35:58 got query request
[Server 0] 2022/08/11 16:35:58 stats,4
[Server 0] 2022/08/11 16:35:58 got query request
[Server 0] 2022/08/11 16:35:59 stats,4
[Server 0] 2022/08/11 16:35:59 got query request
[Server 0] 2022/08/11 16:35:59 stats,4
[Server 0] 2022/08/11 16:35:59 got query request
[Server 0] 2022/08/11 16:36:00 stats,4
[Server 0] 2022/08/11 16:36:00 got query request
[Server 0] 2022/08/11 16:36:00 stats,4
[Server 0] 2022/08/11 16:36:01 got query request
[Server 0] 2022/08/11 16:36:01 stats,4
[Server 0] 2022/08/11 16:36:01 got query request
[Server 0] 2022/08/11 16:36:02 stats,4
[Server 0] 2022/08/11 16:36:02 got query request
[Server 0] 2022/08/11 16:36:02 stats,4
[Server 0] 2022/08/11 16:36:02 got query request
[Server 0] 2022/08/11 16:36:03 stats,4
[Server 0] 2022/08/11 16:36:03 got query request
[Server 0] 2022/08/11 16:36:03 stats,4
[Server 0] 2022/08/11 16:36:03 got query request
[Server 0] 2022/08/11 16:36:04 stats,4
[Server 0] 2022/08/11 16:36:04 got query request
[Server 0] 2022/08/11 16:36:05 stats,4
[Server 0] 2022/08/11 16:36:05 got query request
[Server 0] 2022/08/11 16:36:05 stats,4
[Server 0] 2022/08/11 16:36:05 got query request
[Server 0] 2022/08/11 16:36:06 stats,4
[Server 0] 2022/08/11 16:36:06 got query request
[Server 0] 2022/08/11 16:36:06 stats,4
[Server 0] 2022/08/11 16:36:06 got query request
[Server 0] 2022/08/11 16:36:07 stats,4
[Server 0] 2022/08/11 16:36:07 got query request
[Server 0] 2022/08/11 16:36:07 stats,4
[Server 0] 2022/08/11 16:36:08 got query request
[Server 0] 2022/08/11 16:36:08 stats,4
[Server 0] 2022/08/11 16:36:08 got query request
[Server 0] 2022/08/11 16:36:09 stats,4
[Server 0] 2022/08/11 16:36:09 got query request
[Server 0] 2022/08/11 16:36:09 stats,4
[Server 0] 2022/08/11 16:36:09 got query request
[Server 0] 2022/08/11 16:36:10 stats,4
[Server 0] 2022/08/11 16:36:10 got query request
[Server 0] 2022/08/11 16:36:10 stats,4
[Server 0] 2022/08/11 16:36:10 got query request
[Server 0] 2022/08/11 16:36:11 stats,4
[Server 0] 2022/08/11 16:36:11 got query request
[Server 0] 2022/08/11 16:36:12 stats,4
[Server 0] 2022/08/11 16:36:12 got query request
[Server 0] 2022/08/11 16:36:12 stats,4
[Server 0] 2022/08/11 16:36:12 got query request
[Server 0] 2022/08/11 16:36:13 stats,4
[Server 0] 2022/08/11 16:36:13 got query request
[Server 0] 2022/08/11 16:36:13 stats,4
[Server 0] 2022/08/11 16:36:13 got query request
[Server 0] 2022/08/11 16:36:14 stats,4
[Server 0] 2022/08/11 16:36:14 got query request
[Server 0] 2022/08/11 16:36:15 stats,4
[Server 0] 2022/08/11 16:36:15 got query request
[Server 0] 2022/08/11 16:36:15 stats,4
[Server 0] 2022/08/11 16:36:15 got query request
[Server 0] 2022/08/11 16:36:16 stats,4
[Server 0] 2022/08/11 16:36:16 got query request
[Server 0] 2022/08/11 16:36:16 stats,4
[Server 0] 2022/08/11 16:36:16 got query request
[Server 0] 2022/08/11 16:36:17 stats,4
[Server 0] 2022/08/11 16:36:17 got query request
[Server 0] 2022/08/11 16:36:17 stats,4
[Server 0] 2022/08/11 16:36:18 got query request
[Server 0] 2022/08/11 16:36:18 stats,4
[Server 0] 2022/08/11 16:36:18 got query request
[Server 0] 2022/08/11 16:36:19 stats,4
[Server 0] 2022/08/11 16:36:19 got query request
[Server 0] 2022/08/11 16:36:19 stats,4
[Server 0] 2022/08/11 16:36:19 got query request
[Server 0] 2022/08/11 16:36:20 stats,4
[Server 0] 2022/08/11 16:36:20 got query request
[Server 0] 2022/08/11 16:36:20 stats,4
[Server 0] 2022/08/11 16:36:20 got query request
[Server 0] 2022/08/11 16:36:21 stats,4
[Server 0] 2022/08/11 16:36:21 got query request
[Server 0] 2022/08/11 16:36:22 stats,4
[Server 0] 2022/08/11 16:36:22 got query request
[Server 0] 2022/08/11 16:36:22 stats,4
[Server 0] 2022/08/11 16:36:22 got query request
[Server 0] 2022/08/11 16:36:23 stats,4
[Server 0] 2022/08/11 16:36:23 got query request
[Server 0] 2022/08/11 16:36:23 stats,4
[Server 0] 2022/08/11 16:36:23 got query request
[Server 0] 2022/08/11 16:36:24 stats,4
[Server 0] 2022/08/11 16:36:24 got query request
[Server 0] 2022/08/11 16:36:24 stats,4
[Server 0] 2022/08/11 16:36:24 got query request
[Server 0] 2022/08/11 16:36:25 stats,4
[Server 0] 2022/08/11 16:36:25 got query request
[Server 0] 2022/08/11 16:36:26 stats,4
[Server 0] 2022/08/11 16:36:26 clean shutdown of server done
