[Server 1] 2022/08/04 08:59:40 flags: 1 pir_merkle_multi_2.log pir-merkle 8589935000 8 0 1024
[Server 1] 2022/08/04 08:59:54 is listening at 10.90.39.23:50051
[Server 1] 2022/08/04 08:59:54 starting grpc server
[Server 1] 2022/08/04 09:00:25 got databaseInfo request
[Server 1] 2022/08/04 09:00:25 got query request
[Server 1] 2022/08/04 09:00:25 stats,1713152
[Server 1] 2022/08/04 09:00:25 got query request
[Server 1] 2022/08/04 09:00:25 stats,1713152
[Server 1] 2022/08/04 09:00:25 got query request
[Server 1] 2022/08/04 09:00:26 stats,1713152
[Server 1] 2022/08/04 09:00:26 got query request
[Server 1] 2022/08/04 09:00:26 stats,1713152
[Server 1] 2022/08/04 09:00:26 got query request
[Server 1] 2022/08/04 09:00:26 stats,1713152
[Server 1] 2022/08/04 09:00:26 got query request
[Server 1] 2022/08/04 09:00:26 stats,1713152
[Server 1] 2022/08/04 09:00:27 got query request
[Server 1] 2022/08/04 09:00:27 stats,1713152
[Server 1] 2022/08/04 09:00:27 got query request
[Server 1] 2022/08/04 09:00:27 stats,1713152
[Server 1] 2022/08/04 09:00:27 got query request
[Server 1] 2022/08/04 09:00:27 stats,1713152
[Server 1] 2022/08/04 09:00:27 got query request
[Server 1] 2022/08/04 09:00:27 stats,1713152
[Server 1] 2022/08/04 09:00:28 got query request
[Server 1] 2022/08/04 09:00:28 stats,1713152
[Server 1] 2022/08/04 09:00:28 got query request
[Server 1] 2022/08/04 09:00:28 stats,1713152
[Server 1] 2022/08/04 09:00:28 got query request
[Server 1] 2022/08/04 09:00:28 stats,1713152
[Server 1] 2022/08/04 09:00:28 got query request
[Server 1] 2022/08/04 09:00:28 stats,1713152
[Server 1] 2022/08/04 09:00:29 got query request
[Server 1] 2022/08/04 09:00:29 stats,1713152
[Server 1] 2022/08/04 09:00:29 got query request
[Server 1] 2022/08/04 09:00:29 stats,1713152
[Server 1] 2022/08/04 09:00:29 got query request
[Server 1] 2022/08/04 09:00:29 stats,1713152
[Server 1] 2022/08/04 09:00:30 got query request
[Server 1] 2022/08/04 09:00:30 stats,1713152
[Server 1] 2022/08/04 09:00:30 got query request
[Server 1] 2022/08/04 09:00:30 stats,1713152
[Server 1] 2022/08/04 09:00:30 got query request
[Server 1] 2022/08/04 09:00:30 stats,1713152
[Server 1] 2022/08/04 09:00:30 got query request
[Server 1] 2022/08/04 09:00:30 stats,1713152
[Server 1] 2022/08/04 09:00:31 got query request
[Server 1] 2022/08/04 09:00:31 stats,1713152
[Server 1] 2022/08/04 09:00:31 got query request
[Server 1] 2022/08/04 09:00:31 stats,1713152
[Server 1] 2022/08/04 09:00:31 got query request
[Server 1] 2022/08/04 09:00:31 stats,1713152
[Server 1] 2022/08/04 09:00:31 got query request
[Server 1] 2022/08/04 09:00:31 stats,1713152
[Server 1] 2022/08/04 09:00:32 got query request
[Server 1] 2022/08/04 09:00:32 stats,1713152
[Server 1] 2022/08/04 09:00:32 got query request
[Server 1] 2022/08/04 09:00:32 stats,1713152
[Server 1] 2022/08/04 09:00:32 got query request
[Server 1] 2022/08/04 09:00:32 stats,1713152
[Server 1] 2022/08/04 09:00:32 got query request
[Server 1] 2022/08/04 09:00:32 stats,1713152
[Server 1] 2022/08/04 09:00:32 got query request
[Server 1] 2022/08/04 09:00:33 stats,1713152
[Server 1] 2022/08/04 09:00:33 clean shutdown of server done
