[Server 1] 2022/08/04 18:04:01 flags: 1 pir_merkle_8589935000.log pir-merkle 8589935000 8 0 1024
[Server 1] 2022/08/04 18:04:13 is listening at 10.90.39.23:50051
[Server 1] 2022/08/04 18:04:13 starting grpc server
[Server 1] 2022/08/04 18:19:16 got databaseInfo request
[Server 1] 2022/08/04 18:19:16 got query request
[Server 1] 2022/08/04 18:19:16 stats,1713152
[Server 1] 2022/08/04 18:19:16 got query request
[Server 1] 2022/08/04 18:19:17 stats,1713152
[Server 1] 2022/08/04 18:19:17 got query request
[Server 1] 2022/08/04 18:19:17 stats,1713152
[Server 1] 2022/08/04 18:19:17 got query request
[Server 1] 2022/08/04 18:19:17 stats,1713152
[Server 1] 2022/08/04 18:19:17 got query request
[Server 1] 2022/08/04 18:19:17 stats,1713152
[Server 1] 2022/08/04 18:19:17 got query request
[Server 1] 2022/08/04 18:19:18 stats,1713152
[Server 1] 2022/08/04 18:19:18 got query request
[Server 1] 2022/08/04 18:19:18 stats,1713152
[Server 1] 2022/08/04 18:19:18 got query request
[Server 1] 2022/08/04 18:19:18 stats,1713152
[Server 1] 2022/08/04 18:19:18 got query request
[Server 1] 2022/08/04 18:19:18 stats,1713152
[Server 1] 2022/08/04 18:19:18 got query request
[Server 1] 2022/08/04 18:19:18 stats,1713152
[Server 1] 2022/08/04 18:19:19 got query request
[Server 1] 2022/08/04 18:19:19 stats,1713152
[Server 1] 2022/08/04 18:19:19 got query request
[Server 1] 2022/08/04 18:19:19 stats,1713152
[Server 1] 2022/08/04 18:19:19 got query request
[Server 1] 2022/08/04 18:19:19 stats,1713152
[Server 1] 2022/08/04 18:19:19 got query request
[Server 1] 2022/08/04 18:19:19 stats,1713152
[Server 1] 2022/08/04 18:19:19 got query request
[Server 1] 2022/08/04 18:19:20 stats,1713152
[Server 1] 2022/08/04 18:19:20 got query request
[Server 1] 2022/08/04 18:19:20 stats,1713152
[Server 1] 2022/08/04 18:19:20 got query request
[Server 1] 2022/08/04 18:19:20 stats,1713152
[Server 1] 2022/08/04 18:19:20 got query request
[Server 1] 2022/08/04 18:19:20 stats,1713152
[Server 1] 2022/08/04 18:19:20 got query request
[Server 1] 2022/08/04 18:19:21 stats,1713152
[Server 1] 2022/08/04 18:19:21 got query request
[Server 1] 2022/08/04 18:19:21 stats,1713152
[Server 1] 2022/08/04 18:19:21 got query request
[Server 1] 2022/08/04 18:19:21 stats,1713152
[Server 1] 2022/08/04 18:19:21 got query request
[Server 1] 2022/08/04 18:19:21 stats,1713152
[Server 1] 2022/08/04 18:19:21 got query request
[Server 1] 2022/08/04 18:19:21 stats,1713152
[Server 1] 2022/08/04 18:19:22 got query request
[Server 1] 2022/08/04 18:19:22 stats,1713152
[Server 1] 2022/08/04 18:19:22 got query request
[Server 1] 2022/08/04 18:19:22 stats,1713152
[Server 1] 2022/08/04 18:19:22 got query request
[Server 1] 2022/08/04 18:19:22 stats,1713152
[Server 1] 2022/08/04 18:19:22 got query request
[Server 1] 2022/08/04 18:19:22 stats,1713152
[Server 1] 2022/08/04 18:19:22 got query request
[Server 1] 2022/08/04 18:19:23 stats,1713152
[Server 1] 2022/08/04 18:19:23 got query request
[Server 1] 2022/08/04 18:19:23 stats,1713152
[Server 1] 2022/08/04 18:19:23 got query request
[Server 1] 2022/08/04 18:19:23 stats,1713152
[Server 1] 2022/08/04 18:19:23 clean shutdown of server done
