[Server 1] 2022/08/04 17:47:27 flags: 1 pir_classic_85899350000.log pir-classic 85899350000 8 0 1024
[Server 1] 2022/08/04 17:47:50 is listening at 10.90.39.23:50051
[Server 1] 2022/08/04 17:47:50 starting grpc server
[Server 1] 2022/08/04 17:48:12 got databaseInfo request
[Server 1] 2022/08/04 17:48:12 got query request
[Server 1] 2022/08/04 17:48:13 stats,3316736
[Server 1] 2022/08/04 17:48:13 got query request
[Server 1] 2022/08/04 17:48:14 stats,3316736
[Server 1] 2022/08/04 17:48:14 got query request
[Server 1] 2022/08/04 17:48:15 stats,3316736
[Server 1] 2022/08/04 17:48:15 got query request
[Server 1] 2022/08/04 17:48:16 stats,3316736
[Server 1] 2022/08/04 17:48:16 got query request
[Server 1] 2022/08/04 17:48:17 stats,3316736
[Server 1] 2022/08/04 17:48:17 got query request
[Server 1] 2022/08/04 17:48:18 stats,3316736
[Server 1] 2022/08/04 17:48:18 got query request
[Server 1] 2022/08/04 17:48:19 stats,3316736
[Server 1] 2022/08/04 17:48:19 got query request
[Server 1] 2022/08/04 17:48:20 stats,3316736
[Server 1] 2022/08/04 17:48:20 got query request
[Server 1] 2022/08/04 17:48:21 stats,3316736
[Server 1] 2022/08/04 17:48:21 got query request
[Server 1] 2022/08/04 17:48:22 stats,3316736
[Server 1] 2022/08/04 17:48:22 got query request
[Server 1] 2022/08/04 17:48:23 stats,3316736
[Server 1] 2022/08/04 17:48:23 got query request
[Server 1] 2022/08/04 17:48:24 stats,3316736
[Server 1] 2022/08/04 17:48:24 got query request
[Server 1] 2022/08/04 17:48:25 stats,3316736
[Server 1] 2022/08/04 17:48:25 got query request
[Server 1] 2022/08/04 17:48:26 stats,3316736
[Server 1] 2022/08/04 17:48:26 got query request
[Server 1] 2022/08/04 17:48:27 stats,3316736
[Server 1] 2022/08/04 17:48:27 got query request
[Server 1] 2022/08/04 17:48:28 stats,3316736
[Server 1] 2022/08/04 17:48:28 got query request
[Server 1] 2022/08/04 17:48:28 stats,3316736
[Server 1] 2022/08/04 17:48:29 got query request
[Server 1] 2022/08/04 17:48:29 stats,3316736
[Server 1] 2022/08/04 17:48:30 got query request
[Server 1] 2022/08/04 17:48:30 stats,3316736
[Server 1] 2022/08/04 17:48:30 got query request
[Server 1] 2022/08/04 17:48:31 stats,3316736
[Server 1] 2022/08/04 17:48:31 got query request
[Server 1] 2022/08/04 17:48:32 stats,3316736
[Server 1] 2022/08/04 17:48:32 got query request
[Server 1] 2022/08/04 17:48:33 stats,3316736
[Server 1] 2022/08/04 17:48:33 got query request
[Server 1] 2022/08/04 17:48:34 stats,3316736
[Server 1] 2022/08/04 17:48:34 got query request
[Server 1] 2022/08/04 17:48:35 stats,3316736
[Server 1] 2022/08/04 17:48:35 got query request
[Server 1] 2022/08/04 17:48:36 stats,3316736
[Server 1] 2022/08/04 17:48:36 got query request
[Server 1] 2022/08/04 17:48:37 stats,3316736
[Server 1] 2022/08/04 17:48:37 got query request
[Server 1] 2022/08/04 17:48:38 stats,3316736
[Server 1] 2022/08/04 17:48:38 got query request
[Server 1] 2022/08/04 17:48:39 stats,3316736
[Server 1] 2022/08/04 17:48:39 got query request
[Server 1] 2022/08/04 17:48:40 stats,3316736
[Server 1] 2022/08/04 17:48:40 got query request
[Server 1] 2022/08/04 17:48:41 stats,3316736
[Server 1] 2022/08/04 17:48:41 clean shutdown of server done
