[Server 0] 2022/08/04 17:43:23 flags: 0 pir_classic_17179870000.log pir-classic 17179870000 8 0 1024
[Server 0] 2022/08/04 17:43:27 is listening at 10.90.39.17:50050
[Server 0] 2022/08/04 17:43:27 starting grpc server
[Server 0] 2022/08/04 17:44:08 got databaseInfo request
[Server 0] 2022/08/04 17:44:08 got query request
[Server 0] 2022/08/04 17:44:08 stats,1483776
[Server 0] 2022/08/04 17:44:08 got query request
[Server 0] 2022/08/04 17:44:08 stats,1483776
[Server 0] 2022/08/04 17:44:09 got query request
[Server 0] 2022/08/04 17:44:09 stats,1483776
[Server 0] 2022/08/04 17:44:09 got query request
[Server 0] 2022/08/04 17:44:09 stats,1483776
[Server 0] 2022/08/04 17:44:09 got query request
[Server 0] 2022/08/04 17:44:09 stats,1483776
[Server 0] 2022/08/04 17:44:09 got query request
[Server 0] 2022/08/04 17:44:09 stats,1483776
[Server 0] 2022/08/04 17:44:09 got query request
[Server 0] 2022/08/04 17:44:10 stats,1483776
[Server 0] 2022/08/04 17:44:10 got query request
[Server 0] 2022/08/04 17:44:10 stats,1483776
[Server 0] 2022/08/04 17:44:10 got query request
[Server 0] 2022/08/04 17:44:10 stats,1483776
[Server 0] 2022/08/04 17:44:10 got query request
[Server 0] 2022/08/04 17:44:10 stats,1483776
[Server 0] 2022/08/04 17:44:10 got query request
[Server 0] 2022/08/04 17:44:11 stats,1483776
[Server 0] 2022/08/04 17:44:11 got query request
[Server 0] 2022/08/04 17:44:11 stats,1483776
[Server 0] 2022/08/04 17:44:11 got query request
[Server 0] 2022/08/04 17:44:11 stats,1483776
[Server 0] 2022/08/04 17:44:11 got query request
[Server 0] 2022/08/04 17:44:11 stats,1483776
[Server 0] 2022/08/04 17:44:11 got query request
[Server 0] 2022/08/04 17:44:11 stats,1483776
[Server 0] 2022/08/04 17:44:11 got query request
[Server 0] 2022/08/04 17:44:12 stats,1483776
[Server 0] 2022/08/04 17:44:12 got query request
[Server 0] 2022/08/04 17:44:12 stats,1483776
[Server 0] 2022/08/04 17:44:12 got query request
[Server 0] 2022/08/04 17:44:12 stats,1483776
[Server 0] 2022/08/04 17:44:12 got query request
[Server 0] 2022/08/04 17:44:12 stats,1483776
[Server 0] 2022/08/04 17:44:12 got query request
[Server 0] 2022/08/04 17:44:13 stats,1483776
[Server 0] 2022/08/04 17:44:13 got query request
[Server 0] 2022/08/04 17:44:13 stats,1483776
[Server 0] 2022/08/04 17:44:13 got query request
[Server 0] 2022/08/04 17:44:13 stats,1483776
[Server 0] 2022/08/04 17:44:13 got query request
[Server 0] 2022/08/04 17:44:13 stats,1483776
[Server 0] 2022/08/04 17:44:13 got query request
[Server 0] 2022/08/04 17:44:13 stats,1483776
[Server 0] 2022/08/04 17:44:14 got query request
[Server 0] 2022/08/04 17:44:14 stats,1483776
[Server 0] 2022/08/04 17:44:14 got query request
[Server 0] 2022/08/04 17:44:14 stats,1483776
[Server 0] 2022/08/04 17:44:14 got query request
[Server 0] 2022/08/04 17:44:14 stats,1483776
[Server 0] 2022/08/04 17:44:14 got query request
[Server 0] 2022/08/04 17:44:14 stats,1483776
[Server 0] 2022/08/04 17:44:14 got query request
[Server 0] 2022/08/04 17:44:15 stats,1483776
[Server 0] 2022/08/04 17:44:15 got query request
[Server 0] 2022/08/04 17:44:15 stats,1483776
[Server 0] 2022/08/04 17:44:15 clean shutdown of server done
