[Server 0] 2022/08/11 17:46:59 flags: 0 fss_auth_32.log fss-auth -1 -1 -1 -1
[Server 0] 2022/08/11 17:46:59 is listening at 10.90.39.17:50050
[Server 0] 2022/08/11 17:46:59 starting grpc server
[Server 0] 2022/08/11 17:47:44 got databaseInfo request
[Server 0] 2022/08/11 17:47:44 got query request
[Server 0] 2022/08/11 17:47:49 stats,20
[Server 0] 2022/08/11 17:47:49 got query request
[Server 0] 2022/08/11 17:47:53 stats,20
[Server 0] 2022/08/11 17:47:53 got query request
[Server 0] 2022/08/11 17:47:57 stats,20
[Server 0] 2022/08/11 17:47:57 got query request
[Server 0] 2022/08/11 17:48:02 stats,20
[Server 0] 2022/08/11 17:48:02 got query request
[Server 0] 2022/08/11 17:48:06 stats,20
[Server 0] 2022/08/11 17:48:06 got query request
[Server 0] 2022/08/11 17:48:10 stats,20
[Server 0] 2022/08/11 17:48:10 got query request
[Server 0] 2022/08/11 17:48:15 stats,20
[Server 0] 2022/08/11 17:48:15 got query request
[Server 0] 2022/08/11 17:48:19 stats,20
[Server 0] 2022/08/11 17:48:19 got query request
[Server 0] 2022/08/11 17:48:23 stats,20
[Server 0] 2022/08/11 17:48:23 got query request
[Server 0] 2022/08/11 17:48:28 stats,20
[Server 0] 2022/08/11 17:48:28 got query request
[Server 0] 2022/08/11 17:48:32 stats,20
[Server 0] 2022/08/11 17:48:32 got query request
[Server 0] 2022/08/11 17:48:36 stats,20
[Server 0] 2022/08/11 17:48:36 got query request
[Server 0] 2022/08/11 17:48:41 stats,20
[Server 0] 2022/08/11 17:48:41 got query request
[Server 0] 2022/08/11 17:48:45 stats,20
[Server 0] 2022/08/11 17:48:45 got query request
[Server 0] 2022/08/11 17:48:49 stats,20
[Server 0] 2022/08/11 17:48:49 got query request
[Server 0] 2022/08/11 17:48:54 stats,20
[Server 0] 2022/08/11 17:48:54 got query request
[Server 0] 2022/08/11 17:48:58 stats,20
[Server 0] 2022/08/11 17:48:58 got query request
[Server 0] 2022/08/11 17:49:02 stats,20
[Server 0] 2022/08/11 17:49:02 got query request
[Server 0] 2022/08/11 17:49:07 stats,20
[Server 0] 2022/08/11 17:49:07 got query request
[Server 0] 2022/08/11 17:49:11 stats,20
[Server 0] 2022/08/11 17:49:11 got query request
[Server 0] 2022/08/11 17:49:15 stats,20
[Server 0] 2022/08/11 17:49:16 got query request
[Server 0] 2022/08/11 17:49:20 stats,20
[Server 0] 2022/08/11 17:49:20 got query request
[Server 0] 2022/08/11 17:49:24 stats,20
[Server 0] 2022/08/11 17:49:24 got query request
[Server 0] 2022/08/11 17:49:29 stats,20
[Server 0] 2022/08/11 17:49:29 got query request
[Server 0] 2022/08/11 17:49:33 stats,20
[Server 0] 2022/08/11 17:49:33 got query request
[Server 0] 2022/08/11 17:49:37 stats,20
[Server 0] 2022/08/11 17:49:37 got query request
[Server 0] 2022/08/11 17:49:42 stats,20
[Server 0] 2022/08/11 17:49:42 got query request
[Server 0] 2022/08/11 17:49:46 stats,20
[Server 0] 2022/08/11 17:49:46 got query request
[Server 0] 2022/08/11 17:49:50 stats,20
[Server 0] 2022/08/11 17:49:50 got query request
[Server 0] 2022/08/11 17:49:55 stats,20
[Server 0] 2022/08/11 17:49:55 got query request
[Server 0] 2022/08/11 17:49:59 stats,20
[Server 0] 2022/08/11 17:49:59 got query request
[Server 0] 2022/08/11 17:50:03 stats,20
[Server 0] 2022/08/11 17:50:03 got query request
[Server 0] 2022/08/11 17:50:08 stats,20
[Server 0] 2022/08/11 17:50:08 got query request
[Server 0] 2022/08/11 17:50:12 stats,20
[Server 0] 2022/08/11 17:50:12 got query request
[Server 0] 2022/08/11 17:50:17 stats,20
[Server 0] 2022/08/11 17:50:17 got query request
[Server 0] 2022/08/11 17:50:21 stats,20
[Server 0] 2022/08/11 17:50:21 got query request
[Server 0] 2022/08/11 17:50:25 stats,20
[Server 0] 2022/08/11 17:50:25 got query request
[Server 0] 2022/08/11 17:50:30 stats,20
[Server 0] 2022/08/11 17:50:30 got query request
[Server 0] 2022/08/11 17:50:34 stats,20
[Server 0] 2022/08/11 17:50:34 got query request
[Server 0] 2022/08/11 17:50:38 stats,20
[Server 0] 2022/08/11 17:50:38 got query request
[Server 0] 2022/08/11 17:50:43 stats,20
[Server 0] 2022/08/11 17:50:43 got query request
[Server 0] 2022/08/11 17:50:47 stats,20
[Server 0] 2022/08/11 17:50:47 got query request
[Server 0] 2022/08/11 17:50:52 stats,20
[Server 0] 2022/08/11 17:50:52 got query request
[Server 0] 2022/08/11 17:50:56 stats,20
[Server 0] 2022/08/11 17:50:56 got query request
[Server 0] 2022/08/11 17:51:00 stats,20
[Server 0] 2022/08/11 17:51:00 got query request
[Server 0] 2022/08/11 17:51:05 stats,20
[Server 0] 2022/08/11 17:51:05 got query request
[Server 0] 2022/08/11 17:51:09 stats,20
[Server 0] 2022/08/11 17:51:09 got query request
[Server 0] 2022/08/11 17:51:14 stats,20
[Server 0] 2022/08/11 17:51:14 got query request
[Server 0] 2022/08/11 17:51:18 stats,20
[Server 0] 2022/08/11 17:51:18 got query request
[Server 0] 2022/08/11 17:51:22 stats,20
[Server 0] 2022/08/11 17:51:22 got query request
[Server 0] 2022/08/11 17:51:27 stats,20
[Server 0] 2022/08/11 17:51:27 got query request
[Server 0] 2022/08/11 17:51:31 stats,20
[Server 0] 2022/08/11 17:51:31 got query request
[Server 0] 2022/08/11 17:51:35 stats,20
[Server 0] 2022/08/11 17:51:35 got query request
[Server 0] 2022/08/11 17:51:40 stats,20
[Server 0] 2022/08/11 17:51:40 got query request
[Server 0] 2022/08/11 17:51:44 stats,20
[Server 0] 2022/08/11 17:51:44 got query request
[Server 0] 2022/08/11 17:51:49 stats,20
[Server 0] 2022/08/11 17:51:49 got query request
[Server 0] 2022/08/11 17:51:53 stats,20
[Server 0] 2022/08/11 17:51:53 got query request
[Server 0] 2022/08/11 17:51:57 stats,20
[Server 0] 2022/08/11 17:51:57 got query request
[Server 0] 2022/08/11 17:52:02 stats,20
[Server 0] 2022/08/11 17:52:02 got query request
[Server 0] 2022/08/11 17:52:06 stats,20
[Server 0] 2022/08/11 17:52:06 got query request
[Server 0] 2022/08/11 17:52:10 stats,20
[Server 0] 2022/08/11 17:52:10 got query request
[Server 0] 2022/08/11 17:52:15 stats,20
[Server 0] 2022/08/11 17:52:15 got query request
[Server 0] 2022/08/11 17:52:19 stats,20
[Server 0] 2022/08/11 17:52:19 got query request
[Server 0] 2022/08/11 17:52:23 stats,20
[Server 0] 2022/08/11 17:52:23 got query request
[Server 0] 2022/08/11 17:52:28 stats,20
[Server 0] 2022/08/11 17:52:28 got query request
[Server 0] 2022/08/11 17:52:32 stats,20
[Server 0] 2022/08/11 17:52:32 got query request
[Server 0] 2022/08/11 17:52:36 stats,20
[Server 0] 2022/08/11 17:52:36 got query request
[Server 0] 2022/08/11 17:52:41 stats,20
[Server 0] 2022/08/11 17:52:41 got query request
[Server 0] 2022/08/11 17:52:45 stats,20
[Server 0] 2022/08/11 17:52:45 got query request
[Server 0] 2022/08/11 17:52:49 stats,20
[Server 0] 2022/08/11 17:52:49 got query request
[Server 0] 2022/08/11 17:52:54 stats,20
[Server 0] 2022/08/11 17:52:54 got query request
[Server 0] 2022/08/11 17:52:58 stats,20
[Server 0] 2022/08/11 17:52:58 got query request
[Server 0] 2022/08/11 17:53:02 stats,20
[Server 0] 2022/08/11 17:53:02 got query request
[Server 0] 2022/08/11 17:53:07 stats,20
[Server 0] 2022/08/11 17:53:07 got query request
[Server 0] 2022/08/11 17:53:11 stats,20
[Server 0] 2022/08/11 17:53:11 got query request
[Server 0] 2022/08/11 17:53:16 stats,20
[Server 0] 2022/08/11 17:53:16 got query request
[Server 0] 2022/08/11 17:53:20 stats,20
[Server 0] 2022/08/11 17:53:20 got query request
[Server 0] 2022/08/11 17:53:24 stats,20
[Server 0] 2022/08/11 17:53:24 got query request
[Server 0] 2022/08/11 17:53:29 stats,20
[Server 0] 2022/08/11 17:53:29 got query request
[Server 0] 2022/08/11 17:53:33 stats,20
[Server 0] 2022/08/11 17:53:33 got query request
[Server 0] 2022/08/11 17:53:37 stats,20
[Server 0] 2022/08/11 17:53:37 got query request
[Server 0] 2022/08/11 17:53:42 stats,20
[Server 0] 2022/08/11 17:53:42 got query request
[Server 0] 2022/08/11 17:53:46 stats,20
[Server 0] 2022/08/11 17:53:46 got query request
[Server 0] 2022/08/11 17:53:50 stats,20
[Server 0] 2022/08/11 17:53:50 got query request
[Server 0] 2022/08/11 17:53:55 stats,20
[Server 0] 2022/08/11 17:53:55 got query request
[Server 0] 2022/08/11 17:53:59 stats,20
[Server 0] 2022/08/11 17:53:59 got query request
[Server 0] 2022/08/11 17:54:04 stats,20
[Server 0] 2022/08/11 17:54:04 got query request
[Server 0] 2022/08/11 17:54:08 stats,20
[Server 0] 2022/08/11 17:54:08 got query request
[Server 0] 2022/08/11 17:54:12 stats,20
[Server 0] 2022/08/11 17:54:12 got query request
[Server 0] 2022/08/11 17:54:17 stats,20
[Server 0] 2022/08/11 17:54:17 got query request
[Server 0] 2022/08/11 17:54:21 stats,20
[Server 0] 2022/08/11 17:54:21 got query request
[Server 0] 2022/08/11 17:54:25 stats,20
[Server 0] 2022/08/11 17:54:25 got query request
[Server 0] 2022/08/11 17:54:30 stats,20
[Server 0] 2022/08/11 17:54:30 got query request
[Server 0] 2022/08/11 17:54:34 stats,20
[Server 0] 2022/08/11 17:54:34 got query request
[Server 0] 2022/08/11 17:54:38 stats,20
[Server 0] 2022/08/11 17:54:39 got query request
[Server 0] 2022/08/11 17:54:43 stats,20
[Server 0] 2022/08/11 17:54:43 got query request
[Server 0] 2022/08/11 17:54:47 stats,20
[Server 0] 2022/08/11 17:54:47 got query request
[Server 0] 2022/08/11 17:54:52 stats,20
[Server 0] 2022/08/11 17:54:52 got query request
[Server 0] 2022/08/11 17:54:56 stats,20
[Server 0] 2022/08/11 17:54:56 got query request
[Server 0] 2022/08/11 17:55:00 stats,20
[Server 0] 2022/08/11 17:55:00 clean shutdown of server done
