[Server 0] 2022/08/04 17:48:44 flags: 0 pir_merkle_838860800.log pir-merkle 838860800 8 0 1024
[Server 0] 2022/08/04 17:48:45 is listening at 10.90.39.17:50050
[Server 0] 2022/08/04 17:48:45 starting grpc server
[Server 0] 2022/08/04 18:03:59 got databaseInfo request
[Server 0] 2022/08/04 18:03:59 got query request
[Server 0] 2022/08/04 18:03:59 stats,504640
[Server 0] 2022/08/04 18:03:59 got query request
[Server 0] 2022/08/04 18:03:59 stats,504640
[Server 0] 2022/08/04 18:03:59 got query request
[Server 0] 2022/08/04 18:03:59 stats,504640
[Server 0] 2022/08/04 18:03:59 got query request
[Server 0] 2022/08/04 18:03:59 stats,504640
[Server 0] 2022/08/04 18:03:59 got query request
[Server 0] 2022/08/04 18:03:59 stats,504640
[Server 0] 2022/08/04 18:03:59 got query request
[Server 0] 2022/08/04 18:03:59 stats,504640
[Server 0] 2022/08/04 18:03:59 got query request
[Server 0] 2022/08/04 18:03:59 stats,504640
[Server 0] 2022/08/04 18:03:59 got query request
[Server 0] 2022/08/04 18:03:59 stats,504640
[Server 0] 2022/08/04 18:03:59 got query request
[Server 0] 2022/08/04 18:03:59 stats,504640
[Server 0] 2022/08/04 18:03:59 got query request
[Server 0] 2022/08/04 18:03:59 stats,504640
[Server 0] 2022/08/04 18:03:59 got query request
[Server 0] 2022/08/04 18:04:00 stats,504640
[Server 0] 2022/08/04 18:04:00 got query request
[Server 0] 2022/08/04 18:04:00 stats,504640
[Server 0] 2022/08/04 18:04:00 got query request
[Server 0] 2022/08/04 18:04:00 stats,504640
[Server 0] 2022/08/04 18:04:00 got query request
[Server 0] 2022/08/04 18:04:00 stats,504640
[Server 0] 2022/08/04 18:04:00 got query request
[Server 0] 2022/08/04 18:04:00 stats,504640
[Server 0] 2022/08/04 18:04:00 got query request
[Server 0] 2022/08/04 18:04:00 stats,504640
[Server 0] 2022/08/04 18:04:00 got query request
[Server 0] 2022/08/04 18:04:00 stats,504640
[Server 0] 2022/08/04 18:04:00 got query request
[Server 0] 2022/08/04 18:04:00 stats,504640
[Server 0] 2022/08/04 18:04:00 got query request
[Server 0] 2022/08/04 18:04:00 stats,504640
[Server 0] 2022/08/04 18:04:00 got query request
[Server 0] 2022/08/04 18:04:00 stats,504640
[Server 0] 2022/08/04 18:04:00 got query request
[Server 0] 2022/08/04 18:04:00 stats,504640
[Server 0] 2022/08/04 18:04:00 got query request
[Server 0] 2022/08/04 18:04:00 stats,504640
[Server 0] 2022/08/04 18:04:00 got query request
[Server 0] 2022/08/04 18:04:00 stats,504640
[Server 0] 2022/08/04 18:04:00 got query request
[Server 0] 2022/08/04 18:04:00 stats,504640
[Server 0] 2022/08/04 18:04:00 got query request
[Server 0] 2022/08/04 18:04:00 stats,504640
[Server 0] 2022/08/04 18:04:00 got query request
[Server 0] 2022/08/04 18:04:00 stats,504640
[Server 0] 2022/08/04 18:04:00 got query request
[Server 0] 2022/08/04 18:04:00 stats,504640
[Server 0] 2022/08/04 18:04:01 got query request
[Server 0] 2022/08/04 18:04:01 stats,504640
[Server 0] 2022/08/04 18:04:01 got query request
[Server 0] 2022/08/04 18:04:01 stats,504640
[Server 0] 2022/08/04 18:04:01 got query request
[Server 0] 2022/08/04 18:04:01 stats,504640
[Server 0] 2022/08/04 18:04:01 clean shutdown of server done
