[Server 1] 2022/08/04 18:50:46 flags: 1 pir_merkle_51539610000.log pir-merkle 51539610000 8 0 1024
[Server 1] 2022/08/04 18:51:58 is listening at 10.90.39.23:50051
[Server 1] 2022/08/04 18:51:58 starting grpc server
[Server 1] 2022/08/04 19:06:01 got databaseInfo request
[Server 1] 2022/08/04 19:06:01 got query request
[Server 1] 2022/08/04 19:06:03 stats,4438421
[Server 1] 2022/08/04 19:06:03 got query request
[Server 1] 2022/08/04 19:06:04 stats,4438421
[Server 1] 2022/08/04 19:06:05 got query request
[Server 1] 2022/08/04 19:06:06 stats,4438421
[Server 1] 2022/08/04 19:06:07 got query request
[Server 1] 2022/08/04 19:06:09 stats,4438421
[Server 1] 2022/08/04 19:06:10 got query request
[Server 1] 2022/08/04 19:06:11 stats,4438421
[Server 1] 2022/08/04 19:06:11 got query request
[Server 1] 2022/08/04 19:06:13 stats,4438421
[Server 1] 2022/08/04 19:06:13 got query request
[Server 1] 2022/08/04 19:06:14 stats,4438421
[Server 1] 2022/08/04 19:06:15 got query request
[Server 1] 2022/08/04 19:06:16 stats,4438421
[Server 1] 2022/08/04 19:06:16 got query request
[Server 1] 2022/08/04 19:06:18 stats,4438421
[Server 1] 2022/08/04 19:06:18 got query request
[Server 1] 2022/08/04 19:06:19 stats,4438421
[Server 1] 2022/08/04 19:06:19 got query request
[Server 1] 2022/08/04 19:06:21 stats,4438421
[Server 1] 2022/08/04 19:06:21 got query request
[Server 1] 2022/08/04 19:06:22 stats,4438421
[Server 1] 2022/08/04 19:06:22 got query request
[Server 1] 2022/08/04 19:06:24 stats,4438421
[Server 1] 2022/08/04 19:06:24 got query request
[Server 1] 2022/08/04 19:06:26 stats,4438421
[Server 1] 2022/08/04 19:06:26 got query request
[Server 1] 2022/08/04 19:06:27 stats,4438421
[Server 1] 2022/08/04 19:06:27 got query request
[Server 1] 2022/08/04 19:06:29 stats,4438421
[Server 1] 2022/08/04 19:06:29 got query request
[Server 1] 2022/08/04 19:06:30 stats,4438421
[Server 1] 2022/08/04 19:06:31 got query request
[Server 1] 2022/08/04 19:06:32 stats,4438421
[Server 1] 2022/08/04 19:06:32 got query request
[Server 1] 2022/08/04 19:06:34 stats,4438421
[Server 1] 2022/08/04 19:06:34 got query request
[Server 1] 2022/08/04 19:06:35 stats,4438421
[Server 1] 2022/08/04 19:06:36 got query request
[Server 1] 2022/08/04 19:06:37 stats,4438421
[Server 1] 2022/08/04 19:06:37 got query request
[Server 1] 2022/08/04 19:06:39 stats,4438421
[Server 1] 2022/08/04 19:06:39 got query request
[Server 1] 2022/08/04 19:06:40 stats,4438421
[Server 1] 2022/08/04 19:06:40 got query request
[Server 1] 2022/08/04 19:06:42 stats,4438421
[Server 1] 2022/08/04 19:06:42 got query request
[Server 1] 2022/08/04 19:06:44 stats,4438421
[Server 1] 2022/08/04 19:06:44 got query request
[Server 1] 2022/08/04 19:06:45 stats,4438421
[Server 1] 2022/08/04 19:06:45 got query request
[Server 1] 2022/08/04 19:06:47 stats,4438421
[Server 1] 2022/08/04 19:06:47 got query request
[Server 1] 2022/08/04 19:06:48 stats,4438421
[Server 1] 2022/08/04 19:06:49 got query request
[Server 1] 2022/08/04 19:06:50 stats,4438421
[Server 1] 2022/08/04 19:06:50 got query request
[Server 1] 2022/08/04 19:06:52 stats,4438421
[Server 1] 2022/08/04 19:06:52 clean shutdown of server done
