[Server 0] 2022/08/04 19:06:52 flags: 0 pir_merkle_68719480000.log pir-merkle 68719480000 8 0 1024
[Server 0] 2022/08/04 19:08:32 is listening at 10.90.39.17:50050
[Server 0] 2022/08/04 19:08:32 starting grpc server
[Server 0] 2022/08/04 19:22:08 got databaseInfo request
[Server 0] 2022/08/04 19:22:08 got query request
[Server 0] 2022/08/04 19:22:09 stats,5124793
[Server 0] 2022/08/04 19:22:09 got query request
[Server 0] 2022/08/04 19:22:11 stats,5124793
[Server 0] 2022/08/04 19:22:11 got query request
[Server 0] 2022/08/04 19:22:13 stats,5124793
[Server 0] 2022/08/04 19:22:14 got query request
[Server 0] 2022/08/04 19:22:16 stats,5124793
[Server 0] 2022/08/04 19:22:16 got query request
[Server 0] 2022/08/04 19:22:18 stats,5124793
[Server 0] 2022/08/04 19:22:18 got query request
[Server 0] 2022/08/04 19:22:20 stats,5124793
[Server 0] 2022/08/04 19:22:20 got query request
[Server 0] 2022/08/04 19:22:22 stats,5124793
[Server 0] 2022/08/04 19:22:23 got query request
[Server 0] 2022/08/04 19:22:25 stats,5124793
[Server 0] 2022/08/04 19:22:25 got query request
[Server 0] 2022/08/04 19:22:27 stats,5124793
[Server 0] 2022/08/04 19:22:27 got query request
[Server 0] 2022/08/04 19:22:29 stats,5124793
[Server 0] 2022/08/04 19:22:29 got query request
[Server 0] 2022/08/04 19:22:31 stats,5124793
[Server 0] 2022/08/04 19:22:32 got query request
[Server 0] 2022/08/04 19:22:34 stats,5124793
[Server 0] 2022/08/04 19:22:34 got query request
[Server 0] 2022/08/04 19:22:36 stats,5124793
[Server 0] 2022/08/04 19:22:36 got query request
[Server 0] 2022/08/04 19:22:38 stats,5124793
[Server 0] 2022/08/04 19:22:38 got query request
[Server 0] 2022/08/04 19:22:40 stats,5124793
[Server 0] 2022/08/04 19:22:41 got query request
[Server 0] 2022/08/04 19:22:43 stats,5124793
[Server 0] 2022/08/04 19:22:43 got query request
[Server 0] 2022/08/04 19:22:45 stats,5124793
[Server 0] 2022/08/04 19:22:45 got query request
[Server 0] 2022/08/04 19:22:47 stats,5124793
[Server 0] 2022/08/04 19:22:47 got query request
[Server 0] 2022/08/04 19:22:49 stats,5124793
[Server 0] 2022/08/04 19:22:50 got query request
[Server 0] 2022/08/04 19:22:52 stats,5124793
[Server 0] 2022/08/04 19:22:52 got query request
[Server 0] 2022/08/04 19:22:54 stats,5124793
[Server 0] 2022/08/04 19:22:54 got query request
[Server 0] 2022/08/04 19:22:56 stats,5124793
[Server 0] 2022/08/04 19:22:57 got query request
[Server 0] 2022/08/04 19:22:58 stats,5124793
[Server 0] 2022/08/04 19:22:59 got query request
[Server 0] 2022/08/04 19:23:00 stats,5124793
[Server 0] 2022/08/04 19:23:01 got query request
[Server 0] 2022/08/04 19:23:03 stats,5124793
[Server 0] 2022/08/04 19:23:03 got query request
[Server 0] 2022/08/04 19:23:05 stats,5124793
[Server 0] 2022/08/04 19:23:05 got query request
[Server 0] 2022/08/04 19:23:07 stats,5124793
[Server 0] 2022/08/04 19:23:08 got query request
[Server 0] 2022/08/04 19:23:10 stats,5124793
[Server 0] 2022/08/04 19:23:10 got query request
[Server 0] 2022/08/04 19:23:12 stats,5124793
[Server 0] 2022/08/04 19:23:12 got query request
[Server 0] 2022/08/04 19:23:14 stats,5124793
[Server 0] 2022/08/04 19:23:15 clean shutdown of server done
