[Server 0] 2022/08/04 08:56:19 flags: 0 pir_classic_multi_2.log pir-classic 8589935000 8 0 1024
[Server 0] 2022/08/04 08:56:22 is listening at 10.90.39.17:50050
[Server 0] 2022/08/04 08:56:22 starting grpc server
[Server 0] 2022/08/04 08:57:04 got databaseInfo request
[Server 0] 2022/08/04 08:57:04 got query request
[Server 0] 2022/08/04 08:57:05 stats,1048576
[Server 0] 2022/08/04 08:57:05 got query request
[Server 0] 2022/08/04 08:57:05 stats,1048576
[Server 0] 2022/08/04 08:57:05 got query request
[Server 0] 2022/08/04 08:57:05 stats,1048576
[Server 0] 2022/08/04 08:57:05 got query request
[Server 0] 2022/08/04 08:57:05 stats,1048576
[Server 0] 2022/08/04 08:57:05 got query request
[Server 0] 2022/08/04 08:57:05 stats,1048576
[Server 0] 2022/08/04 08:57:05 got query request
[Server 0] 2022/08/04 08:57:05 stats,1048576
[Server 0] 2022/08/04 08:57:05 got query request
[Server 0] 2022/08/04 08:57:05 stats,1048576
[Server 0] 2022/08/04 08:57:05 got query request
[Server 0] 2022/08/04 08:57:05 stats,1048576
[Server 0] 2022/08/04 08:57:05 got query request
[Server 0] 2022/08/04 08:57:06 stats,1048576
[Server 0] 2022/08/04 08:57:06 got query request
[Server 0] 2022/08/04 08:57:06 stats,1048576
[Server 0] 2022/08/04 08:57:06 got query request
[Server 0] 2022/08/04 08:57:06 stats,1048576
[Server 0] 2022/08/04 08:57:06 got query request
[Server 0] 2022/08/04 08:57:06 stats,1048576
[Server 0] 2022/08/04 08:57:06 got query request
[Server 0] 2022/08/04 08:57:06 stats,1048576
[Server 0] 2022/08/04 08:57:06 got query request
[Server 0] 2022/08/04 08:57:06 stats,1048576
[Server 0] 2022/08/04 08:57:06 got query request
[Server 0] 2022/08/04 08:57:06 stats,1048576
[Server 0] 2022/08/04 08:57:06 got query request
[Server 0] 2022/08/04 08:57:06 stats,1048576
[Server 0] 2022/08/04 08:57:07 got query request
[Server 0] 2022/08/04 08:57:07 stats,1048576
[Server 0] 2022/08/04 08:57:07 got query request
[Server 0] 2022/08/04 08:57:07 stats,1048576
[Server 0] 2022/08/04 08:57:07 got query request
[Server 0] 2022/08/04 08:57:07 stats,1048576
[Server 0] 2022/08/04 08:57:07 got query request
[Server 0] 2022/08/04 08:57:07 stats,1048576
[Server 0] 2022/08/04 08:57:07 got query request
[Server 0] 2022/08/04 08:57:07 stats,1048576
[Server 0] 2022/08/04 08:57:07 got query request
[Server 0] 2022/08/04 08:57:07 stats,1048576
[Server 0] 2022/08/04 08:57:07 got query request
[Server 0] 2022/08/04 08:57:07 stats,1048576
[Server 0] 2022/08/04 08:57:07 got query request
[Server 0] 2022/08/04 08:57:08 stats,1048576
[Server 0] 2022/08/04 08:57:08 got query request
[Server 0] 2022/08/04 08:57:08 stats,1048576
[Server 0] 2022/08/04 08:57:08 got query request
[Server 0] 2022/08/04 08:57:08 stats,1048576
[Server 0] 2022/08/04 08:57:08 got query request
[Server 0] 2022/08/04 08:57:08 stats,1048576
[Server 0] 2022/08/04 08:57:08 got query request
[Server 0] 2022/08/04 08:57:08 stats,1048576
[Server 0] 2022/08/04 08:57:08 got query request
[Server 0] 2022/08/04 08:57:08 stats,1048576
[Server 0] 2022/08/04 08:57:08 got query request
[Server 0] 2022/08/04 08:57:08 stats,1048576
[Server 0] 2022/08/04 08:57:08 clean shutdown of server done
