[Server 2] 2022/08/04 08:57:58 flags: 2 pir_classic_multi_4.log pir-classic 8589935000 8 0 1024
[Server 2] 2022/08/04 08:58:00 is listening at 10.90.40.6:50052
[Server 2] 2022/08/04 08:58:00 starting grpc server
[Server 2] 2022/08/04 08:58:43 got databaseInfo request
[Server 2] 2022/08/04 08:58:43 got query request
[Server 2] 2022/08/04 08:58:43 stats,1048576
[Server 2] 2022/08/04 08:58:43 got query request
[Server 2] 2022/08/04 08:58:43 stats,1048576
[Server 2] 2022/08/04 08:58:43 got query request
[Server 2] 2022/08/04 08:58:43 stats,1048576
[Server 2] 2022/08/04 08:58:43 got query request
[Server 2] 2022/08/04 08:58:44 stats,1048576
[Server 2] 2022/08/04 08:58:44 got query request
[Server 2] 2022/08/04 08:58:44 stats,1048576
[Server 2] 2022/08/04 08:58:44 got query request
[Server 2] 2022/08/04 08:58:44 stats,1048576
[Server 2] 2022/08/04 08:58:44 got query request
[Server 2] 2022/08/04 08:58:44 stats,1048576
[Server 2] 2022/08/04 08:58:44 got query request
[Server 2] 2022/08/04 08:58:44 stats,1048576
[Server 2] 2022/08/04 08:58:44 got query request
[Server 2] 2022/08/04 08:58:44 stats,1048576
[Server 2] 2022/08/04 08:58:44 got query request
[Server 2] 2022/08/04 08:58:44 stats,1048576
[Server 2] 2022/08/04 08:58:44 got query request
[Server 2] 2022/08/04 08:58:45 stats,1048576
[Server 2] 2022/08/04 08:58:45 got query request
[Server 2] 2022/08/04 08:58:45 stats,1048576
[Server 2] 2022/08/04 08:58:45 got query request
[Server 2] 2022/08/04 08:58:45 stats,1048576
[Server 2] 2022/08/04 08:58:45 got query request
[Server 2] 2022/08/04 08:58:45 stats,1048576
[Server 2] 2022/08/04 08:58:45 got query request
[Server 2] 2022/08/04 08:58:45 stats,1048576
[Server 2] 2022/08/04 08:58:45 got query request
[Server 2] 2022/08/04 08:58:45 stats,1048576
[Server 2] 2022/08/04 08:58:45 got query request
[Server 2] 2022/08/04 08:58:45 stats,1048576
[Server 2] 2022/08/04 08:58:45 got query request
[Server 2] 2022/08/04 08:58:45 stats,1048576
[Server 2] 2022/08/04 08:58:46 got query request
[Server 2] 2022/08/04 08:58:46 stats,1048576
[Server 2] 2022/08/04 08:58:46 got query request
[Server 2] 2022/08/04 08:58:46 stats,1048576
[Server 2] 2022/08/04 08:58:46 got query request
[Server 2] 2022/08/04 08:58:46 stats,1048576
[Server 2] 2022/08/04 08:58:46 got query request
[Server 2] 2022/08/04 08:58:46 stats,1048576
[Server 2] 2022/08/04 08:58:46 got query request
[Server 2] 2022/08/04 08:58:46 stats,1048576
[Server 2] 2022/08/04 08:58:46 got query request
[Server 2] 2022/08/04 08:58:46 stats,1048576
[Server 2] 2022/08/04 08:58:46 got query request
[Server 2] 2022/08/04 08:58:46 stats,1048576
[Server 2] 2022/08/04 08:58:46 got query request
[Server 2] 2022/08/04 08:58:47 stats,1048576
[Server 2] 2022/08/04 08:58:47 got query request
[Server 2] 2022/08/04 08:58:47 stats,1048576
[Server 2] 2022/08/04 08:58:47 got query request
[Server 2] 2022/08/04 08:58:47 stats,1048576
[Server 2] 2022/08/04 08:58:47 got query request
[Server 2] 2022/08/04 08:58:47 stats,1048576
[Server 2] 2022/08/04 08:58:47 got query request
[Server 2] 2022/08/04 08:58:47 stats,1048576
[Server 2] 2022/08/04 08:58:47 clean shutdown of server done
