[Server 1] 2022/08/11 16:33:39 flags: 1 fss_classic_1.log fss-classic -1 -1 -1 -1
[Server 1] 2022/08/11 16:33:40 is listening at 10.90.39.23:50051
[Server 1] 2022/08/11 16:33:40 starting grpc server
[Server 1] 2022/08/11 16:34:25 got databaseInfo request
[Server 1] 2022/08/11 16:34:25 got query request
[Server 1] 2022/08/11 16:34:25 stats,4
[Server 1] 2022/08/11 16:34:25 got query request
[Server 1] 2022/08/11 16:34:25 stats,4
[Server 1] 2022/08/11 16:34:25 got query request
[Server 1] 2022/08/11 16:34:25 stats,4
[Server 1] 2022/08/11 16:34:25 got query request
[Server 1] 2022/08/11 16:34:25 stats,4
[Server 1] 2022/08/11 16:34:25 got query request
[Server 1] 2022/08/11 16:34:26 stats,4
[Server 1] 2022/08/11 16:34:26 got query request
[Server 1] 2022/08/11 16:34:26 stats,4
[Server 1] 2022/08/11 16:34:26 got query request
[Server 1] 2022/08/11 16:34:26 stats,4
[Server 1] 2022/08/11 16:34:26 got query request
[Server 1] 2022/08/11 16:34:26 stats,4
[Server 1] 2022/08/11 16:34:26 got query request
[Server 1] 2022/08/11 16:34:26 stats,4
[Server 1] 2022/08/11 16:34:26 got query request
[Server 1] 2022/08/11 16:34:26 stats,4
[Server 1] 2022/08/11 16:34:26 got query request
[Server 1] 2022/08/11 16:34:27 stats,4
[Server 1] 2022/08/11 16:34:27 got query request
[Server 1] 2022/08/11 16:34:27 stats,4
[Server 1] 2022/08/11 16:34:27 got query request
[Server 1] 2022/08/11 16:34:27 stats,4
[Server 1] 2022/08/11 16:34:27 got query request
[Server 1] 2022/08/11 16:34:27 stats,4
[Server 1] 2022/08/11 16:34:27 got query request
[Server 1] 2022/08/11 16:34:27 stats,4
[Server 1] 2022/08/11 16:34:27 got query request
[Server 1] 2022/08/11 16:34:27 stats,4
[Server 1] 2022/08/11 16:34:27 got query request
[Server 1] 2022/08/11 16:34:28 stats,4
[Server 1] 2022/08/11 16:34:28 got query request
[Server 1] 2022/08/11 16:34:28 stats,4
[Server 1] 2022/08/11 16:34:28 got query request
[Server 1] 2022/08/11 16:34:28 stats,4
[Server 1] 2022/08/11 16:34:28 got query request
[Server 1] 2022/08/11 16:34:28 stats,4
[Server 1] 2022/08/11 16:34:28 got query request
[Server 1] 2022/08/11 16:34:28 stats,4
[Server 1] 2022/08/11 16:34:28 got query request
[Server 1] 2022/08/11 16:34:28 stats,4
[Server 1] 2022/08/11 16:34:28 got query request
[Server 1] 2022/08/11 16:34:29 stats,4
[Server 1] 2022/08/11 16:34:29 got query request
[Server 1] 2022/08/11 16:34:29 stats,4
[Server 1] 2022/08/11 16:34:29 got query request
[Server 1] 2022/08/11 16:34:29 stats,4
[Server 1] 2022/08/11 16:34:29 got query request
[Server 1] 2022/08/11 16:34:29 stats,4
[Server 1] 2022/08/11 16:34:29 got query request
[Server 1] 2022/08/11 16:34:29 stats,4
[Server 1] 2022/08/11 16:34:29 got query request
[Server 1] 2022/08/11 16:34:29 stats,4
[Server 1] 2022/08/11 16:34:29 got query request
[Server 1] 2022/08/11 16:34:30 stats,4
[Server 1] 2022/08/11 16:34:30 got query request
[Server 1] 2022/08/11 16:34:30 stats,4
[Server 1] 2022/08/11 16:34:30 got query request
[Server 1] 2022/08/11 16:34:30 stats,4
[Server 1] 2022/08/11 16:34:30 got query request
[Server 1] 2022/08/11 16:34:30 stats,4
[Server 1] 2022/08/11 16:34:30 got query request
[Server 1] 2022/08/11 16:34:30 stats,4
[Server 1] 2022/08/11 16:34:30 got query request
[Server 1] 2022/08/11 16:34:30 stats,4
[Server 1] 2022/08/11 16:34:30 got query request
[Server 1] 2022/08/11 16:34:31 stats,4
[Server 1] 2022/08/11 16:34:31 got query request
[Server 1] 2022/08/11 16:34:31 stats,4
[Server 1] 2022/08/11 16:34:31 got query request
[Server 1] 2022/08/11 16:34:31 stats,4
[Server 1] 2022/08/11 16:34:31 got query request
[Server 1] 2022/08/11 16:34:31 stats,4
[Server 1] 2022/08/11 16:34:31 got query request
[Server 1] 2022/08/11 16:34:31 stats,4
[Server 1] 2022/08/11 16:34:31 got query request
[Server 1] 2022/08/11 16:34:32 stats,4
[Server 1] 2022/08/11 16:34:32 got query request
[Server 1] 2022/08/11 16:34:32 stats,4
[Server 1] 2022/08/11 16:34:32 got query request
[Server 1] 2022/08/11 16:34:32 stats,4
[Server 1] 2022/08/11 16:34:32 got query request
[Server 1] 2022/08/11 16:34:32 stats,4
[Server 1] 2022/08/11 16:34:32 got query request
[Server 1] 2022/08/11 16:34:32 stats,4
[Server 1] 2022/08/11 16:34:32 got query request
[Server 1] 2022/08/11 16:34:33 stats,4
[Server 1] 2022/08/11 16:34:33 got query request
[Server 1] 2022/08/11 16:34:33 stats,4
[Server 1] 2022/08/11 16:34:33 got query request
[Server 1] 2022/08/11 16:34:33 stats,4
[Server 1] 2022/08/11 16:34:33 got query request
[Server 1] 2022/08/11 16:34:33 stats,4
[Server 1] 2022/08/11 16:34:33 got query request
[Server 1] 2022/08/11 16:34:33 stats,4
[Server 1] 2022/08/11 16:34:33 got query request
[Server 1] 2022/08/11 16:34:33 stats,4
[Server 1] 2022/08/11 16:34:33 got query request
[Server 1] 2022/08/11 16:34:33 stats,4
[Server 1] 2022/08/11 16:34:34 got query request
[Server 1] 2022/08/11 16:34:34 stats,4
[Server 1] 2022/08/11 16:34:34 got query request
[Server 1] 2022/08/11 16:34:34 stats,4
[Server 1] 2022/08/11 16:34:34 got query request
[Server 1] 2022/08/11 16:34:34 stats,4
[Server 1] 2022/08/11 16:34:34 got query request
[Server 1] 2022/08/11 16:34:34 stats,4
[Server 1] 2022/08/11 16:34:34 got query request
[Server 1] 2022/08/11 16:34:34 stats,4
[Server 1] 2022/08/11 16:34:34 got query request
[Server 1] 2022/08/11 16:34:34 stats,4
[Server 1] 2022/08/11 16:34:34 got query request
[Server 1] 2022/08/11 16:34:35 stats,4
[Server 1] 2022/08/11 16:34:35 got query request
[Server 1] 2022/08/11 16:34:35 stats,4
[Server 1] 2022/08/11 16:34:35 got query request
[Server 1] 2022/08/11 16:34:35 stats,4
[Server 1] 2022/08/11 16:34:35 got query request
[Server 1] 2022/08/11 16:34:35 stats,4
[Server 1] 2022/08/11 16:34:35 got query request
[Server 1] 2022/08/11 16:34:35 stats,4
[Server 1] 2022/08/11 16:34:35 got query request
[Server 1] 2022/08/11 16:34:35 stats,4
[Server 1] 2022/08/11 16:34:35 got query request
[Server 1] 2022/08/11 16:34:36 stats,4
[Server 1] 2022/08/11 16:34:36 got query request
[Server 1] 2022/08/11 16:34:36 stats,4
[Server 1] 2022/08/11 16:34:36 got query request
[Server 1] 2022/08/11 16:34:36 stats,4
[Server 1] 2022/08/11 16:34:36 got query request
[Server 1] 2022/08/11 16:34:36 stats,4
[Server 1] 2022/08/11 16:34:36 got query request
[Server 1] 2022/08/11 16:34:36 stats,4
[Server 1] 2022/08/11 16:34:36 got query request
[Server 1] 2022/08/11 16:34:36 stats,4
[Server 1] 2022/08/11 16:34:37 got query request
[Server 1] 2022/08/11 16:34:37 stats,4
[Server 1] 2022/08/11 16:34:37 got query request
[Server 1] 2022/08/11 16:34:37 stats,4
[Server 1] 2022/08/11 16:34:37 got query request
[Server 1] 2022/08/11 16:34:37 stats,4
[Server 1] 2022/08/11 16:34:37 got query request
[Server 1] 2022/08/11 16:34:37 stats,4
[Server 1] 2022/08/11 16:34:37 got query request
[Server 1] 2022/08/11 16:34:37 stats,4
[Server 1] 2022/08/11 16:34:37 got query request
[Server 1] 2022/08/11 16:34:38 stats,4
[Server 1] 2022/08/11 16:34:38 got query request
[Server 1] 2022/08/11 16:34:38 stats,4
[Server 1] 2022/08/11 16:34:38 got query request
[Server 1] 2022/08/11 16:34:38 stats,4
[Server 1] 2022/08/11 16:34:38 got query request
[Server 1] 2022/08/11 16:34:38 stats,4
[Server 1] 2022/08/11 16:34:38 got query request
[Server 1] 2022/08/11 16:34:38 stats,4
[Server 1] 2022/08/11 16:34:38 got query request
[Server 1] 2022/08/11 16:34:38 stats,4
[Server 1] 2022/08/11 16:34:38 got query request
[Server 1] 2022/08/11 16:34:39 stats,4
[Server 1] 2022/08/11 16:34:39 got query request
[Server 1] 2022/08/11 16:34:39 stats,4
[Server 1] 2022/08/11 16:34:39 got query request
[Server 1] 2022/08/11 16:34:39 stats,4
[Server 1] 2022/08/11 16:34:39 got query request
[Server 1] 2022/08/11 16:34:39 stats,4
[Server 1] 2022/08/11 16:34:39 got query request
[Server 1] 2022/08/11 16:34:39 stats,4
[Server 1] 2022/08/11 16:34:39 got query request
[Server 1] 2022/08/11 16:34:39 stats,4
[Server 1] 2022/08/11 16:34:39 got query request
[Server 1] 2022/08/11 16:34:40 stats,4
[Server 1] 2022/08/11 16:34:40 got query request
[Server 1] 2022/08/11 16:34:40 stats,4
[Server 1] 2022/08/11 16:34:40 got query request
[Server 1] 2022/08/11 16:34:40 stats,4
[Server 1] 2022/08/11 16:34:40 got query request
[Server 1] 2022/08/11 16:34:40 stats,4
[Server 1] 2022/08/11 16:34:40 got query request
[Server 1] 2022/08/11 16:34:40 stats,4
[Server 1] 2022/08/11 16:34:40 got query request
[Server 1] 2022/08/11 16:34:40 stats,4
[Server 1] 2022/08/11 16:34:40 got query request
[Server 1] 2022/08/11 16:34:41 stats,4
[Server 1] 2022/08/11 16:34:41 got query request
[Server 1] 2022/08/11 16:34:41 stats,4
[Server 1] 2022/08/11 16:34:41 got query request
[Server 1] 2022/08/11 16:34:41 stats,4
[Server 1] 2022/08/11 16:34:41 got query request
[Server 1] 2022/08/11 16:34:41 stats,4
[Server 1] 2022/08/11 16:34:41 got query request
[Server 1] 2022/08/11 16:34:41 stats,4
[Server 1] 2022/08/11 16:34:41 got query request
[Server 1] 2022/08/11 16:34:41 stats,4
[Server 1] 2022/08/11 16:34:41 got query request
[Server 1] 2022/08/11 16:34:42 stats,4
[Server 1] 2022/08/11 16:34:42 got query request
[Server 1] 2022/08/11 16:34:42 stats,4
[Server 1] 2022/08/11 16:34:42 clean shutdown of server done
