[Server 1] 2022/08/11 17:15:54 flags: 1 fss_auth_4.log fss-auth -1 -1 -1 -1
[Server 1] 2022/08/11 17:15:54 is listening at 10.90.39.23:50051
[Server 1] 2022/08/11 17:15:54 starting grpc server
[Server 1] 2022/08/11 17:16:39 got databaseInfo request
[Server 1] 2022/08/11 17:16:39 got query request
[Server 1] 2022/08/11 17:16:40 stats,20
[Server 1] 2022/08/11 17:16:40 got query request
[Server 1] 2022/08/11 17:16:40 stats,20
[Server 1] 2022/08/11 17:16:40 got query request
[Server 1] 2022/08/11 17:16:41 stats,20
[Server 1] 2022/08/11 17:16:41 got query request
[Server 1] 2022/08/11 17:16:42 stats,20
[Server 1] 2022/08/11 17:16:42 got query request
[Server 1] 2022/08/11 17:16:42 stats,20
[Server 1] 2022/08/11 17:16:42 got query request
[Server 1] 2022/08/11 17:16:43 stats,20
[Server 1] 2022/08/11 17:16:43 got query request
[Server 1] 2022/08/11 17:16:43 stats,20
[Server 1] 2022/08/11 17:16:43 got query request
[Server 1] 2022/08/11 17:16:44 stats,20
[Server 1] 2022/08/11 17:16:44 got query request
[Server 1] 2022/08/11 17:16:45 stats,20
[Server 1] 2022/08/11 17:16:45 got query request
[Server 1] 2022/08/11 17:16:45 stats,20
[Server 1] 2022/08/11 17:16:45 got query request
[Server 1] 2022/08/11 17:16:46 stats,20
[Server 1] 2022/08/11 17:16:46 got query request
[Server 1] 2022/08/11 17:16:46 stats,20
[Server 1] 2022/08/11 17:16:47 got query request
[Server 1] 2022/08/11 17:16:47 stats,20
[Server 1] 2022/08/11 17:16:47 got query request
[Server 1] 2022/08/11 17:16:48 stats,20
[Server 1] 2022/08/11 17:16:48 got query request
[Server 1] 2022/08/11 17:16:48 stats,20
[Server 1] 2022/08/11 17:16:48 got query request
[Server 1] 2022/08/11 17:16:49 stats,20
[Server 1] 2022/08/11 17:16:49 got query request
[Server 1] 2022/08/11 17:16:50 stats,20
[Server 1] 2022/08/11 17:16:50 got query request
[Server 1] 2022/08/11 17:16:50 stats,20
[Server 1] 2022/08/11 17:16:50 got query request
[Server 1] 2022/08/11 17:16:51 stats,20
[Server 1] 2022/08/11 17:16:51 got query request
[Server 1] 2022/08/11 17:16:51 stats,20
[Server 1] 2022/08/11 17:16:51 got query request
[Server 1] 2022/08/11 17:16:52 stats,20
[Server 1] 2022/08/11 17:16:52 got query request
[Server 1] 2022/08/11 17:16:53 stats,20
[Server 1] 2022/08/11 17:16:53 got query request
[Server 1] 2022/08/11 17:16:53 stats,20
[Server 1] 2022/08/11 17:16:53 got query request
[Server 1] 2022/08/11 17:16:54 stats,20
[Server 1] 2022/08/11 17:16:54 got query request
[Server 1] 2022/08/11 17:16:54 stats,20
[Server 1] 2022/08/11 17:16:54 got query request
[Server 1] 2022/08/11 17:16:55 stats,20
[Server 1] 2022/08/11 17:16:55 got query request
[Server 1] 2022/08/11 17:16:56 stats,20
[Server 1] 2022/08/11 17:16:56 got query request
[Server 1] 2022/08/11 17:16:56 stats,20
[Server 1] 2022/08/11 17:16:56 got query request
[Server 1] 2022/08/11 17:16:57 stats,20
[Server 1] 2022/08/11 17:16:57 got query request
[Server 1] 2022/08/11 17:16:57 stats,20
[Server 1] 2022/08/11 17:16:57 got query request
[Server 1] 2022/08/11 17:16:58 stats,20
[Server 1] 2022/08/11 17:16:58 got query request
[Server 1] 2022/08/11 17:16:59 stats,20
[Server 1] 2022/08/11 17:16:59 got query request
[Server 1] 2022/08/11 17:16:59 stats,20
[Server 1] 2022/08/11 17:16:59 got query request
[Server 1] 2022/08/11 17:17:00 stats,20
[Server 1] 2022/08/11 17:17:00 got query request
[Server 1] 2022/08/11 17:17:01 stats,20
[Server 1] 2022/08/11 17:17:01 got query request
[Server 1] 2022/08/11 17:17:01 stats,20
[Server 1] 2022/08/11 17:17:01 got query request
[Server 1] 2022/08/11 17:17:02 stats,20
[Server 1] 2022/08/11 17:17:02 got query request
[Server 1] 2022/08/11 17:17:02 stats,20
[Server 1] 2022/08/11 17:17:02 got query request
[Server 1] 2022/08/11 17:17:03 stats,20
[Server 1] 2022/08/11 17:17:03 got query request
[Server 1] 2022/08/11 17:17:04 stats,20
[Server 1] 2022/08/11 17:17:04 got query request
[Server 1] 2022/08/11 17:17:04 stats,20
[Server 1] 2022/08/11 17:17:04 got query request
[Server 1] 2022/08/11 17:17:05 stats,20
[Server 1] 2022/08/11 17:17:05 got query request
[Server 1] 2022/08/11 17:17:05 stats,20
[Server 1] 2022/08/11 17:17:05 got query request
[Server 1] 2022/08/11 17:17:06 stats,20
[Server 1] 2022/08/11 17:17:06 got query request
[Server 1] 2022/08/11 17:17:07 stats,20
[Server 1] 2022/08/11 17:17:07 got query request
[Server 1] 2022/08/11 17:17:07 stats,20
[Server 1] 2022/08/11 17:17:07 got query request
[Server 1] 2022/08/11 17:17:08 stats,20
[Server 1] 2022/08/11 17:17:08 got query request
[Server 1] 2022/08/11 17:17:08 stats,20
[Server 1] 2022/08/11 17:17:08 got query request
[Server 1] 2022/08/11 17:17:09 stats,20
[Server 1] 2022/08/11 17:17:09 got query request
[Server 1] 2022/08/11 17:17:10 stats,20
[Server 1] 2022/08/11 17:17:10 got query request
[Server 1] 2022/08/11 17:17:10 stats,20
[Server 1] 2022/08/11 17:17:10 got query request
[Server 1] 2022/08/11 17:17:11 stats,20
[Server 1] 2022/08/11 17:17:11 got query request
[Server 1] 2022/08/11 17:17:11 stats,20
[Server 1] 2022/08/11 17:17:11 got query request
[Server 1] 2022/08/11 17:17:12 stats,20
[Server 1] 2022/08/11 17:17:12 got query request
[Server 1] 2022/08/11 17:17:13 stats,20
[Server 1] 2022/08/11 17:17:13 got query request
[Server 1] 2022/08/11 17:17:13 stats,20
[Server 1] 2022/08/11 17:17:13 got query request
[Server 1] 2022/08/11 17:17:14 stats,20
[Server 1] 2022/08/11 17:17:14 got query request
[Server 1] 2022/08/11 17:17:14 stats,20
[Server 1] 2022/08/11 17:17:14 got query request
[Server 1] 2022/08/11 17:17:15 stats,20
[Server 1] 2022/08/11 17:17:15 got query request
[Server 1] 2022/08/11 17:17:16 stats,20
[Server 1] 2022/08/11 17:17:16 got query request
[Server 1] 2022/08/11 17:17:16 stats,20
[Server 1] 2022/08/11 17:17:16 got query request
[Server 1] 2022/08/11 17:17:17 stats,20
[Server 1] 2022/08/11 17:17:17 got query request
[Server 1] 2022/08/11 17:17:17 stats,20
[Server 1] 2022/08/11 17:17:18 got query request
[Server 1] 2022/08/11 17:17:18 stats,20
[Server 1] 2022/08/11 17:17:18 got query request
[Server 1] 2022/08/11 17:17:19 stats,20
[Server 1] 2022/08/11 17:17:19 got query request
[Server 1] 2022/08/11 17:17:19 stats,20
[Server 1] 2022/08/11 17:17:19 got query request
[Server 1] 2022/08/11 17:17:20 stats,20
[Server 1] 2022/08/11 17:17:20 got query request
[Server 1] 2022/08/11 17:17:21 stats,20
[Server 1] 2022/08/11 17:17:21 got query request
[Server 1] 2022/08/11 17:17:21 stats,20
[Server 1] 2022/08/11 17:17:21 got query request
[Server 1] 2022/08/11 17:17:22 stats,20
[Server 1] 2022/08/11 17:17:22 got query request
[Server 1] 2022/08/11 17:17:22 stats,20
[Server 1] 2022/08/11 17:17:22 got query request
[Server 1] 2022/08/11 17:17:23 stats,20
[Server 1] 2022/08/11 17:17:23 got query request
[Server 1] 2022/08/11 17:17:24 stats,20
[Server 1] 2022/08/11 17:17:24 got query request
[Server 1] 2022/08/11 17:17:24 stats,20
[Server 1] 2022/08/11 17:17:24 got query request
[Server 1] 2022/08/11 17:17:25 stats,20
[Server 1] 2022/08/11 17:17:25 got query request
[Server 1] 2022/08/11 17:17:25 stats,20
[Server 1] 2022/08/11 17:17:25 got query request
[Server 1] 2022/08/11 17:17:26 stats,20
[Server 1] 2022/08/11 17:17:26 got query request
[Server 1] 2022/08/11 17:17:27 stats,20
[Server 1] 2022/08/11 17:17:27 got query request
[Server 1] 2022/08/11 17:17:27 stats,20
[Server 1] 2022/08/11 17:17:27 got query request
[Server 1] 2022/08/11 17:17:28 stats,20
[Server 1] 2022/08/11 17:17:28 got query request
[Server 1] 2022/08/11 17:17:28 stats,20
[Server 1] 2022/08/11 17:17:28 got query request
[Server 1] 2022/08/11 17:17:29 stats,20
[Server 1] 2022/08/11 17:17:29 got query request
[Server 1] 2022/08/11 17:17:30 stats,20
[Server 1] 2022/08/11 17:17:30 got query request
[Server 1] 2022/08/11 17:17:30 stats,20
[Server 1] 2022/08/11 17:17:30 got query request
[Server 1] 2022/08/11 17:17:31 stats,20
[Server 1] 2022/08/11 17:17:31 got query request
[Server 1] 2022/08/11 17:17:31 stats,20
[Server 1] 2022/08/11 17:17:31 got query request
[Server 1] 2022/08/11 17:17:32 stats,20
[Server 1] 2022/08/11 17:17:32 got query request
[Server 1] 2022/08/11 17:17:33 stats,20
[Server 1] 2022/08/11 17:17:33 got query request
[Server 1] 2022/08/11 17:17:33 stats,20
[Server 1] 2022/08/11 17:17:33 got query request
[Server 1] 2022/08/11 17:17:34 stats,20
[Server 1] 2022/08/11 17:17:34 got query request
[Server 1] 2022/08/11 17:17:34 stats,20
[Server 1] 2022/08/11 17:17:34 got query request
[Server 1] 2022/08/11 17:17:35 stats,20
[Server 1] 2022/08/11 17:17:35 got query request
[Server 1] 2022/08/11 17:17:36 stats,20
[Server 1] 2022/08/11 17:17:36 got query request
[Server 1] 2022/08/11 17:17:36 stats,20
[Server 1] 2022/08/11 17:17:36 got query request
[Server 1] 2022/08/11 17:17:37 stats,20
[Server 1] 2022/08/11 17:17:37 got query request
[Server 1] 2022/08/11 17:17:37 stats,20
[Server 1] 2022/08/11 17:17:37 got query request
[Server 1] 2022/08/11 17:17:38 stats,20
[Server 1] 2022/08/11 17:17:38 got query request
[Server 1] 2022/08/11 17:17:39 stats,20
[Server 1] 2022/08/11 17:17:39 got query request
[Server 1] 2022/08/11 17:17:39 stats,20
[Server 1] 2022/08/11 17:17:39 got query request
[Server 1] 2022/08/11 17:17:40 stats,20
[Server 1] 2022/08/11 17:17:40 clean shutdown of server done
