[Server 1] 2022/08/11 16:59:36 flags: 1 fss_classic_28.log fss-classic -1 -1 -1 -1
[Server 1] 2022/08/11 16:59:36 is listening at 10.90.39.23:50051
[Server 1] 2022/08/11 16:59:36 starting grpc server
[Server 1] 2022/08/11 17:00:21 got databaseInfo request
[Server 1] 2022/08/11 17:00:21 got query request
[Server 1] 2022/08/11 17:00:25 stats,4
[Server 1] 2022/08/11 17:00:25 got query request
[Server 1] 2022/08/11 17:00:29 stats,4
[Server 1] 2022/08/11 17:00:29 got query request
[Server 1] 2022/08/11 17:00:32 stats,4
[Server 1] 2022/08/11 17:00:32 got query request
[Server 1] 2022/08/11 17:00:36 stats,4
[Server 1] 2022/08/11 17:00:36 got query request
[Server 1] 2022/08/11 17:00:40 stats,4
[Server 1] 2022/08/11 17:00:40 got query request
[Server 1] 2022/08/11 17:00:44 stats,4
[Server 1] 2022/08/11 17:00:44 got query request
[Server 1] 2022/08/11 17:00:48 stats,4
[Server 1] 2022/08/11 17:00:48 got query request
[Server 1] 2022/08/11 17:00:52 stats,4
[Server 1] 2022/08/11 17:00:52 got query request
[Server 1] 2022/08/11 17:00:55 stats,4
[Server 1] 2022/08/11 17:00:55 got query request
[Server 1] 2022/08/11 17:00:59 stats,4
[Server 1] 2022/08/11 17:00:59 got query request
[Server 1] 2022/08/11 17:01:03 stats,4
[Server 1] 2022/08/11 17:01:03 got query request
[Server 1] 2022/08/11 17:01:07 stats,4
[Server 1] 2022/08/11 17:01:07 got query request
[Server 1] 2022/08/11 17:01:11 stats,4
[Server 1] 2022/08/11 17:01:11 got query request
[Server 1] 2022/08/11 17:01:14 stats,4
[Server 1] 2022/08/11 17:01:15 got query request
[Server 1] 2022/08/11 17:01:18 stats,4
[Server 1] 2022/08/11 17:01:18 got query request
[Server 1] 2022/08/11 17:01:22 stats,4
[Server 1] 2022/08/11 17:01:22 got query request
[Server 1] 2022/08/11 17:01:26 stats,4
[Server 1] 2022/08/11 17:01:26 got query request
[Server 1] 2022/08/11 17:01:30 stats,4
[Server 1] 2022/08/11 17:01:30 got query request
[Server 1] 2022/08/11 17:01:34 stats,4
[Server 1] 2022/08/11 17:01:34 got query request
[Server 1] 2022/08/11 17:01:38 stats,4
[Server 1] 2022/08/11 17:01:38 got query request
[Server 1] 2022/08/11 17:01:41 stats,4
[Server 1] 2022/08/11 17:01:41 got query request
[Server 1] 2022/08/11 17:01:45 stats,4
[Server 1] 2022/08/11 17:01:45 got query request
[Server 1] 2022/08/11 17:01:49 stats,4
[Server 1] 2022/08/11 17:01:49 got query request
[Server 1] 2022/08/11 17:01:53 stats,4
[Server 1] 2022/08/11 17:01:53 got query request
[Server 1] 2022/08/11 17:01:57 stats,4
[Server 1] 2022/08/11 17:01:57 got query request
[Server 1] 2022/08/11 17:02:00 stats,4
[Server 1] 2022/08/11 17:02:00 got query request
[Server 1] 2022/08/11 17:02:04 stats,4
[Server 1] 2022/08/11 17:02:04 got query request
[Server 1] 2022/08/11 17:02:08 stats,4
[Server 1] 2022/08/11 17:02:08 got query request
[Server 1] 2022/08/11 17:02:12 stats,4
[Server 1] 2022/08/11 17:02:12 got query request
[Server 1] 2022/08/11 17:02:16 stats,4
[Server 1] 2022/08/11 17:02:16 got query request
[Server 1] 2022/08/11 17:02:19 stats,4
[Server 1] 2022/08/11 17:02:19 got query request
[Server 1] 2022/08/11 17:02:23 stats,4
[Server 1] 2022/08/11 17:02:23 got query request
[Server 1] 2022/08/11 17:02:27 stats,4
[Server 1] 2022/08/11 17:02:27 got query request
[Server 1] 2022/08/11 17:02:31 stats,4
[Server 1] 2022/08/11 17:02:31 got query request
[Server 1] 2022/08/11 17:02:35 stats,4
[Server 1] 2022/08/11 17:02:35 got query request
[Server 1] 2022/08/11 17:02:39 stats,4
[Server 1] 2022/08/11 17:02:39 got query request
[Server 1] 2022/08/11 17:02:43 stats,4
[Server 1] 2022/08/11 17:02:43 got query request
[Server 1] 2022/08/11 17:02:46 stats,4
[Server 1] 2022/08/11 17:02:46 got query request
[Server 1] 2022/08/11 17:02:50 stats,4
[Server 1] 2022/08/11 17:02:50 got query request
[Server 1] 2022/08/11 17:02:54 stats,4
[Server 1] 2022/08/11 17:02:54 got query request
[Server 1] 2022/08/11 17:02:58 stats,4
[Server 1] 2022/08/11 17:02:58 got query request
[Server 1] 2022/08/11 17:03:02 stats,4
[Server 1] 2022/08/11 17:03:02 got query request
[Server 1] 2022/08/11 17:03:05 stats,4
[Server 1] 2022/08/11 17:03:05 got query request
[Server 1] 2022/08/11 17:03:09 stats,4
[Server 1] 2022/08/11 17:03:09 got query request
[Server 1] 2022/08/11 17:03:13 stats,4
[Server 1] 2022/08/11 17:03:13 got query request
[Server 1] 2022/08/11 17:03:17 stats,4
[Server 1] 2022/08/11 17:03:17 got query request
[Server 1] 2022/08/11 17:03:21 stats,4
[Server 1] 2022/08/11 17:03:21 got query request
[Server 1] 2022/08/11 17:03:25 stats,4
[Server 1] 2022/08/11 17:03:25 got query request
[Server 1] 2022/08/11 17:03:28 stats,4
[Server 1] 2022/08/11 17:03:28 got query request
[Server 1] 2022/08/11 17:03:32 stats,4
[Server 1] 2022/08/11 17:03:32 got query request
[Server 1] 2022/08/11 17:03:36 stats,4
[Server 1] 2022/08/11 17:03:36 got query request
[Server 1] 2022/08/11 17:03:40 stats,4
[Server 1] 2022/08/11 17:03:40 got query request
[Server 1] 2022/08/11 17:03:44 stats,4
[Server 1] 2022/08/11 17:03:44 got query request
[Server 1] 2022/08/11 17:03:48 stats,4
[Server 1] 2022/08/11 17:03:48 got query request
[Server 1] 2022/08/11 17:03:51 stats,4
[Server 1] 2022/08/11 17:03:51 got query request
[Server 1] 2022/08/11 17:03:55 stats,4
[Server 1] 2022/08/11 17:03:55 got query request
[Server 1] 2022/08/11 17:03:59 stats,4
[Server 1] 2022/08/11 17:03:59 got query request
[Server 1] 2022/08/11 17:04:03 stats,4
[Server 1] 2022/08/11 17:04:03 got query request
[Server 1] 2022/08/11 17:04:07 stats,4
[Server 1] 2022/08/11 17:04:07 got query request
[Server 1] 2022/08/11 17:04:11 stats,4
[Server 1] 2022/08/11 17:04:11 got query request
[Server 1] 2022/08/11 17:04:14 stats,4
[Server 1] 2022/08/11 17:04:14 got query request
[Server 1] 2022/08/11 17:04:18 stats,4
[Server 1] 2022/08/11 17:04:18 got query request
[Server 1] 2022/08/11 17:04:22 stats,4
[Server 1] 2022/08/11 17:04:22 got query request
[Server 1] 2022/08/11 17:04:26 stats,4
[Server 1] 2022/08/11 17:04:26 got query request
[Server 1] 2022/08/11 17:04:30 stats,4
[Server 1] 2022/08/11 17:04:30 got query request
[Server 1] 2022/08/11 17:04:34 stats,4
[Server 1] 2022/08/11 17:04:34 got query request
[Server 1] 2022/08/11 17:04:37 stats,4
[Server 1] 2022/08/11 17:04:37 got query request
[Server 1] 2022/08/11 17:04:41 stats,4
[Server 1] 2022/08/11 17:04:41 got query request
[Server 1] 2022/08/11 17:04:45 stats,4
[Server 1] 2022/08/11 17:04:45 got query request
[Server 1] 2022/08/11 17:04:49 stats,4
[Server 1] 2022/08/11 17:04:49 got query request
[Server 1] 2022/08/11 17:04:53 stats,4
[Server 1] 2022/08/11 17:04:53 got query request
[Server 1] 2022/08/11 17:04:57 stats,4
[Server 1] 2022/08/11 17:04:57 got query request
[Server 1] 2022/08/11 17:05:00 stats,4
[Server 1] 2022/08/11 17:05:00 got query request
[Server 1] 2022/08/11 17:05:04 stats,4
[Server 1] 2022/08/11 17:05:04 got query request
[Server 1] 2022/08/11 17:05:08 stats,4
[Server 1] 2022/08/11 17:05:08 got query request
[Server 1] 2022/08/11 17:05:12 stats,4
[Server 1] 2022/08/11 17:05:12 got query request
[Server 1] 2022/08/11 17:05:16 stats,4
[Server 1] 2022/08/11 17:05:16 got query request
[Server 1] 2022/08/11 17:05:20 stats,4
[Server 1] 2022/08/11 17:05:20 got query request
[Server 1] 2022/08/11 17:05:23 stats,4
[Server 1] 2022/08/11 17:05:24 got query request
[Server 1] 2022/08/11 17:05:27 stats,4
[Server 1] 2022/08/11 17:05:27 got query request
[Server 1] 2022/08/11 17:05:31 stats,4
[Server 1] 2022/08/11 17:05:31 got query request
[Server 1] 2022/08/11 17:05:35 stats,4
[Server 1] 2022/08/11 17:05:35 got query request
[Server 1] 2022/08/11 17:05:39 stats,4
[Server 1] 2022/08/11 17:05:39 got query request
[Server 1] 2022/08/11 17:05:43 stats,4
[Server 1] 2022/08/11 17:05:43 got query request
[Server 1] 2022/08/11 17:05:46 stats,4
[Server 1] 2022/08/11 17:05:47 got query request
[Server 1] 2022/08/11 17:05:50 stats,4
[Server 1] 2022/08/11 17:05:50 got query request
[Server 1] 2022/08/11 17:05:54 stats,4
[Server 1] 2022/08/11 17:05:54 got query request
[Server 1] 2022/08/11 17:05:58 stats,4
[Server 1] 2022/08/11 17:05:58 got query request
[Server 1] 2022/08/11 17:06:02 stats,4
[Server 1] 2022/08/11 17:06:02 got query request
[Server 1] 2022/08/11 17:06:06 stats,4
[Server 1] 2022/08/11 17:06:06 got query request
[Server 1] 2022/08/11 17:06:10 stats,4
[Server 1] 2022/08/11 17:06:10 got query request
[Server 1] 2022/08/11 17:06:14 stats,4
[Server 1] 2022/08/11 17:06:14 got query request
[Server 1] 2022/08/11 17:06:17 stats,4
[Server 1] 2022/08/11 17:06:17 got query request
[Server 1] 2022/08/11 17:06:21 stats,4
[Server 1] 2022/08/11 17:06:21 got query request
[Server 1] 2022/08/11 17:06:25 stats,4
[Server 1] 2022/08/11 17:06:25 got query request
[Server 1] 2022/08/11 17:06:29 stats,4
[Server 1] 2022/08/11 17:06:29 got query request
[Server 1] 2022/08/11 17:06:33 stats,4
[Server 1] 2022/08/11 17:06:33 got query request
[Server 1] 2022/08/11 17:06:37 stats,4
[Server 1] 2022/08/11 17:06:37 got query request
[Server 1] 2022/08/11 17:06:40 stats,4
[Server 1] 2022/08/11 17:06:40 got query request
[Server 1] 2022/08/11 17:06:44 stats,4
[Server 1] 2022/08/11 17:06:44 clean shutdown of server done
